<?xml version='1.0' encoding='UTF-8'?>
<TEI xmlns="http://www.tei-c.org/ns/1.0">
   <teiHeader>
      <fileDesc>
         <titleStmt>
            <title>Title</title>
         </titleStmt>
         <publicationStmt>
            <p>Publication Information</p>
         </publicationStmt>
         <sourceDesc>
            <p>Information about the source</p>
         </sourceDesc>
      </fileDesc>
   </teiHeader>
   <text>
      <body>
         <div type="edition" xml:id="edition-text">
            <div type="textpart" n="1" xml:id="part1">
               <div type="textpart" subtype="verse" n="1" xml:id="l1">
                  <ab><seg source="#Σ #DS"><quote type="lemma">ATQVE EA DIVERSA PENITVS DVM
                              P<supplied reason="lost">ARTE</supplied> G<supplied reason="lost"
                              >ERVNTVR</supplied></quote> in hoc libro mutatio est rerum omnium: nam
                        et personae et loca alia sunt et aliud negotium incipitur; ab Aenea enim
                        transit ad Turnum, a Tuscia ad Ardeam, a petitione auxiliorum ad bellum.
                        quem transitum quidam culpant, nescientes Vergilium prudenter iunxisse
                        superioribus negotiis sequentia per illam particulam, <hi rend="italic"
                           >atque. </hi></seg></ab>
                  <ab><seg source="#Σ #DS"><quote type="lemma">EA D<supplied reason="lost"
                              >IVERSA</supplied> PENITVS DVM PARTE GERVNTVR</quote> scilicet dum
                        offeruntur arma, dum dantur auxilia.</seg><seg source="#DS"><hi
                           rend="italic">dum</hi> enim, cum sit coniunctio, hic tamen adverbii vim
                        obtinet: Terentius <anchor xml:id="anchor-Eu.320-1" corresp="note-Eu.320"
                           /><note type="commentary" xml:id="note-Eu.320-1" target="anchor-Eu.320"
                              ><ref target="MATCHNOTFOUND">Eu. 320</ref></note>
                        <hi rend="italic">mea nihil refert, dum potiar modo.</hi></seg><seg
                        source="#Σ #DS">sane formatus est iste liber ad illud Homeri <anchor
                           xml:id="anchor-Il.10-2" corresp="note-Il.10"/><note type="commentary"
                           xml:id="note-Il.10-2" target="anchor-Il.10"><ref target="MATCHNOTFOUND"
                              >Il. 10</ref></note> ubi dicit per noctem egressos esse Diomedem et
                        Vlixem cum capto Dolone castra penetrarunt: nam partem maximam et oeconomiae
                        et negotiorum exinde habet.</seg></ab>
                  <ab><seg source="#Σ #DS"><quote type="lemma">DIVERSA PENITVS</quote> valde
                        diversa, id est longius remota,</seg><seg source="#DS">vel apud Pallanteum
                        vel in Etruria;</seg><seg source="#Σ #DS">unde paulo post <anchor
                           xml:id="anchor-aeneid-9.10-4" corresp="note-aeneid-9.10"/><note
                           type="commentary" xml:id="note-aeneid-9.10-4" target="anchor-aeneid-9.10"
                              ><ref target="urn:cts:latinLit:phi0690.phi003:9.10">10</ref></note>
                        dicit <hi rend="italic">nec satis, extremas Corythi penetravit ad urbes
                           Lydorumque manum.</hi>
                     </seg></ab>
               </div>
               <div type="textpart" subtype="verse" n="2" xml:id="l2">
                  <ab><seg source="#Σ #DS"><quote type="lemma">IRIM </quote>Iris quasi ἔρις dicta
                        est: numquam enim ad conciliationem mittitur, sicut Mercurius, sed ad
                        disturbationem. et est ministra non tantum dearum, sed et deorum: nam
                        praeter Homerum et Vergilius hoc probat, dicens <anchor
                           xml:id="anchor-aeneid-9.803-6" corresp="note-aeneid-9.803"/><note
                           type="commentary" xml:id="note-aeneid-9.803-6"
                           target="anchor-aeneid-9.803"><ref
                              target="urn:cts:latinLit:phi0690.phi003:9.803">803</ref></note>
                        <hi rend="italic">aeriam caelo nam Iuppiter Irim demisit germanae haud
                           mollia iussa ferentem.</hi></seg></ab>
               </div>
               <div type="textpart" subtype="verse" n="3" xml:id="l3">
                  <ab><seg source="#Σ #DS"><quote type="lemma">AVDACEM AD TVRNVM</quote> fortem sine
                        felicitate, sicut de Pallante diximus <anchor xml:id="anchor-aeneid-8.110-7"
                           corresp="note-aeneid-8.110"/><note type="commentary"
                           xml:id="note-aeneid-8.110-7" target="anchor-aeneid-8.110"><ref
                              target="urn:cts:latinLit:phi0690.phi003:8.110"
                        >8.110</ref></note>.</seg><seg source="#DS">et modo audaciae laus oportuna,
                        quia ad audendum exhortandus est.</seg></ab>
                  <ab><seg source="#Σ"><quote type="lemma">PARENTIS</quote></seg></ab>
                  <ab><seg source="#Σ"><quote type="lemma">PARENTIS PILVMNI </quote>Pilumnus et
                        Pitumnus fratres fuerunt di. horum Pitumnus usum stercorandorum invenit
                        agrorum—unde et Sterculinius dictus est—Pilumnus vero pinsendi frumenti:
                        unde et a pistoribus colitur. ab ipso et pilum dictum est.</seg><seg
                        source="#DS"><supplied reason="lost">quidam Pilumnum et Pitumnum Castorem et
                           Pollucem accipiunt; nonnulli laudum deos; Varro <anchor
                              xml:id="anchor-VPR2.82a-9" corresp="note-VPR2.82a"/><note
                              type="commentary" xml:id="note-VPR2.82a-9" target="anchor-VPR2.82a"
                                 ><ref target="Var_VPR">VPR 2.82a</ref></note> coniugales deos
                           suspicatur.</supplied></seg><seg source="#Σ #DS"/></ab>
               </div>
               <div type="textpart" subtype="verse" n="4" xml:id="l4">
                  <ab><seg source="#Σ #DS"><quote type="lemma">SACRATA VALLE</quote> ideo <hi
                           rend="italic">sacrata</hi> quia, ut diximus supra <anchor
                           xml:id="anchor-aeneid-1.441-10" corresp="note-aeneid-1.441"/><note
                           type="commentary" xml:id="note-aeneid-1.441-10"
                           target="anchor-aeneid-1.441"><ref
                              target="urn:cts:latinLit:phi0690.phi003:1.441">1.441</ref></note>,
                        numquam est lucus sine religione.</seg></ab>
                  <ab><seg source="#Σ #DS"><quote type="lemma">SEDEBAT</quote> ut Asper dicit
                           <anchor xml:id="anchor-fr.38-11" corresp="note-fr.38"/><note
                           type="commentary" xml:id="note-fr.38-11" target="anchor-fr.38"><ref
                              target="MATCHNOTFOUND">fr. 38</ref></note> 'erat', quae clausula
                        antiqua est et de usu remota. secundum Plautum</seg><seg source="#DS"
                        >autem</seg><seg source="#Σ #DS"><hi rend="italic">sedere</hi> est consilium
                        capere, qui inducit</seg><seg source="#DS">in Mostellaria</seg><seg
                        source="#Σ #DS">servum dicentem <hi rend="italic">sine iuxta aram sedeam, et
                           dabo meliora consilia.</hi> sed secundum augures <hi rend="italic"
                           >sedere</hi> est augurium captare; namque post designatas caeli partes a
                        sedentibus captabantur auguria: quod et supra ipse ostendit latenter,
                        inducens Picum solum sedentem, ut <anchor xml:id="anchor-aeneid-7.187-13"
                           corresp="note-aeneid-7.187"/><note type="commentary"
                           xml:id="note-aeneid-7.187-13" target="anchor-aeneid-7.187"><ref
                              target="urn:cts:latinLit:phi0690.phi003:7.187">7.187</ref></note>
                        <hi rend="italic">parvaque sedebat succinctus trabea,</hi> quod est augurum,
                        cum alios stantes induxerit. ergo <hi rend="italic">sedebat</hi> aut 'erat'
                        aut 'consilia capiebat' aut 'augurabatur'.</seg><seg source="#DS">unde et
                        hic <hi rend="italic">lucus</hi> vice aedis sacratae accipi debet: quod
                        plenius illo loco dictum est <anchor xml:id="anchor-aeneid-7.174-19"
                           corresp="note-aeneid-7.174"/><note type="commentary"
                           xml:id="note-aeneid-7.174-19" target="anchor-aeneid-7.174"><ref
                              target="urn:cts:latinLit:phi0690.phi003:7.174">7.174</ref></note>
                        <hi rend="italic">hoc illius curia templum.</hi> aut quia in locis sacris
                        sedentes consilia habituri erant. * curiam in templo haberent: quod Numa cum
                        sciret,Vestae aediculam, non templum, statuit, ne ibi senatus haberi posset
                        et ipsa necessitate vir introiret locum. nam et ipsa consilia a sedendo
                        quasi considia dicta sunt; sedentium enim animi tranquilliores
                        fiunt.</seg><seg source="#Σ"/></ab>
               </div>
               <div type="textpart" subtype="verse" n="5" xml:id="l5">
                  <ab><seg source="#Σ #DS"><quote type="lemma">THAVMANTIAS</quote> secundum poeticam
                        Thaumantis filia. ceterum ex admiratione hoc nomen accepit, quia admiratio
                        de eius coloribus nascitur.</seg></ab>
               </div>
               <div type="textpart" subtype="verse" n="6" xml:id="l6">
                  <ab><seg source="#Σ #DS"><quote type="lemma">DIVVM PROMITTERE NEMO </quote>'nemo'
                        pro 'nullus' posuit. et est acyrologia. nam 'divum nemo' non possumus
                        dicere, cum proprie 'nemo' sit 'ne homo'.</seg></ab>
               </div>
               <div type="textpart" subtype="verse" n="7" xml:id="l7">
                  <ab><seg source="#Σ #DS"><quote type="lemma">AVDERET</quote> docet per transitum
                        multa interdum temporum ratione provenire, quae numina praestare non
                        possunt. quod etiam paulo post in matris deum petitione Iuppiter probat,
                        dicens <anchor xml:id="anchor-aeneid-9.97-20" corresp="note-aeneid-9.97"
                           /><note type="commentary" xml:id="note-aeneid-9.97-20"
                           target="anchor-aeneid-9.97"><ref
                              target="urn:cts:latinLit:phi0690.phi003:9.97">97</ref></note>
                        <hi rend="italic">cui tanta deo permissa potestas.</hi></seg></ab>
                  <ab><seg source="#Σ #DS"><quote type="lemma">VOLVENDA</quote> pro
                        'volubilis'.</seg></ab>
               </div>
               <div type="textpart" subtype="verse" n="8" xml:id="l8">
                  <ab><seg source="#DS"><quote type="lemma">AENEAS VRBE ET SOCIIS</quote> ab
                        occasione. et ostendit quid illi expugnandum sit, quia caret
                        defensore.</seg></ab>
                  <ab><seg source="#DS"><quote type="lemma">VRBE</quote></seg></ab>
                  <ab><seg source="#DS"><quote type="lemma">VRBE</quote> urbs ista quae est in
                        septimo <anchor xml:id="anchor-aeneid-9.157-26" corresp="note-aeneid-9.157"
                           /><note type="commentary" xml:id="note-aeneid-9.157-26"
                           target="anchor-aeneid-9.157"><ref
                              target="urn:cts:latinLit:phi0690.phi003:9.157">157</ref></note>
                        <hi rend="italic">ipse humili designat moenia</hi>
                        <hi rend="italic">fossa.</hi>hanc Castrum Laurens ait dici Varro <anchor
                           xml:id="anchor-ARH2.14-27" corresp="note-ARH2.14"/><note
                           type="commentary" xml:id="note-ARH2.14-27" target="anchor-ARH2.14"><ref
                              target="Varr_ARH">ARH 2.14</ref></note>, oppidum tacet. sed ubi primum
                        Aeneas egressus sit, eum locum Troiam nuncupari traditur.</seg><seg
                        source="#Σ #DS"/></ab>
               </div>
               <div type="textpart" subtype="verse" n="9" xml:id="l9">
                  <ab><seg source="#DS"><quote type="lemma">PALATINI</quote> prolepsis
                        est.</seg><seg source="#Σ #DS"/></ab>
               </div>
               <div type="textpart" subtype="verse" n="10" xml:id="l10">
                  <ab><seg source="#Σ #DS"><quote type="lemma">NEC SATIS</quote> quia occurrebat ab
                        Euandro eum facile posse remeare.</seg></ab>
                  <ab><seg source="#DS"><quote type="lemma">CORYTHI</quote></seg></ab>
                  <ab><seg source="#DS"><quote type="lemma">CORYTHI PENETRAVIT</quote> ut totam
                           <surplus>in</surplus> Etruriam peragrasse videatur.</seg><choice>
                        <seg source="#DS"><hi rend="italic">Corythi</hi> autem</seg>
                        <seg source="#Σ"><quote type="lemma">CORYTHI</quote></seg>
                     </choice><seg source="#Σ #DS">montis Tusciae, qui, ut diximus <anchor
                           xml:id="anchor-aeneid-7.209-28" corresp="note-aeneid-7.209"/><note
                           type="commentary" xml:id="note-aeneid-7.209-28"
                           target="anchor-aeneid-7.209"><ref
                              target="urn:cts:latinLit:phi0690.phi003:7.209">7.209</ref></note>,
                        nomen accepit a Corytho rege, cum cuius uxore concubuit Iuppiter, unde natus
                        est Dardanus.</seg><seg source="#DS"><hi rend="italic">penetravit</hi> autem
                        bene, quia supra <anchor xml:id="anchor-aeneid-9.1-29"
                           corresp="note-aeneid-9.1"/><note type="commentary"
                           xml:id="note-aeneid-9.1-29" target="anchor-aeneid-9.1"><ref
                              target="urn:cts:latinLit:phi0690.phi003:9.1">1</ref></note> dixerat
                           <hi rend="italic">penitus.</hi></seg><seg source="#Σ #DS"/></ab>
               </div>
               <div type="textpart" subtype="verse" n="11" xml:id="l11">
                  <ab><seg source="#DS"><quote type="lemma">LYDORVMQVE MANVM</quote> omnia haec ad
                        occasionem faciendi pertinent ex longinquitate, ut dictum est,
                        regionis.</seg></ab>
                  <ab><seg source="#Σ #DS"><quote type="lemma">ARMAT AGRESTES</quote> ne ei
                        formidinem iniciat, agrestes esse commemorat.</seg></ab>
               </div>
               <div type="textpart" subtype="verse" n="12" xml:id="l12">
                  <ab><seg source="#DS"><quote type="lemma">NVNC TEMPVS</quote> a metu.</seg><seg
                        source="#Σ #DS"/></ab>
               </div>
               <div type="textpart" subtype="verse" n="13" xml:id="l13">
                  <ab><seg source="#Σ #DS"><quote type="lemma">TVRBATA ARRIPE CASTRA</quote> aut
                        'arripe et turba',</seg><choice>
                        <seg source="#DS">aut <hi rend="italic">turbata</hi> invade per absentiam
                           Aeneae inordinata, aut certe 'turba et arripe'.</seg>
                        <seg source="#Σ">aut 'turbata invade per absentiam Aeneae'. </seg>
                     </choice><seg source="#Σ #DS"/></ab>
               </div>
               <div type="textpart" subtype="verse" n="14" xml:id="l14">
                  <ab><seg source="#DS"><quote type="lemma">PARIBVS ALIS</quote> id est aequalibus.
                        et ostendit aequalem volatum.</seg><seg source="#Σ #DS"/></ab>
               </div>
               <div type="textpart" subtype="verse" n="15" xml:id="l15">
                  <ab><seg source="#DS"><quote type="lemma">FVGA</quote> pro 'veloci reditu'; neque
                        enim fugit.</seg></ab>
                  <ab><seg source="#Σ #DS"><quote type="lemma">SECVIT SVB NVBIBVS ARCVM</quote> hoc
                        est duxit, ut <anchor xml:id="anchor-aeneid-6.899-31"
                           corresp="note-aeneid-6.899"/><note type="commentary"
                           xml:id="note-aeneid-6.899-31" target="anchor-aeneid-6.899"><ref
                              target="urn:cts:latinLit:phi0690.phi003:6.899">6.899</ref></note>
                        <hi rend="italic">ille viam secat ad naves.</hi> et re vera arcus ipse
                        variis coloribus sectus est. bene autem <hi rend="italic">sub nubibus,</hi>
                        quia sine nubis beneficio arcus non videtur.</seg></ab>
               </div>
               <div type="textpart" subtype="verse" n="16" xml:id="l16">
                  <ab><choice>
                        <seg source="#DS"><quote type="lemma">AGNOVIT IVVENIS</quote> deest 'eam'.
                           et</seg>
                        <seg source="#Σ"><quote type="lemma">AGNOVIT IVVENIS</quote></seg>
                     </choice><seg source="#Σ #DS">Irim tantum agnovit, non et a quo missa esset,
                        utrum a Iove an a Iunone. hinc est quod dicit <hi rend="italic">quis te mihi
                           nubibus actam . . . .</hi></seg><seg source="#DS">unde apparet eum scisse
                        nuntiam illam et Iovis et Iunonis esse.</seg><seg source="#Σ #DS"/></ab>
               </div>
               <div type="textpart" subtype="verse" n="19" xml:id="l19">
                  <ab><choice>
                        <seg source="#DS"><quote type="lemma">REPENTE TEMPESTAS</quote></seg>
                        <seg source="#Σ"><quote type="lemma">REPENTE</quote></seg>
                     </choice><seg source="#Σ #DS">item aliud augurium: namque cum Iris sine nubibus
                        non possit videri, post eius abscessum statim est secuta serenitas. <hi
                           rend="italic">clara</hi> autem bene addidit, quia tempestas τῶν μέσων
                        est. </seg></ab>
               </div>
               <div type="textpart" subtype="verse" n="20" xml:id="l20">
                  <ab><seg source="#Σ #DS"><quote type="lemma">DISCEDERE CAELVM</quote> chasma dicit
                        factum, id est subitam aeris disruptionem et quendam recessum, per quod vult
                        videri Irim se recepisse. <hi rend="italic">medium</hi> autem bene dixit.
                        nam est et summum; unde est <anchor xml:id="anchor-aeneid-1.225-32"
                           corresp="note-aeneid-1.225"/><note type="commentary"
                           xml:id="note-aeneid-1.225-32" target="anchor-aeneid-1.225"><ref
                              target="urn:cts:latinLit:phi0690.phi003:1.225">1.225</ref></note>
                        <hi rend="italic">sic vertice caeli constitit.</hi> nubes autem in medio
                        sunt, ubi omnia</seg><seg source="#DS">ista</seg><seg source="#Σ #DS">fiunt
                        signa quae dicit, id est Iris, serenitas, chasma. nam si in summo fierent,
                        nullus videre potuisset. humani enim oculi altiorem et nimium splendorem
                        ferre non possunt. sane chasma est (ita enim Plinius [NH 2.97] vocat)
                        disruptio et quidam caeli recessus.</seg><seg source="#DS">in auguralibus
                        libris inter ostenta etiam caelum discessisse dicitur. et quidam hic <hi
                           rend="italic">caelum</hi> pro aere accipiunt, ut Lucretius <anchor
                           xml:id="anchor-aeneid-4.132-34" corresp="note-aeneid-4.132"/><note
                           type="commentary" xml:id="note-aeneid-4.132-34"
                           target="anchor-aeneid-4.132"><ref
                              target="urn:cts:latinLit:phi0690.phi003:4.132">4.132</ref></note>
                        <hi rend="italic">in hoc</hi>
                        <hi rend="italic">caelo qui dicitur aer.</hi></seg><seg source="#Σ #DS"
                     /></ab>
               </div>
               <div type="textpart" subtype="verse" n="21" xml:id="l21">
                  <ab><seg source="#Σ #DS"><quote type="lemma">PALANTESQVE POLO STELLAS</quote> bene
                           <hi rend="italic">palantes,</hi> quasi in alienum tempus errore
                        venientes;</seg><seg source="#DS">aut <hi rend="italic">palantes</hi> 'quae
                        sunt palantes', epitheton stellarum perpetuum.</seg></ab>
                  <ab><seg source="#Σ #DS"><quote type="lemma">OMINA TANTA</quote> scilicet
                        caelestia.</seg><seg source="#DS">et hic <hi rend="italic">omina</hi> pro
                        signis vel auspiciis posuit.</seg><seg source="#Σ #DS"/></ab>
               </div>
               <div type="textpart" subtype="verse" n="22" xml:id="l22">
                  <ab><seg source="#Σ #DS"><quote type="lemma">QVISQVIS IN ARMA VOCAS</quote> vel
                        Iuno vel Iuppiter.</seg></ab>
               </div>
               <div type="textpart" subtype="verse" n="24" xml:id="l24">
                  <ab><seg source="#Σ #DS"><quote type="lemma">ONERAVITQVE AETHERA VOTIS</quote>
                        iterum atque iterum</seg><seg source="#DS">aut alia atque alia</seg><seg
                        source="#Σ #DS">est vota pollicitus. locus autem iste dictus est secundum
                        augurum morem, apud quos fuerat consuetudo ut si post acceptum augurium ad
                        aquam venissent, inclinati</seg><choice>
                        <seg source="#DS">aquas haurirent exinde, et manibus effusis</seg>
                        <seg source="#Σ">haurirent exinde manibus, et fusis</seg>
                     </choice><seg source="#Σ #DS">precibus vota promitterent ut visum perseveraret
                        augurium, quod aquae intercessu disrumpitur: unde etiam in duodecimo visum
                        augurium non procedit nec sortitur exitum firmum, quia cycnus, dimissus ab
                        aquila, in fluvium cecidit, ut <anchor xml:id="anchor-aeneid-12.255-36"
                           corresp="note-aeneid-12.255"/><note type="commentary"
                           xml:id="note-aeneid-12.255-36" target="anchor-aeneid-12.255"><ref
                              target="urn:cts:latinLit:phi0690.phi003:12.255">12.255</ref></note>
                        <hi rend="italic">praedamque ex unguibus ales proiecit fluvio.</hi> hinc
                        videtur etiam Turnus minime potuisse liberari. </seg></ab>
               </div>
               <div type="textpart" subtype="verse" n="25" xml:id="l25">
                  <ab><seg source="#Σ #DS"><quote type="lemma">IAMQVE OMNIS CAMPIS E<supplied
                              reason="lost">XERCITVS</supplied> I<supplied reason="lost"
                              >BAT</supplied> A<supplied reason="lost">PERTIS</supplied></quote>
                        intellegamus hunc exercitum primo confuse in campos ruisse, post digestum in
                        ordines, ut sit sequentium fluminum congrua comparatio; quae flumina dicit
                        post camporum inundationem in alveos suos reverti. nam hoc vult dicere: ut
                        de campis flumina in alveos redeunt, sic digesta est in acies militum
                        multitudo, quae fuerat ante diffusa.</seg></ab>
               </div>
               <div type="textpart" subtype="verse" n="26" xml:id="l26">
                  <ab><seg source="#Σ #DS"><quote type="lemma">DIVES EQVVM</quote> per genetivum
                        frequentius utimur hac figura quam per ablativum.</seg><seg source="#DS"
                        >sane hic secutus veteres cuius rei dives addidit, cum alibi subtraxerit, ut
                           <anchor xml:id="anchor-aeneid-4.263-39" corresp="note-aeneid-4.263"
                           /><note type="commentary" xml:id="note-aeneid-4.263-39"
                           target="anchor-aeneid-4.263"><ref
                              target="urn:cts:latinLit:phi0690.phi003:4.263">4.263</ref></note>
                        <hi rend="italic">dives quae munera Dido</hi> et <anchor
                           xml:id="anchor-aeneid-7.11-40" corresp="note-aeneid-7.11"/><note
                           type="commentary" xml:id="note-aeneid-7.11-40"
                           target="anchor-aeneid-7.11"><ref
                              target="urn:cts:latinLit:phi0690.phi003:7.11">7.11</ref></note>
                        <hi rend="italic">dives inaccessos ubi Solis</hi>
                        <supplied reason="lost"><hi rend="italic">filia lucos</hi></supplied><hi
                           rend="italic">.</hi></seg><seg source="#Σ #DS"/></ab>
               </div>
               <div type="textpart" subtype="verse" n="27" xml:id="l27">
                  <ab><seg source="#Σ #DS"><quote type="lemma">COERCENT</quote> cogunt,
                        colligunt.</seg><seg source="#DS">alias 'continent', alias 'conpescunt'.
                        nonnulli <hi rend="italic">postrema</hi> pro 'postremas partes'
                        accipiunt.</seg><seg source="#Σ #DS"/></ab>
               </div>
               <div type="textpart" subtype="verse" n="30" xml:id="l30">
                  <ab><seg source="#DS"><quote type="lemma">SEDATIS AMNIBVS</quote> quia Nilus
                        exundat aestate, cum cetera flumina inminutione quieta sunt.</seg></ab>
                  <ab><seg source="#Σ #DS"><quote type="lemma">ALTVS PER TACITVM GANGES</quote>
                        fluvius Indiae est, qui secundum Senecam in Situ Indiae <anchor
                           xml:id="anchor-fr.11-43" corresp="note-fr.11"/><note type="commentary"
                           xml:id="note-fr.11-43" target="anchor-fr.11"><ref target="MATCHNOTFOUND"
                              >fr. 11</ref></note> novem alveis fluit, secundum Melam (3.7.68)
                        septem; qui tamen et ipse commemorat nonnullos dicere quod tribus alveis
                        fluat. Vergilius tamen, Nilo eum iungens, septem alveos habere significat.
                        hanc varietatem Donatus fugiens, longum hyperbaton facit, dicens <anchor
                           xml:id="anchor-Verg.94-44" corresp="note-Verg.94"/><note
                           type="commentary" xml:id="note-Verg.94-44" target="anchor-Verg.94"><ref
                              target="MATCHNOTFOUND">Verg. 94</ref></note> 'ceu surgens septem
                        amnibus Nilus aut Ganges altus per tacitum'. sane bene addidit <hi
                           rend="italic">per tacitum altus,</hi> hoc est 'per profundam altitudinem
                           <supplied reason="lost">tacitus</supplied>'; nam licet crescat, intra
                        ripas tamen est, nec, ut Nilus, superfunditur campis; unde Asper <anchor
                           xml:id="anchor-fr.39-45" corresp="note-fr.39"/><note type="commentary"
                           xml:id="note-fr.39-45" target="anchor-fr.39"><ref target="MATCHNOTFOUND"
                              >fr. 39</ref></note> distinxit <hi rend="italic">altus per
                           tacitum.</hi></seg><seg source="#DS">et bene agmen exercitus flumini
                        comparavit, quia et fluviorum agmina. <supplied reason="lost">nam</supplied>
                        ipse dicit <anchor xml:id="anchor-aeneid-2.782-46"
                           corresp="note-aeneid-2.782"/><note type="commentary"
                           xml:id="note-aeneid-2.782-46" target="anchor-aeneid-2.782"><ref
                              target="urn:cts:latinLit:phi0690.phi003:2.782">2.782</ref></note>
                        <hi rend="italic">leni fluit agmine Thybris.</hi></seg><seg source="#Σ #DS"
                     /></ab>
               </div>
               <div type="textpart" subtype="verse" n="31" xml:id="l31">
                  <ab><seg source="#Σ #DS"><quote type="lemma">PINGVI FLVMINE NILVS </quote>Nilus
                        dictus est quasi νέαν ἰλύν (hoc est novum limum) trahens: quod volens
                        exprimere dixit <hi rend="italic">pingui flumine,</hi> id est 'fluore', quae
                        res fecundam efficit terram; quod et ipse in Georgicis ostendit dicens
                           <anchor xml:id="anchor-aeneid-2.187-49" corresp="note-aeneid-2.187"
                           /><note type="commentary" xml:id="note-aeneid-2.187-49"
                           target="anchor-aeneid-2.187"><ref
                              target="urn:cts:latinLit:phi0690.phi003:2.187">2.187</ref></note>
                        <hi rend="italic">liquuntur montibus amnes felicemque trahunt limum,</hi>
                        item <anchor xml:id="anchor-aeneid-4.291-50" corresp="note-aeneid-4.291"
                           /><note type="commentary" xml:id="note-aeneid-4.291-50"
                           target="anchor-aeneid-4.291"><ref
                              target="urn:cts:latinLit:phi0690.phi003:4.291">4.291</ref></note>
                        <hi rend="italic">et viridem Aegyptum nigra fecundat harena.</hi></seg></ab>
               </div>
               <div type="textpart" subtype="verse" n="32" xml:id="l32">
                  <ab><seg source="#DS"><quote type="lemma">CVM REFLVIT CAMPIS</quote> hoc est a
                        campis rediit: tunc enim omnia ora eius apparent; alias, cum abundat, una
                        eius facies est.</seg><seg source="#Σ #DS"/></ab>
               </div>
               <div type="textpart" subtype="verse" n="35" xml:id="l35">
                  <ab><seg source="#DS"><quote type="lemma">AB ADVERSA</quote> castris opposita
                        anvenienti agmini?</seg><seg source="#Σ #DS"/></ab>
               </div>
               <div type="textpart" subtype="verse" n="36" xml:id="l36">
                  <ab><seg source="#Σ #DS"><quote type="lemma">QVIS GLOBVS</quote> id est quantus:
                        admirantis enim est, non interrogantis; nec enim interrogat qui
                        nuntiat.</seg></ab>
               </div>
               <div type="textpart" subtype="verse" n="38" xml:id="l38">
                  <ab><seg source="#Σ #DS"><quote type="lemma">HOSTIS ADEST</quote> hic
                        distinguendum, ut <hi rend="italic">heia</hi> militum sit properantium
                        clamor. et est Ennianum, qui ait <anchor xml:id="anchor-Ann.603-51"
                           corresp="note-Ann.603"/><note type="commentary" xml:id="note-Ann.603-51"
                           target="anchor-Ann.603"><ref target="Enn_Ann">Ann. 603</ref></note>
                        <hi rend="italic">heia machaeras.</hi> ergo <hi rend="italic">heia</hi>
                        ingenti clamore dicentes ad portas ruebant. alii <hi rend="italic">hostis
                           adest heia</hi> legunt.</seg><seg source="#DS">alii <hi rend="italic"
                           >heia</hi> non a persona ad personam dictum putant, sed ipsum poetam
                        quasi actum rei imaginatione exclamasse.</seg><seg source="#Σ #DS"/></ab>
               </div>
               <div type="textpart" subtype="verse" n="40" xml:id="l40">
                  <ab><seg source="#Σ #DS"><quote type="lemma">NAMQVE ITA DISCEDENS
                           PRAECEPERAT</quote> excusatio Troianorum, ne portas clausisse timore
                        viderentur.</seg></ab>
                  <ab><seg source="#Σ #DS"><quote type="lemma">OPTIMVS ARMIS</quote> peritus
                        armorum, dux egregius qui et futura provideret.</seg><seg source="#Σ"/></ab>
               </div>
               <div type="textpart" subtype="verse" n="41" xml:id="l41">
                  <ab><seg source="#Σ #DS"><quote type="lemma">SI QVA I<supplied reason="lost"
                              >NTEREA</supplied> FORTVNA F<supplied reason="lost"
                           >VISSET</supplied></quote> scilicet bellicus casus.</seg></ab>
               </div>
               <div type="textpart" subtype="verse" n="43" xml:id="l43">
                  <ab><seg source="#DS"><quote type="lemma">TVTOS SERVARENT AGGERE MVROS</quote> id
                        est tutos beneficio aggeris muros.</seg><seg source="#Σ #DS"/></ab>
               </div>
               <div type="textpart" subtype="verse" n="44" xml:id="l44">
                  <ab><seg source="#Σ #DS"><quote type="lemma">PVDOR IRAQVE MONSTRAT</quote> licet
                        eos hortaretur ira et pudor.</seg></ab>
               </div>
               <div type="textpart" subtype="verse" n="45" xml:id="l45">
                  <ab><seg source="#DS"><quote type="lemma">OBICIVNT</quote> obices ponunt, vel
                        obicibus muniunt et per hoc claudunt.</seg></ab>
                  <ab><seg source="#DS"><quote type="lemma">FACESSVNT</quote></seg></ab>
                  <ab><seg source="#DS"><quote type="lemma">FACESSVNT</quote> hic 'faciunt', alias
                        'discedunt', ut (Ter. Ph. 635) <hi rend="italic">illa hinc</hi>
                        <hi rend="italic">facessat.</hi></seg><seg source="#Σ #DS"/></ab>
               </div>
               <div type="textpart" subtype="verse" n="46" xml:id="l46">
                  <ab><seg source="#DS"><quote type="lemma">TVRRIBVS</quote> pro 'in
                        turribus'.</seg><seg source="#Σ #DS"/></ab>
               </div>
               <div type="textpart" subtype="verse" n="47" xml:id="l47">
                  <ab><seg source="#Σ #DS"><quote type="lemma">TARDVM AGMEN</quote> peditum dicit,
                        qui equitum comparatione tardi sunt.</seg></ab>
               </div>
               <div type="textpart" subtype="verse" n="48" xml:id="l48">
                  <ab><seg source="#Σ #DS"><quote type="lemma">VRBI </quote>Troiae, quam fecerat
                        Aeneas <anchor xml:id="anchor-aeneid-7.159-53" corresp="note-aeneid-7.159"
                           /><note type="commentary" xml:id="note-aeneid-7.159-53"
                           target="anchor-aeneid-7.159"><ref
                              target="urn:cts:latinLit:phi0690.phi003:7.159">7.159</ref></note>
                        <hi rend="italic">castrorum in morem.</hi></seg></ab>
               </div>
               <div type="textpart" subtype="verse" n="49" xml:id="l49">
                  <ab><seg source="#Σ #DS"><quote type="lemma">MACVLIS QVEM THRACIVS
                        ALBIS</quote></seg><seg source="#DS">figura: 'maculas albas habens'.
                        et</seg><seg source="#Σ #DS">nove albas maculas dixit, cum proprie macularum
                        haec sit natura ut obscuritate sua album aliquid infuscent. </seg></ab>
               </div>
               <div type="textpart" subtype="verse" n="50" xml:id="l50">
                  <ab><seg source="#Σ #DS"><quote type="lemma">CRISTAQVE TEGIT GALEA AVREA
                           RVBRA</quote></seg><seg source="#DS">pro 'galea cristas habens rubras'.
                        sed</seg><seg source="#Σ #DS">duo ablativi sunt et duo nominativi, quos
                        metrica ratione discernimus; nam 'rubra crista' longae sunt ultimae, quia
                        ablativi sunt casus. sane huius modi versus pessimi sunt. </seg></ab>
               </div>
               <div type="textpart" subtype="verse" n="52" xml:id="l52">
                  <ab><seg source="#DS"><quote type="lemma">EN AIT</quote> eclipsis festinationis
                        exprimendae gratia: quidquid enim addideris sensus admittet.</seg><seg
                        source="#Σ #DS"/></ab>
               </div>
               <div type="textpart" subtype="verse" n="53" xml:id="l53">
                  <ab><seg source="#Σ #DS"><quote type="lemma">PRINCIPIVM PVGNAE</quote> hoc de
                        Romana sollemnitate tractum est. cum enim volebant bellum indicere, pater
                        patratus, hoc est princeps fetialium, proficiscebatur ad hostium fines, et
                        praefatus quaedam sollemnia, clara voce dicebat se bellum indicere propter
                        certas causas, aut quia socios laeserant, aut quia nec abrepta animalia nec
                        obnoxios redderent. et haec clarigatio dicebatur a claritate vocis. post
                        quam clarigationem hasta in eorum fines missa indicabatur iam pugnae
                        principium.</seg><seg source="#DS">post tertium autem et tricesimum diem
                        quam res repetissent ab hostibus,fetiales hastam mittebant. denique cum
                        Pyrrhi temporibus adversum transmarinum hostem bellum Romani gesturi essent
                        nec invenirent locum ubi hanc sollemnitatem per fetiales indicendi belli
                        celebrarent, dederunt operam ut unus de Pyrrhi militibus caperetur, quem
                        fecerunt in circo Flaminio locum emere, ut quasi in hostili loco ius belli
                        indicendi implerent. denique in eo loco ante aedem Bellonae consecrata est
                        columna. Varro in Caleno ita ait <anchor xml:id="anchor-fr.66-63"
                           corresp="note-fr.66"/><note type="commentary" xml:id="note-fr.66-63"
                           target="anchor-fr.66"><ref target="MATCHNOTFOUND">fr. 66</ref></note>
                        <hi rend="italic">duces cum</hi>
                        <hi rend="italic">primum hostilem agrum introituri erant, ominis causa prius
                           hastam in</hi>
                        <hi rend="italic">eum agrum mittebant, ut castris locum caperent.</hi> ergo
                        bene hoc poeta de more Romano tractum Turno utpote duci dedit. sed in hac
                        consuetudine fetialis, qui bellum indicebat, antequam hastam iaceret, etiam
                        terram hostium contestabatur: unde quidam volunt Aenean scientem quod bellum
                        gesturus esset, sicut a Sibylla cognoverat, ubi ad Italiae partem debitam
                        venit, primum adorasse terram, ut <anchor xml:id="anchor-aeneid-7.136-64"
                           corresp="note-aeneid-7.136"/><note type="commentary"
                           xml:id="note-aeneid-7.136-64" target="anchor-aeneid-7.136"><ref
                              target="urn:cts:latinLit:phi0690.phi003:7.136">7.136</ref></note>
                        <hi rend="italic">geniumque loci primamque deorum Tellurem.</hi></seg><seg
                        source="#Σ #DS"/></ab>
               </div>
               <div type="textpart" subtype="verse" n="54" xml:id="l54">
                  <ab><seg source="#Σ #DS"><quote type="lemma">CLAMOREM EXCIPIVNT SOCII</quote>
                        legitur et 'clamore'. si 'clamore', sensus erit talis: hastae iactum socii
                        clamore comitantur; si 'clamorem', intellegimus Turni eos clamorem excepisse
                        et cum fremitu eum secutos esse, id est 'excipiunt clamorem Turni et cum
                        fremitu eum sequuntur'.</seg></ab>
               </div>
               <div type="textpart" subtype="verse" n="55" xml:id="l55">
                  <ab><seg source="#Σ #DS"><quote type="lemma">INERTIA CORDA</quote> non re vera,
                        sed sicut hostibus videbatur.</seg></ab>
               </div>
               <div type="textpart" subtype="verse" n="57" xml:id="l57">
                  <ab><seg source="#DS"><quote type="lemma">ARMA VIROS</quote> vehementius <hi
                           rend="italic">viros</hi> pronuntiandum.</seg></ab>
                  <ab><seg source="#DS"><quote type="lemma">CASTRA</quote></seg></ab>
                  <ab><seg source="#DS"><quote type="lemma">CASTRA FOVERE</quote> veteres 'fovere'
                        pro 'diu incolere' vel 'habitare' dicebant.</seg><seg source="#Σ #DS"/></ab>
               </div>
               <div type="textpart" subtype="verse" n="58" xml:id="l58">
                  <ab><seg source="#Σ #DS"><quote type="lemma">ADITVMQVE PER AVIA QVAERIT</quote>
                        etiam per avia. sane exprimitur Turni violentia; nam viam per avia nullus
                        requirit.</seg></ab>
               </div>
               <div type="textpart" subtype="verse" n="60" xml:id="l60">
                  <ab><seg source="#Σ #DS"><quote type="lemma">AD CAVLAS</quote> munimenta et saepta
                        ovium. est autem Graecum nomen 'c' detracto: nam Graeci αὐλάς vocant
                        animalium receptacula.</seg><seg source="#DS">unde in sacris aedibus et in
                        tribunalibus saepta, quae turbas prohibent, caulas vocamus.</seg><seg
                        source="#Σ #DS"/></ab>
               </div>
               <div type="textpart" subtype="verse" n="61" xml:id="l61">
                  <ab><seg source="#Σ #DS"><quote type="lemma">NOCTE SVPER MEDIA</quote> ultra
                        mediam noctem, id est</seg><choice>
                        <seg source="#DS">plus quam media, vel maiore eius parte.</seg>
                        <seg source="#Σ">maiore eius parte.</seg>
                     </choice><seg source="#Σ #DS">et est bona elocutio, facta per syllepsin, ut si
                        dicas 'legi nocte super media', id est ultra mediam noctem; nulla enim
                        syllepsis est quae non et casum mutet et egeat subauditione, ut <anchor
                           xml:id="anchor-aeneid-9.287-66" corresp="note-aeneid-9.287"/><note
                           type="commentary" xml:id="note-aeneid-9.287-66"
                           target="anchor-aeneid-9.287"><ref
                              target="urn:cts:latinLit:phi0690.phi003:9.287">287</ref></note>
                        <hi rend="italic">hanc ego nunc ignaram huius quodcumque pericli est</hi>
                     </seg></ab>
               </div>
               <div type="textpart" subtype="verse" n="62" xml:id="l62">
                  <ab><seg source="#DS"><quote type="lemma">INPROBVS IRA</quote> non 'ira inprobus',
                        sed 'ira saevit': totum autem summa brevitate narratum.</seg><seg
                        source="#Σ #DS"/></ab>
               </div>
               <div type="textpart" subtype="verse" n="63" xml:id="l63">
                  <ab><seg source="#Σ #DS"><quote type="lemma">SAEVIT IN ABSENTES</quote> fantasiam
                        saevitiae expressit qua lupi sic circa caulas fremunt ut in ipsis animalibus
                        solent.</seg></ab>
               </div>
               <div type="textpart" subtype="verse" n="64" xml:id="l64">
                  <ab><seg source="#Σ #DS"><quote type="lemma">EX LONGO RABIES</quote> absoluta
                        elocutio, ut si dicas 'ille fame fatigatur ex longo'.</seg></ab>
                  <ab><seg source="#DS"><quote type="lemma">SANGVINE</quote></seg></ab>
                  <ab><seg source="#DS"><quote type="lemma">SANGVINE</quote> pro 'a
                        sanguine'.</seg><seg source="#Σ #DS"/></ab>
               </div>
               <div type="textpart" subtype="verse" n="67" xml:id="l67">
                  <ab><seg source="#Σ #DS"><quote type="lemma">ET QVA VIA CLAVSOS </quote><hi
                           rend="italic">qua</hi> adverbium loci est, non pronomen: nam non stat
                        versus si <hi rend="italic">via</hi> septimus sit, non nominativus. ergo <hi
                           rend="italic">qua via</hi> per quam partem via vallo Troianos excutiat.
                        legitur tamen et 'quae via', et est sensus absolutior.</seg></ab>
               </div>
               <div type="textpart" subtype="verse" n="68" xml:id="l68">
                  <ab><seg source="#DS"><quote type="lemma">EFFVNDAT IN AEQVVM</quote> in planum, in
                        campum.</seg><seg source="#Σ #DS"/></ab>
               </div>
               <div type="textpart" subtype="verse" n="71" xml:id="l71">
                  <ab><seg source="#DS"><quote type="lemma">INVADIT SOCIOS<supplied reason="lost"
                              >QVE INCENDIA POSCIT OVANTES</supplied></quote> hysteroproteron ut
                        aviditatem iuvenis ostenderet. <hi rend="italic">incendia</hi> autem pro
                        materia ex qua incendia sequuntur; et videtur eventum posuisse.</seg><seg
                        source="#Σ #DS"/></ab>
               </div>
               <div type="textpart" subtype="verse" n="73" xml:id="l73">
                  <ab><seg source="#DS"><quote type="lemma">TVM VERO</quote> ut signum incendendarum
                        navium datum est.</seg><seg source="#Σ #DS"/></ab>
               </div>
               <div type="textpart" subtype="verse" n="74" xml:id="l74">
                  <ab><seg source="#Σ #DS"><quote type="lemma">FACIBVS PVBES ACCINGITVR
                           ATRIS</quote></seg><seg source="#DS">pro 'ad faces accingitur', ut sit
                        dativus, ut <anchor xml:id="anchor-aeneid-2.235-68"
                           corresp="note-aeneid-2.235"/><note type="commentary"
                           xml:id="note-aeneid-2.235-68" target="anchor-aeneid-2.235"><ref
                              target="urn:cts:latinLit:phi0690.phi003:2.235">2.235</ref></note>
                        <hi rend="italic">accingunt omnes</hi>
                        <hi rend="italic">operi</hi>; aut <hi rend="italic">accingitur</hi></seg><choice>
                        <seg source="#DS">'armatur', 'instruitur' facibus.</seg>
                        <seg source="#Σ">'armatur', 'instruitur'.</seg>
                     </choice><seg source="#Σ #DS"/></ab>
               </div>
               <div type="textpart" subtype="verse" n="75" xml:id="l75">
                  <ab><seg source="#DS"><quote type="lemma">DIRIPVERE FOCOS</quote> quaeritur, quid
                        ibi faciant foci. sed in carminibus quaedam nec ad subtilitatem nec ad
                        veritatem exigenda sunt. aut certe <hi rend="italic">focos,</hi> quos ibi
                        habere potuerunt.</seg></ab>
                  <ab><seg source="#Σ #DS"><quote type="lemma">PICEVM FERT FVMIDA LVMEN</quote>
                        sordidior enim in taedis et ignis et fumus est.</seg></ab>
               </div>
               <div type="textpart" subtype="verse" n="77" xml:id="l77">
                  <ab><seg source="#Σ #DS"><quote type="lemma">QVIS DEVS O MVSAE</quote> quia res
                        deorum est et ardua, ideo per se eam non potest dicere. hic autem gloria
                        Turni latenter ostenditur, cuius vis nisi a numinibus repelli non
                        potuit.</seg></ab>
                  <ab><seg source="#DS"><quote type="lemma">TEVCRIS</quote></seg></ab>
                  <ab><seg source="#DS"><quote type="lemma">TEVCRIS</quote> aut detraxit
                        praepositionem 'ab', ut sit 'ab Teucris'; aut <hi rend="italic">Teucris</hi>
                        'in honorem salutemque Teucrorum' incendia classibus avertit.</seg><seg
                        source="#Σ #DS"/></ab>
               </div>
               <div type="textpart" subtype="verse" n="79" xml:id="l79">
                  <ab><seg source="#Σ #DS"><quote type="lemma">PRISCA FIDES FACTO S<supplied
                              reason="lost">ED</supplied> F<supplied reason="lost">AMA</supplied>
                              P<supplied reason="lost">ERENNIS</supplied></quote> omnis antiquitas
                        difficile pura et incorrupta manat in posteros. hoc enim dicit: factum hoc
                        licet priscum sit, id est antiquum, tamen fama eius non est obliterata
                        temporis vetustate.</seg><seg source="#DS">alii sic intellegunt: fabulosum
                        est quidem, sed fides eius rei penes priscos est: eius enim rei, cuius
                        auctorem facere noluit, sic ordinem protulit. alii: iam quidem evanuit fides
                        (hoc est, nemo credit factum), adhuc tamen fama vivit et dicitur. <hi
                           rend="italic">prisca</hi> autem <hi rend="italic">fides</hi> ἀξιοπιστία,
                        quasi non sit facta historia.</seg><seg source="#Σ #DS"/></ab>
               </div>
               <div type="textpart" subtype="verse" n="80" xml:id="l80">
                  <ab><seg source="#Σ #DS"><quote type="lemma">QVO PRIMVM</quote> hoc est 'in
                        initio'; non enim secundo factae sunt naves apud Idam ab Aenea.</seg></ab>
                  <ab><seg source="#Σ #DS"><quote type="lemma">FORMABAT</quote> id est formare
                        cogitabat; non enim in Ida, sed apud Antandrum factae sunt.</seg><seg
                        source="#DS">et bene <hi rend="italic">Phrygia in Ida</hi>, quia et in Creta
                        est alia Ida, ut <anchor xml:id="anchor-aeneid-3.105-70"
                           corresp="note-aeneid-3.105"/><note type="commentary"
                           xml:id="note-aeneid-3.105-70" target="anchor-aeneid-3.105"><ref
                              target="urn:cts:latinLit:phi0690.phi003:3.105">3.105</ref></note>
                        <hi rend="italic">mons</hi>
                        <hi rend="italic">Idaeus ubi et gentis cunabula nostrae.</hi></seg><seg
                        source="#Σ #DS"/></ab>
               </div>
               <div type="textpart" subtype="verse" n="81" xml:id="l81">
                  <ab><seg source="#Σ #DS"><quote type="lemma">ALTA PELAGI</quote> absolutum est, ut
                        'lata camporum'.</seg></ab>
               </div>
               <div type="textpart" subtype="verse" n="82" xml:id="l82">
                  <ab><seg source="#Σ #DS"><quote type="lemma">IPSA DEVM FERTVR GENETRIX</quote>
                        figmentum hoc licet poeticum sit, tamen quia exemplo caret, notatur a
                        criticis: unde longo prooemio excusatur. nam ideo et prisca ratione
                        religionis et Iovis beneficio dicit esse perfectum, ut naves mutarentur in
                        nymphas, quo vel aliqua ex parte possit esse verisimile.</seg><seg
                        source="#DS">sane quidam <hi rend="italic">fertur</hi> reprehendunt, quod
                        dicendo auctoritatem rei detraxerit.alii laudant, quod dicendo <hi
                           rend="italic">fertur</hi> incredibili rei auctoritatem dare
                        noluerit.</seg></ab>
                  <ab><seg source="#Σ #DS"><quote type="lemma">BERECYNTIA</quote> mater deum a monte
                        Phrygiae Berecynto, cuius ultima syllaba caret aspiratione, quam addimus
                        quotiens montem Deli Cynthum dicimus. est autem tenuis ista discretio,
                        quibus nominibus subtrahi debeat aspiratio: nam ecce Ripaei, montes
                        Arcadiae, non scribuntur cum aspiratione: quam addimus cum Riphaeos, montes
                        Scythiae, significamus.</seg></ab>
               </div>
               <div type="textpart" subtype="verse" n="83" xml:id="l83">
                  <ab><seg source="#Σ #DS"><quote type="lemma">DA NATE PETENTI</quote> ac si
                        diceret, 'ei quae iubere debuerat'.</seg><seg source="#DS">et dicendo <hi
                           rend="italic">nate</hi> et <hi rend="italic">parens</hi> iteratione auxit
                        adfectum.</seg><seg source="#Σ #DS"/></ab>
               </div>
               <div type="textpart" subtype="verse" n="84" xml:id="l84">
                  <ab><seg source="#Σ #DS"><quote type="lemma">DOMITO TE POSCIT OLYMPO</quote>
                        videtur hoc dicere: praesta ei cuius beneficio servatus ad Olympi regna
                        venisti. Saturnus enim cum omnes consumeret filios, Iovem solum esse non
                        potuit, celatum matris auxilio. <hi rend="italic">domito</hi> ergo <hi
                           rend="italic">Olympo</hi> in tuas scilicet leges per beneficium meum
                        mundo redacto.</seg><seg source="#DS">sane haec narratio tertii libri erat,
                        sed dilata est, ut hic oportunius redderetur,aut ne bis idem diceretur:
                        potest ergo aut κατὰ τὸ σιωπώμενον videri, aut hysteroproteron.</seg><seg
                        source="#Σ #DS"/></ab>
               </div>
               <div type="textpart" subtype="verse" n="85" xml:id="l85">
                  <ab><seg source="#Σ #DS"><quote type="lemma">PINEA SILVA MIHI</quote> congrue: nam
                        pinus in tutela est matris deum.</seg></ab>
               </div>
               <div type="textpart" subtype="verse" n="86" xml:id="l86">
                  <ab><seg source="#Σ #DS"><quote type="lemma">IN ARCE FVIT SVMMA</quote> hoc est
                        apud Gargara, quae dicta sunt quasi κάρα κάρας, id est caput capitis,
                        altitudinis altitudo: κάρα est enim κεφαλή. Gargara autem sunt montis Idae
                        cacumina, propter quod dixit <hi rend="italic">in arce summa.</hi></seg><seg
                        source="#DS">sane et hic locum sacratum ostendit. et <hi rend="italic">pinea
                           silva lucus fuit</hi> tale schema est ut <anchor
                           xml:id="anchor-E.1.57-78" corresp="note-E.1.57"/><note type="commentary"
                           xml:id="note-E.1.57-78" target="anchor-E.1.57"><ref
                              target="MATCHNOTFOUND">E. 1.57</ref></note>
                        <hi rend="italic">nec tamen interea raucae, tua cura, palumbes</hi>:
                        feminino plurali femininum singulare iungitur: <supplied reason="lost">aut
                           neutrum singulare, ut</supplied>
                        <anchor xml:id="anchor-E.1.74-79" corresp="note-E.1.74"/><note
                           type="commentary" xml:id="note-E.1.74-79" target="anchor-E.1.74"><ref
                              target="MATCHNOTFOUND">E. 1.74</ref></note>
                        <hi rend="italic">ite meae, quondam felix pecus,</hi>
                        <supplied reason="lost"><hi rend="italic">ite capellae</hi></supplied>; aut
                        duobus femininis pluralibus masculinum singulare, <supplied reason="lost">ut
                              <anchor xml:id="anchor-aeneid-12.336-80" corresp="note-aeneid-12.336"
                              /><note type="commentary" xml:id="note-aeneid-12.336-80"
                              target="anchor-aeneid-12.336"><ref
                                 target="urn:cts:latinLit:phi0690.phi003:12.336">12.336</ref></note>
                           <hi rend="italic">Iraeque</hi>
                           <hi rend="italic">Insidiae</hi></supplied><hi rend="italic">que, dei
                           comitatus.</hi></seg></ab>
                  <ab><seg source="#DS"><quote type="lemma">QVO</quote></seg></ab>
                  <ab><seg source="#DS"><quote type="lemma">QVO SACRA FEREBANT</quote> non addit
                        qui, sed intellegimus Phryges: item <anchor xml:id="anchor-aeneid-3.106-82"
                           corresp="note-aeneid-3.106"/><note type="commentary"
                           xml:id="note-aeneid-3.106-82" target="anchor-aeneid-3.106"><ref
                              target="urn:cts:latinLit:phi0690.phi003:3.106">3.106</ref></note><hi
                           rend="italic">centum urbes habitant magnas,</hi> id est Cretes. et bene
                        arbores consecravit quibus inmortalitatem petitura est.</seg><seg
                        source="#Σ #DS"/></ab>
               </div>
               <div type="textpart" subtype="verse" n="87" xml:id="l87">
                  <ab><seg source="#Σ #DS"><quote type="lemma">NIGRANTI PICEA </quote><hi
                           rend="italic">nigranti</hi> 'umbrosa'. et <hi rend="italic">picea</hi>
                        arboris genus est unde pix desudat. harum autem secundum Plinium <anchor
                           xml:id="anchor-NH16.38-85" corresp="note-NH16.38"/><note
                           type="commentary" xml:id="note-NH16.38-85" target="anchor-NH16.38"><ref
                              target="Plin_NH">NH 16.38</ref></note> quinque sunt species, sicut
                        etiam supra <anchor xml:id="anchor-aeneid-6.180-86"
                           corresp="note-aeneid-6.180"/><note type="commentary"
                           xml:id="note-aeneid-6.180-86" target="anchor-aeneid-6.180"><ref
                              target="urn:cts:latinLit:phi0690.phi003:6.180">6.180</ref></note>
                        diximus.</seg></ab>
               </div>
               <div type="textpart" subtype="verse" n="88" xml:id="l88">
                  <ab><seg source="#Σ #DS"><quote type="lemma">HAS EGO</quote> non 'trabes': nam de
                        acere naves non fiunt. unde melius arbores intellegimus, referentes ad
                        piceas vel pinos. sane notandum trabes eum dixisse de arboribus, cum non
                        dicantur trabes nisi iam caesae et conpositae.</seg><seg source="#DS"
                        >abutitur ergo eo quod posterius est pro eo quod est prius.</seg></ab>
                  <ab><seg source="#Σ #DS"><quote type="lemma">CLASSIS EGERET</quote></seg><seg
                        source="#DS">pro 'classe', genetivus pro ablativo. et</seg><seg
                        source="#Σ #DS">iusta Aeneae petitio et concedentis benignitas numinis
                        exclusit piaculum: nam his remotis sacrilegium committeretur.</seg><seg
                        source="#DS">ideo addidit <hi rend="italic">laeta dedi.</hi></seg><seg
                        source="#Σ #DS"/></ab>
               </div>
               <div type="textpart" subtype="verse" n="89" xml:id="l89">
                  <ab><seg source="#Σ #DS"><quote type="lemma">TIMOR ANXIVS</quote> aut perpetuum
                        est timoris epitheton, aut certe verum timorem voluit significare, ut
                        separaret ab eo qui ex cupiditate nascitur prosperorum, ut <anchor
                           xml:id="anchor-aeneid-5.137-88" corresp="note-aeneid-5.137"/><note
                           type="commentary" xml:id="note-aeneid-5.137-88"
                           target="anchor-aeneid-5.137"><ref
                              target="urn:cts:latinLit:phi0690.phi003:5.137">5.137</ref></note>
                        <hi rend="italic">exultantiaque haurit corda pavor pulsans.</hi></seg></ab>
               </div>
               <div type="textpart" subtype="verse" n="90" xml:id="l90">
                  <ab><seg source="#DS"><quote type="lemma">SOLVE METVS</quote> id est
                        meos.</seg><seg source="#Σ #DS"/></ab>
               </div>
               <div type="textpart" subtype="verse" n="92" xml:id="l92">
                  <ab><seg source="#Σ #DS"><quote type="lemma">PROSIT NOSTRIS IN MONTIBVS
                           ORTAS</quote> bona brevitate detraxit et 'his' et 'esse'; nam plenum est
                        'prosit his ortas esse in montibus nostris': quod fecit elocutionis
                        causa.</seg><seg source="#DS">sane hic ostendit quod supra <anchor
                           xml:id="anchor-aeneid-9.86-90" corresp="note-aeneid-9.86"/><note
                           type="commentary" xml:id="note-aeneid-9.86-90"
                           target="anchor-aeneid-9.86"><ref
                              target="urn:cts:latinLit:phi0690.phi003:9.86">86</ref></note> arcem
                        dixit pro monte. et bene <hi rend="italic">ortas,</hi> ut sensum quendam
                        navibus daret, verbum de origine commodum.</seg><seg source="#Σ #DS"/></ab>
               </div>
               <div type="textpart" subtype="verse" n="93" xml:id="l93">
                  <ab><seg source="#Σ #DS"><quote type="lemma">TORQVET QVI SIDERA
                        MVNDI</quote></seg><choice>
                        <seg source="#DS">aut 'sustinet' aut 'nutu suo regit'.</seg>
                        <seg source="#Σ">'sustinet', 'regit'.</seg>
                     </choice><seg source="#Σ #DS"/></ab>
               </div>
               <div type="textpart" subtype="verse" n="94" xml:id="l94">
                  <ab><seg source="#Σ #DS"><quote type="lemma">QVO FATA TRAHIS</quote> ostendit fata
                        posse aliquatenus trahi, non tamen usquequaque. hinc enim dicit <hi
                           rend="italic">quo,</hi> id est 'ad quam rem'.</seg></ab>
                  <ab><seg source="#Σ #DS"><quote type="lemma">PETIS ISTIS</quote> id est 'pro
                        istis'; nam sic dicimus 'peto tibi', id est 'pro te'.</seg><seg source="#DS"
                        >aut <hi rend="italic">istis</hi> utrum precibus annavibus?</seg><seg
                        source="#Σ #DS"/></ab>
               </div>
               <div type="textpart" subtype="verse" n="96" xml:id="l96">
                  <ab><seg source="#Σ #DS"><quote type="lemma">FAS HABEANT</quote> ius; nec enim
                        possunt aeterna esse quae ab hominibus facta sunt: Horatius <anchor
                           xml:id="anchor-AP63-91" corresp="note-AP63"/><note type="commentary"
                           xml:id="note-AP63-91" target="anchor-AP63"><ref target="AlexAphr_inAPr"
                              >AP 63</ref></note>
                        <hi rend="italic">debemur morti nos nostraque.</hi> nam sicut animi facta
                        inmortalia sunt, ita corporis pereunt: Sallustius (cf. J. 2.3) <hi
                           rend="italic">ceterum studia omnia nostra, sicuti anima, inmortalia sunt.
                        </hi></seg></ab>
                  <ab><seg source="#Σ #DS"><quote type="lemma">CERTVSQVE INCERTA PERICVLA LVSTRET
                              A<supplied reason="lost">ENEAS</supplied></quote></seg><seg
                        source="#DS">securus dubia temptet. et</seg><seg source="#Σ #DS">hoc dicit:
                        casibus licentiam haec petitio vult adimere. nam Aeneas sorte qua homo est,
                        navigationis debet timere periculum: quod perit si eius navibus aeternitas
                        detur. </seg></ab>
               </div>
               <div type="textpart" subtype="verse" n="97" xml:id="l97">
                  <ab><seg source="#Σ #DS"><quote type="lemma">CVI TANTA DEO PERMISSA POTESTAS
                           </quote><hi rend="italic">cui</hi> ac si diceret 'ne regi quidem
                        deorum'.</seg><seg source="#DS"><hi rend="italic">permissa</hi> autem
                        'data', ut hoc possit praestare.</seg><seg source="#Σ #DS"/></ab>
               </div>
               <div type="textpart" subtype="verse" n="98" xml:id="l98">
                  <ab><seg source="#Σ #DS"><quote type="lemma">DEFVNCTAE</quote> liberatae, ut
                           <anchor xml:id="anchor-aeneid-6.83-92" corresp="note-aeneid-6.83"/><note
                           type="commentary" xml:id="note-aeneid-6.83-92"
                           target="anchor-aeneid-6.83"><ref
                              target="urn:cts:latinLit:phi0690.phi003:6.83">6.83</ref></note>
                        <hi rend="italic">o tandem magnis pelagi defuncte periclis.</hi></seg></ab>
                  <ab><seg source="#Σ #DS"><quote type="lemma">PORTVSQVE TENEBVNT</quote> nautico
                        usus est verbo, cum de navibus diceret.</seg></ab>
               </div>
               <div type="textpart" subtype="verse" n="99" xml:id="l99">
                  <ab><seg source="#Σ #DS"><quote type="lemma">QVAECVMQVE</quote> hic ostendit
                        aliquas esse perituras.</seg></ab>
                  <ab><seg source="#Σ #DS"><quote type="lemma">EVASERIT VNDIS</quote> de undis
                        exierit, cum venerit ad eum locum de quo navigatura iam non sit. alii legunt
                           <hi rend="italic">evaserit undas</hi>: quod si est, intellegimus
                        'quaecumque evaserit undarum periculum'.</seg></ab>
               </div>
               <div type="textpart" subtype="verse" n="101" xml:id="l101">
                  <ab><seg source="#Σ #DS"><quote type="lemma">MORTALEM ERIPIAM F<supplied
                              reason="lost">ORMAM</supplied></quote> bene dixit <hi rend="italic"
                           >mortalem</hi>: nec enim potest fieri ut eadem res et mortalis sit et
                        inmortalis, sed, ut sit inmortalis, ante est ut desinat esse
                     mortalis.</seg></ab>
               </div>
               <div type="textpart" subtype="verse" n="102" xml:id="l102">
                  <ab><seg source="#Σ #DS"><quote type="lemma">QVALIS NEREIA DOTO</quote> non dixit
                        'tales erunt': sic supra <anchor xml:id="anchor-aeneid-2.223-94"
                           corresp="note-aeneid-2.223"/><note type="commentary"
                           xml:id="note-aeneid-2.223-94" target="anchor-aeneid-2.223"><ref
                              target="urn:cts:latinLit:phi0690.phi003:2.223">2.223</ref></note>
                        <hi rend="italic">qualis mugitus, fugit cum saucius aram
                     taurus.</hi></seg></ab>
               </div>
               <div type="textpart" subtype="verse" n="105" xml:id="l105">
                  <ab><seg source="#Σ #DS"><quote type="lemma">PER PICE TORRENTES</quote> ardentes:
                        et est figmentum poeticum.</seg></ab>
               </div>
               <div type="textpart" subtype="verse" n="106" xml:id="l106">
                  <ab><seg source="#DS"><quote type="lemma">TOTVM NVTV TREMEFECIT OLYMPVM
                        </quote>Homericum est <anchor xml:id="anchor-Il.1.530-96"
                           corresp="note-Il.1.530"/><note type="commentary"
                           xml:id="note-Il.1.530-96" target="anchor-Il.1.530"><ref
                              target="MATCHNOTFOUND">Il. 1.530</ref></note> μέγαν δ' ἐλέλιξεν
                        Ὄλυμπον.</seg><seg source="#Σ #DS"/></ab>
               </div>
               <div type="textpart" subtype="verse" n="107" xml:id="l107">
                  <ab><seg source="#Σ #DS"><quote type="lemma">ADERAT PROMISSA DIES</quote>
                        promissum tempus advenerat.</seg></ab>
               </div>
               <div type="textpart" subtype="verse" n="108" xml:id="l108">
                  <ab><seg source="#Σ #DS"><quote type="lemma">TVRNI INIVRIA</quote> scilicet quam
                        inferebat. et modo <hi rend="italic">iniuria</hi> est ἀδίκημα, id est
                        iniustitia. hinc est apud comicos 'iniurius' qui audet aliquid contra
                        ordinem iuris. et bene <hi rend="italic">iniuria,</hi> quia et contra
                        necessitatem fati,</seg><seg source="#DS">quod Troianos ad Italiam venire
                        conpulerat,</seg><seg source="#Σ #DS">et contra rationem foederis bella
                        commoverat.</seg><seg source="#DS">alii <hi rend="italic">iniuria</hi>
                        'violentia' accipiunt.</seg><seg source="#Σ #DS"/></ab>
               </div>
               <div type="textpart" subtype="verse" n="110" xml:id="l110">
                  <ab><seg source="#Σ #DS"><quote type="lemma">NOVA LVX</quote></seg><seg
                        source="#DS">hoc est repentina,</seg><seg source="#Σ #DS">id est nimbus
                        deorum: quod ipse paulo post <anchor xml:id="anchor-aeneid-9.111-97"
                           corresp="note-aeneid-9.111"/><note type="commentary"
                           xml:id="note-aeneid-9.111-97" target="anchor-aeneid-9.111"><ref
                              target="urn:cts:latinLit:phi0690.phi003:9.111">111</ref></note>
                        dicit.</seg><seg source="#DS">in secundo <anchor
                           xml:id="anchor-aeneid-9.616-99" corresp="note-aeneid-9.616"/><note
                           type="commentary" xml:id="note-aeneid-9.616-99"
                           target="anchor-aeneid-9.616"><ref
                              target="urn:cts:latinLit:phi0690.phi003:9.616">616</ref></note>
                        <hi rend="italic">nimbo effulgens.</hi> et hic <hi rend="italic">lux</hi>
                        proprie, aliter postea <anchor xml:id="anchor-aeneid-9.731-100"
                           corresp="note-aeneid-9.731"/><note type="commentary"
                           xml:id="note-aeneid-9.731-100" target="anchor-aeneid-9.731"><ref
                              target="urn:cts:latinLit:phi0690.phi003:9.731">731</ref></note>
                        <hi rend="italic">continuo nova lux oculis effulsit.</hi></seg><seg
                        source="#Σ #DS"/></ab>
               </div>
               <div type="textpart" subtype="verse" n="111" xml:id="l111">
                  <ab><seg source="#DS"><quote type="lemma">NIMBVS</quote> lumen quod capita deorum
                        ambit.</seg><seg source="#Σ #DS"/></ab>
               </div>
               <div type="textpart" subtype="verse" n="114" xml:id="l114">
                  <ab><seg source="#Σ #DS"><quote type="lemma">NE TREPIDATE</quote> pro 'ne
                        festinetis'. et per hoc significatur ideo ad navium defensionem egressos non
                        esse Troianos quia numen vetavit.</seg></ab>
               </div>
               <div type="textpart" subtype="verse" n="116" xml:id="l116">
                  <ab><seg source="#DS"><quote type="lemma">QVAM SACRAS DABITVR PINVS</quote> fabula
                        talis est: Attis, puer speciosus cum matris magnae praeesset sacris, a rege
                        civitatis suae adamatus est; sed cum intellegeret vim sibi a rege instare,
                        clam in silvas profugit. cum ergo inventus vim sibi videret inferri, verenda
                        stupratoris abscidit, qui moriens eandem ipsam partem corporis puero
                        abscidit. quem semianimem sub pinu latentem cum invenissent antistites
                        matris magnae, perlatum in templum deae, frustra conati reficere, defunctum
                        sepelierunt. cuius ut perpetua maneret memoria, mater magna instituit ut
                        quotannis in sacris suis plangeretur, pinumque arborem, sub qua iacuerat,
                        tutelae suae adscripsit, et effecit ut cultores sui viriles sibi partes
                        amputarent, qui archigalli appellantur.</seg><seg source="#Σ #DS"/></ab>
               </div>
               <div type="textpart" subtype="verse" n="117" xml:id="l117">
                  <ab><seg source="#Σ #DS"><quote type="lemma">ITE DEAE PELAGI</quote> alii hucusque
                        volunt matrem deum locutam;</seg><seg source="#DS">prope enim videtur
                        absurdum ipsam indicare quae sit, cum iam nymphis et audientibus utique et
                        videntibus dicat.</seg><seg source="#Σ #DS">alii iungunt <hi rend="italic"
                           >genetrix iubet</hi>:</seg><seg source="#DS">et putatur melius, quia
                        postea ait <anchor xml:id="anchor-aeneid-10.220-102"
                           corresp="note-aeneid-10.220"/><note type="commentary"
                           xml:id="note-aeneid-10.220-102" target="anchor-aeneid-10.220"><ref
                              target="urn:cts:latinLit:phi0690.phi003:10.220">10.220</ref></note>
                        <hi rend="italic">quas alma Cybebe numen</hi>
                        <hi rend="italic">habere maris nymphasque e navibus esse
                        iusserat.</hi></seg><seg source="#Σ #DS"/></ab>
               </div>
               <div type="textpart" subtype="verse" n="123" xml:id="l123">
                  <ab><choice>
                        <seg source="#DS"><quote type="lemma">OBSTIPVERE ANIMI RVTVLIS</quote> hoc
                           est Rutulo rum: dativus pro genetivo. timuerunt ergo Rutuli,timuit
                           Messapus, numinis marini filius, qui utique fiducia patris et sui nihil
                           ex mari timere debuerit, vel certe <anchor
                              xml:id="anchor-aeneid-7.692-103" corresp="note-aeneid-7.692"/><note
                              type="commentary" xml:id="note-aeneid-7.692-103"
                              target="anchor-aeneid-7.692"><ref
                                 target="urn:cts:latinLit:phi0690.phi003:7.692">7.692</ref></note>
                           <hi rend="italic">quem neque fas igni cuiquam</hi>
                           <supplied reason="lost"><hi rend="italic">nec sternere
                              ferro</hi></supplied>;</seg>
                        <seg source="#Σ"><quote type="lemma">OBSTIPVERE RVTVLI</quote> timuerunt
                           Rutuli, timuit Messapus, numinis filius,</seg>
                     </choice><seg source="#Σ #DS">timuit Tiberis. per hos autem gradus,</seg><seg
                        source="#DS">id est Rutuli, Messapus, amnis,</seg><seg source="#Σ #DS">maior
                        Turni designatur audacia. tale est et in quarto <anchor
                           xml:id="anchor-aeneid-9.529-105" corresp="note-aeneid-9.529"/><note
                           type="commentary" xml:id="note-aeneid-9.529-105"
                           target="anchor-aeneid-9.529"><ref
                              target="urn:cts:latinLit:phi0690.phi003:9.529">529</ref></note>
                        <hi rend="italic">at non infelix animi Phoenissa.</hi>
                     </seg></ab>
               </div>
               <div type="textpart" subtype="verse" n="124" xml:id="l124">
                  <ab><seg source="#Σ #DS"><quote type="lemma">ET AMNIS RAVCA SONANS</quote> licet
                        antiquitas habuerit 'hic' et 'haec amnis', melius tamen est accipere 'rauca
                        sonans' pro 'rauce', quam 'rauca amnis'.</seg></ab>
               </div>
               <div type="textpart" subtype="verse" n="125" xml:id="l125">
                  <ab><seg source="#Σ #DS"><quote type="lemma">REVOCATQVE PEDEM TIBERINVS AB
                           ALTO</quote> nunc ipsum deum territum dixit, supra <anchor
                           xml:id="anchor-aeneid-8.240-107" corresp="note-aeneid-8.240"/><note
                           type="commentary" xml:id="note-aeneid-8.240-107"
                           target="anchor-aeneid-8.240"><ref
                              target="urn:cts:latinLit:phi0690.phi003:8.240">8.240</ref></note>
                        undas fuisse perterritas et in se repressas.</seg></ab>
               </div>
               <div type="textpart" subtype="verse" n="126" xml:id="l126">
                  <ab><seg source="#DS"><quote type="lemma">AVDACI TVRNO</quote> ecce ubi confirmat
                        epitheton, quod Turno semper inponit. et hoc colore futuram orationem
                        ostendit.</seg><seg source="#Σ #DS"/></ab>
               </div>
               <div type="textpart" subtype="verse" n="127" xml:id="l127">
                  <ab><seg source="#Σ #DS"><quote type="lemma">ANIMOS TOLLIT DICTIS</quote>
                        magnanimitatem suam</seg><seg source="#DS">quia ipse non
                        terreatur,</seg><seg source="#Σ #DS">conprobat dictis. tale est illud e
                        contrario <anchor xml:id="anchor-aeneid-8.223-108"
                           corresp="note-aeneid-8.223"/><note type="commentary"
                           xml:id="note-aeneid-8.223-108" target="anchor-aeneid-8.223"><ref
                              target="urn:cts:latinLit:phi0690.phi003:8.223">8.223</ref></note>
                        <hi rend="italic">turbatumque oculis.</hi></seg><seg source="#DS">potest
                        tamen accipi, 'eorum animos tollit, qui erant territi': et hinc <hi
                           rend="italic">increpat.</hi></seg><seg source="#Σ #DS"/></ab>
               </div>
               <div type="textpart" subtype="verse" n="128" xml:id="l128">
                  <ab><seg source="#Σ #DS"><quote type="lemma">HAEC MONSTRA PETVNT</quote> adpetunt,
                        ut <anchor xml:id="anchor-aeneid-1.717-109" corresp="note-aeneid-1.717"
                           /><note type="commentary" xml:id="note-aeneid-1.717-109"
                           target="anchor-aeneid-1.717"><ref
                              target="urn:cts:latinLit:phi0690.phi003:1.717">1.717</ref></note>
                        <hi rend="italic">reginam petit.</hi></seg><seg source="#DS">hoc est, 'ad
                        Troianorum pertinet damnum'.</seg></ab>
                  <ab><seg source="#Σ #DS"><quote type="lemma">IVPPITER IPSE</quote> scilicet qui
                        omnibus praestare consuevit: unde et Iuppiter dictus est, quasi 'iuvans
                        pater'. ergo <hi rend="italic">auxilium solitum</hi> non circa Troianos
                        accipimus, sed quod ipse omnibus praestare consuevit.</seg><seg source="#DS"
                        >alii <hi rend="italic">auxilium solitum</hi> auxilium fugae
                        accipiunt.</seg><seg source="#Σ #DS"/></ab>
               </div>
               <div type="textpart" subtype="verse" n="129" xml:id="l129">
                  <ab><seg source="#Σ #DS"><quote type="lemma">NON TELA NEQVE IGNES EX<supplied
                              reason="lost">SPECTANT</supplied> R<supplied reason="lost"
                              >VTVLOS</supplied></quote> non exspectant Troiani ut Rutulorum telis
                        aut ignibus pereant, qui iam navium amissione perierunt.</seg></ab>
               </div>
               <div type="textpart" subtype="verse" n="130" xml:id="l130">
                  <ab><seg source="#Σ #DS"><quote type="lemma">MARIA INVIA TEVCRIS</quote> color
                        est: nam rem quam pro se Troiani putabant, in contrarium vertit, dicens
                        navigationis et fugae auxilium perdidisse Troianos, quos constat pro
                        felicitate habuisse navigationis vitare discrimina.</seg></ab>
               </div>
               <div type="textpart" subtype="verse" n="131" xml:id="l131">
                  <ab><choice>
                        <seg source="#DS"><quote type="lemma">RERVM PARS ALTERA ADEMPTA</quote> id
                           est naturae rerum.</seg>
                        <seg source="#Σ"><quote type="lemma">RERVM PARS ALTERA D<supplied
                                 reason="lost">EMPTA</supplied>
                           </quote></seg>
                     </choice><seg source="#Σ #DS">humanae enim naturae duo elementa concessa sunt,
                        mare et terra. </seg></ab>
               </div>
               <div type="textpart" subtype="verse" n="133" xml:id="l133">
                  <ab><seg source="#Σ #DS"><quote type="lemma">NIL ME FATALIA
                        TERRENT</quote></seg><seg source="#DS"><hi rend="italic">nil</hi> pro 'non'.
                        et</seg><seg source="#Σ #DS">tacitis occurrit quaestionibus, dicens: si
                        fataliter se ad Italiam venisse dicunt, iam venerunt, conpleta sunt fata. et
                        callide tacuit quod erat fatale: Troiani enim dicebant Italiae sibi regna
                        deberi. et est oratorium quaestiones ita proponere ut facile solutionis
                        sortiantur eventum. </seg></ab>
               </div>
               <div type="textpart" subtype="verse" n="134" xml:id="l134">
                  <ab><seg source="#Σ #DS"><quote type="lemma">SI QVA PHRYGES PRAE SE
                           IACTANT</quote></seg></ab>
                  <ab><seg source="#DS"><quote type="lemma">RESPONSA</quote></seg></ab>
                  <ab><seg source="#DS"><quote type="lemma">RESPONSA DEORVM </quote><hi
                           rend="italic">iactant</hi></seg><seg source="#Σ #DS">quasi et ista
                        confingant.</seg><seg source="#DS">aut <hi rend="italic">prae se
                           iactant</hi> 'praeferunt'.</seg><seg source="#Σ #DS"/></ab>
               </div>
               <div type="textpart" subtype="verse" n="135" xml:id="l135">
                  <ab><seg source="#DS"><quote type="lemma">TETIGERE QVOD ARVA</quote> quaestio est
                        an superari possint qui sorte venerint. et, sicut supra dictum est <anchor
                           xml:id="anchor-aeneid-9.133-112" corresp="note-aeneid-9.133"/><note
                           type="commentary" xml:id="note-aeneid-9.133-112"
                           target="anchor-aeneid-9.133"><ref
                              target="urn:cts:latinLit:phi0690.phi003:9.133">133</ref></note>, per
                        concessionem argumentatur: etiam si vera sunt quae iactant, tamen iam
                        conpleta sunt <hi rend="italic">tetigere quod arva fertilis Ausoniae
                           Troes.</hi></seg><seg source="#Σ #DS"/></ab>
               </div>
               <div type="textpart" subtype="verse" n="136" xml:id="l136">
                  <ab><seg source="#Σ #DS"><quote type="lemma">SVNT ET MEA CONTRA FATA MIHI</quote>
                        hoc falsum est quod dicit Turnus. sed in arte rhetorica tunc nobis
                        conceditur uti mendacio cum redarguere nullus potest,</seg><choice>
                        <seg source="#DS">ut in hoc loco: quis enim potest scire si Turno vere</seg>
                        <seg source="#Σ">ut hoc loco est: quis enim vere potest scire, Turno</seg>
                     </choice><seg source="#Σ #DS">data sint necne responsa?</seg><seg source="#DS"
                        >sane</seg><seg source="#Σ #DS">quia scit falsum esse quod</seg><choice>
                        <seg source="#DS">loquitur,</seg>
                        <seg source="#Σ">dixit,</seg>
                     </choice><seg source="#Σ #DS">argumentis probare dicta contendit, dicens esse
                        sceleratam gentem, raptam sibi coniugem: in quo facto utitur Graecorum
                        exemplo, qui</seg><choice>
                        <seg source="#DS">ob raptam Helenam</seg>
                        <seg source="#Σ">rapta Helena</seg>
                     </choice><seg source="#Σ #DS">gentem delevere Troianam. </seg></ab>
               </div>
               <div type="textpart" subtype="verse" n="138" xml:id="l138">
                  <ab><seg source="#Σ #DS"><quote type="lemma">CONIVGE PRAEREPTA</quote> invidiose
                        sponsam coniugem vocat.</seg></ab>
                  <ab><seg source="#Σ #DS"><quote type="lemma">NEC SOLOS TANGIT ATRIDAS ISTE
                           DOLOR</quote> cur non in similitudine criminis sit poenae similitudo? si
                        culpa repetitur, supplicia quoque geminentur.</seg></ab>
               </div>
               <div type="textpart" subtype="verse" n="140" xml:id="l140">
                  <ab><seg source="#DS"><quote type="lemma">PERIISSE SEMEL SATIS EST</quote> quasi
                        obiectio est, ut si dicatur: sed periise semel satis est, immo vero semel
                        satis fuit eos peccasse: ex quo colligitur quotiens peccaverint, totiens eos
                        perire debere.</seg><seg source="#Σ #DS"/></ab>
               </div>
               <div type="textpart" subtype="verse" n="141" xml:id="l141">
                  <ab><seg source="#Σ #DS"><quote type="lemma">PENITVS MODO NON GENVS OMNE PEROSOS
                              F<supplied reason="lost">EMINEVM</supplied></quote> modo omne genus
                        femineum non eos penitus perosos</seg><choice>
                        <seg source="#DS">oportebat, propter quod ante perierunt.</seg>
                        <seg source="#Σ">decebat.</seg>
                     </choice><seg source="#Σ #DS">locutus est autem figurate. </seg></ab>
               </div>
               <div type="textpart" subtype="verse" n="142" xml:id="l142">
                  <ab><seg source="#DS"><quote type="lemma">MEDII FIDVCIA VALLI</quote> quod inter
                        Troianos Rutulosque sit medium. et bene de muris nihil dixit.</seg><seg
                        source="#Σ #DS"/></ab>
               </div>
               <div type="textpart" subtype="verse" n="143" xml:id="l143">
                  <ab><seg source="#Σ #DS"><quote type="lemma">FOSSARVMQVE MORAE</quote> non tutela,
                        sed mortis dilatio.</seg></ab>
               </div>
               <div type="textpart" subtype="verse" n="144" xml:id="l144">
                  <ab><seg source="#Σ #DS"><quote type="lemma">AN NON VIDERVNT</quote> legitur
                        et</seg><choice>
                        <seg source="#DS">'at non viderunt'.</seg>
                        <seg source="#Σ">'at non'.</seg>
                     </choice><seg source="#Σ #DS">si 'an non', absolutum est; si 'at non',
                        inceptiva est particula, ad ornatum pertinens: Horatius <anchor
                           xml:id="anchor-Epod.5.1-113" corresp="note-Epod.5.1"/><note
                           type="commentary" xml:id="note-Epod.5.1-113" target="anchor-Epod.5.1"
                              ><ref target="MATCHNOTFOUND">Epod. 5.1</ref></note>
                        <hi rend="italic">at o deorum quidquid in caelo regit.</hi> tale est <anchor
                           xml:id="anchor-aeneid-7.363-114" corresp="note-aeneid-7.363"/><note
                           type="commentary" xml:id="note-aeneid-7.363-114"
                           target="anchor-aeneid-7.363"><ref
                              target="urn:cts:latinLit:phi0690.phi003:7.363">7.363</ref></note>
                        <hi rend="italic">at non sic Phrygius penetrat Lacedaemona
                        pastor.</hi></seg><seg source="#DS">et est exemplum a maiore ad minus, hoc
                        est, 'at, credo, non viderunt Neptuni manu fabricata moenia conflagrasse, ut
                        fiduciam vitae in exiguo <supplied reason="lost">vallo</supplied> et parva
                        fossa habeant'.</seg><seg source="#Σ #DS"/></ab>
               </div>
               <div type="textpart" subtype="verse" n="146" xml:id="l146">
                  <ab><seg source="#DS"><quote type="lemma">LECTI FERRO</quote> utrum ad ferrum
                        lecti' an potius hac re lecti, ut si dixisset 'virtute lecti'?</seg></ab>
                  <ab><seg source="#DS"><quote type="lemma">VALLVM</quote></seg></ab>
                  <ab><choice>
                        <seg source="#DS"><quote type="lemma">VALLVM</quote> historice locutus est.
                           vallum autem</seg>
                        <seg source="#Σ"><quote type="lemma">VALLVM</quote> vallum</seg>
                     </choice><seg source="#Σ #DS">dicitur ipsa munitio; nam valli fustes sunt
                        quibus vallum munitur: ipse de sustentaculis vitium <anchor
                           xml:id="anchor-G.2.409-116" corresp="note-G.2.409"/><note
                           type="commentary" xml:id="note-G.2.409-116" target="anchor-G.2.409"><ref
                              target="MATCHNOTFOUND">G. 2.409</ref></note>
                        <hi rend="italic">primus vallos sub tecta referto.</hi>
                     </seg></ab>
               </div>
               <div type="textpart" subtype="verse" n="147" xml:id="l147">
                  <ab><seg source="#DS"><quote type="lemma">TREPIDANTIA CASTRA</quote> ut <anchor
                           xml:id="anchor-aeneid-9.13-117" corresp="note-aeneid-9.13"/><note
                           type="commentary" xml:id="note-aeneid-9.13-117"
                           target="anchor-aeneid-9.13"><ref
                              target="urn:cts:latinLit:phi0690.phi003:9.13">13</ref></note>
                        <hi rend="italic">turbata arripe castra.</hi></seg><seg source="#Σ #DS"
                     /></ab>
               </div>
               <div type="textpart" subtype="verse" n="148" xml:id="l148">
                  <ab><seg source="#Σ #DS"><quote type="lemma">NON ARMIS MIHI VVLCANI</quote> bene
                        arma generaliter dixit: nam et ipse habuit a Vulcano, sed solum gladium, ut
                           <anchor xml:id="anchor-aeneid-12.90-119" corresp="note-aeneid-12.90"
                           /><note type="commentary" xml:id="note-aeneid-12.90-119"
                           target="anchor-aeneid-12.90"><ref
                              target="urn:cts:latinLit:phi0690.phi003:12.90">12.90</ref></note>
                        <hi rend="italic">ensem, quem Dauno ignipotens deus ipse parenti fecerat et
                           Stygia candentem tinxerat unda.</hi> per hoc autem quasi latenter dicit
                        se Achille esse meliorem, qui se Troianos etiam sine divinis armis superare
                        posse confidit.</seg></ab>
               </div>
               <div type="textpart" subtype="verse" n="149" xml:id="l149">
                  <ab><seg source="#Σ #DS"><quote type="lemma">ADDANT SE PROTINVS OMNES</quote> ne
                        timere videatur auxiliorum multitudinem, dicit incrementa esse
                        victoriae.</seg><seg source="#DS">quidam <hi rend="italic">protinus</hi> hic
                        pro 'licet' accipiunt.</seg><seg source="#Σ #DS"/></ab>
               </div>
               <div type="textpart" subtype="verse" n="153" xml:id="l153">
                  <ab><seg source="#Σ #DS"><quote type="lemma">LVCE PALAM</quote> propter tenebras
                        et furta inertia.</seg><seg source="#DS">vel <hi rend="italic">luce</hi>
                        quod Ilium nocte captum est, <hi rend="italic">palam</hi> quia
                        insidiis.</seg><seg source="#Σ #DS"/></ab>
               </div>
               <div type="textpart" subtype="verse" n="155" xml:id="l155">
                  <ab><seg source="#Σ #DS"><quote type="lemma">QVOS DISTVLIT HECTOR</quote> bene
                        solius Hectoris facta est commemoratio, ut ostendatur perisse</seg><seg
                        source="#DS">eum</seg><seg source="#Σ #DS">qui potuit esse
                        terrori;</seg><seg source="#DS">et satis Hectori dedit, quasi plus esset
                        differre quam vincere;</seg><seg source="#Σ #DS">per quod vult Aenean nihil
                        fortiter in bello fecisse Troiano. </seg></ab>
               </div>
               <div type="textpart" subtype="verse" n="156" xml:id="l156">
                  <ab><seg source="#Σ #DS"><quote type="lemma">MELIOR QVONIAM PARS ACTA DIEI</quote>
                        id est maior et prima.</seg><seg source="#DS">an quoniam diei hoc optimum
                        quod matutinum?</seg><seg source="#Σ #DS"/></ab>
               </div>
               <div type="textpart" subtype="verse" n="157" xml:id="l157">
                  <ab><seg source="#Σ #DS"><quote type="lemma">BENE GESTIS CORPORA REBVS</quote> in
                        eo tantum, quod hostes non ausi sunt egredi.</seg><seg source="#DS">nam
                        nihil egerant. ergo hortativa est oratio ad socios, ut audaciores esse
                        debeant, cum videant se timeri.</seg><seg source="#Σ #DS"/></ab>
               </div>
               <div type="textpart" subtype="verse" n="158" xml:id="l158">
                  <ab><seg source="#DS"><quote type="lemma">PROCVRATE</quote> verbum conpositum, id
                        est 'curate'.</seg></ab>
                  <ab><seg source="#Σ #DS"><quote type="lemma">PVGNAM SPERATE PARARI</quote>
                        scilicet contra Troianos, non a Troianis, ne videatur contra supra dicta
                        omnia nunc sociis inferre terrorem.</seg><seg source="#DS">ergo a me parari
                        sperate, id est pugnaturos vos scitote, licet hostes muris se teneant, ut
                           <anchor xml:id="anchor-aeneid-11.18-121" corresp="note-aeneid-11.18"
                           /><note type="commentary" xml:id="note-aeneid-11.18-121"
                           target="anchor-aeneid-11.18"><ref
                              target="urn:cts:latinLit:phi0690.phi003:11.18">11.18</ref></note>
                        <hi rend="italic">arma parate animis et spe praesumite</hi>
                        <hi rend="italic">bellum</hi>.</seg><seg source="#Σ #DS"/></ab>
               </div>
               <div type="textpart" subtype="verse" n="159" xml:id="l159">
                  <ab><seg source="#Σ #DS"><quote type="lemma">VIGILVM EXCVBIIS</quote> excubiae
                        diurnae sunt, vigiliae nocturnae.</seg></ab>
               </div>
               <div type="textpart" subtype="verse" n="162" xml:id="l162">
                  <ab><seg source="#Σ #DS"><quote type="lemma">CENTENI QVEMQVE SEQVVNTVR</quote>
                        centurionum scilicet, ex more Romanae militiae: nam ex numero militum qui
                        eos sequuntur, gradus dignitatis apparet.</seg></ab>
               </div>
               <div type="textpart" subtype="verse" n="163" xml:id="l163">
                  <ab><seg source="#DS"><quote type="lemma">PVRPVREIS CRISTIS IVVENES</quote> hic
                        versus per figuratum ablativum prolatus est.</seg><seg source="#Σ #DS"
                     /></ab>
               </div>
               <div type="textpart" subtype="verse" n="164" xml:id="l164">
                  <ab><seg source="#DS"><quote type="lemma">VARIANTQVE VICES</quote> ut invicem
                        potent.</seg><seg source="#Σ #DS"/></ab>
               </div>
               <div type="textpart" subtype="verse" n="165" xml:id="l165">
                  <ab><seg source="#DS"><quote type="lemma">INDVLGENT VINO</quote> ablativus casus
                        est, et deest 'sibi', ni figuratum est, ex fiducia scilicet: sequitur
                           <anchor xml:id="anchor-aeneid-9.188-123" corresp="note-aeneid-9.188"
                           /><note type="commentary" xml:id="note-aeneid-9.188-123"
                           target="anchor-aeneid-9.188"><ref
                              target="urn:cts:latinLit:phi0690.phi003:9.188">188</ref></note>
                        <hi rend="italic">cernis quae Rutulos habeat</hi>
                        <hi rend="italic">fiducia.</hi></seg></ab>
                  <ab><seg source="#Σ #DS"><quote type="lemma">VERTVNT CRATERAS AENOS</quote></seg><choice>
                        <seg source="#DS">potantes exhauriunt.</seg>
                        <seg source="#Σ">potant.</seg>
                     </choice><seg source="#Σ #DS">et est hemistichium Ennianum <anchor
                           xml:id="anchor-Ann.532-125" corresp="note-Ann.532"/><note
                           type="commentary" xml:id="note-Ann.532-125" target="anchor-Ann.532"><ref
                              target="Enn_Ann">Ann. 532</ref></note>. </seg></ab>
               </div>
               <div type="textpart" subtype="verse" n="166" xml:id="l166">
                  <ab><seg source="#DS"><quote type="lemma">CVSTODIA</quote> nomen ambiguum, sed
                        modo 'quae custodit'.</seg><seg source="#Σ #DS"/></ab>
               </div>
               <div type="textpart" subtype="verse" n="168" xml:id="l168">
                  <ab><seg source="#DS"><quote type="lemma">E VALLO</quote> pro 'muro'.</seg></ab>
                  <ab><seg source="#DS"><quote type="lemma">ARMIS</quote></seg></ab>
                  <ab><seg source="#DS"><quote type="lemma">ARMIS ALTA TENENT</quote> bona elocutio,
                        id est 'armati tenent alta', hoc est muros. <hi rend="italic">tenent</hi>
                        autem 'custodiunt'.</seg><seg source="#Σ #DS"/></ab>
               </div>
               <div type="textpart" subtype="verse" n="169" xml:id="l169">
                  <ab><seg source="#Σ #DS"><quote type="lemma">TREPIDI FORMIDINE</quote> festini per
                        formidinem: nam non est iteratio.</seg></ab>
               </div>
               <div type="textpart" subtype="verse" n="170" xml:id="l170">
                  <ab><seg source="#DS"><quote type="lemma">EXPLORANT</quote> confirmant.</seg></ab>
                  <ab><seg source="#Σ #DS"><quote type="lemma">PONTESQVE</quote> qui fiunt in muris
                        angustioribus,</seg><seg source="#DS">ut sit facilior transitus ad divisas
                        muri partes.</seg></ab>
                  <ab><seg source="#Σ #DS"><quote type="lemma">PROPVGNACVLA</quote> pinnas</seg><seg
                        source="#DS">murorum.</seg><seg source="#Σ #DS"/></ab>
               </div>
               <div type="textpart" subtype="verse" n="173" xml:id="l173">
                  <ab><seg source="#Σ #DS"><quote type="lemma">RECTORES IVVENVM</quote> legitur et
                        'iuveni': si 'iuveni', 'Ascanio', si 'iuvenum', 'magistros militum'
                        accipe.</seg></ab>
               </div>
               <div type="textpart" subtype="verse" n="174" xml:id="l174">
                  <ab><seg source="#Σ #DS"><quote type="lemma">SORTITA PERICLVM</quote></seg><seg
                        source="#DS">aut</seg><seg source="#Σ #DS">sorte divisa ad defensionem
                        pericli:</seg><seg source="#DS">aut partiens periculum quod quisque
                        experiretur.</seg><seg source="#Σ #DS"/></ab>
               </div>
               <div type="textpart" subtype="verse" n="175" xml:id="l175">
                  <ab><seg source="#Σ #DS"><quote type="lemma">QVOD CVIQVE TVENDVM</quote> exercet
                        unusquisque vices ad id quod accipit tuendum.</seg></ab>
               </div>
               <div type="textpart" subtype="verse" n="177" xml:id="l177">
                  <ab><seg source="#Σ #DS"><quote type="lemma">IDA VENATRIX</quote> a plerisque Ida
                        mater Nisi accipitur, quia dixit <hi rend="italic">venatrix</hi>: nam si
                        montem volueris accipere, abusive Idam venatricem dictam intellege, pro
                        'venationibus abundantem': nam 'venatrix' est proprie quae venatur, non quae
                        venationibus abundat.</seg><seg source="#DS">aut <hi rend="italic"
                           >venatrix</hi> pro his qui in ea venantur, ut <anchor
                           xml:id="anchor-G.3.44-127" corresp="note-G.3.44"/><note type="commentary"
                           xml:id="note-G.3.44-127" target="anchor-G.3.44"><ref
                              target="MATCHNOTFOUND">G. 3.44</ref></note>
                        <hi rend="italic">domitrixque Epi-</hi>
                        <hi rend="italic">daurus equorum.</hi></seg><seg source="#Σ #DS"/></ab>
               </div>
               <div type="textpart" subtype="verse" n="178" xml:id="l178">
                  <ab><seg source="#Σ #DS"><quote type="lemma">IACVLO CELEREM</quote> bene inducit
                        Nisum optimum esse iaculatorem, et hanc praemittit armorum peritiam qua
                        plurimum poterit in Euryali defensione.</seg></ab>
               </div>
               <div type="textpart" subtype="verse" n="180" xml:id="l180">
                  <ab><seg source="#Σ #DS"><quote type="lemma">TROIANA NEQVE INDVIT ARMA</quote> hoc
                        est, qui nondum bellicosa arma induerat, id est acceperat. et hoc dicit:
                        pulcher quidem erat, sed nondum bellandi peritus.</seg></ab>
               </div>
               <div type="textpart" subtype="verse" n="181" xml:id="l181">
                  <ab><seg source="#DS"><quote type="lemma">PRIMA IVVENTA</quote> num prima
                        lanugine?</seg></ab>
                  <ab><seg source="#DS"><quote type="lemma">INTONSA</quote></seg></ab>
                  <ab><seg source="#DS"><quote type="lemma">INTONSA</quote> hoc ad sua tempora
                        retulit; alioquin heroes non tondebantur.</seg><seg source="#Σ #DS"/></ab>
               </div>
               <div type="textpart" subtype="verse" n="182" xml:id="l182">
                  <ab><seg source="#DS"><quote type="lemma">AMOR VNVS ERAT</quote> id est eodem
                        studio flagrabant.</seg></ab>
                  <ab><seg source="#DS"><quote type="lemma">PARITERQVE</quote></seg></ab>
                  <ab><seg source="#DS"><quote type="lemma">PARITERQVE IN BELLA RVEBANT</quote> aut
                        simul, aut similiter et pari virtute, id est aeque fortes erant.</seg><seg
                        source="#Σ #DS"/></ab>
               </div>
               <div type="textpart" subtype="verse" n="184" xml:id="l184">
                  <ab><seg source="#Σ #DS"><quote type="lemma">DINE HVNC ARDOREM MENTIBVS ADDVNT
                           EVRYALE AN S<supplied reason="lost">VA</supplied> C<supplied
                              reason="lost">VIQVE</supplied> D<supplied reason="lost"
                           >EVS</supplied></quote> F<supplied reason="lost">IT</supplied> D<supplied
                           reason="lost">IRA</supplied> C<supplied reason="lost">VPIDO</supplied>
                        apud Plotinum philosophum et alios quaeritur utrum mentis nostrae acies per
                        se ad cupiditates et consilia moveatur an inpulsu alicuius numinis. et primo
                        dixerunt mentes humanas moveri sua sponte; deprehenderunt tamen ad omnia
                        honesta inpelli nos genio et numine quodam familiari, quod nobis nascentibus
                        datur, prava vero nostra mente nos cupere et desiderare. nec enim potest
                        fieri ut prava numinum voluntate cupiamus, quibus nihil malum constat
                        placere. unde nunc hic ortus est sensus. hoc enim dicit Nisus: 'o Euryale,
                        dine nostris mentibus cupiditates iniciunt et desideria, an deus fit ipsa
                        mentis cupiditas?'</seg><choice>
                        <seg source="#DS"><hi rend="italic">mentibus</hi> vero <hi rend="italic"
                              >addunt</hi>: bene dixit</seg>
                        <seg source="#Σ"><quote type="lemma">MENTIBVS ADDVNT</quote> bene</seg>
                     </choice><seg source="#Σ #DS"><hi rend="italic">addunt.</hi> nam animus sui
                        natura prudens est, sed ei additur ut aliquid inpatienter
                        desideret.</seg><seg source="#DS">nonnulli tamen inter cupiditatem et
                        cupidinem hanc differentiam esse volunt, ut masculino genere Cupidinem deum
                        ipsum, id est τὸν Ἔρωτα significemus, feminino cupiditatem: quamvis hoc
                        auctores plerumque confundunt.</seg><seg source="#Σ #DS"/></ab>
               </div>
               <div type="textpart" subtype="verse" n="185" xml:id="l185">
                  <ab><seg source="#Σ #DS"><quote type="lemma">DIRA</quote> magna.</seg></ab>
               </div>
               <div type="textpart" subtype="verse" n="186" xml:id="l186">
                  <ab><seg source="#Σ #DS"><quote type="lemma">ALIQVID MAGNVM</quote> scilicet per
                        hostes transitum.</seg></ab>
               </div>
               <div type="textpart" subtype="verse" n="187" xml:id="l187">
                  <ab><seg source="#Σ #DS"><quote type="lemma">AGITAT</quote> molitur.</seg></ab>
                  <ab><seg source="#Σ #DS"><quote type="lemma">QVIETE</quote> modo otio, non somno;
                        nam in vigiliis fuerat conlocatus.</seg><seg source="#DS">qui enim custos
                        est de insomnio suo queri non potest.</seg><seg source="#Σ #DS"/></ab>
               </div>
               <div type="textpart" subtype="verse" n="188" xml:id="l188">
                  <ab><seg source="#Σ #DS"><quote type="lemma">CERNIS QVAE RVTVLOS H<supplied
                              reason="lost">ABEAT</supplied> FIDVCIA R<supplied reason="lost"
                              >ERVM</supplied></quote> ipsius desiderii vult esse rationabiles
                        causas,</seg><seg source="#DS">ne vanum mens agitare videatur: nam et
                        neglegentia hostium per fiduciam nimiam ostenditur, et occasio dabatur
                        aliquid strenue gerendi.</seg><seg source="#Σ #DS"/></ab>
               </div>
               <div type="textpart" subtype="verse" n="189" xml:id="l189">
                  <ab><seg source="#Σ #DS"><quote type="lemma">SOMNO VINOQVE</quote> alterum pendet
                        ex altero.</seg></ab>
               </div>
               <div type="textpart" subtype="verse" n="190" xml:id="l190">
                  <ab><seg source="#Σ #DS"><quote type="lemma">PORRO</quote> hortantis
                        est:</seg><seg source="#DS">aut nunc coniunctio expletiva.</seg><seg
                        source="#Σ #DS"/></ab>
               </div>
               <div type="textpart" subtype="verse" n="191" xml:id="l191">
                  <ab><seg source="#Σ #DS"><quote type="lemma">QVID DVBITEM</quote> id est cogitem:
                        omnis enim cogitatio in dubitatione est ante sententiam.</seg></ab>
               </div>
               <div type="textpart" subtype="verse" n="192" xml:id="l192">
                  <ab><seg source="#Σ #DS"><quote type="lemma">POPVLVSQVE PATRESQVE</quote>
                        transfert in Troianos Romanam consuetudinem, ut solet plerumque. prius enim
                        iubebat aliquid populus, postea confirmabat senatus.</seg></ab>
               </div>
               <div type="textpart" subtype="verse" n="193" xml:id="l193">
                  <ab><seg source="#Σ #DS"><quote type="lemma">REPORTENT </quote>'portent'. nam 're'
                        vacat.</seg><seg source="#DS">aut 'ab eo reportare'.</seg><seg
                        source="#Σ #DS"/></ab>
               </div>
               <div type="textpart" subtype="verse" n="194" xml:id="l194">
                  <ab><seg source="#Σ #DS"><quote type="lemma">SI TIBI QVAE POSCO PROMITTVNT</quote>
                        poscere est secundum Varronem (106 G-S = GRF F 444) quotiens aliquid pro
                        merito nostro deposcimus, petere vero est cum aliquid humiliter et cum
                        precibus postulamus. et bene quod Euryalum nolit ducere latenter
                        ostendit.</seg><seg source="#DS">nam ideo adiecit <hi rend="italic">mihi
                           facti fama sat est.</hi></seg><seg source="#Σ #DS"/></ab>
               </div>
               <div type="textpart" subtype="verse" n="195" xml:id="l195">
                  <ab><seg source="#DS"><quote type="lemma">SVB ILLO</quote> pro 'ex illo':
                        praepositionem mutavit.</seg><seg source="#Σ #DS"/></ab>
               </div>
               <div type="textpart" subtype="verse" n="196" xml:id="l196">
                  <ab><seg source="#Σ #DS"><quote type="lemma">MOENIA PALLANTEA</quote> ubi nunc
                        credit esse Aenean.</seg></ab>
               </div>
               <div type="textpart" subtype="verse" n="198" xml:id="l198">
                  <ab><seg source="#DS"><quote type="lemma">ARDENTEM</quote> modo ardentem, ut
                           <anchor xml:id="anchor-aeneid-4.101-139" corresp="note-aeneid-4.101"
                           /><note type="commentary" xml:id="note-aeneid-4.101-139"
                           target="anchor-aeneid-4.101"><ref
                              target="urn:cts:latinLit:phi0690.phi003:4.101">4.101</ref></note>
                        <hi rend="italic">ardet amans Dido,</hi> an festinantem, ut <anchor
                           xml:id="anchor-aeneid-1.423-140" corresp="note-aeneid-1.423"/><note
                           type="commentary" xml:id="note-aeneid-1.423-140"
                           target="anchor-aeneid-1.423"><ref
                              target="urn:cts:latinLit:phi0690.phi003:1.423">1.423</ref></note>
                        <hi rend="italic">instant ardentes Tyrii</hi>, an cupiditate caedis
                        flagrantem,ut <anchor xml:id="anchor-aeneid-12.71-141"
                           corresp="note-aeneid-12.71"/><note type="commentary"
                           xml:id="note-aeneid-12.71-141" target="anchor-aeneid-12.71"><ref
                              target="urn:cts:latinLit:phi0690.phi003:12.71">12.71</ref></note>
                        <hi rend="italic">ardet in arma magis</hi>, an propter illud quod ipse dicit
                           <anchor xml:id="anchor-aeneid-9.184-142" corresp="note-aeneid-9.184"
                           /><note type="commentary" xml:id="note-aeneid-9.184-142"
                           target="anchor-aeneid-9.184"><ref
                              target="urn:cts:latinLit:phi0690.phi003:9.184">184</ref></note>
                        <hi rend="italic">dine hunc ardorem</hi>
                        <supplied reason="lost"><hi rend="italic">mentibus addunt</hi></supplied> et
                           deinde<anchor xml:id="anchor-aeneid-9.186-143"
                           corresp="note-aeneid-9.186"/><note type="commentary"
                           xml:id="note-aeneid-9.186-143" target="anchor-aeneid-9.186"><ref
                              target="urn:cts:latinLit:phi0690.phi003:9.186">186</ref></note>
                        <hi rend="italic">aut</hi>
                        <hi rend="italic">pugnam aut aliquid iamdudum invadere
                        magnum?</hi></seg><seg source="#Σ #DS"/></ab>
               </div>
               <div type="textpart" subtype="verse" n="199" xml:id="l199">
                  <ab><seg source="#Σ #DS"><quote type="lemma">SVMMIS ADIVNGERE REBVS
                        </quote>'summum' et extremum dicimus et laudabile. bene ergo in re dubia
                        sermone usus est dubio; nam hoc dicit: 'non debes me nec a tua gloria nec a
                        periculis segregare'.</seg></ab>
               </div>
               <div type="textpart" subtype="verse" n="201" xml:id="l201">
                  <ab><seg source="#Σ #DS"><quote type="lemma">GENITOR BELLIS ADSVETVS</quote> ipse
                        puer est necdum probatus: unde se et a belli temporibus et a patris virtute
                        commendat.</seg></ab>
               </div>
               <div type="textpart" subtype="verse" n="202" xml:id="l202">
                  <ab><seg source="#Σ #DS"><quote type="lemma">ARGOLICVM TERROREM</quote> quem
                        Graeci inferebant.</seg></ab>
                  <ab><seg source="#DS"><quote type="lemma">TROIAEQVE</quote></seg></ab>
                  <ab><seg source="#DS"><quote type="lemma">TROIAEQVE LABORES</quote> bene κατὰ τὸ
                        σιωπώµενον annos Euryali ostendit: nam si a coepto Troiano bello, quod
                        decennium tenuit, septem anni erroris addantur, anni vix decem et septem
                        sunt. est ergo aetas paene ad bellum inhabilis;sed exercitium ostenditur,
                        quod inter bella nutritus est.</seg><seg source="#Σ #DS"/></ab>
               </div>
               <div type="textpart" subtype="verse" n="203" xml:id="l203">
                  <ab><seg source="#Σ #DS"><quote type="lemma">SVBLATVM</quote>
                     susceptum.</seg></ab>
               </div>
               <div type="textpart" subtype="verse" n="204" xml:id="l204">
                  <ab><seg source="#DS"><quote type="lemma">MAGNANIMVM AENEAN <supplied
                              reason="lost">ET FATA EXTREMA SECVTVS</supplied></quote> ideo secutus,
                        non ut vitae studeam, sed gloriae.</seg><seg source="#Σ #DS"/></ab>
               </div>
               <div type="textpart" subtype="verse" n="205" xml:id="l205">
                  <ab><seg source="#Σ #DS"><quote type="lemma">EST HIC EST ANIMVS LVCIS CONTEMPTOR
                        </quote>'hic' potest esse et adverbium demonstrantis, ut sit 'est hic', id
                        est 'in meo pectore'. potest et sic accipi ut dicas: 'est hic animus lucis
                        contemptor', hoc est 'iste animus'. ergo 'hic' et produci potest et
                        corripi.</seg></ab>
               </div>
               <div type="textpart" subtype="verse" n="206" xml:id="l206">
                  <ab><seg source="#Σ #DS"><quote type="lemma">ISTVM QVI VITA BENE CREDAT EMI
                              Q<supplied reason="lost">VO</supplied> T<supplied reason="lost"
                              >ENDIS</supplied> HONOREM </quote>'qui istum honorem quo tendis', id
                        est ad quem niteris, 'libenter emat vita', id est vitae pretio.</seg></ab>
               </div>
               <div type="textpart" subtype="verse" n="207" xml:id="l207">
                  <ab><seg source="#Σ #DS"><quote type="lemma">NIL TALE VEREBAR</quote> quale tu
                        suspicaris.</seg></ab>
               </div>
               <div type="textpart" subtype="verse" n="208" xml:id="l208">
                  <ab><seg source="#DS"><quote type="lemma">NON</quote> distinguendum, ut initium
                        iuris iurandi sit <hi rend="italic">ita me referat.</hi></seg></ab>
                  <ab><seg source="#DS"><quote type="lemma">REFERAT</quote></seg></ab>
                  <ab><seg source="#DS"><quote type="lemma">REFERAT TIBI MAGNVS OVANTEM
                           IVPPITER</quote> mire ius iurandum conpositum; sic enim iurat quasi
                        relicturus eum, cum de virtutibus eius optime sentiat.</seg><seg
                        source="#Σ #DS"/></ab>
               </div>
               <div type="textpart" subtype="verse" n="209" xml:id="l209">
                  <ab><seg source="#Σ #DS"><quote type="lemma">HAEC</quote> humana negotia; vel quae
                        loquitur.</seg></ab>
               </div>
               <div type="textpart" subtype="verse" n="210" xml:id="l210">
                  <ab><seg source="#DS"><quote type="lemma">SED SI QVIS</quote> multas causas
                        praetendit: primam ipsius pueri, secundam propter se, tertiam matris. et est
                        parenthesis: 'si quis in adversum <supplied reason="lost">rapiat (quae multa
                           vides discrimine tali)</supplied>', hoc est, 'quae multa, ut in tali
                        discrimine, accidere posse intellegis'. 210A. <quote type="lemma">SED SI
                           QVIS</quote> multas causas praetendit: primam ipsius pueri, secundam
                        propter se, tertiam matris. et est parenthesis: 'si quis in adversum
                           <supplied reason="lost">rapiat casus deusve (quae multa vides discrimine
                           tali)</supplied>', hoc est, 'quae multa, ut in tali discrimine, accidere
                        posse intellegis'.</seg><seg source="#Σ #DS"/></ab>
               </div>
               <div type="textpart" subtype="verse" n="213" xml:id="l213">
                  <ab><seg source="#DS"><quote type="lemma">PRETIOVE</quote> pro 'vel'. 've' enim
                        syllaba proprie 'vel' significat.</seg><seg source="#Σ #DS"/></ab>
               </div>
               <div type="textpart" subtype="verse" n="214" xml:id="l214">
                  <ab><seg source="#Σ #DS"><quote type="lemma">MANDET HVMO</quote> multi hic
                        distinguunt; alii iungunt <hi rend="italic">mandet humo solita,</hi> ut sit
                        'commendet in terra solita':</seg><seg source="#DS">[<surplus>aut</surplus>]
                        id est 'cui mandari defuncti solent'.</seg><choice>
                        <seg source="#DS"><supplied reason="lost"><supplied reason="lost"
                                 >SOLITA</supplied></supplied> FORTVNA scilicet</seg>
                        <seg source="#Σ"><supplied reason="lost"><hi rend="italic"
                              >solita</hi></supplied> autem <hi rend="italic">fortuna,</hi></seg>
                     </choice><seg source="#Σ #DS">'quae piis invidere consuevit': Statius, hinc
                        trahens colorem, ait <anchor xml:id="anchor-Th.10.384-145"
                           corresp="note-Th.10.384"/><note type="commentary"
                           xml:id="note-Th.10.384-145" target="anchor-Th.10.384"><ref
                              target="MATCHNOTFOUND">Th.10.384</ref></note>
                        <hi rend="italic">invida fata piis et fors ingentibus ausis rara comes.</hi>
                     </seg></ab>
               </div>
               <div type="textpart" subtype="verse" n="215" xml:id="l215">
                  <ab><seg source="#Σ #DS"><quote type="lemma">ABSENTI FERAT
                        INFERIAS</quote></seg><seg source="#DS"><hi rend="italic">absenti</hi> quem
                        non sepelierit.</seg><seg source="#Σ #DS">hoc est, cenotaphion faciat et
                        inpleat honorem sepulcri.</seg><seg source="#DS">de inferiis autem plenius
                        in quarto Georgicorum (545-47) invenies.</seg><seg source="#Σ #DS"/></ab>
               </div>
               <div type="textpart" subtype="verse" n="216" xml:id="l216">
                  <ab><seg source="#DS"><quote type="lemma">MISERAE</quote> ad illum exitum quem
                        timet retulit. an dolenter iam <hi rend="italic">miserae,</hi> quae in hoc
                        consilio filii periclitatur?</seg><seg source="#Σ #DS"/></ab>
               </div>
               <div type="textpart" subtype="verse" n="217" xml:id="l217">
                  <ab><seg source="#DS"><quote type="lemma">PVER</quote> mire dissuadet dicendo <hi
                           rend="italic">puer.</hi></seg></ab>
                  <ab><seg source="#Σ #DS"><quote type="lemma">E MATRIBVS</quote> e nobilibus; nam
                        matres non nisi nobiles dicimus: unde et matronae dictae sunt. scimus autem
                        non omnes mulieres in Sicilia remansisse: nam legitur in undecimo <anchor
                           xml:id="anchor-aeneid-9.35-147" corresp="note-aeneid-9.35"/><note
                           type="commentary" xml:id="note-aeneid-9.35-147"
                           target="anchor-aeneid-9.35"><ref
                              target="urn:cts:latinLit:phi0690.phi003:9.35">35</ref></note>
                        <hi rend="italic">et maestum Iliades crinem de more solutae.</hi></seg></ab>
               </div>
               <div type="textpart" subtype="verse" n="218" xml:id="l218">
                  <ab><seg source="#DS"><supplied reason="lost">NEC</supplied> MOENIA CVRAT ACESTAE
                        nec tenetur desiderio Segestae civitatis.</seg><seg source="#Σ #DS"/></ab>
               </div>
               <div type="textpart" subtype="verse" n="219" xml:id="l219">
                  <ab><seg source="#Σ #DS"><quote type="lemma">ILLE AVTEM</quote> hunc locum esse
                        interrupta oratione Nisi intellegimus.</seg></ab>
               </div>
               <div type="textpart" subtype="verse" n="221" xml:id="l221">
                  <ab><seg source="#Σ #DS"><quote type="lemma">VIGILES SIMVL EXCITAT</quote> qui
                        vigiliarum officium habebant,</seg><seg source="#DS">hoc est, futuros
                        vigiles; alioquin quomodo excitat? et totum iunctim legendum est, ut simul
                        et dictum et factum videatur.</seg><seg source="#Σ #DS"/></ab>
               </div>
               <div type="textpart" subtype="verse" n="222" xml:id="l222">
                  <ab><seg source="#Σ #DS"><quote type="lemma">SERVANTQVE VICES</quote> hic
                        distinguendum est, alias sensus non procedit.</seg></ab>
                  <ab><seg source="#DS"><quote type="lemma">STATIONE</quote></seg></ab>
                  <ab><seg source="#DS"><quote type="lemma">STATIONE RELICTA</quote> hoc ad Nisum et
                        Euryalum pertinet, ut sit sensus 'statione relicta ipse comes Niso
                        graditur': quidam <hi rend="italic">servantque vices</hi>
                        <hi rend="italic">statione relicta</hi> pro 'stationis relictae vices
                        servant' intellegi volunt, ut <anchor xml:id="anchor-aeneid-1.75-149"
                           corresp="note-aeneid-1.75"/><note type="commentary"
                           xml:id="note-aeneid-1.75-149" target="anchor-aeneid-1.75"><ref
                              target="urn:cts:latinLit:phi0690.phi003:1.75">1.75</ref></note>
                        <hi rend="italic">et pulchra faciat te p</hi><supplied reason="lost"><hi
                              rend="italic">role</hi></supplied>
                        <hi rend="italic">p</hi><supplied reason="lost"><hi rend="italic"
                              >arentem</hi></supplied><hi rend="italic">,</hi> hoc est 'pulchrae
                        prolis'.</seg><seg source="#Σ #DS"/></ab>
               </div>
               <div type="textpart" subtype="verse" n="223" xml:id="l223">
                  <ab><seg source="#Σ #DS"><quote type="lemma">REGEMQVE REQVIRVNT</quote> regis
                        filium, ut <anchor xml:id="anchor-aeneid-6.28-151"
                           corresp="note-aeneid-6.28"/><note type="commentary"
                           xml:id="note-aeneid-6.28-151" target="anchor-aeneid-6.28"><ref
                              target="urn:cts:latinLit:phi0690.phi003:6.28">6.28</ref></note>
                        <hi rend="italic">magnum reginae sed enim miseratus amorem.</hi></seg></ab>
               </div>
               <div type="textpart" subtype="verse" n="224" xml:id="l224">
                  <ab><seg source="#Σ #DS"><quote type="lemma">CETERA PER TERRAS OMNES</quote>
                        exaggerat more suo vigilantum laborem.</seg></ab>
               </div>
               <div type="textpart" subtype="verse" n="227" xml:id="l227">
                  <ab><seg source="#Σ #DS"><quote type="lemma">CONSILIVM SVMMIS R<supplied
                              reason="lost">EGNI</supplied> D<supplied reason="lost">E</supplied>
                              R<supplied reason="lost">EBVS</supplied> H<supplied reason="lost"
                              >ABEBANT</supplied></quote></seg><seg source="#DS"><hi rend="italic"
                           >summis</hi> utrum 'maximis' anquod putabant eas in extremo sitas? et
                        est</seg><seg source="#Σ #DS">Lucilii versus uno tantum sermone mutato; nam
                        ille ait (4 M) <hi rend="italic">consilium summis hominum de rebus
                           habebant.</hi>
                     </seg></ab>
               </div>
               <div type="textpart" subtype="verse" n="228" xml:id="l228">
                  <ab><seg source="#Σ #DS"><quote type="lemma">IAM NVNTIVS ESSET </quote><hi
                           rend="italic">iam</hi> aut 'cito',</seg><seg source="#DS">ut festinandum
                        sit et iam nuntiandum Aeneae nec differendum,</seg><seg source="#Σ #DS">aut
                        cum nullum invenirent,</seg><seg source="#DS">ad desperationem, quasi nemo
                        esset iam qui posset audere.</seg><seg source="#Σ #DS"/></ab>
               </div>
               <div type="textpart" subtype="verse" n="229" xml:id="l229">
                  <ab><seg source="#Σ #DS"><quote type="lemma">ADNIXI HASTIS</quote></seg><seg
                        source="#DS">mira facies consilii: in rebus dubiis non sedent, sed
                        stant.</seg><choice>
                        <seg source="#DS">ostendit ergo</seg>
                        <seg source="#Σ">ostendit</seg>
                     </choice><seg source="#Σ #DS">iam eos diuturna statione fatigatos. quod autem
                        stant et Romani moris est et bellicae necessitatis. hunc autem standi
                        habitum et Sallustius commemorat, ut <anchor xml:id="anchor-H.3.40-153"
                           corresp="note-H.3.40"/><note type="commentary" xml:id="note-H.3.40-153"
                           target="anchor-H.3.40"><ref target="MATCHNOTFOUND">H. 3.40</ref></note>
                        <hi rend="italic">fessi arma sua quisque stantes incumbere.</hi>
                     </seg></ab>
               </div>
               <div type="textpart" subtype="verse" n="230" xml:id="l230">
                  <ab><seg source="#Σ #DS"><quote type="lemma">CASTRORVM ET CAMPI MEDIO</quote> in
                        medio campi spatio, qui campus castrorum medius fuit,</seg><seg source="#DS"
                        >quia in mediis castris principia sunt semper. et bene 'campi medio', quam
                        'campo medio': tunc enim 'campo medio', cum aliquot campi sunt et unus est
                        medius campus, 'campi' autem 'medio' in media parte unius campi.</seg><seg
                        source="#Σ #DS"/></ab>
               </div>
               <div type="textpart" subtype="verse" n="231" xml:id="l231">
                  <ab><seg source="#DS"><quote type="lemma">ALACRES</quote> concitati: Terentius
                           <anchor xml:id="anchor-Eu.304-155" corresp="note-Eu.304"/><note
                           type="commentary" xml:id="note-Eu.304-155" target="anchor-Eu.304"><ref
                              target="MATCHNOTFOUND">Eu. 304</ref></note>
                        <hi rend="italic">quid tu es tristis? quidve</hi>
                        <hi rend="italic">es alacris?</hi></seg></ab>
                  <ab><seg source="#DS"><quote type="lemma">ADMITTIER</quote></seg></ab>
                  <ab><seg source="#DS"><quote type="lemma">ADMITTIER ORANT</quote> hoc verbo
                        ostendit olim et apud reges admissionum fuisse officium.</seg><seg
                        source="#Σ #DS"/></ab>
               </div>
               <div type="textpart" subtype="verse" n="232" xml:id="l232">
                  <ab><seg source="#Σ #DS"><quote type="lemma">REM MAGNAM PRETIVMQVE MORAE
                           FORE</quote> dicebant se adferre rem magnam, cuius mora pretium posset
                        adferre, id est poenam: Terentius <anchor xml:id="anchor-An.610-156"
                           corresp="note-An.610"/><note type="commentary" xml:id="note-An.610-156"
                           target="anchor-An.610"><ref target="MATCHNOTFOUND">An. 610</ref></note>
                        <hi rend="italic">ergo pretium ob stultitiam fero</hi>: ut sit sensus, si
                        tardius mittamus ad Aenean, luemus hostibus poenas. alii sic intellegunt:
                        scimus quidem adventum nostrum moram vestris adferre consiliis, verum huius
                        morae erit pretium, id est remuneratio; namque hoc offerebant quod illi
                        cogitabant, ut <surplus>diximus</surplus> supra <anchor
                           xml:id="anchor-aeneid-9.228-157" corresp="note-aeneid-9.228"/><note
                           type="commentary" xml:id="note-aeneid-9.228-157"
                           target="anchor-aeneid-9.228"><ref
                              target="urn:cts:latinLit:phi0690.phi003:9.228">228</ref></note>
                        <hi rend="italic">quisve Aeneae iam nuntius esset?</hi></seg><seg
                        source="#DS">alii deesse putant 'adfirmantes', ut sit sensus, adfirmantes
                        rem magnam futuram et multum illos consecuturos si audiendi se moram
                        pertulissent. alii, qui pretium pro poena dicunt positum, ita tradunt, eos
                        anxios tam diu super rebus dubiis futuros quam diu se non admiserint ad
                        loquendum.</seg><seg source="#Σ #DS"/></ab>
               </div>
               <div type="textpart" subtype="verse" n="233" xml:id="l233">
                  <ab><seg source="#Σ #DS"><quote type="lemma">ACCEPIT TREPIDOS</quote> festinos,
                        more suo.</seg><seg source="#DS">ergo per metalepsin cupidos dixit
                        ἀγωνιῶντας: non enim possumus timentes accipere, quod festinabant.</seg><seg
                        source="#Σ #DS"/></ab>
               </div>
               <div type="textpart" subtype="verse" n="235" xml:id="l235">
                  <ab><seg source="#Σ #DS"><quote type="lemma">NEVE HAEC NOSTRIS <supplied
                              reason="lost">SPECTENTVR</supplied> AB ANNIS</quote> bene excusat,
                        quia scit de aetate puerorum posse dubitari, dicens non ex suggerentum
                        persona,</seg><seg source="#DS">in qua est maior auctoritas,</seg><seg
                        source="#Σ #DS">sed sua vi consilia ponderanda.</seg><seg source="#DS"><hi
                           rend="italic">spectentur</hi> autem 'aestimentur'.</seg><seg
                        source="#Σ #DS"/></ab>
               </div>
               <div type="textpart" subtype="verse" n="236" xml:id="l236">
                  <ab><seg source="#DS"><quote type="lemma">RVTVLI SOMNO VINOQVE SEPVLTI</quote>
                        occasio prius narratur, sic consilium, ut necessario ad id quod nuntiat
                        veniat.</seg><seg source="#Σ #DS"/></ab>
               </div>
               <div type="textpart" subtype="verse" n="237" xml:id="l237">
                  <ab><seg source="#DS"><quote type="lemma">LOCVM INSIDIIS CONSPEXIMVS IPSI</quote>
                        ordo est 'locum conspeximus, qui insidiis patet'. <hi rend="italic"
                           >ipsi</hi> autem ad fidem pertinet: qui enim rem tantam nuntiat, debet
                        firma auctoritate contendere. et communicat cum socio quod solus
                        conspexit.</seg><seg source="#Σ #DS"/></ab>
               </div>
               <div type="textpart" subtype="verse" n="238" xml:id="l238">
                  <ab><seg source="#DS"><quote type="lemma">QVI PATET IN BIVIO</quote> necessarie
                        signa addidit.</seg></ab>
                  <ab><seg source="#Σ #DS"><quote type="lemma">PORTAE QVAE PROXIMA PONTO</quote>
                        apparet, ut supra <anchor xml:id="anchor-aeneid-7.31-160"
                           corresp="note-aeneid-7.31"/><note type="commentary"
                           xml:id="note-aeneid-7.31-160" target="anchor-aeneid-7.31"><ref
                              target="urn:cts:latinLit:phi0690.phi003:7.31">7.31</ref></note>
                        diximus, castra Troiana in Ostiensi fuisse, siquidem nullus alter locus in
                        Laurolavinati hinc fluvio cohaeret, hinc pelago: et nunc dicit <hi
                           rend="italic">portae quae proxima ponto,</hi> item paulo post <anchor
                           xml:id="anchor-aeneid-9.468-161" corresp="note-aeneid-9.468"/><note
                           type="commentary" xml:id="note-aeneid-9.468-161"
                           target="anchor-aeneid-9.468"><ref
                              target="urn:cts:latinLit:phi0690.phi003:9.468">468</ref></note>
                        dicturus est <supplied reason="lost"><hi rend="italic"
                           >murorum</hi></supplied>
                        <hi rend="italic">in parte sinistra opposuere aciem</hi> (<hi rend="italic"
                           >nam dextera cingitur amni</hi>).</seg></ab>
               </div>
               <div type="textpart" subtype="verse" n="239" xml:id="l239">
                  <ab><seg source="#Σ #DS"><quote type="lemma">INTERRVPTI IGNES</quote> supra
                           <anchor xml:id="anchor-aeneid-9.189-162" corresp="note-aeneid-9.189"
                           /><note type="commentary" xml:id="note-aeneid-9.189-162"
                           target="anchor-aeneid-9.189"><ref
                              target="urn:cts:latinLit:phi0690.phi003:9.189">189</ref></note> aliter
                           <hi rend="italic">lumina rara micant.</hi></seg></ab>
                  <ab><seg source="#Σ #DS"><quote type="lemma">FVMVS ERIGITVR</quote> signum est
                        sopitorum ignium quotiens maior fumus erigitur.</seg></ab>
               </div>
               <div type="textpart" subtype="verse" n="240" xml:id="l240">
                  <ab><seg source="#Σ #DS"><quote type="lemma">FORTVNA</quote> occasione.</seg></ab>
               </div>
               <div type="textpart" subtype="verse" n="241" xml:id="l241">
                  <ab><seg source="#DS"><supplied reason="lost"><supplied reason="lost">QVAESITVM
                              AENEAN</supplied></supplied> ad inquirendum Aenean. alii hunc ordinem
                        volunt 'si fortuna permittitis uti, mox hic cum spoliis, ingenti <supplied
                           reason="lost">caede peracta, adfore cernetis,</supplied> nec nos via
                        fallit euntes quaesitum Aenean et moenia Pallantea'.</seg></ab>
                  <ab><seg source="#Σ #DS"><quote type="lemma">QVAESITVM</quote> ut
                     quaeramus.</seg></ab>
               </div>
               <div type="textpart" subtype="verse" n="242" xml:id="l242">
                  <ab><seg source="#Σ #DS"><quote type="lemma">CVM SPOLIIS</quote> hinc est quod
                        supra <anchor xml:id="anchor-aeneid-9.208-164" corresp="note-aeneid-9.208"
                           /><note type="commentary" xml:id="note-aeneid-9.208-164"
                           target="anchor-aeneid-9.208"><ref
                              target="urn:cts:latinLit:phi0690.phi003:9.208">208</ref></note>
                        Euryalo dixit <hi rend="italic">me referat tibi magnus ovantem
                           Iuppiter,</hi> respiciens ad id quod posset fortiter facere.</seg></ab>
               </div>
               <div type="textpart" subtype="verse" n="243" xml:id="l243">
                  <ab><seg source="#Σ #DS"><quote type="lemma">NEC NOS VIA FALLIT</quote> bene
                        ubique cuncta cum amico communicat.</seg></ab>
               </div>
               <div type="textpart" subtype="verse" n="244" xml:id="l244">
                  <ab><seg source="#Σ #DS"><quote type="lemma">OBSCVRIS PRIMAM SVB VALLIBVS
                           VRBEM</quote> nos in obscuris vallibus positi vidimus primam urbem, hoc
                        est primam partem urbis; nam Palatium in monte est, non in
                     vallibus.</seg></ab>
               </div>
               <div type="textpart" subtype="verse" n="245" xml:id="l245">
                  <ab><seg source="#DS"><quote type="lemma">TOTVM AMNEM</quote> hoc est regionem
                        amnis.</seg><seg source="#Σ #DS"/></ab>
               </div>
               <div type="textpart" subtype="verse" n="246" xml:id="l246">
                  <ab><seg source="#Σ #DS"><quote type="lemma">ANNIS GRAVIS ATQVE ANIMI MATVRVS
                           ALETES </quote>Sallustius de Philippo qui <anchor
                           xml:id="anchor-H.1.75-166" corresp="note-H.1.75"/><note type="commentary"
                           xml:id="note-H.1.75-166" target="anchor-H.1.75"><ref
                              target="MATCHNOTFOUND">H. 1.75</ref></note>
                        <hi rend="italic">aetate et consilio ceteros anteibat.</hi></seg></ab>
               </div>
               <div type="textpart" subtype="verse" n="248" xml:id="l248">
                  <ab><seg source="#Σ #DS"><quote type="lemma">NON TAMEN OMNINO T<supplied
                              reason="lost">EVCROS</supplied> D<supplied reason="lost"
                              >ELERE</supplied> P<supplied reason="lost">ARATIS</supplied></quote>
                        ac si diceret: licet irascamini ad tempus, hinc</seg><seg source="#DS"
                        >tamen</seg><seg source="#Σ #DS">apparet non velle vos penitus delere
                        Troianos, quod tales animos nostris iuvenibus datis. </seg></ab>
               </div>
               <div type="textpart" subtype="verse" n="249" xml:id="l249">
                  <ab><seg source="#DS"><quote type="lemma">CERTA</quote> hoc loco firma vel
                        fortia.</seg><seg source="#Σ #DS"/></ab>
               </div>
               <div type="textpart" subtype="verse" n="250" xml:id="l250">
                  <ab><seg source="#Σ #DS"><quote type="lemma">VMEROS DEXTRASQVE TENEBAT
                           AMBORVM</quote> hoc ad adfectum retulit; nec enim simul fieri potest.
                        intellegimus autem quod et singulos et membratim amplectebatur.</seg></ab>
               </div>
               <div type="textpart" subtype="verse" n="251" xml:id="l251">
                  <ab><seg source="#Σ #DS"><quote type="lemma">VVLTVM LACRIMIS ATQVE ORA
                           RIGABAT</quote> poetice iunxit, et modo unum significant: est autem
                        iteratio. interdum recipiunt discretionem.</seg><seg source="#DS">nam os est
                        naturaliter facies quam habemus; vultus vero quem pro motu animi ad tempus
                        formamus.</seg><seg source="#Σ #DS"/></ab>
               </div>
               <div type="textpart" subtype="verse" n="252" xml:id="l252">
                  <ab><seg source="#Σ #DS"><quote type="lemma">PRO LAVDIBVS</quote> id est
                        virtutibus: ab eo quod praecedit id quod sequitur,</seg><seg source="#DS">ut
                           <anchor xml:id="anchor-aeneid-5.355-167" corresp="note-aeneid-5.355"
                           /><note type="commentary" xml:id="note-aeneid-5.355-167"
                           target="anchor-aeneid-5.355"><ref
                              target="urn:cts:latinLit:phi0690.phi003:5.355">5.355</ref></note>
                        <hi rend="italic">primam merui qui laude coronam.</hi></seg><seg
                        source="#Σ #DS"/></ab>
               </div>
               <div type="textpart" subtype="verse" n="254" xml:id="l254">
                  <ab><seg source="#Σ #DS"><quote type="lemma">DI MORESQVE DABVNT VESTRI
                        </quote>Ciceronis est, tractum de philosophia, qui dicunt sufficere ad
                        gloriam bene facti conscientiam.</seg><seg source="#DS">scit enim poeta
                        nihil esse maius quam quod vel a dis meruerimus vel moribus.</seg><seg
                        source="#Σ #DS"/></ab>
               </div>
               <div type="textpart" subtype="verse" n="255" xml:id="l255">
                  <ab><seg source="#Σ #DS"><quote type="lemma">ACTVTVM</quote> confestim, sine
                        dilatione: et est adverbium temporis.</seg></ab>
                  <ab><seg source="#Σ #DS"><quote type="lemma">INTEGER AEVI</quote></seg><seg
                        source="#DS">'integri aevi', figurate: id est</seg><seg source="#Σ #DS"
                        >adulescens, cui aetas integra superest, unde Ennius <anchor
                           xml:id="anchor-trag.213-168" corresp="note-trag.213"/><note
                           type="commentary" xml:id="note-trag.213-168" target="anchor-trag.213"
                              ><ref target="MATCHNOTFOUND">trag. 213</ref></note>
                        <hi rend="italic">deos aevi integros</hi> dicit quibus multum aevi
                        superest.</seg><seg source="#DS">et bono omine ad pericula pergentibus etiam
                        per Ascanium praemium pollicetur: longiorem enim eis vitam promittit si ea
                        exspectent quae Ascanius dare maior possit.</seg><seg source="#Σ #DS"/></ab>
               </div>
               <div type="textpart" subtype="verse" n="256" xml:id="l256">
                  <ab><seg source="#Σ #DS"><quote type="lemma">MERITI</quote> praestiti, ut <anchor
                           xml:id="anchor-aeneid-5.801-171" corresp="note-aeneid-5.801"/><note
                           type="commentary" xml:id="note-aeneid-5.801-171"
                           target="anchor-aeneid-5.801"><ref
                              target="urn:cts:latinLit:phi0690.phi003:5.801">5.801</ref></note>
                        <hi rend="italic">merui quoque,</hi> item <anchor
                           xml:id="anchor-aeneid-6.664-172" corresp="note-aeneid-6.664"/><note
                           type="commentary" xml:id="note-aeneid-6.664-172"
                           target="anchor-aeneid-6.664"><ref
                              target="urn:cts:latinLit:phi0690.phi003:6.664">6.664</ref></note>
                        <hi rend="italic">quique sui memores aliquos fecere merendo.</hi></seg></ab>
               </div>
               <div type="textpart" subtype="verse" n="257" xml:id="l257">
                  <ab><seg source="#DS"><quote type="lemma">IMMO EGO VOS</quote> pulchre poeta fidem
                        sponsionis Aleti addidit, ut eum statim promissa Ascanii sequerentur. <hi
                           rend="italic">vos</hi> autem <hi rend="italic">Nise</hi> figurate, ut
                           <anchor xml:id="anchor-aeneid-9.525-174" corresp="note-aeneid-9.525"
                           /><note type="commentary" xml:id="note-aeneid-9.525-174"
                           target="anchor-aeneid-9.525"><ref
                              target="urn:cts:latinLit:phi0690.phi003:9.525">525</ref></note>
                        <hi rend="italic">vos, o Calliope. sola salus</hi> vero, cui una est salus
                        genitore reducto.</seg><seg source="#Σ #DS"/></ab>
               </div>
               <div type="textpart" subtype="verse" n="258" xml:id="l258">
                  <ab><seg source="#Σ #DS"><quote type="lemma">EXCIPIT ASCANIVS</quote> id est
                        subsequitur. et a poeta dictum est.</seg></ab>
                  <ab><seg source="#DS"><quote type="lemma">PER</quote></seg></ab>
                  <ab><seg source="#DS"><quote type="lemma">PER MAGNOS NISE PENATES</quote> hoc est
                        quod ait <anchor xml:id="anchor-aeneid-3.12-182" corresp="note-aeneid-3.12"
                           /><note type="commentary" xml:id="note-aeneid-3.12-182"
                           target="anchor-aeneid-3.12"><ref
                              target="urn:cts:latinLit:phi0690.phi003:3.12">3.12</ref></note>
                        <hi rend="italic">penatibus et magnis</hi>
                        <hi rend="italic">dis,</hi> id est quos Aeneas secum advexerat; nam ideo ait
                           <hi rend="italic">Assaracique</hi>
                        <hi rend="italic">larem,</hi> id est familiae nostrae vel generis proprium,
                        vel quos nos Troiani praecipue colimus, de quibus ait <anchor
                           xml:id="anchor-aeneid-3.148-183" corresp="note-aeneid-3.148"/><note
                           type="commentary" xml:id="note-aeneid-3.148-183"
                           target="anchor-aeneid-3.148"><ref
                              target="urn:cts:latinLit:phi0690.phi003:3.148">3.148</ref></note>
                        <hi rend="italic">Phrygiique penates,</hi>
                        <hi rend="italic">quos</hi>
                        <hi rend="italic">mecum a Troia mediis</hi><supplied reason="lost"><hi
                              rend="italic">que ex ignibus urbis extuleram</hi></supplied><hi
                           rend="italic">.</hi> qui tamen di qui sint, a diversis varie traditur,
                        sicut supra <anchor xml:id="anchor-aeneid-3.119-184"
                           corresp="note-aeneid-3.119"/><note type="commentary"
                           xml:id="note-aeneid-3.119-184" target="anchor-aeneid-3.119"><ref
                              target="urn:cts:latinLit:phi0690.phi003:3.119">3.119</ref></note>
                        dictum est.</seg><seg source="#Σ #DS"/></ab>
               </div>
               <div type="textpart" subtype="verse" n="259" xml:id="l259">
                  <ab><seg source="#Σ #DS"><quote type="lemma">CANAE VESTAE</quote> venerabilis,
                        antiquissimae.</seg><seg source="#DS">ipsa enim antiquissima dea est, id est
                        Terra.</seg><seg source="#Σ #DS"/></ab>
               </div>
               <div type="textpart" subtype="verse" n="260" xml:id="l260">
                  <ab><seg source="#Σ #DS"><quote type="lemma">OBTESTOR</quote> adiuro. et est ordo
                        'immo ego, cui sola salus genitore reducto, vos obtestor per deos, revocate
                        parentem'.</seg></ab>
                  <ab><seg source="#Σ #DS"><quote type="lemma">FORTVNA FIDESQVE EST</quote> quidquid
                        casu, quidquid consilio egero, vobis committam: nam per fidem consilia
                        significat, per fortunam opes, imperium, cuiuslibet rei
                        possibilitatem.</seg><seg source="#DS">alii sic tradunt: <hi rend="italic"
                           >fortuna</hi> ut possit, <hi rend="italic">fides</hi> ut velit promissa
                        persolvere. alii ita: quantum habeo fortunae in vestris pono gremiis, doque
                        fidem me ita animatum esse et sic sentire: 'mihi', inquit, 'habeo coniunctam
                        fortunam et fidem'. nam cum volumus ostendere quantum in nostra sit
                        potestate, duo dicimus, fortunam et fidem: fortuna de nostris est
                        possessionibus, fides quantum nobis creditur ab inimicis.</seg><seg
                        source="#Σ #DS"/></ab>
               </div>
               <div type="textpart" subtype="verse" n="262" xml:id="l262">
                  <ab><seg source="#Σ #DS"><quote type="lemma">NIHIL ILLO TRISTE RECEPTO</quote>
                        subaudis 'erit'.</seg></ab>
               </div>
               <div type="textpart" subtype="verse" n="263" xml:id="l263">
                  <ab><seg source="#DS"><quote type="lemma">ARGENTO PERFECTA</quote> id est tota
                        argentea.</seg><seg source="#Σ #DS"/></ab>
               </div>
               <div type="textpart" subtype="verse" n="264" xml:id="l264">
                  <ab><seg source="#Σ #DS"><quote type="lemma">DEVICTA GENITOR QVAE CEPIT
                           ARISBA</quote> atqui secundum Homerum <anchor
                           xml:id="anchor-Il.2.836-185" corresp="note-Il.2.836"/><note
                           type="commentary" xml:id="note-Il.2.836-185" target="anchor-Il.2.836"
                              ><ref target="MATCHNOTFOUND">Il. 2.836</ref></note> Arisba Troianis
                        misit auxilia et ab Achille subversa est. sed accipimus, aut ante bellum
                        Graecorum Arisbam a Troianis captam et in amicitiae foedus admissam; aut
                        certe pocula haec data ab Heleno, qui in Achillis bona per Pyrrhi
                        successerat hereditatem, ut sit <hi rend="italic">quae cepit</hi> pro 'quae
                        accepit' devicta Arisba, scilicet ab Achille.</seg><seg source="#DS">dicta
                        est Arisba ab Meropis vel Macarei filia, quam primum Paris in coniugio
                        habuit. quidam ab Abante, qui Troica scripsit, relatum ferunt, post
                        discessum a Troia Graecorum Astyanacti ibi datum regnum; hunc ab Antenore
                        expulsum sociatis sibi finitimis civitatibus, inter quas et Arisba fuit;
                        Aenean hoc aegre tulisse et pro Astyanacte arma cepisse, ac prospere gesta
                        re, Astyanacti restituisse regnum. quod si ita est, merito eam Aeneas et
                        vicisse et haec pocula inde cepisse memoratur.</seg><seg source="#Σ #DS"
                     /></ab>
               </div>
               <div type="textpart" subtype="verse" n="265" xml:id="l265">
                  <ab><seg source="#Σ #DS"><quote type="lemma">DVO MAGNA TALENTA</quote> bene
                        addidit <hi rend="italic">magna.</hi> nam varium apud diversas gentes pondus
                        est talenti: unde talentum potest et breve aliquid et magnum significare.
                        nam ut supra <anchor xml:id="anchor-aeneid-5.112-189"
                           corresp="note-aeneid-5.112"/><note type="commentary"
                           xml:id="note-aeneid-5.112-189" target="anchor-aeneid-5.112"><ref
                              target="urn:cts:latinLit:phi0690.phi003:5.112">5.112</ref></note>
                        diximus, secundum Plautum talentum septuaginta librarum est: qui cum
                        dixisset deberi centum quadraginta libras, paulo post intulit duo talenta,
                        per iocum dicens <anchor xml:id="anchor-Mos.644-190" corresp="note-Mos.644"
                           /><note type="commentary" xml:id="note-Mos.644-190"
                           target="anchor-Mos.644"><ref target="MATCHNOTFOUND">Mos. 644</ref></note>
                        <hi rend="italic">debentur talenta tot, quot ego et tu sumus.</hi> item
                        Homerus <anchor xml:id="anchor-Il.23.269-191" corresp="note-Il.23.269"
                           /><note type="commentary" xml:id="note-Il.23.269-191"
                           target="anchor-Il.23.269"><ref target="MATCHNOTFOUND">Il.
                           23.269</ref></note> talentum breve quiddam ostendit, quippe quod accepit
                        victus, cum victori levia data sint munera.</seg></ab>
               </div>
               <div type="textpart" subtype="verse" n="266" xml:id="l266">
                  <ab><seg source="#DS"><quote type="lemma">CRATERA ANTIQVVM</quote> hoc est,
                        antiquo opere factum, ut ei pretium crescat ex tempore.</seg><seg
                        source="#Σ #DS"/></ab>
               </div>
               <div type="textpart" subtype="verse" n="267" xml:id="l267">
                  <ab><seg source="#DS"><quote type="lemma">CAPERE ITALIAM</quote>
                        obtinere.</seg><seg source="#Σ #DS"/></ab>
               </div>
               <div type="textpart" subtype="verse" n="268" xml:id="l268">
                  <ab><seg source="#Σ #DS"><quote type="lemma">DICERE SORTEM</quote> statuere. alii
                        proprie 'ducere' legunt, quod est sortium, ut <anchor
                           xml:id="anchor-aeneid-6.22-192" corresp="note-aeneid-6.22"/><note
                           type="commentary" xml:id="note-aeneid-6.22-192"
                           target="anchor-aeneid-6.22"><ref
                              target="urn:cts:latinLit:phi0690.phi003:6.22">6.22</ref></note>
                        <hi rend="italic">stat ductis sortibus urna.</hi></seg><seg source="#DS"
                        >alii 'deicere' legunt secundum illud <anchor
                           xml:id="anchor-aeneid-5.490-194" corresp="note-aeneid-5.490"/><note
                           type="commentary" xml:id="note-aeneid-5.490-194"
                           target="anchor-aeneid-5.490"><ref
                              target="urn:cts:latinLit:phi0690.phi003:5.490">5.490</ref></note>
                        <hi rend="italic">deiectamque aerea sortem</hi>
                        <hi rend="italic">accepit galea,</hi> id est sortiri praedam.</seg><seg
                        source="#Σ #DS"/></ab>
               </div>
               <div type="textpart" subtype="verse" n="269" xml:id="l269">
                  <ab><seg source="#DS"><quote type="lemma">VIDISTI QVO TVRNVS EQVO</quote> melior
                        oeconomia: Nisum noluit inducere postulantem equum Turni praemii loco, sed
                        honestius facit ultro offerri, cum Homerus (Il. 10.321-3) fecerit Dolonem
                        Achillis currus inprobe postulantem.</seg><seg source="#Σ #DS"/></ab>
               </div>
               <div type="textpart" subtype="verse" n="270" xml:id="l270">
                  <ab><seg source="#DS"><quote type="lemma">IPSVM ILLVM</quote> equum scilicet, cui
                        ex pronomine addidit dignitatem.</seg><seg source="#Σ #DS"/></ab>
               </div>
               <div type="textpart" subtype="verse" n="271" xml:id="l271">
                  <ab><seg source="#Σ #DS"><quote type="lemma">EXCIPIAM SORTI</quote></seg><seg
                        source="#DS">extra sortem seponam, ut tibi dari possint, id est</seg><seg
                        source="#Σ #DS">praeter sortem dabo.</seg></ab>
                  <ab><seg source="#DS"><quote type="lemma">IAM</quote></seg></ab>
                  <ab><seg source="#DS"><quote type="lemma">IAM NVNC</quote> aut 'iam nunc <supplied
                           reason="lost">tua', aut 'iam nunc</supplied> excipiam'.</seg><seg
                        source="#Σ #DS"/></ab>
               </div>
               <div type="textpart" subtype="verse" n="273" xml:id="l273">
                  <ab><seg source="#DS"><quote type="lemma">CAPTIVOSQVE DABIT</quote> subaudiendum
                        'bis sex'.</seg><seg source="#Σ #DS"/></ab>
               </div>
               <div type="textpart" subtype="verse" n="274" xml:id="l274">
                  <ab><seg source="#Σ #DS"><quote type="lemma">INSVPER HIS</quote> super
                        haec.</seg><seg source="#DS">est figurata elocutio, per dativum
                     casum.</seg></ab>
                  <ab><seg source="#Σ #DS"><quote type="lemma">CAMPI QVOD REX HABET IPSE
                           LATINVS</quote> mos fuerat ut viris fortibus sive regibus pro honore
                        daretur aliqua publici agri particula, ut habuit Tarquinius Superbus in
                        campo Martio: quod spatium ab Homero τέµενος dicitur. hoc ergo, quod Latinus
                        pro honore de republica habuit, ab Ascanio intellegamus esse
                        promissum.</seg></ab>
               </div>
               <div type="textpart" subtype="verse" n="276" xml:id="l276">
                  <ab><seg source="#Σ #DS"><quote type="lemma">PECTORE TOTO</quote> omni
                        adfectu.</seg><seg source="#DS">et est de proverbio: Cicero de Legibus
                        (1.18.49) <hi rend="italic">nisi toto pectore</hi>
                        <hi rend="italic">amatur, ut dicitur</hi>. cum enim dicit ut dicitur
                        ostendit proverbiale.</seg><seg source="#Σ #DS"/></ab>
               </div>
               <div type="textpart" subtype="verse" n="279" xml:id="l279">
                  <ab><seg source="#Σ #DS"><quote type="lemma">RERVM VERBORVMQVE FIDES</quote> et
                        rem publicam tibi committam et tecum omne communicabo consilium.</seg></ab>
               </div>
               <div type="textpart" subtype="verse" n="280" xml:id="l280">
                  <ab><seg source="#DS"><quote type="lemma">CONTRA QUEM TALIA FATUR EURYALUS</quote>
                        cur cum duobus sit locutus Ascanius, et unus illi respondet, id est
                        Euryalus, et minor? quia Euryalo et familiarius et posterius est locutus,
                        dein quia Euryalus matrem commendare debet.</seg><seg source="#Σ #DS"/></ab>
               </div>
               <div type="textpart" subtype="verse" n="281" xml:id="l281">
                  <ab><seg source="#Σ #DS"><quote type="lemma">ME NVLLA DIES TAM FORTIBVS AVSIS
                              D<supplied reason="lost">ISSIMILEM</supplied> A<supplied reason="lost"
                              >RGVERIT</supplied></quote> ab hoc officio et ab hac audacia accessu
                        temporis inferior non probabor, qualiscumque fortuna comitetur.</seg><seg
                        source="#DS">id est numquam aut tam secunda fortuna acciderit, aut tam
                        adversa, ut me dissimilem mei faciat, hoc est neque secundis intumescam,
                        neque adversis deiciar.</seg><seg source="#Σ #DS"/></ab>
               </div>
               <div type="textpart" subtype="verse" n="282" xml:id="l282">
                  <ab><seg source="#Σ #DS"><quote type="lemma">TANTVM</quote> tantummodo hoc possum
                        de me promittere, ut semper audeam, semper velim fortiter facere: nam hoc
                        est quod dicit <anchor xml:id="anchor-aeneid-9.281-195"
                           corresp="note-aeneid-9.281"/><note type="commentary"
                           xml:id="note-aeneid-9.281-195" target="anchor-aeneid-9.281"><ref
                              target="urn:cts:latinLit:phi0690.phi003:9.281">281</ref></note>
                        <hi rend="italic">tam fortibus ausis dissimilem arguerit.</hi> tantum ergo
                        meum est hoc promittere, sive prospera, sive adversa fortuna comitetur: nam
                           <hi rend="italic">aut</hi> disiunctiva particula est, non negantis
                        adverbium.</seg><seg source="#DS">quidam sic intellegunt: tantummodo fortuna
                        prospera non in contrarium recidat: tamquam nunc in secundis rebus sit cum
                        obsideatur. alii ita putant: me nulla dies dissimilem arguet, sive quae est
                        hodie fortuna permanserit, sive etiam laeta fuerit, id est nec si feliciter
                        mihi, nec si infeliciter cesserit,dissimilis ero huic conatui. et melius
                        legitur sine aspiratione, id est 'aut adversa'.</seg><seg source="#Σ #DS"
                     /></ab>
               </div>
               <div type="textpart" subtype="verse" n="283" xml:id="l283">
                  <ab><seg source="#Σ #DS"><quote type="lemma">SVPER OMNIA DONA</quote> ultra
                        omnia,</seg><seg source="#DS">magis quam omnia; proprie enim 'super' hoc
                        significat: ut sit 'pro omnibus donis'.</seg><seg source="#Σ #DS"/></ab>
               </div>
               <div type="textpart" subtype="verse" n="284" xml:id="l284">
                  <ab><seg source="#Σ #DS"><quote type="lemma">PRIAMI DE GENTE VETVSTA</quote> de
                        familia. et bene eam etiam ex cognatione commendat: nam Ascanius nepos est
                        Priami per Creusam.</seg></ab>
               </div>
               <div type="textpart" subtype="verse" n="285" xml:id="l285">
                  <ab><seg source="#Σ #DS"><quote type="lemma">MISERAM</quote> quae sic inpatienter
                        diligit filium.</seg></ab>
               </div>
               <div type="textpart" subtype="verse" n="286" xml:id="l286">
                  <ab><seg source="#Σ #DS"><quote type="lemma">MECVM EXCEDENTEM</quote> ut <anchor
                           xml:id="anchor-aeneid-6.112-197" corresp="note-aeneid-6.112"/><note
                           type="commentary" xml:id="note-aeneid-6.112-197"
                           target="anchor-aeneid-6.112"><ref
                              target="urn:cts:latinLit:phi0690.phi003:6.112">6.112</ref></note>
                        <hi rend="italic">ille meum comitatus iter</hi>: vult enim intellegi sui
                        causa matrem secutam.</seg></ab>
               </div>
               <div type="textpart" subtype="verse" n="287" xml:id="l287">
                  <ab><seg source="#DS"><quote type="lemma">IGNARAM</quote> hic <hi rend="italic"
                           >ignaram</hi> cui non dixerit.</seg></ab>
                  <ab><seg source="#Σ #DS"><quote type="lemma">QVODCVMQVE PERICLI EST</quote>
                        syllepsis: nam subaudis 'periclum'.</seg></ab>
               </div>
               <div type="textpart" subtype="verse" n="288" xml:id="l288">
                  <ab><seg source="#Σ #DS"><quote type="lemma">INQVE SALVTATAM LINQVO</quote>
                        insalutatam: et est tmesis, ut <anchor xml:id="anchor-aeneid-10.794-199"
                           corresp="note-aeneid-10.794"/><note type="commentary"
                           xml:id="note-aeneid-10.794-199" target="anchor-aeneid-10.794"><ref
                              target="urn:cts:latinLit:phi0690.phi003:10.794">10.794</ref></note>
                        <hi rend="italic">inutilis inque ligatus cedebat.</hi></seg></ab>
               </div>
               <div type="textpart" subtype="verse" n="289" xml:id="l289">
                  <ab><seg source="#Σ #DS"><quote type="lemma">QVOD NEQVEAM LACRIMAS P<supplied
                              reason="lost">ERFERRE</supplied> P<supplied reason="lost"
                              >ARENTIS</supplied></quote> excusat, ne videatur crudelis: unde
                        sequitur matris eius tragicus et miserabilis ille conquestus <anchor
                           xml:id="anchor-aeneid-9.482-201" corresp="note-aeneid-9.482"/><note
                           type="commentary" xml:id="note-aeneid-9.482-201"
                           target="anchor-aeneid-9.482"><ref
                              target="urn:cts:latinLit:phi0690.phi003:9.482">482</ref></note>
                        <hi rend="italic">potuisti linquere solam crudelis</hi> et talia.</seg></ab>
               </div>
               <div type="textpart" subtype="verse" n="290" xml:id="l290">
                  <ab><seg source="#Σ #DS"><quote type="lemma">INOPEM</quote> modo 'auxilii
                        egentem'.</seg></ab>
                  <ab><seg source="#DS"><quote type="lemma">RELICTAE</quote></seg></ab>
                  <ab><seg source="#DS"><quote type="lemma">RELICTAE</quote> aut a me, aut ab
                        hominibus.</seg><seg source="#Σ #DS"/></ab>
               </div>
               <div type="textpart" subtype="verse" n="291" xml:id="l291">
                  <ab><seg source="#DS"><quote type="lemma">AVDENTIOR</quote> ut 'sapientior', ab
                        appellatione non a participio figuratum: Terentius <supplied reason="lost"
                           >in</supplied> Heauton Timorumeno <anchor
                           xml:id="anchor-aeneid-9.645-203" corresp="note-aeneid-9.645"/><note
                           type="commentary" xml:id="note-aeneid-9.645-203"
                           target="anchor-aeneid-9.645"><ref
                              target="urn:cts:latinLit:phi0690.phi003:9.645">645</ref></note> natu
                        gravior, ignoscentior.</seg><seg source="#Σ #DS"/></ab>
               </div>
               <div type="textpart" subtype="verse" n="292" xml:id="l292">
                  <ab><seg source="#Σ #DS"><quote type="lemma">IN CASVS OMNES</quote> ut supra
                           <anchor xml:id="anchor-aeneid-9.282-205" corresp="note-aeneid-9.282"
                           /><note type="commentary" xml:id="note-aeneid-9.282-205"
                           target="anchor-aeneid-9.282"><ref
                              target="urn:cts:latinLit:phi0690.phi003:9.282">282</ref></note>
                        <hi rend="italic">fortuna secunda aut adversa cadat.</hi></seg></ab>
               </div>
               <div type="textpart" subtype="verse" n="293" xml:id="l293">
                  <ab><seg source="#Σ #DS"><quote type="lemma">PVLCHER IVLVS</quote> incongruum
                        epitheton pulchritudinis posuit, cum res sit in hoc loco
                     religionis.</seg></ab>
               </div>
               <div type="textpart" subtype="verse" n="294" xml:id="l294">
                  <ab><seg source="#Σ #DS"><quote type="lemma">STRINXIT PIETATIS IMAGO</quote>
                        praestrinxit, momordit, admonuit. sensus autem est: aut postquam vidit istum
                        sic amare matrem, paternae pietatis virtutem coepit agnoscere; aut certe
                        coepit etiam ipse sic in pietatem moveri ut eius consuerat pater; aut certe
                        exemplo Euryali avidius coepit amare patrem etiam ante dilectum.</seg></ab>
               </div>
               <div type="textpart" subtype="verse" n="298" xml:id="l298">
                  <ab><seg source="#Σ #DS"><quote type="lemma">NEC PARTVM GRATIA TALEM PARVA
                           MANET</quote> debet ab omnibus coli quae talem creavit.</seg><seg
                        source="#DS">non ergo a te tantum, sed per te commendatur.</seg><seg
                        source="#Σ #DS"/></ab>
               </div>
               <div type="textpart" subtype="verse" n="299" xml:id="l299">
                  <ab><seg source="#Σ #DS"><quote type="lemma">CASVS FACTVM QVICVMQVE
                           SEQVETVR</quote> satis congrue: praemia enim non debentur eventui, sed
                        voluntati.</seg><seg source="#DS">hoc est, 'quidquid evenerit, ego praemia
                        dabo'.</seg><seg source="#Σ #DS"/></ab>
               </div>
               <div type="textpart" subtype="verse" n="300" xml:id="l300">
                  <ab><seg source="#Σ #DS"><quote type="lemma">PER QVOD PATER ANTE SOLEBAT</quote>
                        alii volunt ideo <hi rend="italic">ante</hi> quia absens est Aeneas; sed
                        iurare possumus etiam per absentis filii caput. alii ad causam religionis
                        trahunt, quae praecepit ut filii imitentur in omnibus rebus suos parentes:
                        ut nunc quasi imitatio sit iuris iurandi, ut dicat Ascanius 'iuro per caput
                        meum', sicut praesens pater per suum caput iurare consuerat quotiens fidem
                        suam confirmare cupiebat. alii volunt ideo dictum <hi rend="italic"
                           >ante</hi> quia pontificibus per liberos iurare non licebat, sed per deos
                        tantummodo, ut sit <hi rend="italic">ante</hi> antequam pontifex esset
                        Aeneas.</seg><seg source="#DS">ergo ante aut temporis est aut
                        ordinis.</seg><seg source="#Σ #DS"/></ab>
               </div>
               <div type="textpart" subtype="verse" n="301" xml:id="l301">
                  <ab><seg source="#Σ #DS"><quote type="lemma">REDVCI REBVSQVE SECVNDIS</quote> mira
                        arte moratur in prosperis et ea iterat, tacet adversa et magis intellectui
                        et subauditioni relinquit. cum enim non dicat 'si non redieris', ait
                        'matrique tuae generique manebunt'. hoc autem secundum morem Romanorum
                        dicit, apud quos ita praemia decernebantur 'illi liberisque eius' ut
                        darentur liberis quae accipere non potuissent parentes.</seg></ab>
               </div>
               <div type="textpart" subtype="verse" n="304" xml:id="l304">
                  <ab><seg source="#Σ #DS"><quote type="lemma">LYCAON GNOSIVS </quote>Cretensis: et
                        est laus ab artifice. hunc autem gladium Euryalo datum intellegimus: nam
                        Nisus accepit pellem et galeam.</seg></ab>
               </div>
               <div type="textpart" subtype="verse" n="306" xml:id="l306">
                  <ab><seg source="#Σ #DS"><quote type="lemma">PELLEM HORRENTISQVE LEONIS EXVVIAS
                        </quote>τὸ αὐτὸ dixit, hoc est bis idem, ut <anchor
                           xml:id="anchor-aeneid-3.247-206" corresp="note-aeneid-3.247"/><note
                           type="commentary" xml:id="note-aeneid-3.247-206"
                           target="anchor-aeneid-3.247"><ref
                              target="urn:cts:latinLit:phi0690.phi003:3.247">3.247</ref></note>
                        <hi rend="italic">bellum etiam pro caede boum stratisque iuvencis,
                           Laomedontiadae,</hi></seg><seg source="#DS"><hi rend="italic"
                           >bellumne</hi>.</seg><seg source="#Σ #DS"/></ab>
               </div>
               <div type="textpart" subtype="verse" n="307" xml:id="l307">
                  <ab><seg source="#Σ #DS"><quote type="lemma">GALEAM FIDVS PERMVTAT ALETES</quote>
                        aliae enim sunt explorantum, sicut etiam Homerus (Il. 10.257-9)
                        ostendit.</seg><seg source="#DS"><hi rend="italic">permutat</hi> autem
                        conpositum pro simplici.</seg><seg source="#Σ #DS"/></ab>
               </div>
               <div type="textpart" subtype="verse" n="309" xml:id="l309">
                  <ab><seg source="#Σ #DS"><quote type="lemma">PRIMORVM</quote> genetivus hic venit
                        et ab eo quod est 'hic primus, hi primi', et ab eo quod est 'hi primores',
                        sicut 'hi proceres': quorum nominum nominativus singularis non invenitur,
                        licet dicamus 'huius primoris', 'huius proceris'.</seg></ab>
               </div>
               <div type="textpart" subtype="verse" n="310" xml:id="l310">
                  <ab><seg source="#Σ #DS"><quote type="lemma">VOTIS</quote> aut cum votis; aut pro
                        reditu vota facientes.</seg><seg source="#DS">an iuvenumque senumque manus
                        ad portas votis prosequitur? an iuvenum quidem manus ad portas, senum vero
                        votis prosequitur, ut iuvenes quidem illos deduxerint, senes vero optaverint
                        illis reditum?</seg><seg source="#Σ #DS"/></ab>
               </div>
               <div type="textpart" subtype="verse" n="312" xml:id="l312">
                  <ab><seg source="#DS"><quote type="lemma">PORTANDA</quote> nuntianda.</seg><seg
                        source="#Σ #DS"/></ab>
               </div>
               <div type="textpart" subtype="verse" n="313" xml:id="l313">
                  <ab><seg source="#Σ #DS"><quote type="lemma">ET NVBIBVS INRITA DONANT</quote> ut
                        ipse <anchor xml:id="anchor-aeneid-11.795-208" corresp="note-aeneid-11.795"
                           /><note type="commentary" xml:id="note-aeneid-11.795-208"
                           target="anchor-aeneid-11.795"><ref
                              target="urn:cts:latinLit:phi0690.phi003:11.795">11.795</ref></note>
                        <hi rend="italic">partem volucres dispersit in auras.</hi></seg></ab>
               </div>
               <div type="textpart" subtype="verse" n="314" xml:id="l314">
                  <ab><seg source="#DS"><quote type="lemma">SVPERANT</quote>
                        transgrediuntur.</seg><seg source="#Σ #DS"/></ab>
               </div>
               <div type="textpart" subtype="verse" n="315" xml:id="l315">
                  <ab><seg source="#Σ #DS"><quote type="lemma">CASTRA INIMICA</quote> non tantum
                        hostilia, sed et perniciosa; nam cum dolore dictum est <hi rend="italic"
                           >inimica,</hi> unde scilicet redituri non erant, quod ex sequentibus
                        conprobatur: dicendo enim <hi rend="italic">multis tamen ante futuri
                           exitio,</hi></seg><seg source="#DS">id est antequam ipsi
                        perirent,</seg><seg source="#Σ #DS">ostendit perniciosa esse castra quae
                        ipsis mortem fuerant adlatura.</seg><seg source="#DS">et bene cito dictus
                        est exitus, cum castra mortifera dicuntur.</seg><seg source="#Σ #DS"/></ab>
               </div>
               <div type="textpart" subtype="verse" n="317" xml:id="l317">
                  <ab><seg source="#DS"><quote type="lemma">LITORE CVRRVS</quote> quia ante <anchor
                           xml:id="anchor-aeneid-9.238-211" corresp="note-aeneid-9.238"/><note
                           type="commentary" xml:id="note-aeneid-9.238-211"
                           target="anchor-aeneid-9.238"><ref
                              target="urn:cts:latinLit:phi0690.phi003:9.238">238</ref></note>
                        dixerat portae quae proxima ponto: aut aream litori proximam, sicut solet.
                        quidam litore fluminis volunt.</seg><seg source="#Σ #DS"/></ab>
               </div>
               <div type="textpart" subtype="verse" n="319" xml:id="l319">
                  <ab><seg source="#Σ #DS"><quote type="lemma">VINA SIMVL</quote> vasa vini,
                        scilicet in quibus vina ponuntur.</seg></ab>
                  <ab><seg source="#Σ #DS"><quote type="lemma">ORE LOCVTVS</quote> non est
                        perissologia: nam secundum Homerum (cf. Il. 10.502) exploratores quae volunt
                        plerumque nutu plerumque sibilo significant.</seg></ab>
               </div>
               <div type="textpart" subtype="verse" n="320" xml:id="l320">
                  <ab><seg source="#Σ #DS"><quote type="lemma">AVDENDVM DEXTRA</quote> quia audemus
                        et cursu et animo.</seg></ab>
                  <ab><seg source="#DS"><quote type="lemma">NVNC</quote></seg></ab>
                  <ab><seg source="#DS"><quote type="lemma">NVNC IPSA VOCAT RES</quote> id est
                        somnus et vinum.</seg><seg source="#Σ #DS"/></ab>
               </div>
               <div type="textpart" subtype="verse" n="321" xml:id="l321">
                  <ab><seg source="#Σ #DS"><quote type="lemma">HAC ITER EST</quote> per hostium
                        caedem et audaciam nostram.</seg><seg source="#DS"><supplied reason="lost"
                              ><supplied reason="lost">SE</supplied></supplied> ATTOLLERE
                        adsurgere.</seg><seg source="#Σ #DS"/></ab>
               </div>
               <div type="textpart" subtype="verse" n="322" xml:id="l322">
                  <ab><seg source="#DS"><quote type="lemma">CONSVLE</quote> provide.</seg><seg
                        source="#Σ #DS"/></ab>
               </div>
               <div type="textpart" subtype="verse" n="323" xml:id="l323">
                  <ab><seg source="#Σ #DS"><quote type="lemma">HAEC EGO VASTA DABO</quote> de quibus
                        dixit <anchor xml:id="anchor-aeneid-9.317-213" corresp="note-aeneid-9.317"
                           /><note type="commentary" xml:id="note-aeneid-9.317-213"
                           target="anchor-aeneid-9.317"><ref
                              target="urn:cts:latinLit:phi0690.phi003:9.317">317</ref></note>
                        <hi rend="italic">corpora fusa vident.</hi></seg></ab>
               </div>
               <div type="textpart" subtype="verse" n="324" xml:id="l324">
                  <ab><seg source="#DS"><quote type="lemma">VOCEMQVE PREMIT</quote> aut summissa
                        voce loquitur, aut tacet.</seg></ab>
                  <ab><seg source="#DS"><quote type="lemma">SVPERBVM</quote></seg></ab>
                  <ab><seg source="#DS"><quote type="lemma">SVPERBVM</quote> cur <hi rend="italic"
                           >superbum</hi> dixerit enarrat <hi rend="italic">qui forte tapetibus
                           altis</hi>
                        <hi rend="italic">extructus</hi>: superbum enim est et nobile, ut <anchor
                           xml:id="anchor-aeneid-7.630-216" corresp="note-aeneid-7.630"/><note
                           type="commentary" xml:id="note-aeneid-7.630-216"
                           target="anchor-aeneid-7.630"><ref
                              target="urn:cts:latinLit:phi0690.phi003:7.630">7.630</ref></note>
                        <hi rend="italic">Tiburque superbum</hi>. <hi rend="italic">extructus</hi>
                        autem pro extructis tapetibus altus. veteres et mensarum et tori struices
                        appellabant.</seg><seg source="#Σ #DS"/></ab>
               </div>
               <div type="textpart" subtype="verse" n="326" xml:id="l326">
                  <ab><seg source="#DS"><quote type="lemma">TOTO PROFLABAT PECTORE SOMNVM</quote>
                        periphrasi usus est, ne verbo humili stertentem diceret.</seg><seg
                        source="#Σ #DS"/></ab>
               </div>
               <div type="textpart" subtype="verse" n="328" xml:id="l328">
                  <ab><seg source="#Σ #DS"><quote type="lemma">SED NON AVGVRIO POTVIT DEPELLERE
                           PESTEM</quote></seg><seg source="#DS"><hi rend="italic">augurio</hi> hic
                        pro 'scientia augurii'; et</seg><seg source="#Σ #DS">ostendit per transitum
                        fati necessitatem nulla peritia posse depelli. est autem Homericus <anchor
                           xml:id="anchor-Il.2.859-218" corresp="note-Il.2.859"/><note
                           type="commentary" xml:id="note-Il.2.859-218" target="anchor-Il.2.859"
                              ><ref target="MATCHNOTFOUND">Il. 2.859</ref></note> versus.
                     </seg></ab>
               </div>
               <div type="textpart" subtype="verse" n="329" xml:id="l329">
                  <ab><seg source="#Σ #DS"><quote type="lemma">TEMERE </quote>'passim', 'fortuito',
                        'neglegenter'.</seg><seg source="#DS">vel 'humi' vel 'periculose', ut in
                        consuetudine solemus dicere 'temerarios homines'. 'temere' significat et
                        'facile': Plautus <anchor xml:id="anchor-Bac.85-226" corresp="note-Bac.85"
                           /><note type="commentary" xml:id="note-Bac.85-226" target="anchor-Bac.85"
                              ><ref target="Plaut_Bac">Bac. 85</ref></note>
                        <hi rend="italic">magnus est hic fluvius, non hac temere transiri
                           potest</hi>. significat et 'subito': Ennius <anchor
                           xml:id="anchor-Ann.568-227" corresp="note-Ann.568"/><note
                           type="commentary" xml:id="note-Ann.568-227" target="anchor-Ann.568"><ref
                              target="Enn_Ann">Ann. 568</ref></note>
                        <hi rend="italic">quo tam temere itis</hi>. [citat et Catonem Charisius.]
                        significat 'sine causa':Ennius <anchor xml:id="anchor-Ann.507-228"
                           corresp="note-Ann.507"/><note type="commentary" xml:id="note-Ann.507-228"
                           target="anchor-Ann.507"><ref target="Enn_Ann">Ann. 507</ref></note>
                        <hi rend="italic">haud temere est</hi>
                        <hi rend="italic">quod tu tristi cum corde gubernas</hi>.</seg><seg
                        source="#Σ #DS"/></ab>
               </div>
               <div type="textpart" subtype="verse" n="330" xml:id="l330">
                  <ab><seg source="#Σ #DS"><quote type="lemma">PREMIT</quote> opprimit,</seg><seg
                        source="#DS">occidit.</seg></ab>
                  <ab><seg source="#Σ #DS"><quote type="lemma">SVB IPSIS EQVIS</quote> circa
                        ipsos</seg><seg source="#DS">equos.</seg><seg source="#Σ #DS"/></ab>
               </div>
               <div type="textpart" subtype="verse" n="331" xml:id="l331">
                  <ab><seg source="#Σ #DS"><quote type="lemma">PENDENTIA</quote> quasi
                        ebriorum.</seg><seg source="#DS">aut ita iacentium ut colla
                        penderent.</seg><seg source="#Σ #DS"/></ab>
               </div>
               <div type="textpart" subtype="verse" n="333" xml:id="l333">
                  <ab><seg source="#Σ #DS"><quote type="lemma">SINGVLTANTEM</quote> cum singultu
                        animam efflantem.</seg></ab>
                  <ab><seg source="#DS"><quote type="lemma">ATRO</quote></seg></ab>
                  <ab><seg source="#DS"><quote type="lemma">ATRO <supplied reason="lost"
                              >CRVORE</supplied></quote> potest et superioribus adplicari, ut sit
                        intellectus 'sanguine singultantem atro', potest et sequentibus iungi; sed
                        melius sequentibus.</seg><seg source="#Σ #DS"/></ab>
               </div>
               <div type="textpart" subtype="verse" n="335" xml:id="l335">
                  <ab><seg source="#Σ #DS"><quote type="lemma">PLVRIMA LVSERAT</quote> pro
                        'plurimum</seg><seg source="#DS">luserat'; vel per plurimam
                        noctem.</seg><seg source="#Σ #DS"/></ab>
               </div>
               <div type="textpart" subtype="verse" n="337" xml:id="l337">
                  <ab><seg source="#Σ #DS"><quote type="lemma">DEO</quote> vel vino, vel
                        somno.</seg></ab>
                  <ab><seg source="#DS"><quote type="lemma">PROTINVS</quote></seg></ab>
                  <ab><seg source="#DS"><quote type="lemma">PROTINVS</quote> hic 'porro
                        tenus'.</seg><seg source="#Σ #DS"/></ab>
               </div>
               <div type="textpart" subtype="verse" n="339" xml:id="l339">
                  <ab><seg source="#Σ #DS"><quote type="lemma">PER OVILIA TVRBANS</quote> perturbans
                        ovilia: nam tmesis est.</seg></ab>
               </div>
               <div type="textpart" subtype="verse" n="341" xml:id="l341">
                  <ab><seg source="#Σ #DS"><quote type="lemma">MVTVMQVE METV</quote> scilicet pecus;
                        nam male quidam accipiunt <hi rend="italic">mu</hi><supplied reason="lost"
                              ><hi rend="italic">l</hi></supplied><hi rend="italic">tum fremit</hi>
                        de leone: quod si dixeris, vacat <hi rend="italic">metu.</hi></seg></ab>
               </div>
               <div type="textpart" subtype="verse" n="342" xml:id="l342">
                  <ab><seg source="#Σ #DS"><quote type="lemma">INCENSVS ET IPSE PERFVRIT</quote>
                        exemplo Nisi.</seg></ab>
               </div>
               <div type="textpart" subtype="verse" n="343" xml:id="l343">
                  <ab><seg source="#Σ #DS"><quote type="lemma">SINE NOMINE PLEBEM</quote> bene
                        expressit et bellatoris peritiam et tironis inconsideratam aviditatem; nam
                        Nisus reges interimit, Euryalus saevit in plebem: Sallustius <anchor
                           xml:id="anchor-H.5.12-229" corresp="note-H.5.12"/><note type="commentary"
                           xml:id="note-H.5.12-229" target="anchor-H.5.12"><ref
                              target="MATCHNOTFOUND">H. 5.12</ref></note>
                        <hi rend="italic">ex insolentia avidius male faciendi. sine nomine</hi>
                        autem dixit 'sine gloria', quorum per humilitatem non sunt omnibus nota
                        nomina.</seg><seg source="#DS">atqui subiecit nomina; nam ait <hi
                           rend="italic">Fadumque Herbesumque subit</hi>: ergo aut 'sine dignitate
                        et nobilitate', aut seorsum plebem dicit et seorsum nobiles, quorum nomina
                        inseruit.</seg><seg source="#Σ #DS"/></ab>
               </div>
               <div type="textpart" subtype="verse" n="345" xml:id="l345">
                  <ab><seg source="#Σ #DS"><quote type="lemma">RHOETVM VIGILANTEM</quote> hoc loco
                        non tantum Rhoeti timor, sed et Nisi audacia conprobatur.</seg><seg
                        source="#DS"><supplied reason="lost"><supplied reason="lost">RHOETVM
                              VIGILANTEM . . . TEGEBAT</supplied></supplied> hoc est, qui in tantum
                        potando vigilaverat ut metuens post magnum cratera se tegeret.</seg><seg
                        source="#Σ #DS"/></ab>
               </div>
               <div type="textpart" subtype="verse" n="348" xml:id="l348">
                  <ab><seg source="#Σ #DS"><quote type="lemma">ET MVLTA MORTE RECEPIT
                           PVRPVREVM</quote> multi hic distinguunt, ut sit sensus talis: eduxit
                        gladium multo cruore purpureum. alii 'multa morte recepit', ut sit: eduxit
                        gladium cum multo cruore, et sic inferunt 'purpuream vomit ille animam'
                        secundum eos qui animam sanguinem dicunt.</seg></ab>
                  <ab><seg source="#Σ #DS"><quote type="lemma">RECEPIT</quote> eduxit, ut <anchor
                           xml:id="anchor-aeneid-10.383-230" corresp="note-aeneid-10.383"/><note
                           type="commentary" xml:id="note-aeneid-10.383-230"
                           target="anchor-aeneid-10.383"><ref
                              target="urn:cts:latinLit:phi0690.phi003:10.383">10.383</ref></note>
                        <hi rend="italic">hastamque receptat ossibus haerentem.</hi></seg><seg
                        source="#DS">vel secundum Homerum <anchor xml:id="anchor-Il.5.83-235"
                           corresp="note-Il.5.83"/><note type="commentary" xml:id="note-Il.5.83-235"
                           target="anchor-Il.5.83"><ref target="MATCHNOTFOUND">Il. 5.83</ref></note>
                        ἔλλαβε πορφύρεοσ θανατὸς καὶ μοῖρα κραταιή. Cornutus <anchor
                           xml:id="anchor-fr.31-236" corresp="note-fr.31"/><note type="commentary"
                           xml:id="note-fr.31-236" target="anchor-fr.31"><ref target="MATCHNOTFOUND"
                              >fr. 31</ref></note> 'nocte' legit et adnotavit: <hi rend="italic"
                           >utrum 'nocte' pro 'morte',</hi>
                        <hi rend="italic">an 'cum multa nox esset'?</hi></seg><seg source="#Σ #DS"
                     /></ab>
               </div>
               <div type="textpart" subtype="verse" n="350" xml:id="l350">
                  <ab><seg source="#Σ #DS"><quote type="lemma">VINA REFERT</quote> proprie, quae
                        paulo ante potaverat.</seg><seg source="#DS"><hi rend="italic">refert</hi>
                        autem 'reicit'; Graeci, ut ille, dicunt ἀναφέρει.</seg></ab>
                  <ab><seg source="#Σ #DS"><quote type="lemma">HIC FVRTO FERVIDVS INSTAT</quote>
                        scilicet Euryalus, qui</seg><choice>
                        <seg source="#DS">furebat</seg>
                        <seg source="#Σ">saeviebat</seg>
                     </choice><seg source="#Σ #DS">latenter, ut sit <hi rend="italic">furto</hi>
                        nocturno proelio: nam fures ideo dicti sunt quod furvo (id est nigro)
                        tempore furta committunt; aut re vera 'furto fervidus', quia Messapi galeam
                        sustulit <supplied reason="lost">et</supplied> Rhamnetis phaleras.
                     </seg></ab>
               </div>
               <div type="textpart" subtype="verse" n="352" xml:id="l352">
                  <ab><seg source="#DS"><quote type="lemma">DEFICERE EXTREMVM</quote> utrum 'ignem
                        extremum' an'deficere extremum'?</seg></ab>
                  <ab><seg source="#Σ #DS"><quote type="lemma">RELIGATOS</quote> non</seg><choice>
                        <seg source="#DS">resolutos,</seg>
                        <seg source="#Σ">solutos,</seg>
                     </choice><seg source="#Σ #DS">sed diligenter ligatos: unde addidit <hi
                           rend="italic">r</hi><supplied reason="lost"><hi rend="italic"
                           >it</hi></supplied><hi rend="italic">e,</hi> id est ex militari
                        consuetudine optime ligatos.</seg></ab>
                  <ab><seg source="#DS"><quote type="lemma">RITE</quote></seg></ab>
                  <ab><seg source="#DS"><quote type="lemma">RITE</quote> ex more.</seg><seg
                        source="#Σ #DS"/></ab>
               </div>
               <div type="textpart" subtype="verse" n="354" xml:id="l354">
                  <ab><seg source="#DS"><quote type="lemma">SENSIT ENIM</quote>
                     parenthesis.</seg></ab>
                  <ab><seg source="#DS"><quote type="lemma">NIMIA</quote></seg></ab>
                  <ab><seg source="#DS"><quote type="lemma">NIMIA CAEDE</quote> deest
                     'illum'.</seg></ab>
                  <ab><seg source="#DS"><quote type="lemma">FERRI</quote></seg></ab>
                  <ab><seg source="#DS"><quote type="lemma">FERRI </quote>φέρεσθαι.</seg><seg
                        source="#Σ #DS"/></ab>
               </div>
               <div type="textpart" subtype="verse" n="355" xml:id="l355">
                  <ab><seg source="#Σ #DS"><quote type="lemma">LVX INIMICA</quote>
                     proditrix.</seg></ab>
               </div>
               <div type="textpart" subtype="verse" n="356" xml:id="l356">
                  <ab><seg source="#Σ #DS"><quote type="lemma">POENARVM EXHAVSTVM SATIS EST</quote>
                        bene <hi rend="italic">exhaustum,</hi> ut ostendat eos avidos caedis fuisse
                        et cruoris hostilis.</seg></ab>
                  <ab><seg source="#Σ #DS"><quote type="lemma">VIA FACTA PER HOSTES</quote> ut
                           <anchor xml:id="anchor-aeneid-9.323-238" corresp="note-aeneid-9.323"
                           /><note type="commentary" xml:id="note-aeneid-9.323-238"
                           target="anchor-aeneid-9.323"><ref
                              target="urn:cts:latinLit:phi0690.phi003:9.323">323</ref></note>
                        <hi rend="italic">haec ego vasta dabo et lato te limite
                     ducam.</hi></seg></ab>
               </div>
               <div type="textpart" subtype="verse" n="357" xml:id="l357">
                  <ab><seg source="#DS"><quote type="lemma">MVLTA VIRVM <supplied reason="lost">. .
                              . TAPETAS</supplied></quote> mire artum tempus expressit quo necesse
                        erat haec omittere.</seg><seg source="#Σ #DS"/></ab>
               </div>
               <div type="textpart" subtype="verse" n="358" xml:id="l358">
                  <ab><seg source="#DS"><quote type="lemma">PVLCHROSQVE TAPETAS</quote> secundum
                        Graecos per masculinum genus.</seg><seg source="#Σ #DS"/></ab>
               </div>
               <div type="textpart" subtype="verse" n="359" xml:id="l359">
                  <ab><seg source="#Σ #DS"><quote type="lemma">EVRYALVS PHALERAS RHAMNETIS ET
                              A<supplied reason="lost">VREA</supplied> B<supplied reason="lost"
                              >VLLIS</supplied> C<supplied reason="lost">INGVLA</supplied>
                           <surplus>TIBVRTI</surplus></quote> phalerae ornamenta equorum sunt. et
                        est sermo Graecus:</seg><seg source="#DS"><anchor
                           xml:id="anchor-Il.16.106-239" corresp="note-Il.16.106"/><note
                           type="commentary" xml:id="note-Il.16.106-239" target="anchor-Il.16.106"
                              ><ref target="MATCHNOTFOUND">Il. 16.106</ref></note> κὰπ φάλαρ'
                        εὐποίητα.</seg><seg source="#Σ #DS"><hi rend="italic">cingulum</hi> autem
                        hominum generis neutri est. nam animalium genere feminino dicimus 'has
                        cingulas'. </seg></ab>
               </div>
               <div type="textpart" subtype="verse" n="360" xml:id="l360">
                  <ab><seg source="#Σ #DS"><quote type="lemma">TIBVRTI REMVLO DITISSIMVS OLIM QVAE
                              M<supplied reason="lost">ITTIT</supplied> D<supplied reason="lost"
                              >ONA</supplied></quote> consuetudo erat apud maiores ut inter se
                        homines hospitii iura mutuis muneribus copularent, vel in praesenti vel per
                        internuntios. sensus ergo nunc talis est: Caedicus quidam Tiburti Remulo,
                        cum eum sibi absens hospitio vellet adiungere, misit phaleras et cingula,
                        bullis aureis, hoc est clavis, insignita. Remulus moriens nepoti suo
                        cognomini haec reliquit, qui postea victus a Rutulis est et occisus; post
                        cuius mortem apud Rhamnetem Rutulum ab Euryalo haec reperta sunt munera.
                        quod autem dixit <hi rend="italic">Tiburti Remulo,</hi> aut 'Tiburtino'
                        intellegamus, hoc est de Tibure, ut sit dativus ab appellativo veniens hic
                        Tiburs; aut 'Tiburti', hoc est filio Tiburti ab eo quod est hic Tiburtus,
                        huius Tiburti, ut sit <hi rend="italic">Tiburti Remulo</hi> sicut <anchor
                           xml:id="anchor-aeneid-6.36-241" corresp="note-aeneid-6.36"/><note
                           type="commentary" xml:id="note-aeneid-6.36-241"
                           target="anchor-aeneid-6.36"><ref
                              target="urn:cts:latinLit:phi0690.phi003:6.36">6.36</ref></note>
                        <hi rend="italic">Deiphobe Glauci.</hi></seg></ab>
               </div>
               <div type="textpart" subtype="verse" n="361" xml:id="l361">
                  <ab><seg source="#DS"><quote type="lemma">CVM IVNGERET ABSENS</quote> aut cum se
                        illi iungeret, aut cum iungeretur.</seg><seg source="#Σ #DS"/></ab>
               </div>
               <div type="textpart" subtype="verse" n="362" xml:id="l362">
                  <ab><seg source="#Σ #DS"><quote type="lemma">SVO MORIENS DAT HABERE
                        NEPOTI</quote></seg><seg source="#DS">nepoti</seg><seg source="#Σ #DS"
                        >Remulo, quem supra <anchor xml:id="anchor-aeneid-9.360-243"
                           corresp="note-aeneid-9.360"/><note type="commentary"
                           xml:id="note-aeneid-9.360-243" target="anchor-aeneid-9.360"><ref
                              target="urn:cts:latinLit:phi0690.phi003:9.360">360</ref></note> avo
                        cognominem diximus. nam quotiens aperte non ponitur nomen filii vel nepotis,
                        cognominem eum esse intellegimus avo vel patri, quorum nomen aperte positum
                        invenimus; et econtra si filii vel nepotis positum nomen fuerit,
                        praetermissum autem parentum, cognomines eos esse intellegamus necesse est.
                     </seg></ab>
               </div>
               <div type="textpart" subtype="verse" n="363" xml:id="l363">
                  <ab><seg source="#Σ #DS"><quote type="lemma">POST MORTEM</quote> scilicet Remuli,
                        secundum supra dictum sensum. nam Donatus dicit (Verg. p. 96) <hi
                           rend="italic">post mortem Nisi et Euryali bello potiti sunt Rutuli</hi> ;
                        quod non procedit, si diligenter advertas. sane sciendum locum hunc esse
                        unum de XIII Vergilii sive per naturam obscuris, sive insolubilibus, sive
                        emendandis, sive sic relictis ut a nobis per historiae antiquae ignorantiam
                        liquide non intellegantur.</seg></ab>
               </div>
               <div type="textpart" subtype="verse" n="364" xml:id="l364">
                  <ab><seg source="#Σ #DS"><quote type="lemma">NEQVIQVAM</quote> non fruiturus. et
                        est 'nequiquam aptat', non 'nequiquam fortibus'.</seg></ab>
               </div>
               <div type="textpart" subtype="verse" n="365" xml:id="l365">
                  <ab><seg source="#Σ #DS"><quote type="lemma">GALEAM MESSAPI</quote> non occisi
                        Messapi abstulit galeam (nam dimicaturus est paulo post), sed invenit
                        iacentem et sustulit.</seg></ab>
                  <ab><seg source="#Σ #DS"><quote type="lemma">CRISTISQVE DECORAM</quote> bene
                        praemittit dicens <hi rend="italic">decoram</hi>; nam eius splendore
                        prodente Euryalus capitur.</seg><seg source="#DS">denique Nisus hac ratione
                        non proditur, cui habenti inferiorem galeam, habiliorem galeam Aletes
                        permutavit.</seg><seg source="#Σ #DS"/></ab>
               </div>
               <div type="textpart" subtype="verse" n="366" xml:id="l366">
                  <ab><seg source="#Σ #DS"><quote type="lemma">EXCEDVNT CASTRIS </quote>Rutulorum
                        scilicet: nam supra dixit <anchor xml:id="anchor-aeneid-9.315-245"
                           corresp="note-aeneid-9.315"/><note type="commentary"
                           xml:id="note-aeneid-9.315-245" target="anchor-aeneid-9.315"><ref
                              target="urn:cts:latinLit:phi0690.phi003:9.315">315</ref></note>
                        <hi rend="italic">castra inimica petunt.</hi></seg></ab>
               </div>
               <div type="textpart" subtype="verse" n="367" xml:id="l367">
                  <ab><seg source="#DS"><quote type="lemma">PRAEMISSI EQVITES</quote> hos neque alio
                        loco a Turno missos usquam dixit,nec prius de eis mentionem fecit. dubitatur
                        ergo a quo sint vel quibus praemissi, vel cur praemissi, cum eos constet
                        aliis iam in campo positis advenire.</seg></ab>
                  <ab><seg source="#Σ #DS"><quote type="lemma">VRBE LATINA</quote> non est
                        contrarium illi loco ubi ait <anchor xml:id="anchor-aeneid-7.600-247"
                           corresp="note-aeneid-7.600"/><note type="commentary"
                           xml:id="note-aeneid-7.600-247" target="anchor-aeneid-7.600"><ref
                              target="urn:cts:latinLit:phi0690.phi003:7.600">7.600</ref></note>
                        <hi rend="italic">saepsit se tectis rerumque reliquit habenas,</hi> quod
                        modo a Latina urbe auxilia venire commemorat: intellegimus enim Latinum in
                        principio discordiae et tumultus paululum se abstinuisse, postea tamen nec
                        suorum copias nec propria denegasse consilia; nam eum et coetui et
                        foederibus interfuisse dicturus est.</seg></ab>
               </div>
               <div type="textpart" subtype="verse" n="368" xml:id="l368">
                  <ab><seg source="#Σ #DS"><quote type="lemma">LEGIO CAMPIS INSTRVCTA
                           MORATVR</quote> proprie; nam legiones peditum sunt, turmae vero
                        equitum.</seg></ab>
               </div>
               <div type="textpart" subtype="verse" n="369" xml:id="l369">
                  <ab><seg source="#DS"><quote type="lemma">TVRNO REGI</quote> in omnibus bonis
                        'regis' dicitur inventum: nam quasi absurdum est, duobus positis, Turnum
                        potius quam Latinum responsa dare.</seg><seg source="#Σ #DS"/></ab>
               </div>
               <div type="textpart" subtype="verse" n="370" xml:id="l370">
                  <ab><seg source="#Σ #DS"><quote type="lemma">TERCENTVM</quote> quia Romani equites
                        primo trecenti fuerunt; de singulis enim curiis deni dabantur, quas triginta
                        fuisse diximus <anchor xml:id="anchor-aeneid-8.638-248"
                           corresp="note-aeneid-8.638"/><note type="commentary"
                           xml:id="note-aeneid-8.638-248" target="anchor-aeneid-8.638"><ref
                              target="urn:cts:latinLit:phi0690.phi003:8.638"
                        >8.638</ref></note>.</seg><seg source="#DS">an <hi rend="italic"
                           >tercentum</hi> ut <anchor xml:id="anchor-Il.7.161-249"
                           corresp="note-Il.7.161"/><note type="commentary"
                           xml:id="note-Il.7.161-249" target="anchor-Il.7.161"><ref
                              target="MATCHNOTFOUND">Il. 7.161</ref></note> οἳ δ' ἐννέα πάντες
                        ἀνέσταν?</seg></ab>
                  <ab><seg source="#Σ #DS"><quote type="lemma">SCVTATI OMNES</quote></seg><seg
                        source="#DS">armati: a parte totum.</seg><seg source="#Σ #DS">non clipeati;
                        nam clipei peditum sunt, scuta equitum.</seg></ab>
                  <ab><seg source="#Σ #DS"><quote type="lemma">VOLCENTE MAGISTRO</quote> proprie:
                        nam magister equitum dicitur</seg><seg source="#DS">more Romano qui
                        dictatori adiungi solet.</seg><seg source="#Σ #DS"/></ab>
               </div>
               <div type="textpart" subtype="verse" n="371" xml:id="l371">
                  <ab><choice>
                        <seg source="#DS"><quote type="lemma">MVRO[<surplus>S</surplus>]QVE
                              SVBIBANT</quote> muro Troianorum. et est locutio de Cicerone (Div.
                           Caec. 46): <hi rend="italic">poterisne eius orationi</hi>
                           <hi rend="italic">subire?</hi></seg>
                        <seg source="#Σ"><quote type="lemma">MVRO </quote>Troianorum.</seg>
                     </choice><seg source="#Σ #DS"/></ab>
               </div>
               <div type="textpart" subtype="verse" n="372" xml:id="l372">
                  <ab><seg source="#Σ #DS"><quote type="lemma">LAEVO FLECTENTIS LIMITE</quote>
                        respiciens situm regionis locutus est.</seg></ab>
               </div>
               <div type="textpart" subtype="verse" n="373" xml:id="l373">
                  <ab><seg source="#Σ #DS"><quote type="lemma">SVBLVSTRI NOCTIS IN VMBRA</quote>
                        sublustris nox est habens aliquid lucis: Horatius (C. 3.27, 31) <hi
                           rend="italic">nocte sublustri nihil astra praeter vidit et
                        undas.</hi></seg></ab>
               </div>
               <div type="textpart" subtype="verse" n="374" xml:id="l374">
                  <ab><seg source="#DS"><quote type="lemma">INMEMOREM</quote> amentem, ut <anchor
                           xml:id="anchor-aeneid-2.244-251" corresp="note-aeneid-2.244"/><note
                           type="commentary" xml:id="note-aeneid-2.244-251"
                           target="anchor-aeneid-2.244"><ref
                              target="urn:cts:latinLit:phi0690.phi003:2.244">2.244</ref></note>
                        instamus tamen inmemores; vel incuriosum, vel incautum.</seg></ab>
                  <ab><seg source="#Σ #DS"><quote type="lemma">RADIIS</quote> lunaribus</seg><seg
                        source="#DS">intellegendum.</seg><seg source="#Σ #DS"/></ab>
               </div>
               <div type="textpart" subtype="verse" n="375" xml:id="l375">
                  <ab><seg source="#Σ #DS"><quote type="lemma">HAVD TEMERE</quote> particula haec
                        modo 'non sine causa' significat, alias 'fortuito', alias 'male', alias
                        'inprovide',</seg><seg source="#DS">alias 'passim', ut <anchor
                           xml:id="anchor-aeneid-9.329-253" corresp="note-aeneid-9.329"/><note
                           type="commentary" xml:id="note-aeneid-9.329-253"
                           target="anchor-aeneid-9.329"><ref
                              target="urn:cts:latinLit:phi0690.phi003:9.329">329</ref></note>
                        <hi rend="italic">temere inter lora iacentes</hi>, alias 'facile': Plautus
                           <anchor xml:id="anchor-Bac.85-254" corresp="note-Bac.85"/><note
                           type="commentary" xml:id="note-Bac.85-254" target="anchor-Bac.85"><ref
                              target="MATCHNOTFOUND">Bac.85</ref></note>
                        <hi rend="italic">rapidus fluvius est hic, non hac temere transiri
                           potest</hi>:</seg><seg source="#Σ #DS">quae pro loco</seg><seg
                        source="#DS">accipiuntur et</seg><seg source="#Σ #DS"
                        >intelleguntur.</seg><seg source="#DS"><surplus>pro</surplus> adverbium sane
                        qualitatis relatum est.</seg><seg source="#Σ #DS"/></ab>
               </div>
               <div type="textpart" subtype="verse" n="377" xml:id="l377">
                  <ab><seg source="#Σ #DS"><quote type="lemma">NIHIL ILLI TENDERE CONTRA</quote> hoc
                        est, 'nihil contra responderunt': nam 'tendo contra sermonem tuum' est
                        'respondeo tibi', 'tendo contra iter tuum' est 'occurro tibi': ergo 'nihil
                        contra tendebant', id est 'nihil respondebant
                        <surplus>econtra</surplus>'.</seg></ab>
               </div>
               <div type="textpart" subtype="verse" n="379" xml:id="l379">
                  <ab><seg source="#Σ #DS"><quote type="lemma">AD DIVORTIA</quote></seg><seg
                        source="#DS">viae in diversa tendentes, hoc est</seg><seg source="#Σ #DS">ad
                        deverticula viae militaris: Terentius <anchor xml:id="anchor-Eu.635-256"
                           corresp="note-Eu.635"/><note type="commentary" xml:id="note-Eu.635-256"
                           target="anchor-Eu.635"><ref target="MATCHNOTFOUND">Eu. 635</ref></note>
                        <hi rend="italic">ubi ad ipsum veni deverticulum.</hi> deverticula autem
                        sunt semitae transversae, quae sunt a latere viae militaris. </seg></ab>
               </div>
               <div type="textpart" subtype="verse" n="380" xml:id="l380">
                  <ab><seg source="#Σ #DS"><quote type="lemma">ADITVM CORONANT</quote> melior est
                        lectio 'abitum' quam 'aditum': cingunt enim silvam ne abeant, non ne adire
                        possint.</seg></ab>
               </div>
               <div type="textpart" subtype="verse" n="383" xml:id="l383">
                  <ab><seg source="#Σ #DS"><quote type="lemma">DVCEBAT SEMITA CALLIS</quote> legitur
                        et 'lucebat': quod si est, <hi rend="italic">rara</hi> pro 'raro'
                        accipiendum, ut sit 'raro lucebat', herbis scilicet in aliquibus locis
                        intervenientibus: si 'ducebat', intellegimus inter calles pecorum raram
                        fuisse semitam, hoc est hominum viam.</seg><seg source="#DS">et non ostendit
                        quo ducebat; sed intellegamus 'euntes'.</seg><seg source="#Σ #DS"/></ab>
               </div>
               <div type="textpart" subtype="verse" n="385" xml:id="l385">
                  <ab><seg source="#Σ #DS"><quote type="lemma">EVRYALVM IMPEDIVNT </quote>'impedio
                        te' dicimus per accusativum, et casus mutari non potest nisi deseras verbum,
                        ut dicas 'impedimento mihi es'. sciendum sane multas conferri in Euryalum
                        excusationes.</seg></ab>
                  <ab><seg source="#DS"><quote type="lemma">REGIONE</quote></seg></ab>
                  <ab><seg source="#DS"><quote type="lemma">REGIONE VIARVM</quote> regionem hic
                        rectum iter dixit, ab eo quod regat tramitem.</seg><seg source="#Σ #DS"
                     /></ab>
               </div>
               <div type="textpart" subtype="verse" n="386" xml:id="l386">
                  <ab><seg source="#Σ #DS"><quote type="lemma">NISVS ABIT</quote> bene meminit
                        velocitatis, quam ei in quinto dedit, ut <anchor
                           xml:id="anchor-aeneid-9.318-257" corresp="note-aeneid-9.318"/><note
                           type="commentary" xml:id="note-aeneid-9.318-257"
                           target="anchor-aeneid-9.318"><ref
                              target="urn:cts:latinLit:phi0690.phi003:9.318">318</ref></note>
                        <hi rend="italic">primus abit longeque ante omnia corpora Nisus
                        emicat.</hi></seg></ab>
                  <ab><seg source="#Σ #DS"><quote type="lemma">INPRVDENS</quote> scilicet remanentis
                        Euryali.</seg><seg source="#DS">aut inprudens se evasisse; alii inprudens
                        'valde prudens' accipiunt.</seg><seg source="#Σ #DS"/></ab>
               </div>
               <div type="textpart" subtype="verse" n="387" xml:id="l387">
                  <ab><seg source="#Σ #DS"><quote type="lemma">ALBAE DE NOMINE</quote> vel porcae,
                        vel civitatis, vel regis Albani, cui successit Procas.</seg></ab>
               </div>
               <div type="textpart" subtype="verse" n="390" xml:id="l390">
                  <ab><seg source="#Σ #DS"><quote type="lemma">INFELIX QVA TE REGIONE
                           RELIQVI</quote> se infelicem dicit qui dolet, non illum propter quem
                        dolet.</seg></ab>
               </div>
               <div type="textpart" subtype="verse" n="391" xml:id="l391">
                  <ab><seg source="#Σ #DS"><quote type="lemma">ITER OMNE REVOLVENS FALLACIS
                           SILVAE</quote></seg><choice>
                        <seg source="#DS">quidam</seg>
                        <seg source="#Σ">Vrbanus</seg>
                     </choice><seg source="#Σ #DS">huc usque verba Nisi vult esse, alii poetae dant
                           <hi rend="italic">rursus perplexum iter omne revolvens</hi></seg><seg
                        source="#DS"><hi rend="italic">fallacis silvae</hi>, ut Nisus usque <hi
                           rend="italic">quave sequar</hi> dixisse videatur.</seg><seg
                        source="#Σ #DS"/></ab>
               </div>
               <div type="textpart" subtype="verse" n="393" xml:id="l393">
                  <ab><seg source="#DS"><quote type="lemma">OBSERVATA</quote> id est
                        observans.</seg></ab>
                  <ab><seg source="#DS"><quote type="lemma">SILENTIBVS</quote></seg></ab>
                  <ab><seg source="#DS"><quote type="lemma">SILENTIBVS</quote> pro 'ipse silens';
                        aut silentibus, <supplied reason="lost">ut</supplied>
                        <anchor xml:id="anchor-aeneid-4.525-259" corresp="note-aeneid-4.525"/><note
                           type="commentary" xml:id="note-aeneid-4.525-259"
                           target="anchor-aeneid-4.525"><ref
                              target="urn:cts:latinLit:phi0690.phi003:4.525">4.525</ref></note>
                        <hi rend="italic">cum tacet</hi>
                        <hi rend="italic">omnis ager</hi>.</seg><seg source="#Σ #DS"/></ab>
               </div>
               <div type="textpart" subtype="verse" n="394" xml:id="l394">
                  <ab><seg source="#Σ #DS"><quote type="lemma">SIGNA SEQVENTVM</quote> militarem
                        sonum dicit, qui varius est: nam interdum canit, ut insequantur eos qui
                        fugiunt, interdum receptui.</seg></ab>
               </div>
               <div type="textpart" subtype="verse" n="395" xml:id="l395">
                  <ab><seg source="#Σ #DS"><quote type="lemma">NEC LONGVM IN MEDIO TEMPVS</quote>
                        inter auditum sonum et visum Euryalum.</seg><seg source="#DS">et est
                        ellipsis.</seg><seg source="#Σ #DS"/></ab>
               </div>
               <div type="textpart" subtype="verse" n="397" xml:id="l397">
                  <ab><seg source="#DS"><quote type="lemma">FRAVDE LOCI ET NOCTIS </quote><hi
                           rend="italic">fraude loci</hi> difficultate loci; <hi rend="italic"
                           >noctis</hi> pro tenebris, et obscuritatem fraudem appellat; quidam
                        'noctis subito turbante tumultu' legunt, ut sit <hi rend="italic">noctis
                           tumultu</hi> 'nocturno'. tumultu explorantium dicit.</seg><seg
                        source="#Σ #DS"/></ab>
               </div>
               <div type="textpart" subtype="verse" n="398" xml:id="l398">
                  <ab><seg source="#Σ #DS"><quote type="lemma">OPPRESSVM RAPIT </quote>'quem iam
                        manus omnis rapit'; nam male quidam 'videt rapi' accipiunt: quod si
                        admiseris, vacat 'quem iam manus omnis'.</seg></ab>
               </div>
               <div type="textpart" subtype="verse" n="399" xml:id="l399">
                  <ab><seg source="#DS"><quote type="lemma">QVID FACIAT</quote> mire adfectum suum
                        poeta interposuit.</seg><seg source="#Σ #DS"/></ab>
               </div>
               <div type="textpart" subtype="verse" n="400" xml:id="l400">
                  <ab><seg source="#DS"><quote type="lemma">IN HOSTES</quote> quidam 'in enses'
                        legunt et melius hoc putant, quam 'in hostes'.</seg><seg source="#Σ #DS"
                     /></ab>
               </div>
               <div type="textpart" subtype="verse" n="401" xml:id="l401">
                  <ab><choice>
                        <seg source="#DS"><quote type="lemma">PVLCHRAM MORTEM</quote></seg>
                        <seg source="#Σ"><quote type="lemma">PVLCHRAM P<supplied reason="lost"
                                 >ROPERET</supplied> P<supplied reason="lost">ER</supplied>
                                 V<supplied reason="lost">VLNERA</supplied></quote></seg>
                     </choice></ab>
                  <ab><seg source="#DS"><quote type="lemma">MORTEM</quote></seg></ab>
                  <ab><seg source="#DS"><quote type="lemma">MORTEM</quote></seg><seg source="#Σ #DS"
                        >gloriosum enim est pro amico</seg><choice>
                        <seg source="#DS">deficere.</seg>
                        <seg source="#Σ">perire.</seg>
                     </choice><seg source="#Σ #DS">et <hi rend="italic">pulchram</hi> ex persona
                        poetae dictum est.</seg><seg source="#DS">vel certe <hi rend="italic"
                           >pulchram</hi> ad eum qui hoc putat.</seg></ab>
                  <ab><seg source="#DS"><quote type="lemma">PROPERET</quote></seg></ab>
                  <ab><seg source="#DS"><quote type="lemma">PROPERET MORTEM</quote> aut deest
                        'adire', aut deest 'ad', ut sit 'ad mortem properet'; aut certe antique <hi
                           rend="italic">properet mortem</hi>, ut Plautus (Inc. fr. 44) <hi
                           rend="italic">properate prandium</hi>, Ennius <anchor
                           xml:id="anchor-trag.196-260" corresp="note-trag.196"/><note
                           type="commentary" xml:id="note-trag.196-260" target="anchor-trag.196"
                              ><ref target="MATCHNOTFOUND">trag. 196</ref></note>
                        <hi rend="italic">festivum festinant diem</hi>.</seg><seg source="#Σ #DS"
                     /></ab>
               </div>
               <div type="textpart" subtype="verse" n="402" xml:id="l402">
                  <ab><seg source="#DS"><quote type="lemma">OCIVS</quote> pro 'ociter'.</seg><seg
                        source="#Σ #DS"/></ab>
               </div>
               <div type="textpart" subtype="verse" n="404" xml:id="l404">
                  <ab><seg source="#Σ #DS"><quote type="lemma">TV PRAESENS N<supplied reason="lost"
                              >OSTRO</supplied> S<supplied reason="lost">VCCVRRE</supplied>
                              L<supplied reason="lost">ABORI</supplied></quote> non dicit 'quae
                        praesens es' sed 'praesens succurre', id est 'ilico', 'statim'.</seg><seg
                        source="#DS">et <supplied reason="lost">est</supplied> consuetudinis eius,
                        ut de vicino et proximo ducat oportunas invocationes: <anchor
                           xml:id="anchor-aeneid-12.777-267" corresp="note-aeneid-12.777"/><note
                           type="commentary" xml:id="note-aeneid-12.777-267"
                           target="anchor-aeneid-12.777"><ref
                              target="urn:cts:latinLit:phi0690.phi003:12.777">12.777</ref></note>
                           '<hi rend="italic">Faune, precor, misere</hi><supplied reason="lost"><hi
                              rend="italic">re</hi></supplied>' <hi rend="italic">inquit</hi>: et
                           <anchor xml:id="anchor-aeneid-3.34-268" corresp="note-aeneid-3.34"/><note
                           type="commentary" xml:id="note-aeneid-3.34-268"
                           target="anchor-aeneid-3.34"><ref
                              target="urn:cts:latinLit:phi0690.phi003:3.34">3.34</ref></note>
                        <hi rend="italic">nymphas venerabar agrestes Gradivumque patrem</hi>
                        <supplied reason="lost"><hi rend="italic">Geticis qui</hi>
                           <hi rend="italic">praesidet arvis</hi></supplied>. et in repetitione tu
                        dea, tu praesens maior emphasis videtur.</seg><seg source="#Σ #DS"/></ab>
               </div>
               <div type="textpart" subtype="verse" n="406" xml:id="l406">
                  <ab><seg source="#Σ #DS"><quote type="lemma">SI QVA </quote><hi rend="italic"
                           >qua</hi> vacat et hic et in sequenti.</seg></ab>
               </div>
               <div type="textpart" subtype="verse" n="408" xml:id="l408">
                  <ab><seg source="#Σ #DS"><quote type="lemma">SVSPENDIVE THOLO</quote> tholus
                        proprie est veluti scutum breve quod in medio tecto est, in quo trabes
                        coeunt: ad quod dona suspendi consueverant.</seg><seg source="#DS">quae tam
                        diu dona dici poterant quam diu non profana fierent, sicut in libris
                        sacrorum refertur.</seg><seg source="#Σ #DS">bene autem venatorem inducit
                        numen invocare silvarum.</seg><seg source="#DS">alii tholum aedium sacrarum
                        dicunt genus fabricae, <supplied reason="lost">ut</supplied> Vestae et
                        Panthei est. alii tectum sine parietibus columnis subnixum. aedes autem
                        rotundas tribus dis dicunt fieri debere, Vestae, Dianae, vel Herculi vel
                        Mercurio.</seg><seg source="#Σ #DS"/></ab>
               </div>
               <div type="textpart" subtype="verse" n="409" xml:id="l409">
                  <ab><seg source="#Σ #DS"><quote type="lemma">TVRBARE GLOBVM</quote> sana petitio:
                        nam quia tot vincere inpossibile fuerat, petit ut saltem eos perturbet
                        telorum beneficio.</seg></ab>
                  <ab><seg source="#Σ #DS"><quote type="lemma">REGE TELA PER AVRAS</quote> per
                        noctem, in qua sine auxilio numinis recti iactus esse non
                     possunt.</seg></ab>
               </div>
               <div type="textpart" subtype="verse" n="410" xml:id="l410">
                  <ab><seg source="#Σ #DS"><quote type="lemma">FERRVM CONICIT. HASTA V<supplied
                              reason="lost">OLANS</supplied></quote> de ferro ad hastam
                        transiit.</seg></ab>
               </div>
               <div type="textpart" subtype="verse" n="411" xml:id="l411">
                  <ab><seg source="#Σ #DS"><quote type="lemma">CONICIT</quote> pro 'coicit': nam
                        'conicit' antiquum est.</seg></ab>
               </div>
               <div type="textpart" subtype="verse" n="412" xml:id="l412">
                  <ab><seg source="#Σ #DS"><quote type="lemma">ADVERSI IN TERGVM SVLMONIS IBIQVE
                           FRANGITVR </quote><hi rend="italic">tergum</hi> pro 'tergus' dixit:
                        Sallustius <anchor xml:id="anchor-H.4.30-269" corresp="note-H.4.30"/><note
                           type="commentary" xml:id="note-H.4.30-269" target="anchor-H.4.30"><ref
                              target="MATCHNOTFOUND">H.4.30</ref></note>
                        <hi rend="italic">tergis vinciebant</hi> pro 'tergoribus'. ut intellegamus
                        hastam in scutum venisse et illic esse conlisam (ut <hi rend="italic"
                           >frangitur</hi> sit 'conliditur') fissoque scuti ligno etiam praecordia
                        penetrasse. aliter non procedit; nam si hastam re vera fractam accipiamus,
                        ratione caret quod dicit <hi rend="italic">fisso transit praecordia
                           ligno.</hi> alii re vera in tergum volunt esse percussum: quod falsum
                        est; nam quo modo ante fissum lignum est et sic praecordia penetrata?
                        sciendum tamen locum hunc unum esse de his quos</seg><choice>
                        <seg source="#DS">supra <anchor xml:id="anchor-aeneid-9.363-270"
                              corresp="note-aeneid-9.363"/><note type="commentary"
                              xml:id="note-aeneid-9.363-270" target="anchor-aeneid-9.363"><ref
                                 target="urn:cts:latinLit:phi0690.phi003:9.363">363</ref></note>
                           insolubiles dictum est.</seg>
                        <seg source="#Σ">diximus supra <anchor xml:id="anchor-aeneid-9.363-271"
                              corresp="note-aeneid-9.363"/><note type="commentary"
                              xml:id="note-aeneid-9.363-271" target="anchor-aeneid-9.363"><ref
                                 target="urn:cts:latinLit:phi0690.phi003:9.363"
                           >363</ref></note>.</seg>
                     </choice><seg source="#Σ #DS"/></ab>
               </div>
               <div type="textpart" subtype="verse" n="413" xml:id="l413">
                  <ab><seg source="#DS"><quote type="lemma">LIGNO</quote> quidam humiliter dictum
                        accipiunt.</seg><seg source="#Σ #DS"/></ab>
               </div>
               <div type="textpart" subtype="verse" n="416" xml:id="l416">
                  <ab><seg source="#Σ #DS"><quote type="lemma">HOC ACRIOR IDEM</quote> quod latuerat
                        et quod ei primus prospere cesserat iactus.</seg></ab>
               </div>
               <div type="textpart" subtype="verse" n="417" xml:id="l417">
                  <ab><seg source="#Σ #DS"><quote type="lemma">TELVM LIBRABAT AB AVRE</quote> gestus
                        iaculantis exprimitur:</seg><seg source="#DS">duobus autem generibus
                        manualia tela mittuntur;</seg><seg source="#Σ #DS">aut enim ab aure aut a
                        latere tela iaciuntur. </seg></ab>
               </div>
               <div type="textpart" subtype="verse" n="418" xml:id="l418">
                  <ab><seg source="#Σ #DS"><quote type="lemma">PER TEMPVS VTRVMQVE</quote> congrue
                        dicit telum per tempus utrumque transisse; ait enim <anchor
                           xml:id="anchor-aeneid-9.416-278" corresp="note-aeneid-9.416"/><note
                           type="commentary" xml:id="note-aeneid-9.416-278"
                           target="anchor-aeneid-9.416"><ref
                              target="urn:cts:latinLit:phi0690.phi003:9.416">416</ref></note>
                        <hi rend="italic">diversi circumspiciunt,</hi> hoc est, 'huc et illuc ora
                        circumferunt', per quam oportunitatem potuit telum tempus utrumque transire.
                        Asper tamen dicit <anchor xml:id="anchor-fr.45-279" corresp="note-fr.45"
                           /><note type="commentary" xml:id="note-fr.45-279" target="anchor-fr.45"
                              ><ref target="MATCHNOTFOUND">fr. 45</ref></note>
                        <hi rend="italic">PER TEMPVS VTRUMQVE hoc est 'inter tempus utrumque', ut
                           econtra</hi>
                        <anchor xml:id="anchor-aeneid-7.30-280" corresp="note-aeneid-7.30"/><note
                           type="commentary" xml:id="note-aeneid-7.30-280"
                           target="anchor-aeneid-7.30"><ref
                              target="urn:cts:latinLit:phi0690.phi003:7.30">7.30</ref></note>
                        <hi rend="italic">'hunc inter fluvio Tiberinus amoeno', id est 'per
                           hunc'.</hi> quod si est, intellegamus eum in fronte esse
                        vulneratum.</seg></ab>
               </div>
               <div type="textpart" subtype="verse" n="419" xml:id="l419">
                  <ab><seg source="#Σ #DS"><quote type="lemma">TEPEFACTA CEREBRO</quote> alibi
                           <anchor xml:id="anchor-aeneid-9.701-282" corresp="note-aeneid-9.701"
                           /><note type="commentary" xml:id="note-aeneid-9.701-282"
                           target="anchor-aeneid-9.701"><ref
                              target="urn:cts:latinLit:phi0690.phi003:9.701">701</ref></note>
                        <hi rend="italic">et fixo ferrum in pulmone tepescit.</hi></seg></ab>
               </div>
               <div type="textpart" subtype="verse" n="422" xml:id="l422">
                  <ab><seg source="#Σ #DS"><quote type="lemma">INTEREA</quote> donec ille
                        invenitur.</seg></ab>
                  <ab><seg source="#DS"><quote type="lemma">CALIDO</quote></seg></ab>
                  <ab><seg source="#DS"><quote type="lemma">CALIDO MIHI SANGVINE POENAS
                        </quote>Ennius in primo <anchor xml:id="anchor-Ann.95-284"
                           corresp="note-Ann.95"/><note type="commentary" xml:id="note-Ann.95-284"
                           target="anchor-Ann.95"><ref target="Enn_Ann">Ann. 95</ref></note>
                        <hi rend="italic">nam mi</hi>
                        <hi rend="italic">calido dabis sanguine poenas</hi>.</seg><seg
                        source="#Σ #DS"/></ab>
               </div>
               <div type="textpart" subtype="verse" n="423" xml:id="l423">
                  <ab><seg source="#Σ #DS"><quote type="lemma">PERSOLVES AMBORVM</quote> aut
                        occisorum, aut tuas et Nisi; nam duos eos fuisse novit: supra enim ait
                           <anchor xml:id="anchor-aeneid-9.376-286" corresp="note-aeneid-9.376"
                           /><note type="commentary" xml:id="note-aeneid-9.376-286"
                           target="anchor-aeneid-9.376"><ref
                              target="urn:cts:latinLit:phi0690.phi003:9.376">376</ref></note>
                        <hi rend="italic">state viri.</hi></seg></ab>
               </div>
               <div type="textpart" subtype="verse" n="426" xml:id="l426">
                  <ab><seg source="#DS"><quote type="lemma">AMPLIVS </quote>'de cetero', 'posthac';
                        interdum et quantitatem significat, ut Terentius <anchor
                           xml:id="anchor-An.31-287" corresp="note-An.31"/><note type="commentary"
                           xml:id="note-An.31-287" target="anchor-An.31"><ref target="MATCHNOTFOUND"
                              >An. 31</ref></note>
                        <hi rend="italic">quod tibi mea ars efficere hoc possit
                     amplius</hi>.</seg></ab>
                  <ab><seg source="#DS"><quote type="lemma">TANTVM</quote></seg></ab>
                  <ab><seg source="#DS"><quote type="lemma">TANTVM POTVIT</quote> hoc quamvis ad
                        animum Nisi pertineat, tamen sympathiam etiam poeta ex sua persona
                        fecit.</seg><seg source="#Σ #DS"/></ab>
               </div>
               <div type="textpart" subtype="verse" n="427" xml:id="l427">
                  <ab><seg source="#Σ #DS"><quote type="lemma">ME ME</quote> subaudis 'interficite':
                        et est interrupta elocutio dolore turbati.</seg></ab>
               </div>
               <div type="textpart" subtype="verse" n="429" xml:id="l429">
                  <ab><seg source="#Σ #DS"><quote type="lemma">NEC POTVIT</quote> validior
                        argumentatio ex inpossibilitate, ut <anchor xml:id="anchor-aeneid-1.232-290"
                           corresp="note-aeneid-1.232"/><note type="commentary"
                           xml:id="note-aeneid-1.232-290" target="anchor-aeneid-1.232"><ref
                              target="urn:cts:latinLit:phi0690.phi003:1.232">1.232</ref></note>
                        <hi rend="italic">quid Troes potuere?</hi> item <anchor
                           xml:id="anchor-aeneid-1.529-291" corresp="note-aeneid-1.529"/><note
                           type="commentary" xml:id="note-aeneid-1.529-291"
                           target="anchor-aeneid-1.529"><ref
                              target="urn:cts:latinLit:phi0690.phi003:1.529">1.529</ref></note>
                        <hi rend="italic">non ea vis animo, nec tanta s</hi><supplied reason="lost"
                              ><hi rend="italic">uperbia</hi></supplied>
                        <hi rend="italic">v</hi><supplied reason="lost"><hi rend="italic"
                           >ictis</hi></supplied><hi rend="italic">.</hi></seg></ab>
               </div>
               <div type="textpart" subtype="verse" n="430" xml:id="l430">
                  <ab><seg source="#Σ #DS"><quote type="lemma">TANTVM INFELICEM NIMIVM D<supplied
                              reason="lost">ILEXIT</supplied> A<supplied reason="lost"
                              >MICVM</supplied></quote> contra illud 'cur ergo venit?' dicit 'tantum
                        amicum dilexit, ut, cum nihil posset, tamen veniret'.</seg></ab>
               </div>
               <div type="textpart" subtype="verse" n="433" xml:id="l433">
                  <ab><seg source="#Σ #DS"><quote type="lemma">VOLVITVR EVRYALVS LETO</quote> aut
                        septimus est, aut dativus; sed si dativus fuerit, figuratum est, id est 'in
                        letum', ut <anchor xml:id="anchor-aeneid-5.451-293"
                           corresp="note-aeneid-5.451"/><note type="commentary"
                           xml:id="note-aeneid-5.451-293" target="anchor-aeneid-5.451"><ref
                              target="urn:cts:latinLit:phi0690.phi003:5.451">5.451</ref></note>
                        <hi rend="italic">it clamor caelo.</hi></seg></ab>
               </div>
               <div type="textpart" subtype="verse" n="435" xml:id="l435">
                  <ab><seg source="#Σ #DS"><quote type="lemma">PVRPVREVS VELVTI CVM FLOS S<supplied
                              reason="lost">VCCISVS</supplied> A<supplied reason="lost"
                              >RATRO</supplied></quote> habetur ratio comparationis: videtur enim
                        Euryalo Hyacinthum comparare, qui pulcherrimus fuit et post mortem conversus
                        in florem est.</seg></ab>
               </div>
               <div type="textpart" subtype="verse" n="436" xml:id="l436">
                  <ab><seg source="#DS"><quote type="lemma">LANGVESCIT MORIENS</quote> duplex
                        similitudo et pulchritudinis et gestus.</seg></ab>
                  <ab><seg source="#Σ #DS"><quote type="lemma">LASSOVE PAPAVERA COLLO DEMISERE CAPVT
                        </quote>Homeri est et comparatio et figura (Il. 8.306-8); nam et ille sic
                        ait ut multorum unum diceret caput.</seg></ab>
               </div>
               <div type="textpart" subtype="verse" n="438" xml:id="l438">
                  <ab><seg source="#DS"><quote type="lemma">SOLVMQVE PER OMNES</quote> an per
                        obstantes an protegentes?</seg><seg source="#Σ #DS"/></ab>
               </div>
               <div type="textpart" subtype="verse" n="439" xml:id="l439">
                  <ab><seg source="#Σ #DS"><quote type="lemma">VOLCENTEM PETIT</quote> adpetit:
                        petitiones enim proprie dicimus impetus gladiatorum, unde Cicero <anchor
                           xml:id="anchor-Cat.1.15-294" corresp="note-Cat.1.15"/><note
                           type="commentary" xml:id="note-Cat.1.15-294" target="anchor-Cat.1.15"
                              ><ref target="MATCHNOTFOUND">Cat. 1.15</ref></note>
                        <hi rend="italic">quot ego tuas petitiones, ita coniectas ut vitari nullo
                           modo possent, parva quadam declinatione et, ut aiunt, corpore
                           e</hi><supplied reason="lost"><hi rend="italic">ffugi</hi></supplied><hi
                           rend="italic">.</hi></seg></ab>
                  <ab><seg source="#DS"><quote type="lemma">MORATVR</quote></seg></ab>
                  <ab><seg source="#DS"><quote type="lemma">MORATVR</quote> perseverat.</seg><seg
                        source="#Σ #DS"/></ab>
               </div>
               <div type="textpart" subtype="verse" n="441" xml:id="l441">
                  <ab><seg source="#Σ #DS"><quote type="lemma">PROTVRBANT</quote></seg><seg
                        source="#DS">modo</seg><seg source="#Σ #DS">confodiunt, unde paulo post
                           <anchor xml:id="anchor-aeneid-9.445-295" corresp="note-aeneid-9.445"
                           /><note type="commentary" xml:id="note-aeneid-9.445-295"
                           target="anchor-aeneid-9.445"><ref
                              target="urn:cts:latinLit:phi0690.phi003:9.445">445</ref></note>
                        <hi rend="italic">confossus.</hi></seg></ab>
                  <ab><seg source="#Σ #DS"><quote type="lemma">NON SETIVS</quote> non segnius,
                        quamquam vulneratus.</seg></ab>
               </div>
               <div type="textpart" subtype="verse" n="442" xml:id="l442">
                  <ab><seg source="#Σ #DS"><quote type="lemma">IN ORE CONDIDIT ADVERSO</quote>
                        archaismos est, ut supra <anchor xml:id="anchor-aeneid-9.347-297"
                           corresp="note-aeneid-9.347"/><note type="commentary"
                           xml:id="note-aeneid-9.347-297" target="anchor-aeneid-9.347"><ref
                              target="urn:cts:latinLit:phi0690.phi003:9.347">347</ref></note>
                        <hi rend="italic">pectore in adverso totum cui comminus ensem
                        condidit.</hi></seg></ab>
               </div>
               <div type="textpart" subtype="verse" n="445" xml:id="l445">
                  <ab><seg source="#Σ #DS"><quote type="lemma">PLACIDAQVE IBI DEMVM M<supplied
                              reason="lost">ORTE</supplied> Q<supplied reason="lost"
                              >VIEVIT</supplied></quote> aut proprium est mortis epitheton: aut ex
                        adfectu pereuntis dictum est, qui cum amico moriebatur.</seg></ab>
               </div>
               <div type="textpart" subtype="verse" n="446" xml:id="l446">
                  <ab><seg source="#DS"><quote type="lemma">FORTVNATI AMBO</quote> prosphonesis est.
                        mire horum mortem non luctu aut misericordia, sed felicitatis testimonio
                        prosequitur.</seg></ab>
                  <ab><seg source="#Σ #DS"><quote type="lemma">SI QVID MEA CARMINA POSSVNT</quote>
                        verecunde.</seg></ab>
               </div>
               <div type="textpart" subtype="verse" n="448" xml:id="l448">
                  <ab><seg source="#Σ #DS"><quote type="lemma">DOMVS</quote> familia.</seg></ab>
                  <ab><seg source="#Σ #DS"><quote type="lemma">CAPITOLI INMOBILE SAXVM
                           ACCOLET</quote> in urbe Roma Iovis templum non fuit. quod cum iam devotum
                        a Prisco Tarquinio vellet Superbus Tarquinius aedificare, coepit auguriis
                        captare qui mons huic templo esset aptissimus. et cum in omnibus Tarpeius
                        esset inventus, in quo erant multa diversorum numinum sacella, actum est ut
                        exinde ad alia templa numina evocarentur sacrificiis, quo posset libere et
                        sine piaculo templum Iovis exaedificare. cumque omnes di libenter
                        migrassent, Terminus solus, hoc est limitum deus, discedere noluit, sed
                        illic remansit. tunc de hoc ipso sacrificatum est, et deprehensum quod
                        Terminus cum Iove remanens aeternum urbi imperium cum religione
                        significaret; unde in Capitoli pronao pars tecti patet, quae lapidem ipsum
                        Termini spectat; nam Termino non nisi sub divo sacrificabatur. hinc ergo
                        nunc dixit <hi rend="italic">Capitoli inmobile saxum accolet,</hi> quia
                        Terminus non est revulsus de loco.</seg></ab>
               </div>
               <div type="textpart" subtype="verse" n="450" xml:id="l450">
                  <ab><seg source="#Σ #DS"><quote type="lemma">PRAEDA RVTVLI SPOLIISQVE
                           POTITI</quote> non solum suis armis eos exuerunt, sed etiam illa praeda
                        quae Rutulis fuerat ante detracta.</seg></ab>
               </div>
               <div type="textpart" subtype="verse" n="452" xml:id="l452">
                  <ab><seg source="#DS"><quote type="lemma">NEC MINOR IN CASTRIS LVCTVS</quote>
                        decens repetitio.</seg><seg source="#Σ #DS"/></ab>
               </div>
               <div type="textpart" subtype="verse" n="454" xml:id="l454">
                  <ab><seg source="#Σ #DS"><quote type="lemma">SERRANOQVE NVMAQVE</quote> decima
                        antapodosis, quae fit quotiens commemorantur ea quae non sunt ante
                        praedicta:</seg><seg source="#DS">neque <supplied reason="lost"
                           >enim</supplied> Numam induxit occisum.</seg><seg source="#Σ #DS"/></ab>
               </div>
               <div type="textpart" subtype="verse" n="455" xml:id="l455">
                  <ab><seg source="#Σ #DS"><quote type="lemma">TEPIDAQVE RECENTEM CAEDE
                           LOCVM</quote> hypallage est: 'tepidum locum recenti caede'; unde multi
                        legunt 'tepidumque recenti caede locum'.</seg></ab>
               </div>
               <div type="textpart" subtype="verse" n="456" xml:id="l456">
                  <ab><seg source="#Σ #DS"><quote type="lemma">SPVMANTES SANGVINE RIVOS</quote>
                        spumas tunc habet sanguis cum effunditur, nam postea conquiescit; unde bene
                        dixit <hi rend="italic">spumantes rivos,</hi> quia praemisit <hi
                           rend="italic">seminecesque viros.</hi></seg></ab>
               </div>
               <div type="textpart" subtype="verse" n="459" xml:id="l459">
                  <ab><seg source="#DS"><quote type="lemma">ET IAM PRIMA NOVO <supplied
                              reason="lost">SPARGEBAT LVMINE TERRAS</supplied>
                        </quote>Lucretianum est <anchor xml:id="anchor-aeneid-2.144-298"
                           corresp="note-aeneid-2.144"/><note type="commentary"
                           xml:id="note-aeneid-2.144-298" target="anchor-aeneid-2.144"><ref
                              target="urn:cts:latinLit:phi0690.phi003:2.144">2.144</ref></note>. et
                        bene descripturus caedes et bella morose diem oriri facit.</seg><seg
                        source="#Σ #DS"/></ab>
               </div>
               <div type="textpart" subtype="verse" n="461" xml:id="l461">
                  <ab><seg source="#Σ #DS"><quote type="lemma">IAM REBVS LVCE RETECTIS</quote> supra
                           <anchor xml:id="anchor-aeneid-6.272-300" corresp="note-aeneid-6.272"
                           /><note type="commentary" xml:id="note-aeneid-6.272-300"
                           target="anchor-aeneid-6.272"><ref
                              target="urn:cts:latinLit:phi0690.phi003:6.272">6.272</ref></note>
                        <hi rend="italic">et rebus nox abstulit atra colorem.</hi></seg></ab>
               </div>
               <div type="textpart" subtype="verse" n="463" xml:id="l463">
                  <ab><seg source="#Σ #DS"><quote type="lemma">COGIT QVISQVE SVOS</quote> scilicet
                        comites; nam plenum est <hi rend="italic">aeratasque acies.</hi></seg></ab>
               </div>
               <div type="textpart" subtype="verse" n="464" xml:id="l464">
                  <ab><seg source="#Σ #DS"><quote type="lemma">ACVVNT RVMORIBVS IRAS</quote> quia
                        duo ausi sunt per eorum castra transire.</seg></ab>
               </div>
               <div type="textpart" subtype="verse" n="467" xml:id="l467">
                  <ab><seg source="#Σ #DS"><quote type="lemma">EVRYALI ET NISI</quote> volunt
                        nonnulli clamorem esse militum; sed melius hoc a poeta dictum accipimus (nam
                        Rutuli eorum non noverant nomina), ut sit 'quin etiam capita Euryali et Nisi
                        praefigunt in arrectis hastis et cum magno clamore comitantur'.</seg></ab>
               </div>
               <div type="textpart" subtype="verse" n="468" xml:id="l468">
                  <ab><seg source="#DS"><quote type="lemma">MVRORVM IN PARTE SINISTRA</quote> aliud
                        agens situm castrorum ostendit praeterea et prooeconomia est, quia postea
                        castris per fluvium Turnus evadit.</seg><seg source="#Σ #DS"/></ab>
               </div>
               <div type="textpart" subtype="verse" n="469" xml:id="l469">
                  <ab><seg source="#Σ #DS"><quote type="lemma">CINGITVR AMNI </quote>'amne' debuit
                        dicere: numquam enim bene in 'i' exeunt nisi quae communis sunt generis, ut
                        'docilis' 'agilis'; sed ideo ausus est ita ponere ablativum quia, ut supra
                           <anchor xml:id="anchor-aeneid-9.124-302" corresp="note-aeneid-9.124"
                           /><note type="commentary" xml:id="note-aeneid-9.124-302"
                           target="anchor-aeneid-9.124"><ref
                              target="urn:cts:latinLit:phi0690.phi003:9.124">124</ref></note>
                        diximus, apud maiores 'hic' et 'haec amnis' dicebatur.</seg></ab>
               </div>
               <div type="textpart" subtype="verse" n="470" xml:id="l470">
                  <ab><seg source="#Σ #DS"><quote type="lemma">TENENT FOSSAS</quote> tuentur,
                        defendunt.</seg></ab>
               </div>
               <div type="textpart" subtype="verse" n="472" xml:id="l472">
                  <ab><seg source="#Σ #DS"><quote type="lemma">NOTA NIMIS MISERIS</quote> hoc plus
                        commovebantur quia etiam abscisi vultus necdum agnitionis amiserant
                        notas.</seg></ab>
               </div>
               <div type="textpart" subtype="verse" n="473" xml:id="l473">
                  <ab><seg source="#DS"><quote type="lemma">PENNATA</quote> quidam volunt ideo hic
                        Famam pennatam a poeta inductam quia tumultum et res adversas nuntiet, ut
                        illud tangere videretur quod qui bellum nuntiaret pennatas litteras
                        diceretur adferre.</seg><seg source="#Σ #DS"/></ab>
               </div>
               <div type="textpart" subtype="verse" n="475" xml:id="l475">
                  <ab><seg source="#DS"><quote type="lemma">SVBITVS MISERAE</quote> potest pro
                        'subitus miserae', vel pro 'subito miserae'; ergo et genetivus potest
                        esse.</seg><seg source="#Σ #DS"/></ab>
               </div>
               <div type="textpart" subtype="verse" n="476" xml:id="l476">
                  <ab><seg source="#Σ #DS"><quote type="lemma">EXCVSSI MANIBVS RADII</quote> bene
                           <hi rend="italic">excussi,</hi> quasi nescienti: <supplied reason="lost"
                           >melius</supplied> quam si diceret 'proiecti'.</seg></ab>
               </div>
               <div type="textpart" subtype="verse" n="477" xml:id="l477">
                  <ab><seg source="#Σ #DS"><quote type="lemma">FEMINEO VLVLATV</quote> inpatienti,
                        ut <anchor xml:id="anchor-aeneid-11.782-304" corresp="note-aeneid-11.782"
                           /><note type="commentary" xml:id="note-aeneid-11.782-304"
                           target="anchor-aeneid-11.782"><ref
                              target="urn:cts:latinLit:phi0690.phi003:11.782">11.782</ref></note>
                        <hi rend="italic">femineo praedae et spoliorum ardebat
                     amore.</hi></seg></ab>
               </div>
               <div type="textpart" subtype="verse" n="479" xml:id="l479">
                  <ab><seg source="#Σ #DS"><quote type="lemma">PRIMA PETIT</quote> ideo <hi
                           rend="italic">prima</hi> quia solent in extrema necessitate etiam
                        mulieres muros ascendere, ut <anchor xml:id="anchor-aeneid-11.891-305"
                           corresp="note-aeneid-11.891"/><note type="commentary"
                           xml:id="note-aeneid-11.891-305" target="anchor-aeneid-11.891"><ref
                              target="urn:cts:latinLit:phi0690.phi003:11.891">11.891</ref></note>
                        <hi rend="italic">ipsae de muris matres.</hi></seg></ab>
                  <ab><seg source="#Σ #DS"><quote type="lemma">NON ILLA VIRVM NON ILLA
                           PERICILI</quote> unum pudoris est, aliud salutis.</seg></ab>
               </div>
               <div type="textpart" subtype="verse" n="480" xml:id="l480">
                  <ab><seg source="#DS"><quote type="lemma">TELORVMQVE MEMOR</quote> hanc
                        inpatientiam matris Euryali illo loco poeta praemisit cum eam Euryalus nec
                        profectionem suam ad requirendum Aenean scire significat et tantopere
                        commendat Ascanio: nam et Nisus propter illam dicit nolle Euryalum sibi
                        comitem iungere quod sciret, si quid quid ei accidisset, intolerabiliter eam
                        laturam.</seg><seg source="#Σ #DS"/></ab>
               </div>
               <div type="textpart" subtype="verse" n="481" xml:id="l481">
                  <ab><seg source="#Σ #DS"><quote type="lemma">HVNC</quote> talem. et est conquestio
                        matris Euryali plena artis rhetoricae: nam paene omnes partes habet de
                        misericordia commovenda a Cicerone in rhetoricis positas.</seg><choice>
                        <seg source="#DS">ergo <hi rend="italic">hunc te aspicio</hi></seg>
                        <seg source="#Σ"><quote type="lemma">HVNC TE ASPICIO</quote></seg>
                     </choice><seg source="#Σ #DS">a qualitate caedis. </seg></ab>
               </div>
               <div type="textpart" subtype="verse" n="482" xml:id="l482">
                  <ab><seg source="#Σ #DS"><quote type="lemma">SERA MEAE REQVIES </quote>Euander
                           <anchor xml:id="anchor-aeneid-8.581-306" corresp="note-aeneid-8.581"
                           /><note type="commentary" xml:id="note-aeneid-8.581-306"
                           target="anchor-aeneid-8.581"><ref
                              target="urn:cts:latinLit:phi0690.phi003:8.581">8.581</ref></note>
                        <hi rend="italic">mea sera et sola voluptas.</hi></seg><seg source="#DS">et
                           <hi rend="italic">requies</hi> hic pro solacio.</seg></ab>
                  <ab><seg source="#Σ #DS"><quote type="lemma">POTVISTI LINQVERE SOLAM</quote> ab
                        intercepto solacio.</seg></ab>
               </div>
               <div type="textpart" subtype="verse" n="483" xml:id="l483">
                  <ab><seg source="#Σ #DS"><quote type="lemma">CRVDELIS</quote> qui potuisti
                        linquere, cum pius esses.</seg></ab>
                  <ab><seg source="#DS"><quote type="lemma">SVB</quote></seg></ab>
                  <ab><seg source="#DS"><quote type="lemma">SVB TANTA PERICVLA </quote><hi
                           rend="italic">sub</hi> pro 'in', ut <anchor
                           xml:id="anchor-aeneid-1.453-308" corresp="note-aeneid-1.453"/><note
                           type="commentary" xml:id="note-aeneid-1.453-308"
                           target="anchor-aeneid-1.453"><ref
                              target="urn:cts:latinLit:phi0690.phi003:1.453">1.453</ref></note>
                        <hi rend="italic">namque sub ingenti</hi>
                        <hi rend="italic">lustrat dum singula templo</hi>.</seg><seg source="#Σ #DS"
                     /></ab>
               </div>
               <div type="textpart" subtype="verse" n="484" xml:id="l484">
                  <ab><seg source="#Σ #DS"><quote type="lemma">ADFARI EXTREMIS </quote>Anchises
                           <anchor xml:id="anchor-aeneid-2.644-310" corresp="note-aeneid-2.644"
                           /><note type="commentary" xml:id="note-aeneid-2.644-310"
                           target="anchor-aeneid-2.644"><ref
                              target="urn:cts:latinLit:phi0690.phi003:2.644">2.644</ref></note>
                        <hi rend="italic">sic o sic positum adfati discedite corpus,</hi> Terentius
                           <anchor xml:id="anchor-Ph.549-311" corresp="note-Ph.549"/><note
                           type="commentary" xml:id="note-Ph.549-311" target="anchor-Ph.549"><ref
                              target="MATCHNOTFOUND">Ph. 549</ref></note>
                        <hi rend="italic">quin igitur, dum licet, loquimini mecum,
                        Antipho?</hi></seg></ab>
                  <ab><seg source="#DS"><quote type="lemma">MATRI</quote></seg></ab>
                  <ab><seg source="#DS"><quote type="lemma">MATRI</quote> melius <hi rend="italic"
                           >matri</hi> quam si dixisset 'mihi'.</seg><seg source="#Σ #DS"/></ab>
               </div>
               <div type="textpart" subtype="verse" n="485" xml:id="l485">
                  <ab><seg source="#DS"><quote type="lemma">LATINIS</quote> id est
                        Latinorum.</seg><seg source="#Σ #DS"/></ab>
               </div>
               <div type="textpart" subtype="verse" n="486" xml:id="l486">
                  <ab><seg source="#Σ #DS"><quote type="lemma">NEC TE TVA FVNERA MATER</quote> id
                        est 'funerea': nam apud maiores funeras dicebant eas ad quas funus pertinet,
                        ut sororem, matrem: nam praeficae, ut et supra <anchor
                           xml:id="anchor-aeneid-6.216-312" corresp="note-aeneid-6.216"/><note
                           type="commentary" xml:id="note-aeneid-6.216-312"
                           target="anchor-aeneid-6.216"><ref
                              target="urn:cts:latinLit:phi0690.phi003:6.216">6.216</ref></note>
                        diximus, sunt planctus principes, non doloris. funeras autem dicebant quasi
                        funereas, ad quas pertinet funus.</seg><seg source="#DS">vel derivavit
                        veteres secutus, ut funeram pro funesta diceret, ut homo scelerus sicuti
                        scelestus vel scelerosus dicebatur: Plautus in Pseudulo <anchor
                           xml:id="anchor-aeneid-9.817-315" corresp="note-aeneid-9.817"/><note
                           type="commentary" xml:id="note-aeneid-9.817-315"
                           target="anchor-aeneid-9.817"><ref
                              target="urn:cts:latinLit:phi0690.phi003:9.817">817</ref></note>
                        <hi rend="italic">ter</hi>i<hi rend="italic">tur sinapis scelera</hi>, in
                        eadem <anchor xml:id="anchor-aeneid-9.1054-316" corresp="note-aeneid-9.1054"
                           /><note type="commentary" xml:id="note-aeneid-9.1054-316"
                           target="anchor-aeneid-9.1054"><ref
                              target="urn:cts:latinLit:phi0690.phi003:9.1054">1054</ref></note>
                        <hi rend="italic">nunc iube venire</hi>
                        <hi rend="italic">Pseudulum, scelerum caput</hi>, id est
                        scelestum.</seg><seg source="#Σ #DS"/></ab>
               </div>
               <div type="textpart" subtype="verse" n="487" xml:id="l487">
                  <ab><seg source="#DS"><quote type="lemma">AVT VVLNERA LAVI </quote>Romana
                        consuetudo fuit ut mortui lavarentur, ideoque hos qui hoc officium inplebant
                        pollinctores appellatos dicunt,qui mortuis os polline oblinebant, ne livor
                        appareret extincti.</seg><seg source="#Σ #DS"/></ab>
               </div>
               <div type="textpart" subtype="verse" n="488" xml:id="l488">
                  <ab><seg source="#DS"><quote type="lemma">FESTINA</quote> pro 'festinans', nomen
                        pro participio: vel a verbo derivatum, ut ab eo quod est 'festino'
                        'festinus' dicatur, ut hic <hi rend="italic">festina</hi> quomodo superius
                           <hi rend="italic">funera</hi>: Sallustius in secundo (H. Inc. 2) <hi
                           rend="italic">cohortes</hi>
                        <hi rend="italic">festinas conposuerat</hi>: ut ipse ab eo quod 'propero'
                           <anchor xml:id="anchor-aeneid-12.85-319" corresp="note-aeneid-12.85"
                           /><note type="commentary" xml:id="note-aeneid-12.85-319"
                           target="anchor-aeneid-12.85"><ref
                              target="urn:cts:latinLit:phi0690.phi003:12.85">12.85</ref></note>
                        <hi rend="italic">circumstant</hi>
                        <hi rend="italic">properi aurigae</hi>, ut sit nominativus 'hic properus'.
                        et bene <hi rend="italic">festina</hi>. nam ait superius <anchor
                           xml:id="anchor-aeneid-9.476-320" corresp="note-aeneid-9.476"/><note
                           type="commentary" xml:id="note-aeneid-9.476-320"
                           target="anchor-aeneid-9.476"><ref
                              target="urn:cts:latinLit:phi0690.phi003:9.476">476</ref></note>
                        <hi rend="italic">excussi manibus radii revolutaque pensa</hi>.</seg><seg
                        source="#Σ #DS"/></ab>
               </div>
               <div type="textpart" subtype="verse" n="490" xml:id="l490">
                  <ab><seg source="#DS"><quote type="lemma">QVO SEQVAR</quote> id est
                        inquiram.</seg><seg source="#Σ #DS"/></ab>
               </div>
               <div type="textpart" subtype="verse" n="491" xml:id="l491">
                  <ab><seg source="#Σ #DS"><quote type="lemma">FVNVS LACERVM</quote> dilaniatum
                        cadaver: nam 'funus' pro 'cadaver' posuit.</seg><seg source="#DS">ergo ex
                        posteriore intellegitur prius.</seg></ab>
                  <ab><seg source="#DS"><quote type="lemma">HOC</quote></seg></ab>
                  <ab><seg source="#DS"><quote type="lemma">HOC MIHI DE TE</quote> hoc caput intuens
                        ait.</seg><seg source="#Σ #DS"/></ab>
               </div>
               <div type="textpart" subtype="verse" n="493" xml:id="l493">
                  <ab><seg source="#Σ #DS"><quote type="lemma">SI QVA EST PIETAS</quote> si qua
                        pietas in occidendo est, in me probetur.</seg></ab>
               </div>
               <div type="textpart" subtype="verse" n="494" xml:id="l494">
                  <ab><seg source="#Σ #DS"><quote type="lemma">ME PRIM<supplied reason="lost"
                              >AM</supplied> A<supplied reason="lost">BSVMITE</supplied> F<supplied
                              reason="lost">ERRO</supplied></quote> unusquisque enim in propriae
                        salutis desperatione credit universa etiam posse consumi, unde est quod modo
                        dixit <hi rend="italic">me primam</hi>:</seg><seg source="#DS">quasi mortuo
                        Euryalo omnes Troiani perituri essent.</seg><seg source="#Σ #DS"/></ab>
               </div>
               <div type="textpart" subtype="verse" n="496" xml:id="l496">
                  <ab><seg source="#Σ #DS"><quote type="lemma">INVISVM HOC DETRVDE CAPVT S<supplied
                              reason="lost">VB</supplied> T<supplied reason="lost">ARTARA</supplied>
                              T<supplied reason="lost">ELO</supplied></quote> invisum quidem est hoc
                        et odiosum</seg><choice>
                        <seg source="#DS">caput. ergo deest 'tibi'. et si <hi rend="italic"
                              >invisum,</hi> quomodo <hi rend="italic">miserere?</hi> uerum</seg>
                        <seg source="#Σ">caput, verum </seg>
                     </choice><seg source="#Σ #DS">misericordiae genus est si me etiam iratus
                        interimas. </seg></ab>
               </div>
               <div type="textpart" subtype="verse" n="497" xml:id="l497">
                  <ab><seg source="#Σ #DS"><quote type="lemma">QVANDO ALITER NEQVEO CR<supplied
                              reason="lost">VDELEM</supplied> A<supplied reason="lost"
                              >BRVMPERE</supplied> VITAM</quote> hinc traxit illum colorem Iuvenalis
                           <anchor xml:id="anchor-aeneid-10.255-322" corresp="note-aeneid-10.255"
                           /><note type="commentary" xml:id="note-aeneid-10.255-322"
                           target="anchor-aeneid-10.255"><ref
                              target="urn:cts:latinLit:phi0690.phi003:10.255">10.255</ref></note>
                        <hi rend="italic">quod facinus dignum tam longo admiserit
                     aevo?</hi></seg></ab>
               </div>
               <div type="textpart" subtype="verse" n="499" xml:id="l499">
                  <ab><seg source="#Σ #DS"><quote type="lemma">TORPENT INFRACTAE</quote> antea
                        infractae, nunc tamen torpent, ut <anchor xml:id="anchor-aeneid-12.1-323"
                           corresp="note-aeneid-12.1"/><note type="commentary"
                           xml:id="note-aeneid-12.1-323" target="anchor-aeneid-12.1"><ref
                              target="urn:cts:latinLit:phi0690.phi003:12.1">12.1</ref></note>
                        <hi rend="italic">Turnus ut infractos adverso Marte Latinos.</hi></seg><seg
                        source="#DS">naturaliter enim homines dolore ac miseratione
                        franguntur.</seg><seg source="#Σ #DS"/></ab>
               </div>
               <div type="textpart" subtype="verse" n="500" xml:id="l500">
                  <ab><seg source="#DS"><quote type="lemma">IDAEVS ET ACTOR</quote> ex nominibus
                        personarum et fidem et dignitatem rei addidit.</seg><seg source="#Σ #DS"
                     /></ab>
               </div>
               <div type="textpart" subtype="verse" n="501" xml:id="l501">
                  <ab><seg source="#Σ #DS"><quote type="lemma">LACRIMANTIS IVLI</quote> puero dat
                        lacrimas, cui potest sine pudore; viris fortibus tantum dolorem.</seg></ab>
               </div>
               <div type="textpart" subtype="verse" n="502" xml:id="l502">
                  <ab><seg source="#Σ #DS"><quote type="lemma">SVB TECTA REPONVNT</quote>
                        honorifice. quod autem dicit <hi rend="italic">corripiunt,</hi> non iniuriae
                        est, sed celeritatis, id est raptim tollunt.</seg></ab>
               </div>
               <div type="textpart" subtype="verse" n="503" xml:id="l503">
                  <ab><seg source="#Σ #DS"><quote type="lemma">AT TVBA TERRIBILEM SONITVM</quote>
                        hemistichium Ennii: nam sequentia iste mutavit. ille enim ad exprimendum
                        tubae sonum ait <anchor xml:id="anchor-Ann.451-325" corresp="note-Ann.451"
                           /><note type="commentary" xml:id="note-Ann.451-325"
                           target="anchor-Ann.451"><ref target="Enn_Ann">Ann. 451</ref></note>
                        <hi rend="italic">taratantara dixit.</hi> et multa huius modi Vergilius, cum
                        aspera invenerit, mutat. bene tamen hic electis verbis imitatur sonum
                        tubarum.</seg></ab>
               </div>
               <div type="textpart" subtype="verse" n="504" xml:id="l504">
                  <ab><seg source="#Σ #DS"><quote type="lemma">INCREPVIT</quote> et insonuit et
                        segnitiam increpavit.</seg></ab>
               </div>
               <div type="textpart" subtype="verse" n="505" xml:id="l505">
                  <ab><seg source="#Σ #DS"><quote type="lemma">VOLSCI</quote> non mirum quia dicit
                        Volscos, cum et Camilla de Volscis sit, ut <anchor
                           xml:id="anchor-aeneid-7.803-326" corresp="note-aeneid-7.803"/><note
                           type="commentary" xml:id="note-aeneid-7.803-326"
                           target="anchor-aeneid-7.803"><ref
                              target="urn:cts:latinLit:phi0690.phi003:7.803">7.803</ref></note>
                        <hi rend="italic">Volsca de gente Camilla</hi>: namque pars aliqua Tusciae
                        dat Turno auxilia, cum Tuscos dixerimus <anchor
                           xml:id="anchor-aeneid-7.715-327" corresp="note-aeneid-7.715"/><note
                           type="commentary" xml:id="note-aeneid-7.715-327"
                           target="anchor-aeneid-7.715"><ref
                              target="urn:cts:latinLit:phi0690.phi003:7.715">7.715</ref></note>
                        specialiter Aeneae favere. item econtra pars Venetiae auxilium praestat
                        Aeneae, quam Turni fuisse superius diximus.</seg></ab>
                  <ab><seg source="#Σ #DS"><quote type="lemma">TESTVDINE</quote> testudo est
                        scutorum conexio, curvata</seg><choice>
                        <seg source="#DS">in <surplus>testudinis</surplus> modum et similitudinem
                           testudinis, cum a militibus aliqua civitas obsidetur, et fit ut murus
                           eius subruatur.</seg>
                        <seg source="#Σ">in testudinis modum </seg>
                     </choice><seg source="#Σ #DS">namque in armorum generibus milites sumunt ab
                        animalibus nomina, ut 'aries': Sallustius <anchor xml:id="anchor-H.3.36-328"
                           corresp="note-H.3.36"/><note type="commentary" xml:id="note-H.3.36-328"
                           target="anchor-H.3.36"><ref target="MATCHNOTFOUND">H. 3.36</ref></note>
                        <hi rend="italic">in modum erici militaris.</hi></seg><seg source="#DS"
                        >inventor autem testudinis Artemon Clazomenius fertur, idemque arietis
                        repertor dicitur. scuta aerea gestare Curetes primi invenerunt. galea
                        Thracicum tegmen est. thoraces Thorax quidam rex dicitur invenisse. Lycaon
                        Arcas gladium longiore lamina produxisse narratur. Peleus primus machaeram
                        dicitur invenisse. harpen, id est curvum gladium in modum falcis, a Perseo
                        inventam multi dixerunt.</seg><seg source="#Σ #DS"/></ab>
               </div>
               <div type="textpart" subtype="verse" n="506" xml:id="l506">
                  <ab><seg source="#Σ #DS"><quote type="lemma">FOSSAS INPLERE PARANT</quote> vertit
                        ordinem: nam ante est ut inpleatur fossa, tollantur valli, et sic testudine
                        accedatur ad murum. quamquam possumus intellegere etiam ad fossas eos facta
                        venisse testudine.</seg><seg source="#DS">proprie tamen 'fossas inplere',
                        'vallum vellere': sic enim et historici.</seg><seg source="#Σ #DS"/></ab>
               </div>
               <div type="textpart" subtype="verse" n="509" xml:id="l509">
                  <ab><seg source="#Σ #DS"><quote type="lemma">EFFVNDERE CONTRA</quote> proprie;
                        tela enim non iaciuntur in subiectos, sed funduntur. et dicendo 'omne genus
                        telorum' ostendit telum vocari omne quod iacitur.</seg></ab>
               </div>
               <div type="textpart" subtype="verse" n="511" xml:id="l511">
                  <ab><seg source="#Σ #DS"><quote type="lemma">ADSVETI LONGO MVROS D<supplied
                              reason="lost">EFENDERE</supplied> B<supplied reason="lost"
                              >ELLO</supplied></quote> docet usum in rebus omnibus plurimum
                        posse.</seg></ab>
               </div>
               <div type="textpart" subtype="verse" n="512" xml:id="l512">
                  <ab><seg source="#Σ #DS"><quote type="lemma">INFESTO VOLVEBANT
                        PONDERE</quote></seg><seg source="#DS">hoc est</seg><seg source="#Σ #DS"
                        >infesti ponderis.</seg></ab>
                  <ab><seg source="#DS"><quote type="lemma">SVBTER</quote></seg></ab>
                  <ab><seg source="#DS"><quote type="lemma">SVBTER DENSA TESTVDINE</quote> hoc est
                        sub testudine.</seg><seg source="#Σ #DS"/></ab>
               </div>
               <div type="textpart" subtype="verse" n="515" xml:id="l515">
                  <ab><seg source="#Σ #DS"><quote type="lemma">NEC IAM SVFFICIVNT</quote> diu iam
                        non sustinent.</seg></ab>
               </div>
               <div type="textpart" subtype="verse" n="516" xml:id="l516">
                  <ab><seg source="#DS"><quote type="lemma">RVVNTQVE</quote> hic ruunt pro
                        deiciunt.</seg><seg source="#Σ #DS"/></ab>
               </div>
               <div type="textpart" subtype="verse" n="517" xml:id="l517">
                  <ab><seg source="#Σ #DS"><quote type="lemma">ARMORVMQVE RESOLVIT TEGMINA</quote>
                        hic ostendit armorum conexionem esse testudinem.</seg></ab>
                  <ab><seg source="#Σ #DS"><quote type="lemma">RESOLVIT TEGMINA </quote>Lucanus de
                        testudine <anchor xml:id="anchor-aeneid-3.484-330"
                           corresp="note-aeneid-3.484"/><note type="commentary"
                           xml:id="note-aeneid-3.484-330" target="anchor-aeneid-3.484"><ref
                              target="urn:cts:latinLit:phi0690.phi003:3.484">3.484</ref></note>
                        <hi rend="italic">at postquam virtus incerta virorum perpetuam rupit defesso
                           milite cratem singula continuis cesserunt ictibus arma.</hi></seg></ab>
               </div>
               <div type="textpart" subtype="verse" n="521" xml:id="l521">
                  <ab><seg source="#Σ #DS"><quote type="lemma">ETRVSCAM PINVM</quote> ipse
                        Etruscus.</seg><seg source="#DS"><hi rend="italic">quassabat</hi> autem et
                           <hi rend="italic">infert</hi> mutatio temporum, ut <anchor
                           xml:id="anchor-aeneid-1.471-332" corresp="note-aeneid-1.471"/><note
                           type="commentary" xml:id="note-aeneid-1.471-332"
                           target="anchor-aeneid-1.471"><ref
                              target="urn:cts:latinLit:phi0690.phi003:1.471">1.471</ref></note>
                        <hi rend="italic">Tydides</hi>
                        <hi rend="italic">multa vastabat caede cruentus ardentesque avertit equos in
                           castra</hi>.</seg><seg source="#Σ #DS"/></ab>
               </div>
               <div type="textpart" subtype="verse" n="525" xml:id="l525">
                  <ab><seg source="#Σ #DS"><quote type="lemma">VOS O CALLIOPE PRECOR</quote>
                        syllepsis per numeros; erat enim rectum 'vos musae, aut te,
                     Calliope'.</seg></ab>
                  <ab><seg source="#Σ #DS"><quote type="lemma">ASPIRATE</quote> favete, ut <anchor
                           xml:id="anchor-aeneid-2.385-334" corresp="note-aeneid-2.385"/><note
                           type="commentary" xml:id="note-aeneid-2.385-334"
                           target="anchor-aeneid-2.385"><ref
                              target="urn:cts:latinLit:phi0690.phi003:2.385">2.385</ref></note>
                        <hi rend="italic">aspirat primo Fortuna labori.</hi></seg></ab>
               </div>
               <div type="textpart" subtype="verse" n="528" xml:id="l528">
                  <ab><seg source="#Σ #DS"><quote type="lemma">ORAS EVOLVITE BELLI</quote></seg><seg
                        source="#DS">hoc est ingentis belli</seg><seg source="#Σ #DS">narrate non
                        tantum initia, sed etiam extrema bellorum: nam orae sunt
                        extremitates.</seg><seg source="#DS">est autem Ennianum <anchor
                           xml:id="anchor-Ann.164-335" corresp="note-Ann.164"/><note
                           type="commentary" xml:id="note-Ann.164-335" target="anchor-Ann.164"><ref
                              target="Enn_Ann">Ann. 164</ref></note>
                        <hi rend="italic">qui potis ingentis oras evolvere belli</hi>.</seg><seg
                        source="#Σ #DS"/></ab>
               </div>
               <div type="textpart" subtype="verse" n="530" xml:id="l530">
                  <ab><seg source="#Σ #DS"><quote type="lemma">TVRRIS ERAT</quote> turris huius modi
                        esse ad munitionem civitatum et in secundo legimus; sed hae plerumque
                        mobiles sunt, plerumque fixae:</seg><choice>
                        <seg source="#DS">mobiles, ut in duodecimo <anchor
                              xml:id="anchor-aeneid-9.675-346" corresp="note-aeneid-9.675"/><note
                              type="commentary" xml:id="note-aeneid-9.675-346"
                              target="anchor-aeneid-9.675"><ref
                                 target="urn:cts:latinLit:phi0690.phi003:9.675">675</ref></note>
                           <hi rend="italic">subdideratque</hi>
                           <hi rend="italic">rotas,</hi> fixae, ut in secundo <anchor
                              xml:id="anchor-aeneid-9.445-347" corresp="note-aeneid-9.445"/><note
                              type="commentary" xml:id="note-aeneid-9.445-347"
                              target="anchor-aeneid-9.445"><ref
                                 target="urn:cts:latinLit:phi0690.phi003:9.445">445</ref></note>
                           <hi rend="italic">turres ac tecta</hi>
                           <hi rend="italic">domorum.</hi> [mobiles ut XII meminit <hi rend="italic"
                              >subdiderat</hi>
                           <hi rend="italic">quae rotas ponteque intraverat altas.</hi>]</seg>
                        <seg source="#Σ">fixae, ut in secundo <anchor
                              xml:id="anchor-aeneid-9.445-348" corresp="note-aeneid-9.445"/><note
                              type="commentary" xml:id="note-aeneid-9.445-348"
                              target="anchor-aeneid-9.445"><ref
                                 target="urn:cts:latinLit:phi0690.phi003:9.445">445</ref></note>
                           <hi rend="italic">turres ac tecta</hi>
                           <hi rend="italic">domorum,</hi> mobiles, ut in duodecimo <anchor
                              xml:id="anchor-aeneid-9.675-349" corresp="note-aeneid-9.675"/><note
                              type="commentary" xml:id="note-aeneid-9.675-349"
                              target="anchor-aeneid-9.675"><ref
                                 target="urn:cts:latinLit:phi0690.phi003:9.675">675</ref></note>
                           meminit <hi rend="italic">subdideratque rotas pontesque </hi>
                           <hi rend="italic">instraverat altos.</hi></seg>
                     </choice></ab>
                  <ab><seg source="#DS"><quote type="lemma">PONTIBVS</quote></seg></ab>
                  <ab><seg source="#DS"><quote type="lemma">PONTIBVS</quote> pro
                        tabulatis.</seg><seg source="#Σ #DS"/></ab>
               </div>
               <div type="textpart" subtype="verse" n="531" xml:id="l531">
                  <ab><seg source="#Σ #DS"><quote type="lemma">OPORTVNA LOCO</quote></seg><seg
                        source="#DS">pro 'oportuno',</seg><seg source="#Σ #DS">scilicet circa
                        portas. </seg></ab>
               </div>
               <div type="textpart" subtype="verse" n="532" xml:id="l532">
                  <ab><seg source="#Σ #DS"><quote type="lemma">OPVM VI</quote> potest et hypallage
                        esse, ut sit 'ope virium'.</seg></ab>
               </div>
               <div type="textpart" subtype="verse" n="533" xml:id="l533">
                  <ab><seg source="#DS"><quote type="lemma">CERTABANT</quote> zeugma: potest et ad
                        Latinos et ad Troianos referri.</seg><seg source="#Σ #DS"/></ab>
               </div>
               <div type="textpart" subtype="verse" n="534" xml:id="l534">
                  <ab><seg source="#Σ #DS"><quote type="lemma">CAVAS</quote> patulas.</seg></ab>
                  <ab><seg source="#Σ #DS"><quote type="lemma">DENSI TELA</quote> pro 'tela
                        densa'.</seg></ab>
               </div>
               <div type="textpart" subtype="verse" n="536" xml:id="l536">
                  <ab><seg source="#Σ #DS"><quote type="lemma">FLAMMAM ADFIXIT</quote> adfectate:
                        debuit enim dicere, adfixit aut facem aut malleolum, non flammam.</seg></ab>
                  <ab><seg source="#Σ #DS"><quote type="lemma">QVAE PLVRIMA VENTO</quote> gliscens
                        et magna facta per ventum.</seg></ab>
               </div>
               <div type="textpart" subtype="verse" n="537" xml:id="l537">
                  <ab><seg source="#Σ #DS"><quote type="lemma">HAESIT ADESIS</quote> non iam adesis,
                        sed quos exedit adhaerendo,</seg><seg source="#DS">id est 'haesit et adedit'
                        vel 'adesos reddidit'.</seg><seg source="#Σ #DS"/></ab>
               </div>
               <div type="textpart" subtype="verse" n="538" xml:id="l538">
                  <ab><seg source="#Σ #DS"><quote type="lemma">MALORVM VELLE FVGAM</quote>
                        honestissima elocutio.</seg></ab>
               </div>
               <div type="textpart" subtype="verse" n="540" xml:id="l540">
                  <ab><seg source="#Σ #DS"><quote type="lemma">PESTE</quote> incendio, ut <anchor
                           xml:id="anchor-aeneid-5.683-351" corresp="note-aeneid-5.683"/><note
                           type="commentary" xml:id="note-aeneid-5.683-351"
                           target="anchor-aeneid-5.683"><ref
                              target="urn:cts:latinLit:phi0690.phi003:5.683">5.683</ref></note>
                        <hi rend="italic">et toto descendit corpore pestis.</hi></seg></ab>
               </div>
               <div type="textpart" subtype="verse" n="544" xml:id="l544">
                  <ab><seg source="#Σ #DS"><quote type="lemma">VNVS</quote> subaudis 'et alter': nam
                        non procedit 'unus Helenor et Lycus elapsi'.</seg></ab>
                  <ab><seg source="#Σ #DS"><quote type="lemma">ELAPSI</quote> scilicet non mortem,
                        sed turris ruinam.</seg></ab>
               </div>
               <div type="textpart" subtype="verse" n="546" xml:id="l546">
                  <ab><seg source="#Σ #DS"><quote type="lemma">MAEONIO REGI</quote> aut proprium
                        patris nomen est, aut cognominem eum filio intellegamus, quia, ut supra
                           <anchor xml:id="anchor-aeneid-9.362-352" corresp="note-aeneid-9.362"
                           /><note type="commentary" xml:id="note-aeneid-9.362-352"
                           target="anchor-aeneid-9.362"><ref
                              target="urn:cts:latinLit:phi0690.phi003:9.362">362</ref></note>
                        diximus, cum filii vel patris nomen praemittitur et aliud tacetur,
                        cognomines eos esse intellegimus.</seg></ab>
                  <ab><seg source="#Σ #DS"><quote type="lemma">FVRTIM SVSTVLERAT</quote> ex stupro
                        educaverat: hinc est <anchor xml:id="anchor-G.4.346-354"
                           corresp="note-G.4.346"/><note type="commentary" xml:id="note-G.4.346-354"
                           target="anchor-G.4.346"><ref target="MATCHNOTFOUND">G.4.346</ref></note>
                        <hi rend="italic">et dulcia furta.</hi></seg></ab>
               </div>
               <div type="textpart" subtype="verse" n="547" xml:id="l547">
                  <ab><seg source="#Σ #DS"><quote type="lemma">VETITISQVE AD TROIAM MISERAT
                           ARMIS</quote> secundum</seg><choice>
                        <seg source="#DS">quosdam 'vetitis fato', quia stare Troia diutius
                           vetabatur;</seg>
                        <seg source="#Σ">Donatum <anchor xml:id="anchor-Verg.97-356"
                              corresp="note-Verg.97"/><note type="commentary"
                              xml:id="note-Verg.97-356" target="anchor-Verg.97"><ref
                                 target="MATCHNOTFOUND">Verg. 97</ref></note> 'vetitis fato'; </seg>
                     </choice><seg source="#Σ #DS">sed melius lege militari intellegimus, quia servi
                        a militia prohibebantur: unde in Deiotariana <anchor
                           xml:id="anchor-aeneid-8.24-358" corresp="note-aeneid-8.24"/><note
                           type="commentary" xml:id="note-aeneid-8.24-358"
                           target="anchor-aeneid-8.24"><ref
                              target="urn:cts:latinLit:phi0690.phi003:8.24">8.24</ref></note> purgat
                        hoc Cicero, cum fuisset obiectum inter equites quos Deiotarus miserat
                        Caesari, unum servum fuisse. Vergilium autem novimus trahere aliqua de
                        historia. servos sane numquam militasse constat nisi servitute deposita,
                        excepto Hannibalis tempore, cum post Cannense proelium in tanta necessitate
                        fuit urbs Roma ut ne liberandorum quidem servorum daretur facultas.
                     </seg></ab>
               </div>
               <div type="textpart" subtype="verse" n="548" xml:id="l548">
                  <ab><seg source="#Σ #DS"><quote type="lemma">ENSE NVDO</quote> id est
                        'stricto'.</seg><seg source="#DS"><hi rend="italic">ense levis</hi>
                           '<supplied reason="lost">levis</supplied> armaturae'
                           <surplus>est</surplus>; <hi rend="italic">nudo</hi> autem 'stricto' vel
                        'sine vagina'.</seg></ab>
                  <ab><seg source="#Σ #DS"><quote type="lemma">PARMAQVE INGLORIVS ALBA</quote> quasi
                        tiro, ut diximus supra <anchor xml:id="anchor-aeneid-7.796-359"
                           corresp="note-aeneid-7.796"/><note type="commentary"
                           xml:id="note-aeneid-7.796-359" target="anchor-aeneid-7.796"><ref
                              target="urn:cts:latinLit:phi0690.phi003:7.796"
                        >7.796</ref></note>,</seg><seg source="#DS">quia picta arma iam probati in
                        bellis habebant.</seg><seg source="#Σ #DS"/></ab>
               </div>
               <div type="textpart" subtype="verse" n="551" xml:id="l551">
                  <ab><seg source="#DS"><quote type="lemma">VT FERA</quote> quidam pardum
                        significari volunt.</seg><seg source="#Σ #DS"/></ab>
               </div>
               <div type="textpart" subtype="verse" n="556" xml:id="l556">
                  <ab><seg source="#Σ #DS"><quote type="lemma">LONGE MELIOR LYCVS</quote> ergo et
                        Helenor bonus.</seg></ab>
                  <ab><seg source="#Σ #DS"><quote type="lemma">INTER </quote>'per', ut <anchor
                           xml:id="anchor-aeneid-7.30-361" corresp="note-aeneid-7.30"/><note
                           type="commentary" xml:id="note-aeneid-7.30-361"
                           target="anchor-aeneid-7.30"><ref
                              target="urn:cts:latinLit:phi0690.phi003:7.30">7.30</ref></note>
                        <hi rend="italic">hunc inter fluvio Tiberinus amoeno.</hi></seg></ab>
               </div>
               <div type="textpart" subtype="verse" n="558" xml:id="l558">
                  <ab><seg source="#Σ #DS"><quote type="lemma">PRENDERE SAXA MANV</quote> quia tunc
                        alti non erant muri, sed ad impetum tantum repellendum, ut etiam Sallustius
                        ostendit <anchor xml:id="anchor-H.1.126-363" corresp="note-H.1.126"/><note
                           type="commentary" xml:id="note-H.1.126-363" target="anchor-H.1.126"><ref
                              target="MATCHNOTFOUND">H. 1.126</ref></note>, ubi Sertorium umeris
                        sublatum per muros ascendisse commemorat.</seg></ab>
               </div>
               <div type="textpart" subtype="verse" n="559" xml:id="l559">
                  <ab><seg source="#Σ #DS"><quote type="lemma">CVRSV TELOQVE SECVTVS</quote> nimiam
                        eius ostendit celeritatem, qui potuit telum missum consequi: nam hoc dicit,
                        cum praemisso telo ad hostem venit: Statius <anchor
                           xml:id="anchor-Th.6.568-365" corresp="note-Th.6.568"/><note
                           type="commentary" xml:id="note-Th.6.568-365" target="anchor-Th.6.568"
                              ><ref target="MATCHNOTFOUND">Th.6.568</ref></note>
                        <hi rend="italic">et emissum cursu conprendere telum.</hi></seg></ab>
               </div>
               <div type="textpart" subtype="verse" n="562" xml:id="l562">
                  <ab><seg source="#Σ #DS"><quote type="lemma">REVELLIT</quote> in verbo 'vello'
                        facit, in participio 'vulsus'.</seg></ab>
               </div>
               <div type="textpart" subtype="verse" n="563" xml:id="l563">
                  <ab><seg source="#Σ #DS"><quote type="lemma">QVALIS VBI AVT LEPOREM</quote> pro
                        'qualiter'.</seg></ab>
               </div>
               <div type="textpart" subtype="verse" n="564" xml:id="l564">
                  <ab><seg source="#Σ #DS"><quote type="lemma">PEDIBVS IOVIS ARMIGER VNCIS</quote>
                        quia dicitur aquila in bello Gigantum Iovi arma ministrasse. quod tamen
                        fingitur: nam, ut supra <anchor xml:id="anchor-aeneid-8.319-366"
                           corresp="note-aeneid-8.319"/><note type="commentary"
                           xml:id="note-aeneid-8.319-366" target="anchor-aeneid-8.319"><ref
                              target="urn:cts:latinLit:phi0690.phi003:8.319">8.319</ref></note>
                        diximus, Iuppiter et Saturnus reges fuerunt. sed Iuppiter dum cum patre
                        Saturno haberet de agris contentionem, ortum bellum est. ad quod egrediens
                        Iuppiter aquilae vidit augurium. cuius cum vicisset auspicio, fictum est
                        quod ei pugnanti tela ministraret: unde etiam a felici augurio natum est
                        ut</seg><choice>
                        <seg source="#DS">aquila militaria signa comitetur.</seg>
                        <seg source="#Σ">aquilae militum signa comitentur.</seg>
                     </choice><seg source="#Σ #DS"/></ab>
               </div>
               <div type="textpart" subtype="verse" n="565" xml:id="l565">
                  <ab><seg source="#Σ #DS"><quote type="lemma">QVAESITVM</quote> qui requiritur: nam
                        praesens a passivo non habet. et est prothysteron: nam post raptum
                        requiritur;</seg><seg source="#DS">vel quaesitum requirendum,
                     ποθητόν.</seg></ab>
                  <ab><seg source="#DS"><quote type="lemma">MVLTIS</quote></seg></ab>
                  <ab><seg source="#DS"><quote type="lemma">MVLTIS BALATIBVS</quote> id est cum
                        multis balatibus.</seg><seg source="#Σ #DS"/></ab>
               </div>
               <div type="textpart" subtype="verse" n="566" xml:id="l566">
                  <ab><seg source="#Σ #DS"><quote type="lemma">MARTIVS LVPVS</quote> aut cruentus,
                        aut Marti dedicatus.</seg></ab>
               </div>
               <div type="textpart" subtype="verse" n="567" xml:id="l567">
                  <ab><seg source="#Σ #DS"><quote type="lemma">AGGERE CONPLENT</quote></seg><choice>
                        <seg source="#DS">cuiuslibet rei cumulatio,</seg>
                        <seg source="#Σ">agger est cuiuslibet rei coacervatio,</seg>
                     </choice><seg source="#Σ #DS">unde fossae aut valles possunt repleri.</seg><seg
                        source="#DS">subaudiendum tamen 'alii'.</seg><seg source="#Σ #DS"/></ab>
               </div>
               <div type="textpart" subtype="verse" n="569" xml:id="l569">
                  <ab><seg source="#Σ #DS"><quote type="lemma">INGENTI FRAGMINE MONTIS</quote> supra
                        dicit saxi. exaggeratio est.</seg></ab>
               </div>
               <div type="textpart" subtype="verse" n="570" xml:id="l570">
                  <ab><seg source="#Σ #DS"><quote type="lemma">LVCETIVM</quote> solum hoc nomen est
                        quod dictum a Vergilio in nullo alio reperitur auctore. sane lingua Osca
                        Lucetius est Iuppiter, dictus a luce, quam praestare hominibus dicitur. ipse
                        est nostra lingua Diespiter, id est</seg><choice>
                        <seg source="#DS">dies pater:</seg>
                        <seg source="#Σ">diei pater:</seg>
                     </choice><seg source="#Σ #DS">Horatius (C. 1.34.5) <hi rend="italic">namque
                           Diespiter plerumque per purum.</hi>
                     </seg></ab>
               </div>
               <div type="textpart" subtype="verse" n="572" xml:id="l572">
                  <ab><seg source="#DS"><quote type="lemma">HIC IACVLO BONVS</quote> nescias de quo
                        dixerit.</seg><seg source="#Σ #DS"/></ab>
               </div>
               <div type="textpart" subtype="verse" n="573" xml:id="l573">
                  <ab><seg source="#Σ #DS"><quote type="lemma">CAENEA TVRNVS TVRNVS ITYN</quote> ut
                        ait Lucilius (1133 M), bonum schema est quotiens sensus variatur in
                        iteratione verborum,</seg><seg source="#DS">et in fine positus sequentis sit
                        exordium, qui appellatur climax.</seg><seg source="#Σ #DS"/></ab>
               </div>
               <div type="textpart" subtype="verse" n="575" xml:id="l575">
                  <ab><seg source="#Σ #DS"><quote type="lemma">PRO TVRRIBVS</quote> aut pro
                        defensione turrium: aut sic magni ut turres putares.</seg></ab>
               </div>
               <div type="textpart" subtype="verse" n="576" xml:id="l576">
                  <ab><seg source="#Σ #DS"><quote type="lemma">HASTA THEMILLAE </quote>Themillas
                        Themillae, ut Aeneas Aeneae. <hi rend="italic">levis</hi> autem <hi
                           rend="italic">hasta</hi> pro 'leviter veniens': unde et <hi rend="italic"
                           >strinxerat</hi> dixit, id est 'paululum vulneraverat', ut <anchor
                           xml:id="anchor-aeneid-10.478-368" corresp="note-aeneid-10.478"/><note
                           type="commentary" xml:id="note-aeneid-10.478-368"
                           target="anchor-aeneid-10.478"><ref
                              target="urn:cts:latinLit:phi0690.phi003:10.478">10.478</ref></note>
                        <hi rend="italic">tandem etiam magno strinxit de corpore
                     Turni.</hi></seg></ab>
               </div>
               <div type="textpart" subtype="verse" n="577" xml:id="l577">
                  <ab><seg source="#Σ #DS"><quote type="lemma">DEMENS</quote> qui scutum quo se
                        tuebatur abiecit.</seg></ab>
               </div>
               <div type="textpart" subtype="verse" n="578" xml:id="l578">
                  <ab><seg source="#Σ #DS"><quote type="lemma">ALIS</quote> pennis.</seg></ab>
               </div>
               <div type="textpart" subtype="verse" n="579" xml:id="l579">
                  <ab><seg source="#Σ #DS"><quote type="lemma">LAEVO ADFIXA EST LATERI MANVS</quote>
                        ostendit vulneris locum, quem ante suppresserat. sic in quarto <anchor
                           xml:id="anchor-aeneid-9.689-370" corresp="note-aeneid-9.689"/><note
                           type="commentary" xml:id="note-aeneid-9.689-370"
                           target="anchor-aeneid-9.689"><ref
                              target="urn:cts:latinLit:phi0690.phi003:9.689">689</ref></note>
                        <hi rend="italic">infixum stridit sub pectore vulnus.</hi></seg></ab>
               </div>
               <div type="textpart" subtype="verse" n="580" xml:id="l580">
                  <ab><seg source="#Σ #DS"><quote type="lemma">SPIRAMENTA ANIMAE</quote> definitio
                        pulmonum.</seg></ab>
               </div>
               <div type="textpart" subtype="verse" n="582" xml:id="l582">
                  <ab><seg source="#Σ #DS"><quote type="lemma">PICTVS ACV CHLAMYDEM</quote> hoc est,
                        habens chlamydem Phrygiam, ut <anchor xml:id="anchor-aeneid-3.484-372"
                           corresp="note-aeneid-3.484"/><note type="commentary"
                           xml:id="note-aeneid-3.484-372" target="anchor-aeneid-3.484"><ref
                              target="urn:cts:latinLit:phi0690.phi003:3.484">3.484</ref></note>
                        <hi rend="italic">et Phrygiam</hi>
                        <hi rend="italic">Ascanio chlamydem.</hi></seg><seg source="#DS">et est
                        figura pictus chlamydem.</seg></ab>
                  <ab><seg source="#Σ #DS"><quote type="lemma">FERRVGINE CLARVS HIBERA</quote>
                        ferrugo coloris genus est, qui vicinus est purpurae subnigrae. <hi
                           rend="italic">Hibera</hi> autem modo non Hispana, sed Pontica: nam
                        Hiberia pars Ponti est</seg><seg source="#DS">inter Persidem et Armeniam,
                        ubi optime colores diversi tinguntur,</seg><seg source="#Σ #DS">ut ostendit
                        Horatius dicens <anchor xml:id="anchor-Epod.5.21-374"
                           corresp="note-Epod.5.21"/><note type="commentary"
                           xml:id="note-Epod.5.21-374" target="anchor-Epod.5.21"><ref
                              target="MATCHNOTFOUND">Epod. 5.21</ref></note>
                        <hi rend="italic">herbasque quas Iolcos atque Hiberia mittit, venenorum
                           ferax.</hi>
                     </seg></ab>
               </div>
               <div type="textpart" subtype="verse" n="583" xml:id="l583">
                  <ab><seg source="#Σ #DS"><quote type="lemma">GENITOR QVEM MISERAT ARCENS</quote>
                        ordo est 'stabat Arcentis filius Arcens in armis egregiis': nam non congruit
                        ut, huius filii praetermisso nomine, bis fiat patris
                     commemoratio.</seg></ab>
               </div>
               <div type="textpart" subtype="verse" n="584" xml:id="l584">
                  <ab><seg source="#Σ #DS"><quote type="lemma">SYMAETHIA CIRCVM FLVMINA
                        </quote>Symaethos fluvius est Siciliae,</seg><seg source="#DS">a rege
                        Symaetho dictus,</seg><seg source="#Σ #DS">haud longe ab urbe Catinensi,
                        circa quem sunt Palici di, quorum talis est fabula: Aetnam
                        nympham,</seg><seg source="#DS">vel, ut quidam volunt, Thaliam,</seg><seg
                        source="#Σ #DS">Iuppiter cum vitiasset et fecisset gravidam, timens Iunonem,
                        secundum alios ipsam puellam, terrae commendavit, et illic enixa est:
                        secundum alios partum eius. postea cum de terra erupissent duo pueri, Palici
                        dicti sunt, quasi iterum venientes: nam πάλιν ἵκειν est iterum venire. hi
                        primo humanis hostiis placabantur, postea quibusdam sacris mitigati sunt et
                        eorum inmutata sacrificia. ideo ergo <hi rend="italic">placabilis ara</hi>
                        quia mitigata sunt eorum numina.</seg><seg source="#DS">Palicos nauticos
                        deos Varro appellat (ARD Ap. ad XVe). alii dicunt hunc Palicum Iovem propter
                        Iunonis iracundiam in aquilam commutasse. alii Vulcani et Aetnae filium
                        tradunt. sed incertum ex qua recondita historia Arcentem istum induxerit:
                        neque enim sine ratione vel lucus Martis adpositus est. et quid homo Siculus
                        in hoc bello facit, quem nusquam supra cum cum Aenea dicit ad Italiam
                        pervenisse?</seg><seg source="#Σ #DS"/></ab>
               </div>
               <div type="textpart" subtype="verse" n="588" xml:id="l588">
                  <ab><seg source="#Σ #DS"><quote type="lemma">LIQVEFACTO TEMPORA PLVMBO
                           DIFFIDIT</quote> plumbum enim iactum nimio rotatu et aeris calore
                        dissolvitur: Statius <anchor xml:id="anchor-Th.10.533-376"
                           corresp="note-Th.10.533"/><note type="commentary"
                           xml:id="note-Th.10.533-376" target="anchor-Th.10.533"><ref
                              target="MATCHNOTFOUND">Th.10.533</ref></note>
                        <hi rend="italic">et arsuras caeli per inania glandes.</hi></seg></ab>
               </div>
               <div type="textpart" subtype="verse" n="589" xml:id="l589">
                  <ab><seg source="#Σ #DS"><quote type="lemma">PORRECTVM EXTENDIT HARENA</quote>
                        intellegimus eum cecidisse trans murum. dicendo autem <hi rend="italic"
                           >multa</hi> ostendit corporis proceritatem.</seg></ab>
               </div>
               <div type="textpart" subtype="verse" n="590" xml:id="l590">
                  <ab><seg source="#DS"><quote type="lemma">TVM PRIMVM BELLO</quote> hoc loco puerum
                        ideo poeta fecit armari quia legit in historia pueros de bellis gloriam
                        reportasse: filium Marci Drusi annorum sedecim; Crispini filium Crispinum in
                        Corsica, cum fugeret exercitus Spurii Carvilii consulis, bellum restituisse;
                        apud Soram bello Italico ab Herennio puerum in aciem eductum, a quo hostem
                        occisum spoliatumque; Lucii Tarquinii filium, quem ob hoc pater aurea bulla
                        praetextaque donavit.</seg><seg source="#Σ #DS"/></ab>
               </div>
               <div type="textpart" subtype="verse" n="593" xml:id="l593">
                  <ab><seg source="#Σ #DS"><quote type="lemma">MINOREM GERMANAM</quote> quia maior
                        nympha fuerat, Iovis voluntate.</seg></ab>
               </div>
               <div type="textpart" subtype="verse" n="595" xml:id="l595">
                  <ab><seg source="#Σ #DS"><quote type="lemma">DIGNA ATQVE INDIGNA RELATV
                           </quote><hi rend="italic">indigna,</hi> id est turpia et
                        obscena,</seg><seg source="#DS">ut dici solet 'fanda et nefanda'.</seg><seg
                        source="#Σ #DS"/></ab>
               </div>
               <div type="textpart" subtype="verse" n="596" xml:id="l596">
                  <ab><seg source="#Σ #DS"><quote type="lemma">NOVO REGNO</quote> aut nova regii
                        generis adfinitate, aut quia etiam ipsi per regis filiam portio debebatur
                        imperii;</seg><seg source="#DS">aut partem regni a Turno
                        acceperat.</seg><seg source="#Σ #DS"/></ab>
               </div>
               <div type="textpart" subtype="verse" n="597" xml:id="l597">
                  <ab><seg source="#Σ #DS"><quote type="lemma">INGENTEM SESE CLAMORE FEREBAT</quote>
                        non erat ingens, sed se esse clamitabat ingentem.</seg></ab>
               </div>
               <div type="textpart" subtype="verse" n="598" xml:id="l598">
                  <ab><seg source="#Σ #DS"><quote type="lemma">ITERVM</quote> denuo: nam iam tertio
                        obsidentur, et 'iterum' non nisi de duobus dicimus.</seg></ab>
               </div>
               <div type="textpart" subtype="verse" n="599" xml:id="l599">
                  <ab><seg source="#Σ #DS"><quote type="lemma">BIS CAPTI PHRYGES</quote> semel ab
                        Hercule, post a Graecis.</seg><seg source="#DS">alii tradunt semel a Graecis
                        et nunc a Latinis: hoc est, magis aptum esse Numani personae ut se vicisse
                        existimet, qui tam iactans et petulans inducatur.</seg></ab>
                  <ab><seg source="#Σ #DS"><quote type="lemma">MORTI PRAETENDERE MVROS</quote>
                        emphasis est; <hi rend="italic">morti</hi> enim pro 'bello' posuit: sic
                        supra <anchor xml:id="anchor-aeneid-9.143-377" corresp="note-aeneid-9.143"
                           /><note type="commentary" xml:id="note-aeneid-9.143-377"
                           target="anchor-aeneid-9.143"><ref
                              target="urn:cts:latinLit:phi0690.phi003:9.143">143</ref></note>
                        <hi rend="italic">leti discrimina parva</hi>;</seg><seg source="#DS">cum
                        potuerit 'hosti' dicere: scilicet ut nihil Troianis reli<supplied
                           reason="lost">quum sit</supplied> quam perire.</seg><seg source="#Σ #DS"
                     /></ab>
               </div>
               <div type="textpart" subtype="verse" n="600" xml:id="l600">
                  <ab><seg source="#Σ #DS"><quote type="lemma">NOSTRA CONVBIA</quote> aut quasi
                        Turni cognatus loquitur: aut invidiose retorquet</seg><seg source="#DS"><hi
                           rend="italic">nostra conubia</hi>,</seg><seg source="#Σ #DS">et vult
                        causam omnium esse communem. </seg></ab>
               </div>
               <div type="textpart" subtype="verse" n="601" xml:id="l601">
                  <ab><seg source="#DS"><quote type="lemma">ITALIAM</quote> ad Italiam.</seg><seg
                        source="#Σ #DS"/></ab>
               </div>
               <div type="textpart" subtype="verse" n="602" xml:id="l602">
                  <ab><seg source="#Σ #DS"><quote type="lemma">NON HIC ATRIDAE</quote> exaggeratio
                        vituperationis: nam non tantum se Troianis, sed etiam eorum victoribus
                        praefert.</seg><seg source="#DS">potest et Atridae intellegi quorum coniuges
                        aut deserunt maritos aut interimunt revertentes.</seg></ab>
                  <ab><seg source="#Σ #DS"><quote type="lemma">FANDI FICTOR VLIXES</quote> aut
                        fallax, aut λογοδαίδαλος, id est qui dolum celat sermonis ornatu.</seg></ab>
               </div>
               <div type="textpart" subtype="verse" n="603" xml:id="l603">
                  <ab><seg source="#Σ #DS"><quote type="lemma">DVRVM A STIRPE GENVS </quote>Italiae
                        disciplina et vita laudatur: quam et Cato in Originibus (FRHist T 11e) et
                        Varro in Gente Populi Romani (HRR F 20) commemorat.</seg></ab>
               </div>
               <div type="textpart" subtype="verse" n="604" xml:id="l604">
                  <ab><seg source="#Σ #DS"><quote type="lemma">GELV DVRAMVS ET VNDIS</quote> undis
                        gelidis: et est ἓν διὰ δυοῖν, ut <anchor xml:id="anchor-aeneid-3.467-379"
                           corresp="note-aeneid-3.467"/><note type="commentary"
                           xml:id="note-aeneid-3.467-379" target="anchor-aeneid-3.467"><ref
                              target="urn:cts:latinLit:phi0690.phi003:3.467">3.467</ref></note>
                        <hi rend="italic">hamis auroque trilicem</hi>: nam nemo quod plus est prius
                        dicit; si enim duo essent, ante aquam diceret, sic gelu.</seg></ab>
               </div>
               <div type="textpart" subtype="verse" n="605" xml:id="l605">
                  <ab><seg source="#Σ #DS"><quote type="lemma">VENATV</quote> pro 'venatui', ut
                        'curru' pro 'currui':</seg><seg source="#DS">ablativus dubius, vel pro
                        dativo.</seg></ab>
                  <ab><seg source="#DS"><quote type="lemma">PVERI</quote></seg></ab>
                  <ab><seg source="#DS"><quote type="lemma">PVERI</quote> bene venationem pueris
                        dedit, rem rusticam iam iuvenibus.</seg></ab>
                  <ab><seg source="#Σ #DS"><quote type="lemma">SILVASQVE FATIGANT</quote> ipsi
                        fatigantur in silvis; aut pro feris silvas posuit, in quibus sunt
                        ferae.</seg></ab>
               </div>
               <div type="textpart" subtype="verse" n="606" xml:id="l606">
                  <ab><seg source="#Σ #DS"><quote type="lemma">FLECTERE LVDVS EQVOS</quote> aliorum
                        labor nostrae pueritiae ludus est.</seg><seg source="#DS"><hi rend="italic"
                           >flectere</hi> autem verbo antiquo usus est; nam equites apud veteres
                        flexuntae vocabantur, sicut ait Varro Rerum Humanarum <anchor
                           xml:id="anchor-aeneid-22.3-383" corresp="note-aeneid-22.3"/><note
                           type="commentary" xml:id="note-aeneid-22.3-383"
                           target="anchor-aeneid-22.3"><ref
                              target="urn:cts:latinLit:phi0690.phi003:22.3">22.3</ref></note>. sane
                        poeta meminit sui: nam ait superius <anchor xml:id="anchor-aeneid-7.162-384"
                           corresp="note-aeneid-7.162"/><note type="commentary"
                           xml:id="note-aeneid-7.162-384" target="anchor-aeneid-7.162"><ref
                              target="urn:cts:latinLit:phi0690.phi003:7.162">7.162</ref></note>
                        <hi rend="italic">ante urbem pueri et</hi>
                        <hi rend="italic">primaevo flore iuventus exercentur equis</hi>.</seg><seg
                        source="#Σ #DS"/></ab>
               </div>
               <div type="textpart" subtype="verse" n="607" xml:id="l607">
                  <ab><seg source="#Σ #DS"><quote type="lemma">AT PATIENS OPERVM PARVOQVE ADSVETA
                           IVVENTVS</quote> hoc et in Georgicis <anchor
                           xml:id="anchor-aeneid-2.472-386" corresp="note-aeneid-2.472"/><note
                           type="commentary" xml:id="note-aeneid-2.472-386"
                           target="anchor-aeneid-2.472"><ref
                              target="urn:cts:latinLit:phi0690.phi003:2.472">2.472</ref></note>
                        laudat: nam magnae virtutis est in nimio labore parvis esse
                     contentum.</seg></ab>
               </div>
               <div type="textpart" subtype="verse" n="608" xml:id="l608">
                  <ab><seg source="#Σ #DS"><quote type="lemma">TERRAM DOMAT</quote> bene bellico
                        usus est verbo. et ne a re militari discederet, non dixit 'terras colimus',
                        sed 'domamus', ac si diceret, cum hostes desunt, terras ferro
                     domamus.</seg></ab>
                  <ab><seg source="#DS"><quote type="lemma">QVATIT</quote></seg></ab>
                  <ab><seg source="#DS"><quote type="lemma">QVATIT OPPIDA BELLO</quote> oppidum
                        quidam a vico castelloque magnitudine secernunt; alii locum muro fossave
                        aliave qua munitione conclusum; alii locum aedificiis constititum, ubi fanum
                        comitium forum et murus sit; alii oppidum dici ab oppositione murorum, vel
                        quod hominibus locus esset oppletus, vel quod opes illo munitionis gratia
                        congestae sunt.</seg><seg source="#Σ #DS"/></ab>
               </div>
               <div type="textpart" subtype="verse" n="609" xml:id="l609">
                  <ab><seg source="#Σ #DS"><quote type="lemma">IVVENCVM TERGA FATIGAMVS
                           HASTA</quote> agriculturam sine officio belli non gerimus. est autem
                        cacosyntheton et homoeoteleuton;</seg><seg source="#DS">ut sit ita 'versa
                        hasta iuvencorum terga fatigamus', id est caedendo urgemus.</seg><seg
                        source="#Σ #DS"/></ab>
               </div>
               <div type="textpart" subtype="verse" n="610" xml:id="l610">
                  <ab><choice>
                        <seg source="#DS"><quote type="lemma">TARDA SENECTVS</quote> in aliis <hi
                              rend="italic">sera senectus.</hi></seg>
                        <seg source="#Σ"><quote type="lemma">SERA SENECTVS</quote> in aliis <hi
                              rend="italic">tarda senectus.</hi></seg>
                     </choice><seg source="#Σ #DS"/></ab>
               </div>
               <div type="textpart" subtype="verse" n="611" xml:id="l611">
                  <ab><seg source="#Σ #DS"><quote type="lemma">DEBILITAT VIRES ANIMI</quote> bene
                           <hi rend="italic">animi,</hi> quia non est ausus corporis dicere: nec
                        enim potest fieri ut quamvis robustus senex vires habeat prioris aetatis et
                        suae comparetur adulescentiae. nunc ergo licet dicat fortes esse etiam
                        senes, bona tamen usus est temperatione, ut diceret nihil animorum vigori
                        derogare temporis vetustatem.</seg></ab>
               </div>
               <div type="textpart" subtype="verse" n="612" xml:id="l612">
                  <ab><seg source="#DS"><quote type="lemma">CANITIEM GALEA PREMIMVS</quote> id est
                        semper militamus.</seg><seg source="#Σ #DS"/></ab>
               </div>
               <div type="textpart" subtype="verse" n="614" xml:id="l614">
                  <ab><seg source="#Σ #DS"><quote type="lemma">VOBIS PICTA CROCO</quote> vituperatio
                        Troianorum, in qua utitur argumentis quae in rhetoricis commemorat Cicero
                        (Inv. 1.34, 2.177), a gente,</seg><choice>
                        <seg source="#DS">habitu, et gestu. et sunt molliores versus, apti ad
                           carpendam mollitiem. sane vestes acu pictas coloribus Phryges primi
                           invenerunt: nam ideo et artifices talium vestium phrygiones appellati
                           sunt.</seg>
                        <seg source="#Σ">ab habitu, a gestu, ab animo. </seg>
                     </choice></ab>
                  <ab><seg source="#Σ #DS"><quote type="lemma">FVLGENTI MVRICE</quote> purpura. hanc
                        autem vitio et dedecori apud maiores fuisse constat: Iuvenalis <anchor
                           xml:id="anchor-aeneid-14.187-388" corresp="note-aeneid-14.187"/><note
                           type="commentary" xml:id="note-aeneid-14.187-388"
                           target="anchor-aeneid-14.187"><ref
                              target="urn:cts:latinLit:phi0690.phi003:14.187">14.187</ref></note>
                        <hi rend="italic">peregrina ignotaque nobis ad scelus atque nefas quaecumque
                           est, purpura ducit.</hi></seg></ab>
               </div>
               <div type="textpart" subtype="verse" n="615" xml:id="l615">
                  <ab><seg source="#Σ #DS"><quote type="lemma">DESIDIAE CORDI</quote> vobis
                        sunt.</seg><seg source="#DS">et est ab animo argumentum.</seg></ab>
                  <ab><seg source="#Σ #DS"><quote type="lemma">CHOREIS</quote> servavit hoc loco
                        naturam syllabae, quam in sexto <anchor xml:id="anchor-aeneid-9.644-390"
                           corresp="note-aeneid-9.644"/><note type="commentary"
                           xml:id="note-aeneid-9.644-390" target="anchor-aeneid-9.644"><ref
                              target="urn:cts:latinLit:phi0690.phi003:9.644">644</ref></note> metri
                        causa corripuit, ut <hi rend="italic">pars pedibus plaudunt choreas et
                           carmina dicunt.</hi></seg></ab>
               </div>
               <div type="textpart" subtype="verse" n="616" xml:id="l616">
                  <ab><seg source="#Σ #DS"><quote type="lemma">ET TVNICAE MANICAS</quote> tunicae
                        vestrae habent manicas, quod etiam Cicero vituperat, dicens <anchor
                           xml:id="anchor-Cat.2.22-391" corresp="note-Cat.2.22"/><note
                           type="commentary" xml:id="note-Cat.2.22-391" target="anchor-Cat.2.22"
                              ><ref target="MATCHNOTFOUND">Cat. 2.22</ref></note>
                        <hi rend="italic">manicatis et talaribus tunicis</hi>: nam colobiis
                        utebantur antiqui.</seg><seg source="#DS">sane <hi rend="italic">habent</hi>
                        bis audiendum.</seg></ab>
                  <ab><seg source="#Σ #DS"><quote type="lemma">ET HABENT REDIMICVLA MITRAE</quote>
                        illud dicturus fuerat, 'habetis in pilleis redimicula'. quod convertit in
                        vituperationem maiorem, dicens 'religatas habetis mitras'. nam pillea
                        virorum sunt, mitrae feminarum, quas calauticas dicunt. mitra autem proprie
                        Lydorum fuit, ut <anchor xml:id="anchor-aeneid-4.216-392"
                           corresp="note-aeneid-4.216"/><note type="commentary"
                           xml:id="note-aeneid-4.216-392" target="anchor-aeneid-4.216"><ref
                              target="urn:cts:latinLit:phi0690.phi003:4.216">4.216</ref></note>
                        <hi rend="italic">Maeonia mentum mitra</hi>: quem habitum imitati sunt
                        Troiani.</seg><seg source="#DS">alii mitras meretricum esse voluerunt, quod
                        hic <surplus>est</surplus> tamquam effeminatis obicitur.</seg><seg
                        source="#Σ #DS"/></ab>
               </div>
               <div type="textpart" subtype="verse" n="617" xml:id="l617">
                  <ab><seg source="#Σ #DS"><quote type="lemma">O VERE PHRYGIAE</quote> ipsos
                        vituperaverat Phrygas <anchor xml:id="anchor-aeneid-9.599-393"
                           corresp="note-aeneid-9.599"/><note type="commentary"
                           xml:id="note-aeneid-9.599-393" target="anchor-aeneid-9.599"><ref
                              target="urn:cts:latinLit:phi0690.phi003:9.599">599</ref></note>, nunc
                        ad maiorem iniuriam Phrygias, non Phrygas dicit.</seg></ab>
                  <ab><seg source="#Σ #DS"><quote type="lemma">ALTA DINDYMA</quote> montes matris
                        deum.</seg><seg source="#DS"><hi rend="italic">ite</hi> autem <hi
                           rend="italic">per alta</hi> sic dixit, quasi currite per Dindyma et
                        ducite choros per Dindyma. nec sufficit Numano loqui iniuriam Troianorum,
                        nisi etiam sacris numinum contumeliam faciat. sed hoc iam quasi moriturus
                        loquitur: hoc est enim <anchor xml:id="anchor-aeneid-9.595-396"
                           corresp="note-aeneid-9.595"/><note type="commentary"
                           xml:id="note-aeneid-9.595-396" target="anchor-aeneid-9.595"><ref
                              target="urn:cts:latinLit:phi0690.phi003:9.595">595</ref></note> d<hi
                           rend="italic">igna atque indigna relatu</hi>
                        <hi rend="italic">vociferans</hi>, ut <hi rend="italic">digna</hi> sint quae
                        de suorum virtute dixit, <hi rend="italic">indigna</hi> quae impia et in
                        deos ausus est.</seg><seg source="#Σ #DS"/></ab>
               </div>
               <div type="textpart" subtype="verse" n="618" xml:id="l618">
                  <ab><seg source="#Σ #DS"><quote type="lemma">BIFOREM DAT TIBIA CANTVM</quote>
                        bisonum, inparem. et servavit eis tibiarum suarum,</seg><seg source="#DS">id
                        est Phrygiarum,</seg><seg source="#Σ #DS">naturam. nam tibiae aut Serranae
                        dicuntur, quae sunt pares et aequales habent cavernas, aut Phrygiae, quae et
                        inpares sunt et inaequales habent cavernas. ergo <hi rend="italic"
                           >biforem</hi> dissonum, dissimilem; non enim sunt pari modulatione
                        conpositae: ut enim ait Varro (fr. 84b G-S) <hi rend="italic">tibia Phrygia
                           dextra unum foramen habet, sinistra duo, quorum unum acutum sonum habet,
                           alterum gravem.</hi>
                     </seg></ab>
               </div>
               <div type="textpart" subtype="verse" n="619" xml:id="l619">
                  <ab><choice>
                        <seg source="#DS"><quote type="lemma">BERECYNTIA</quote> a monte Berecynto
                           dicta.</seg>
                        <seg source="#Σ"><quote type="lemma">BVXVSQVE VOCAT BERECYNTIA</quote> a
                           monte Berecynto.</seg>
                     </choice><seg source="#Σ #DS">dicitur autem et 'haec buxus' et 'hoc buxum', ut
                           <anchor xml:id="anchor-G.2449-398" corresp="note-G.2449"/><note
                           type="commentary" xml:id="note-G.2449-398" target="anchor-G.2449"><ref
                              target="MATCHNOTFOUND">G.2449</ref></note>
                        <hi rend="italic">et torno rasile buxum</hi>: unde superfluo quidam arborem
                        generis feminini esse volunt, <supplied reason="lost">lignum generis neutri,
                           cum</supplied> hoc loco etiam de ligno generis feminini habeamus
                        exemplum. </seg></ab>
               </div>
               <div type="textpart" subtype="verse" n="620" xml:id="l620">
                  <ab><seg source="#Σ #DS"><quote type="lemma">ET CEDITE FERRO</quote> aut ferrum
                        relinquite, et est iteratio, aut 'caedite ferro', id est cum viri non sitis,
                        abscidite partem virorum.</seg></ab>
               </div>
               <div type="textpart" subtype="verse" n="621" xml:id="l621">
                  <ab><seg source="#Σ #DS"><quote type="lemma">IACTANTEM</quote> de suorum
                        gloria.</seg></ab>
                  <ab><seg source="#Σ #DS"><quote type="lemma">DIRA CANENTEM</quote> ad iniuriam
                        Troianorum.</seg></ab>
               </div>
               <div type="textpart" subtype="verse" n="622" xml:id="l622">
                  <ab><seg source="#DS"><quote type="lemma">NERVO<supplied reason="lost"
                              >QVE</supplied> EQVINO</quote> quia in arcubus nervi equini solent
                        esse: Accius Philocteta <anchor xml:id="anchor-fr.9-399" corresp="note-fr.9"
                           /><note type="commentary" xml:id="note-fr.9-399" target="anchor-fr.9"
                              ><ref target="MATCHNOTFOUND">fr. 9</ref></note>
                        <hi rend="italic">tendens nervo equino concita tela</hi>.</seg><seg
                        source="#Σ #DS"/></ab>
               </div>
               <div type="textpart" subtype="verse" n="624" xml:id="l624">
                  <ab><seg source="#Σ #DS"><quote type="lemma">ANTE IOVEM SVPPLEX P<supplied
                              reason="lost">ER</supplied> V<supplied reason="lost">OTA</supplied>
                              P<supplied reason="lost">RECATVS</supplied></quote> atqui Apollinem
                        debuit invocare iaculaturus sagittas; sed dicimus ideo Iovem invocatum quia
                        omne initium</seg><seg source="#DS">et incrementum</seg><seg source="#Σ #DS"
                        >Iovi debetur, ut <anchor xml:id="anchor-E.3.60-401" corresp="note-E.3.60"
                           /><note type="commentary" xml:id="note-E.3.60-401" target="anchor-E.3.60"
                              ><ref target="MATCHNOTFOUND">E. 3.60</ref></note>
                        <hi rend="italic">ab Iove principium musae.</hi> unde nunc Ascanius non quid
                        faciat cogitat, sed quid primum: inde invocat Iovem. </seg></ab>
               </div>
               <div type="textpart" subtype="verse" n="625" xml:id="l625">
                  <ab><seg source="#Σ #DS"><quote type="lemma">IVPPITER OMNIPOTENS</quote> hoc
                        epitheton interdum ad gloriam numinis ponitur, interdum ad causam dicentis.
                        namque hoc loco dicendo <hi rend="italic">omnipotens</hi> ostendit eum etiam
                        his qui per se minus valent praestare posse virtutem.</seg></ab>
               </div>
               <div type="textpart" subtype="verse" n="626" xml:id="l626">
                  <ab><seg source="#DS"><quote type="lemma">IPSE TIBI</quote> bene ipse, quia adhuc
                        pro Ascanio pater solebat sacrificare. nam ideo et sollemnia ait quae fieri
                        solerent, ut se ostenderet, si victoria et pax esset secuta, etiam illius
                        officii capacem esse.</seg></ab>
                  <ab><seg source="#Σ #DS"><quote type="lemma">FERAM SOLLEMNIA DONA </quote>'feram'
                        de iuvenco non dicimus, sed 'adducam'. intellegimus ergo alia dona eum ferre
                        promisisse. singulis enim numinibus certa sunt dona quae offeruntur: unde
                        est <anchor xml:id="anchor-aeneid-5.54-403" corresp="note-aeneid-5.54"
                           /><note type="commentary" xml:id="note-aeneid-5.54-403"
                           target="anchor-aeneid-5.54"><ref
                              target="urn:cts:latinLit:phi0690.phi003:5.54">5.54</ref></note>
                        <hi rend="italic">strueremque suis altaria donis,</hi> id est
                        congruis.</seg></ab>
               </div>
               <div type="textpart" subtype="verse" n="627" xml:id="l627">
                  <ab><seg source="#Σ #DS"><quote type="lemma">STATVAM ANTE ARAS</quote> aptam se
                        daturum victimam ostendit: alibi <anchor xml:id="anchor-G.2395-404"
                           corresp="note-G.2395"/><note type="commentary" xml:id="note-G.2395-404"
                           target="anchor-G.2395"><ref target="MATCHNOTFOUND">G.2395</ref></note>
                        <hi rend="italic">et ductus cornu stabit sacer hircus ad aram.</hi> quotiens
                        enim victima reluctabatur, ostendebat se inprobari: Lucanus <anchor
                           xml:id="anchor-aeneid-7.165-405" corresp="note-aeneid-7.165"/><note
                           type="commentary" xml:id="note-aeneid-7.165-405"
                           target="anchor-aeneid-7.165"><ref
                              target="urn:cts:latinLit:phi0690.phi003:7.165">7.165</ref></note>
                        <hi rend="italic">discussa fugit ab ara taurus. iuvencum</hi> autem secundum
                        Romanas caerimonias dixit: nam Iovi de tauro non immolabatur, ut etiam in
                        tertio <anchor xml:id="anchor-aeneid-9.21-406" corresp="note-aeneid-9.21"
                           /><note type="commentary" xml:id="note-aeneid-9.21-406"
                           target="anchor-aeneid-9.21"><ref
                              target="urn:cts:latinLit:phi0690.phi003:9.21">21</ref></note> diximus,
                        nisi cum triumphi nomine suovetaurilia fiebant: quod tamen ideo admissum est
                        quia non tantum Iovi, sed et aliis dis qui bello praesunt,
                        sacrificabatur.</seg></ab>
                  <ab><seg source="#Σ #DS"><quote type="lemma">AVRATA FRONTE</quote> ita enim
                        victimae ornari consueverant.</seg></ab>
               </div>
               <div type="textpart" subtype="verse" n="628" xml:id="l628">
                  <ab><seg source="#Σ #DS"><quote type="lemma">CANDENTEM</quote> candidum: Iuvenalis
                           <anchor xml:id="anchor-aeneid-10.65-409" corresp="note-aeneid-10.65"
                           /><note type="commentary" xml:id="note-aeneid-10.65-409"
                           target="anchor-aeneid-10.65"><ref
                              target="urn:cts:latinLit:phi0690.phi003:10.65">10.65</ref></note>
                        <hi rend="italic">duc in Capitolia magnum cretatumque bovem.</hi> CAPVT CVM
                        MATRE FERENTEM aequalem matri, nondum patri: Iuvenalis <anchor
                           xml:id="anchor-aeneid-12.8-410" corresp="note-aeneid-12.8"/><note
                           type="commentary" xml:id="note-aeneid-12.8-410"
                           target="anchor-aeneid-12.8"><ref
                              target="urn:cts:latinLit:phi0690.phi003:12.8">12.8</ref></note>
                        <hi rend="italic">quem iam pudet ubera matris ducere, qui vexat nascenti
                           robora cornu.</hi></seg></ab>
               </div>
               <div type="textpart" subtype="verse" n="630" xml:id="l630">
                  <ab><seg source="#Σ #DS"><quote type="lemma">DE PARTE SERENA</quote> ut non causae
                        sit, sed augurii,</seg><seg source="#DS">et auspicii vis ostenderetur:
                        solent enim tonitrua per tempestatem inferri.</seg><seg source="#Σ #DS"
                     /></ab>
               </div>
               <div type="textpart" subtype="verse" n="631" xml:id="l631">
                  <ab><seg source="#Σ #DS"><quote type="lemma">INTONVIT LAEVVM</quote> prosperum: ut
                        enim supra <anchor xml:id="anchor-aeneid-2.54-411"
                           corresp="note-aeneid-2.54"/><note type="commentary"
                           xml:id="note-aeneid-2.54-411" target="anchor-aeneid-2.54"><ref
                              target="urn:cts:latinLit:phi0690.phi003:2.54">2.54</ref></note>
                        diximus, quae sinistra nobis videntur intuentibus caelum, illic dextra sunt:
                        non quod sinistra bona sunt, sed quod dextra caeli nobis sinistra
                        sunt.</seg></ab>
                  <ab><seg source="#Σ #DS"><quote type="lemma">SONAT VNA FATIFER ARCVS</quote> simul
                        atque cognovit augurium.</seg></ab>
               </div>
               <div type="textpart" subtype="verse" n="632" xml:id="l632">
                  <ab><seg source="#Σ #DS"><quote type="lemma">ET FVGIT</quote> melius 'effugit'
                        legitur.</seg><seg source="#DS">et figura est 'horrendum effugit'.</seg><seg
                        source="#Σ #DS"/></ab>
               </div>
               <div type="textpart" subtype="verse" n="633" xml:id="l633">
                  <ab><seg source="#Σ #DS"><quote type="lemma">PERQVE CAPVT REMVLI VENIT</quote>
                        figmenta haec vulnerum plerumque non sine ratione ponunt poetae; nam modo
                        hunc ideo in capite dicit esse percussum quia eum supra vaniloquum
                        introduxerat et superbum. quod vitio capitis evenit: Horatius (C. 1.18.15)
                           <hi rend="italic">attollens vacuum plus nimio gloria verticem.</hi> sic
                        Homerus <anchor xml:id="anchor-Il.2.265-412" corresp="note-Il.2.265"/><note
                           type="commentary" xml:id="note-Il.2.265-412" target="anchor-Il.2.265"
                              ><ref target="MATCHNOTFOUND">Il. 2.265</ref></note> Thersiten a tergo
                        vulneratum dicit usque ad praecordia (nam ait µετάφρενα) quia eum stultum
                        induxerat. item de Achille dicit (Il. 1.58 et alibi) πόδας ὠκὺς Ἀχιλλεύς,
                        quem legimus in talo esse vulneratum.</seg><seg source="#DS">vel ideo 'per
                        caput et cava tempora', ut divinitus misso telo nulla pars alia corporis sed
                        caput vulneraretur, scilicet ut hominis, qui infanda et impia de
                        religionibus dixerat, sacrilegium capite expiaretur.</seg><seg
                        source="#Σ #DS"/></ab>
               </div>
               <div type="textpart" subtype="verse" n="634" xml:id="l634">
                  <ab><seg source="#Σ #DS"><quote type="lemma">VIRTVTEM INLVDE </quote>'inludo tibi'
                        et 'insulto tibi' dicimus: nam 'inludo te' figuratum est, ut hoc loco, item
                        'insulto te': Sallustius <anchor xml:id="anchor-H.2.23-414"
                           corresp="note-H.2.23"/><note type="commentary" xml:id="note-H.2.23-414"
                           target="anchor-H.2.23"><ref target="MATCHNOTFOUND">H. 2.23</ref></note>
                        <hi rend="italic">multos a pueritia bonos insultaverat.</hi></seg></ab>
               </div>
               <div type="textpart" subtype="verse" n="635" xml:id="l635">
                  <ab><seg source="#DS"><quote type="lemma">HAEC RVTVLIS</quote> pro 'talia':
                        vitavit pronomen.</seg><seg source="#Σ #DS"/></ab>
               </div>
               <div type="textpart" subtype="verse" n="636" xml:id="l636">
                  <ab><seg source="#Σ #DS"><quote type="lemma">HOC TANTVM ASCANIVS</quote> et dixit
                        et fecit.</seg></ab>
               </div>
               <div type="textpart" subtype="verse" n="637" xml:id="l637">
                  <ab><seg source="#Σ #DS"><quote type="lemma">ANIMOSQVE AD SIDERA TOLLVNT</quote>
                        aut suos, aut Ascanii, per favorem.</seg></ab>
               </div>
               <div type="textpart" subtype="verse" n="639" xml:id="l639">
                  <ab><seg source="#DS"><quote type="lemma">ACIES VRBEMQVE</quote>
                        syllepsis.</seg><seg source="#Σ #DS"/></ab>
               </div>
               <div type="textpart" subtype="verse" n="640" xml:id="l640">
                  <ab><seg source="#Σ #DS"><quote type="lemma">NVBE SEDENS</quote> sicut solent
                        numina: Iuno <anchor xml:id="anchor-aeneid-12.810-415"
                           corresp="note-aeneid-12.810"/><note type="commentary"
                           xml:id="note-aeneid-12.810-415" target="anchor-aeneid-12.810"><ref
                              target="urn:cts:latinLit:phi0690.phi003:12.810">12.810</ref></note>
                        <hi rend="italic">nec tu me aeria solam nunc sede videres digna indigna
                           pati.</hi></seg></ab>
                  <ab><seg source="#DS"><quote type="lemma">VICTOREM</quote></seg></ab>
                  <ab><seg source="#DS"><quote type="lemma">VICTOREM</quote> bene ei qui unum
                        occiderat addidit dignitatem.</seg></ab>
                  <ab><seg source="#DS"><quote type="lemma">ADFATVR</quote></seg></ab>
                  <ab><seg source="#DS"><quote type="lemma">ADFATVR IVLVM</quote> non ita ut Iulus
                        audiret.</seg><seg source="#Σ #DS"/></ab>
               </div>
               <div type="textpart" subtype="verse" n="641" xml:id="l641">
                  <ab><seg source="#Σ #DS"><quote type="lemma">MACTE </quote>'magis aucte', 'adfecte
                        gloria'. et est sermo tractus a sacris. quotiens enim aut tus aut vinum
                        super victimam fundebatur, dicebant 'mactus est taurus vino vel ture', hoc
                        est, cumulata est hostia et magis aucta.</seg><seg source="#DS"><hi
                           rend="italic">macte</hi> ergo pro 'mactus esto', vocativum pro nominativo
                        posuit, ut Persius <anchor xml:id="anchor-aeneid-3.28-529"
                           corresp="note-aeneid-3.28"/><note type="commentary"
                           xml:id="note-aeneid-3.28-529" target="anchor-aeneid-3.28"><ref
                              target="urn:cts:latinLit:phi0690.phi003:3.28">3.28</ref></note>
                        <hi rend="italic">stemmate quod Tusco ramum millesime ducis</hi>
                        <hi rend="italic">censoremve tuum vel quod trabeate salutas</hi> pro
                        'millesimus' et 'trabeatus', et Vergilius <anchor
                           xml:id="anchor-aeneid-3.382-530" corresp="note-aeneid-3.382"/><note
                           type="commentary" xml:id="note-aeneid-3.382-530"
                           target="anchor-aeneid-3.382"><ref
                              target="urn:cts:latinLit:phi0690.phi003:3.382">3.382</ref></note>
                        <hi rend="italic">vicinosque ignare paras i</hi><supplied reason="lost"><hi
                              rend="italic">nvadere</hi></supplied>
                        <hi rend="italic">p</hi><supplied reason="lost"><hi rend="italic"
                           >ortus</hi></supplied> pro 'ignarus', et alibi <anchor
                           xml:id="anchor-aeneid-7.685-531" corresp="note-aeneid-7.685"/><note
                           type="commentary" xml:id="note-aeneid-7.685-531"
                           target="anchor-aeneid-7.685"><ref
                              target="urn:cts:latinLit:phi0690.phi003:7.685">7.685</ref></note>
                        <hi rend="italic">quos Amasene pater</hi> pro 'Amasenus': sic ergo et macte
                        pro 'mactus'.quod autem 'esto' non addidit, ab antiquitate descivit; nam
                        veteres 'macte esto' dicebant. sed hoc secutus suam consuetudinem fecit: nam
                        et alibi <anchor xml:id="anchor-aeneid-7.11-532" corresp="note-aeneid-7.11"
                           /><note type="commentary" xml:id="note-aeneid-7.11-532"
                           target="anchor-aeneid-7.11"><ref
                              target="urn:cts:latinLit:phi0690.phi003:7.11">7.11</ref></note>
                        <hi rend="italic">dives</hi>
                        <hi rend="italic">inaccessos ubi S</hi><supplied reason="lost"><hi
                              rend="italic">olis</hi></supplied>
                        <hi rend="italic">f</hi><supplied reason="lost"><hi rend="italic"
                           >ilia</hi></supplied>
                        <hi rend="italic">l</hi><supplied reason="lost"><hi rend="italic"
                           >ucos</hi></supplied>, et iterum <anchor xml:id="anchor-aeneid-4.263-533"
                           corresp="note-aeneid-4.263"/><note type="commentary"
                           xml:id="note-aeneid-4.263-533" target="anchor-aeneid-4.263"><ref
                              target="urn:cts:latinLit:phi0690.phi003:4.263">4.263</ref></note><hi
                           rend="italic">dives quae</hi>
                        <hi rend="italic">munera Dido</hi>, praetermisit cuius rei dives, cum
                        veteres 'dives illius rei' dicerent, quod ipse alibi <anchor
                           xml:id="anchor-G.2468-534" corresp="note-G.2468"/><note type="commentary"
                           xml:id="note-G.2468-534" target="anchor-G.2468"><ref
                              target="MATCHNOTFOUND">G.2468</ref></note>
                        <hi rend="italic">dives opum variarum</hi> et <anchor
                           xml:id="anchor-aeneid-9.26-535" corresp="note-aeneid-9.26"/><note
                           type="commentary" xml:id="note-aeneid-9.26-535"
                           target="anchor-aeneid-9.26"><ref
                              target="urn:cts:latinLit:phi0690.phi003:9.26">9.26</ref></note>
                        <hi rend="italic">dives</hi>
                        <hi rend="italic">pictai vestis et auri</hi>. et item cum veteres natalem
                        diem vel locum vel tempus dicerent, ut Horatius (C. 1.21.10) <hi
                           rend="italic">natalemque</hi>, <hi rend="italic">mares, Delon</hi>
                        <hi rend="italic">Apollinis</hi> et Plautus in Pseudolo <anchor
                           xml:id="anchor-aeneid-9.179-536" corresp="note-aeneid-9.179"/><note
                           type="commentary" xml:id="note-aeneid-9.179-536"
                           target="anchor-aeneid-9.179"><ref
                              target="urn:cts:latinLit:phi0690.phi003:9.179">179</ref></note>
                        <hi rend="italic">natalem hunc mihi diem scitis</hi>
                        <hi rend="italic">esse</hi>, Vergilius his omissis dixit <anchor
                           xml:id="anchor-E.3.76-537" corresp="note-E.3.76"/><note type="commentary"
                           xml:id="note-E.3.76-537" target="anchor-E.3.76"><ref
                              target="MATCHNOTFOUND">E. 3.76</ref></note>
                        <hi rend="italic">Phyllida mitte mihi</hi>, <hi rend="italic">meus est</hi>
                        <hi rend="italic">natalis, Iolla</hi>. ergo et hic ita subtraxit; nam
                        integrum est 'macte esto nova virtute puer'. 'mactus' autem apud veteres
                        etiam 'mactatus' dicebatur, ut Ennius <anchor xml:id="anchor-Ann.299-538"
                           corresp="note-Ann.299"/><note type="commentary" xml:id="note-Ann.299-538"
                           target="anchor-Ann.299"><ref target="Enn_Ann">Ann. 299</ref></note>
                        <hi rend="italic">Livius inde redit magno mactatus</hi>
                        <hi rend="italic">triumpho</hi>. et Lucilius libro quinto (225 M) <hi
                           rend="italic">macte, inquam, virtute</hi>
                        <hi rend="italic">simulque his versibus</hi>
                        <hi rend="italic">esto</hi>, et in pontificalibus sacrificantes dicebant deo
                           <hi rend="italic">macte hoc vino</hi>
                        <hi rend="italic">inferio esto</hi>.</seg></ab>
                  <ab><seg source="#Σ #DS"><quote type="lemma">NOVA VIRTVTE</quote> aut
                        magna</seg><seg source="#DS">et mira,</seg><seg source="#Σ #DS">ut <anchor
                           xml:id="anchor-E.3.86-539" corresp="note-E.3.86"/><note type="commentary"
                           xml:id="note-E.3.86-539" target="anchor-E.3.86"><ref
                              target="MATCHNOTFOUND">E. 3.86</ref></note>
                        <hi rend="italic">Pollio et ipse facit nova carmina</hi>; aut re vera
                        nova,</seg><seg source="#DS">id est rudi,</seg><seg source="#Σ #DS">quantum
                        ad bellum. </seg></ab>
               </div>
               <div type="textpart" subtype="verse" n="642" xml:id="l642">
                  <ab><seg source="#Σ #DS"><quote type="lemma">DIS GENITE</quote> propter
                        Venerem.</seg></ab>
                  <ab><seg source="#Σ #DS"><quote type="lemma">GENITVRE DEOS</quote> propter Iulium
                        Caesarem et Augustum.</seg></ab>
                  <ab><seg source="#Σ #DS"><quote type="lemma">IVRE</quote> merito.</seg></ab>
               </div>
               <div type="textpart" subtype="verse" n="643" xml:id="l643">
                  <ab><seg source="#Σ #DS"><quote type="lemma">GENTE SVB ASSARACI</quote> sub gente
                        Romana: Assaracus enim pater est Capyos, avus Anchisae.</seg></ab>
                  <ab><seg source="#Σ #DS"><quote type="lemma">FATO VENTVRA</quote> magna. haec enim
                        bella sunt gravia</seg><seg source="#Σ">quae fatali ratione contingunt, ut
                        Troiana et Thebana.</seg></ab>
                  <ab><seg source="#DS"><quote type="lemma">RESIDENT</quote></seg></ab>
                  <ab><seg source="#DS"><quote type="lemma">RESIDENT</quote> sedabuntur, ut
                        tempestatem residere dicimus.</seg><seg source="#Σ #DS"/></ab>
               </div>
               <div type="textpart" subtype="verse" n="644" xml:id="l644">
                  <ab><seg source="#Σ #DS"><quote type="lemma">NEC TE TROIA CAPIT</quote></seg><seg
                        source="#DS">vel maior es quam patria, vel</seg><seg source="#Σ #DS">maior
                        es meritis quam civitas in qua nunc es: Lucanus de Caesare <anchor
                           xml:id="anchor-aeneid-1.175-541" corresp="note-aeneid-1.175"/><note
                           type="commentary" xml:id="note-aeneid-1.175-541"
                           target="anchor-aeneid-1.175"><ref
                              target="urn:cts:latinLit:phi0690.phi003:1.175">1.175</ref></note>
                        <hi rend="italic">plus patria potuisse sua.</hi>
                     </seg></ab>
               </div>
               <div type="textpart" subtype="verse" n="645" xml:id="l645">
                  <ab><seg source="#Σ #DS"><quote type="lemma">SPIRANTES</quote> vitales, quibus
                        spiramus et vivimus.</seg></ab>
               </div>
               <div type="textpart" subtype="verse" n="646" xml:id="l646">
                  <ab><seg source="#Σ #DS"><quote type="lemma">PETIT</quote> notandum <hi
                           rend="italic">petit</hi> sine insidiis dictum.</seg></ab>
               </div>
               <div type="textpart" subtype="verse" n="647" xml:id="l647">
                  <ab><seg source="#DS"><quote type="lemma">ANTIQVVM IN BVTEN</quote> hic Butes
                        semel hic nominatur, ut in quinto <anchor xml:id="anchor-aeneid-9.704-542"
                           corresp="note-aeneid-9.704"/><note type="commentary"
                           xml:id="note-aeneid-9.704-542" target="anchor-aeneid-9.704"><ref
                              target="urn:cts:latinLit:phi0690.phi003:9.704">704</ref></note>
                        Nautes.</seg><seg source="#Σ #DS"/></ab>
               </div>
               <div type="textpart" subtype="verse" n="648" xml:id="l648">
                  <ab><seg source="#Σ #DS"><quote type="lemma">FIDVSQVE AD LIMINA CVSTOS</quote>
                        aedituus fuit: quod, ut supra <anchor xml:id="anchor-aeneid-1.726-543"
                           corresp="note-aeneid-1.726"/><note type="commentary"
                           xml:id="note-aeneid-1.726-543" target="anchor-aeneid-1.726"><ref
                              target="urn:cts:latinLit:phi0690.phi003:1.726">1.726</ref></note>
                        diximus, in ingenti honore apud maiores fuit. illic enim et epulabantur et
                        deos colebant; census etiam omnis illic servabatur: quod et Plautus docet in
                        Asinaria, in qua inducit Sauriam, servum atriensem, in tota familia plurimum
                        posse.</seg><seg source="#DS"><hi rend="italic">ad limina</hi> sane
                        figuratum.</seg><seg source="#Σ #DS"/></ab>
               </div>
               <div type="textpart" subtype="verse" n="651" xml:id="l651">
                  <ab><seg source="#Σ #DS"><quote type="lemma">SAEVA SONORIBVS ARMA</quote> strepitu
                        terribilia.</seg><seg source="#DS">et utrum saeva arma quae habent sonorem,
                        ut <anchor xml:id="anchor-aeneid-9.359-545" corresp="note-aeneid-9.359"
                           /><note type="commentary" xml:id="note-aeneid-9.359-545"
                           target="anchor-aeneid-9.359"><ref
                              target="urn:cts:latinLit:phi0690.phi003:9.359">359</ref></note>
                        <hi rend="italic">aurea bullis</hi>
                        <hi rend="italic">cingula</hi>, an etiam sonoribus saeva?</seg><seg
                        source="#Σ #DS"/></ab>
               </div>
               <div type="textpart" subtype="verse" n="652" xml:id="l652">
                  <ab><seg source="#Σ #DS"><quote type="lemma">ARDENTEM</quote> desiderio dimicandi:
                        unde <anchor xml:id="anchor-aeneid-9.637-548" corresp="note-aeneid-9.637"
                           /><note type="commentary" xml:id="note-aeneid-9.637-548"
                           target="anchor-aeneid-9.637"><ref
                              target="urn:cts:latinLit:phi0690.phi003:9.637">637</ref></note>
                        <hi rend="italic">animosque ad sidera tollunt</hi> melius Ascanii
                        intellegimus, sicut Statius de Menoeceo <anchor
                           xml:id="anchor-Th.10.685-549" corresp="note-Th.10.685"/><note
                           type="commentary" xml:id="note-Th.10.685-549" target="anchor-Th.10.685"
                              ><ref target="MATCHNOTFOUND">Th.10.685</ref></note>
                        <hi rend="italic">et laudibus inplet honestis.</hi></seg></ab>
               </div>
               <div type="textpart" subtype="verse" n="653" xml:id="l653">
                  <ab><seg source="#Σ #DS"><quote type="lemma">AENIDE</quote> patronymicon hoc non
                        venit ab eo quod est 'hic Aeneas': nam 'hic Aeneades' et 'o Aeneade'
                        faceret.</seg></ab>
               </div>
               <div type="textpart" subtype="verse" n="654" xml:id="l654">
                  <ab><seg source="#Σ #DS"><quote type="lemma">PRIMAM HANC TIBI MAGNVS
                           APOLLO</quote> dicendo <hi rend="italic">primam hanc</hi> pollicetur et
                        aliam. concedere autem se ideo dixit quia sagittarum deus est: et licet eum
                        Iuppiter iuverit, Apollo tamen sibi suum officium vindicat, quod dicit se
                        concessisse quia non prohibuit. ea enim quae ab aliis numinibus poscimus
                        tunc inplentur si non adversentur numina quorum propria sunt quae poscimus:
                        unde et in quarto <anchor xml:id="anchor-aeneid-9.125-551"
                           corresp="note-aeneid-9.125"/><note type="commentary"
                           xml:id="note-aeneid-9.125-551" target="anchor-aeneid-9.125"><ref
                              target="urn:cts:latinLit:phi0690.phi003:9.125">125</ref></note> Iuno
                        ait <hi rend="italic">adero et, tua si mihi certa voluntas,</hi> hoc est,
                        'quod in me est, iungam eos; restat ut et tu tuum inpleri velis
                        officium'.</seg></ab>
               </div>
               <div type="textpart" subtype="verse" n="655" xml:id="l655">
                  <ab><seg source="#Σ #DS"><quote type="lemma">PARIBVS NON INVIDET ARMIS</quote>
                        pari gloriae: nam ut Apollo puer</seg><choice>
                        <seg source="#DS">extinxit Pythonem in vindictam matris, sic Numanum
                           Ascanius. </seg>
                        <seg source="#Σ">occiso Pythone ultus est matris iniuriam, sic Ascanius
                           occiso Numano Troianorum castra iniuriasque defendit.</seg>
                     </choice><seg source="#Σ #DS"><hi rend="italic">paribus</hi> ergo <hi
                           rend="italic">armis,</hi> id est similibus, non peritia, sed</seg><choice>
                        <seg source="#DS">triumpho.</seg>
                        <seg source="#Σ">genere victoriae.</seg>
                     </choice><seg source="#Σ #DS"/></ab>
               </div>
               <div type="textpart" subtype="verse" n="656" xml:id="l656">
                  <ab><seg source="#Σ #DS"><quote type="lemma">CETERA</quote> deinceps: et est
                        adverbium;</seg><seg source="#DS">id est in ceterum. est autem Ennianum
                           <anchor xml:id="anchor-Ann.61-553" corresp="note-Ann.61"/><note
                           type="commentary" xml:id="note-Ann.61-553" target="anchor-Ann.61"><ref
                              target="Enn_Ann">Ann. 61</ref></note>
                        <hi rend="italic">cetera quos peperisti</hi>
                        <hi rend="italic">ne cures</hi>.</seg></ab>
                  <ab><seg source="#Σ #DS"><quote type="lemma">ORSVS</quote> modo locutus,</seg><seg
                        source="#DS">id est pro eo qui desierit;</seg><seg source="#Σ #DS">alias
                        coepit, quod magis est proprium, ut <anchor xml:id="anchor-aeneid-1.325-555"
                           corresp="note-aeneid-1.325"/><note type="commentary"
                           xml:id="note-aeneid-1.325-555" target="anchor-aeneid-1.325"><ref
                              target="urn:cts:latinLit:phi0690.phi003:1.325">1.325</ref></note>
                        <hi rend="italic">sic Venus, et Veneris contra sic filius orsus.</hi>
                     </seg></ab>
               </div>
               <div type="textpart" subtype="verse" n="657" xml:id="l657">
                  <ab><choice>
                        <seg source="#DS"><quote type="lemma">MEDIO SERMONE</quote></seg>
                        <seg source="#Σ"><quote type="lemma">MEDIO SERMONE</quote> ideo <hi
                              rend="italic">medio</hi></seg>
                     </choice><seg source="#Σ #DS">quia non respondit Ascanius.</seg><seg
                        source="#DS">sermo est enim duorum vel plurium oratio.</seg><seg
                        source="#Σ #DS"/></ab>
               </div>
               <div type="textpart" subtype="verse" n="660" xml:id="l660">
                  <ab><seg source="#Σ #DS"><quote type="lemma">FVGA</quote> abscessu.</seg><seg
                        source="#DS">et more suo abeuntes deos inducit agnosci.</seg></ab>
                  <ab><seg source="#Σ #DS"><quote type="lemma">PHARETRAMQVE F<supplied reason="lost"
                              >VGA</supplied> S<supplied reason="lost">ENSERE</supplied>
                           SONANTEM</quote> quia dixit supra <anchor
                           xml:id="anchor-aeneid-9.650-557" corresp="note-aeneid-9.650"/><note
                           type="commentary" xml:id="note-aeneid-9.650-557"
                           target="anchor-aeneid-9.650"><ref
                              target="urn:cts:latinLit:phi0690.phi003:9.650">650</ref></note>
                        <hi rend="italic">et saeva sonoribus arma.</hi></seg></ab>
               </div>
               <div type="textpart" subtype="verse" n="661" xml:id="l661">
                  <ab><seg source="#Σ #DS"><quote type="lemma">DICTIS</quote> propter auditam
                        orationem.</seg></ab>
                  <ab><seg source="#Σ #DS"><quote type="lemma">NVMINE</quote> propter agnitum
                        deum.</seg></ab>
               </div>
               <div type="textpart" subtype="verse" n="663" xml:id="l663">
                  <ab><seg source="#DS"><quote type="lemma">ANIMASQVE IN APERTA PERICVLA
                           MITTVNT</quote> plus enim quam manifesta sunt praesentia pericula, quando
                        audientibus Troianis bello prohibebatur Ascanius ne
                        periclitaretur.</seg><seg source="#Σ #DS"/></ab>
               </div>
               <div type="textpart" subtype="verse" n="665" xml:id="l665">
                  <ab><seg source="#Σ #DS"><quote type="lemma">INTENDVNT ACRES ARCVS</quote> pro
                        'ipsi acres': ut enim et in primo <anchor xml:id="anchor-aeneid-9.318-558"
                           corresp="note-aeneid-9.318"/><note type="commentary"
                           xml:id="note-aeneid-9.318-558" target="anchor-aeneid-9.318"><ref
                              target="urn:cts:latinLit:phi0690.phi003:9.318">318</ref></note>
                        diximus, arcum unusquisque habet pro viribus suis.</seg></ab>
                  <ab><seg source="#Σ #DS"><quote type="lemma">AMMENTAQVE TORQVENT</quote> pro 'tela
                        ammentis torquent': nam ammentum est lorum quo media hasta religatur et
                        iacitur.</seg></ab>
               </div>
               <div type="textpart" subtype="verse" n="667" xml:id="l667">
                  <ab><seg source="#Σ #DS"><quote type="lemma">FLICTV</quote> pro
                        adflictu,</seg><seg source="#DS">vel inflictu,</seg><seg source="#Σ #DS">id
                        est ictu: nam detraxit more suo praepositionem.</seg><seg source="#DS">et
                        locutus est iuxta antiquum morem: Pacuvius Teucro <anchor
                           xml:id="anchor-fr.15-560" corresp="note-fr.15"/><note type="commentary"
                           xml:id="note-fr.15-560" target="anchor-fr.15"><ref target="MATCHNOTFOUND"
                              >fr. 15</ref></note>
                        <hi rend="italic">flictus</hi>
                        <hi rend="italic">navium</hi>.</seg><seg source="#Σ #DS"/></ab>
               </div>
               <div type="textpart" subtype="verse" n="668" xml:id="l668">
                  <ab><seg source="#Σ #DS"><quote type="lemma">PLVVIALIBVS HAEDIS</quote> super
                        tauri cornua est signum cui auriga nomen est: hunc cum tauro una clara
                        stella coniungit. retinet autem auriga stellas duas in manu, quae Haedi
                        vocantur,</seg><seg source="#DS">et capram quam Amaltheam dicunt:</seg><choice>
                        <seg source="#DS">quarum ortus et occasus gravissimas tempesstates
                           faciunt.</seg>
                        <seg source="#Σ">quorum et ortus et occasus tempestates gravissimas
                           facit.</seg>
                     </choice><seg source="#Σ #DS">oriuntur autem cum scorpione mense Octobri.
                     </seg></ab>
               </div>
               <div type="textpart" subtype="verse" n="670" xml:id="l670">
                  <ab><seg source="#Σ #DS"><quote type="lemma">IVPPITER</quote> aer, ut <hi
                           rend="italic">manet sub Iove frigido venator</hi> Horatius (C.
                        1.1.25).</seg></ab>
               </div>
               <div type="textpart" subtype="verse" n="673" xml:id="l673">
                  <ab><seg source="#DS"><quote type="lemma">EDVXIT</quote> quidam pro 'educavit'
                        volunt intellegi.</seg><seg source="#Σ #DS"/></ab>
               </div>
               <div type="textpart" subtype="verse" n="674" xml:id="l674">
                  <ab><seg source="#Σ #DS"><quote type="lemma">MONTIBVS AEQVOS </quote>Idae vel eius
                        arboribus exaequandos.</seg></ab>
               </div>
               <div type="textpart" subtype="verse" n="675" xml:id="l675">
                  <ab><choice>
                        <seg source="#DS"><quote type="lemma">DVCIS IMPERIO COMMISSA</quote> aut
                           quae eis fuerat commissa imperio abeuntis Aeneae; aut, quod est melius,
                           quae imperio Aeneae fuerat commissa, id est clausa: unde et commissurae
                           dicuntur coniunctiones tabularum. secundum superiorem sensum contrarium
                           est quod dixit <anchor xml:id="anchor-aeneid-9.173-566"
                              corresp="note-aeneid-9.173"/><note type="commentary"
                              xml:id="note-aeneid-9.173-566" target="anchor-aeneid-9.173"><ref
                                 target="urn:cts:latinLit:phi0690.phi003:9.173">173</ref></note>
                           <hi rend="italic">rectores iuvenum et rerum dedit esse ma</hi>-</seg>
                        <seg source="#Σ"><quote type="lemma">DVCIS IMPERIO COMMISSA</quote> scimus
                           quod Mnes- theo et aliis ducibus imperaverat Aeneas, ad petenda
                           proficiscens auxilia, ne portas aperirent, ut <anchor
                              xml:id="anchor-aeneid-9.43-567" corresp="note-aeneid-9.43"/><note
                              type="commentary" xml:id="note-aeneid-9.43-567"
                              target="anchor-aeneid-9.43"><ref
                                 target="urn:cts:latinLit:phi0690.phi003:9.43">43</ref></note><hi
                              rend="italic">castra modo et tutos servarent </hi>
                           <hi rend="italic">aggere muros.</hi> item legimus <anchor
                              xml:id="anchor-aeneid-9.173-568" corresp="note-aeneid-9.173"/><note
                              type="commentary" xml:id="note-aeneid-9.173-568"
                              target="anchor-aeneid-9.173"><ref
                                 target="urn:cts:latinLit:phi0690.phi003:9.173">173</ref></note>
                           Mnesthea et Serestum ductores fuisse et rerum magistros, non Pandarum et
                           Bitiam: unde apparet quia</seg>
                     </choice><choice>
                        <seg source="#DS"><hi rend="italic">gistros.</hi> Aeneas enim abscedens
                           principibus omnium rerum commiserat curam. alii <hi rend="italic"
                              >ducis</hi> Ascanium accipiunt. alii commissam ideo 'clausam'
                           accipiunt quia superius <anchor xml:id="anchor-aeneid-9.38-616"
                              corresp="note-aeneid-9.38"/><note type="commentary"
                              xml:id="note-aeneid-9.38-616" target="anchor-aeneid-9.38"><ref
                                 target="urn:cts:latinLit:phi0690.phi003:9.38">38</ref></note>
                           lectum est <hi rend="italic">heia ingenti clamore per omnes condunt
                              se</hi>
                           <hi rend="italic">Teucri portas</hi>: quietis enim rebus portae patebant,
                           per quas se Teucri sub adventum hostis receperant: propterea quod ait
                              <anchor xml:id="anchor-aeneid-9.40-617" corresp="note-aeneid-9.40"
                              /><note type="commentary" xml:id="note-aeneid-9.40-617"
                              target="anchor-aeneid-9.40"><ref
                                 target="urn:cts:latinLit:phi0690.phi003:9.40">40</ref></note>
                           <hi rend="italic">namque ita discedens praeceperat</hi>
                           <hi rend="italic">optimus armis Aeneas, si qua interea</hi>
                           <hi rend="italic">f</hi><supplied reason="lost"><hi rend="italic"
                                 >ortuna</hi></supplied>
                           <hi rend="italic">f</hi><supplied reason="lost"><hi rend="italic"
                                 >uisset</hi></supplied>_, <anchor xml:id="anchor-aeneid-9.56-618"
                              corresp="note-aeneid-9.56"/><note type="commentary"
                              xml:id="note-aeneid-9.56-618" target="anchor-aeneid-9.56"><ref
                                 target="urn:cts:latinLit:phi0690.phi003:9.56">56</ref></note> non
                           aequo dare se_ <hi rend="italic">campo, n</hi><supplied reason="lost"><hi
                                 rend="italic">on</hi></supplied>
                           <hi rend="italic">o</hi><supplied reason="lost"><hi rend="italic"
                                 >bvia</hi></supplied>
                           <hi rend="italic">f</hi><supplied reason="lost"><hi rend="italic"
                                 >erre</hi></supplied>
                           <hi rend="italic">arma viros,</hi>
                           <hi rend="italic">sed castra fovere.</hi>sane <hi rend="italic"
                              >commissa</hi> deest 'sibi' vel 'illis'.</seg>
                        <seg source="#Σ">hunc locum male intellexit Donatus, dicens <anchor
                              xml:id="anchor-Verg.97-619" corresp="note-Verg.97"/><note
                              type="commentary" xml:id="note-Verg.97-619" target="anchor-Verg.97"
                                 ><ref target="MATCHNOTFOUND">Verg. 97</ref></note>, <hi
                              rend="italic">commissam portam id est creditam </hi>
                           <hi rend="italic">Pandaro et Bitiae</hi>: qui duces non erant. Cornutus
                           vero melius sensit, dicens <anchor xml:id="anchor-fr.32-620"
                              corresp="note-fr.32"/><note type="commentary" xml:id="note-fr.32-620"
                              target="anchor-fr.32"><ref target="MATCHNOTFOUND">fr. 32</ref></note>
                           <hi rend="italic">portam quae ducis imperio commissa fuerat, </hi>
                           <hi rend="italic">hoc est clausa, eam aperuerunt.</hi> commissura enim
                           dicitur tabularum coniunctio, sicut Cicero in Fundaniana <anchor
                              xml:id="anchor-fr.3-621" corresp="note-fr.3"/><note type="commentary"
                              xml:id="note-fr.3-621" target="anchor-fr.3"><ref
                                 target="MATCHNOTFOUND">fr. 3</ref></note> meminit. ergo melius est
                           ut commissam dicamus 'clausam' quam 'creditam Pandaro et Bitiae'. </seg>
                     </choice><seg source="#Σ #DS"/></ab>
               </div>
               <div type="textpart" subtype="verse" n="676" xml:id="l676">
                  <ab><seg source="#DS"><quote type="lemma">MOENIBVS</quote> pro 'in
                        moenia'.</seg><seg source="#Σ #DS"/></ab>
               </div>
               <div type="textpart" subtype="verse" n="677" xml:id="l677">
                  <ab><seg source="#Σ #DS"><quote type="lemma">PRO TVRRIBVS</quote> aut vice
                        turrium, aut pro defensione.</seg></ab>
               </div>
               <div type="textpart" subtype="verse" n="678" xml:id="l678">
                  <ab><seg source="#Σ #DS"><quote type="lemma">ARMATI FERRO</quote> aut bene
                        instructi armis; aut, ut Asper dicit <anchor xml:id="anchor-fr.46-624"
                           corresp="note-fr.46"/><note type="commentary" xml:id="note-fr.46-624"
                           target="anchor-fr.46"><ref target="MATCHNOTFOUND">fr. 46</ref></note>,
                        ferrea corda habentes, id est dura et cruenta cogitantes: ut Ennium sit
                        secutus qui ait <anchor xml:id="anchor-Ann.519-625" corresp="note-Ann.519"
                           /><note type="commentary" xml:id="note-Ann.519-625"
                           target="anchor-Ann.519"><ref target="Enn_Ann">Ann. 519</ref></note>
                        <hi rend="italic">succincti corda machaeris.</hi></seg></ab>
               </div>
               <div type="textpart" subtype="verse" n="679" xml:id="l679">
                  <ab><choice>
                        <seg source="#DS"><quote type="lemma">LIQVETIA FLVMINA CIRCVM </quote>Padus,
                           Italiae fluvius, aliquot provincias dextra laevaque contingit, inter quas
                           et Venetiae partem praeterfluit. Athesis Venetiae fluvius est, Veronam
                           civitatem ambiens et in Padum cadens. Liquetia Venetiae fluvius est inter
                           Altinum et Concordiam, quem nunc commemorat. nam <hi rend="italic"
                              >Liquetia</hi> non est. epitheton: nemo enim a generalitate transit ad
                           species</seg>
                        <seg source="#Σ"><quote type="lemma">LIQVETIA FLVMINA</quote> iuxta Padum et
                           Athesin, Venetiae flumina, est etiam fluvius Liquetius, quem nunc
                           commemorat. ergo <hi rend="italic">Liquetia</hi> proprium est nomen, non
                           epitheton, ne incipimus a generalitate ad speciem reverti: quod vitiosum
                           est, ut si dicas 'circa flumina nascuntur arbores' et sic inferas 'circa
                           Tiberim vel Anienem'; sufficit enim dixisse 'circa flumina' generaliter.
                           unde apparet quia 'Liquetia' legendum est, non 'liquentia'</seg>
                     </choice><seg source="#Σ #DS"/></ab>
               </div>
               <div type="textpart" subtype="verse" n="681" xml:id="l681">
                  <ab><seg source="#Σ #DS"><quote type="lemma">INTONSAQVE CAELO A<supplied
                              reason="lost">TTOLLVUNT</supplied> C<supplied reason="lost"
                              >APITA</supplied></quote> hoc ad supra dictas cristas
                     refertur.</seg></ab>
                  <ab><seg source="#Σ"><quote type="lemma">GEMINAE</quote></seg></ab>
                  <ab><seg source="#Σ"><quote type="lemma">GEMINAE QVERCVS</quote> non quia tantum
                        duae nascuntur, sed ad istorum similitudinem respexit: id est quando similes
                        elevantur quercus.</seg><seg source="#Σ #DS"/></ab>
               </div>
               <div type="textpart" subtype="verse" n="684" xml:id="l684">
                  <ab><seg source="#Σ #DS"><quote type="lemma">PVLCHER AQVICVLVS ARMIS</quote> ut
                        'pulcher</seg><choice>
                        <seg source="#DS">armis', 'pulcher vestibus'. et melius figuratum quam si
                           dixisset 'pulchris armis'.</seg>
                        <seg source="#Σ">vestibus', sic 'pulcher armis', hoc est per arma: quod erat
                           armorum retulit ad personam.</seg>
                     </choice><seg source="#Σ #DS"/></ab>
               </div>
               <div type="textpart" subtype="verse" n="685" xml:id="l685">
                  <ab><seg source="#Σ #DS"><quote type="lemma">PRAECEPS ANIMI</quote> figurate
                        genetivo iunxit; nam dicimus 'praeceps iracundia' 'praeceps
                     furore'.</seg></ab>
                  <ab><seg source="#DS"><quote type="lemma">MAVORTIVS</quote></seg></ab>
                  <ab><seg source="#DS"><quote type="lemma">MAVORTIVS HAEMON</quote> non Martis
                        filius, sed bellicosus.</seg><seg source="#Σ #DS"/></ab>
               </div>
               <div type="textpart" subtype="verse" n="686" xml:id="l686">
                  <ab><seg source="#Σ #DS"><quote type="lemma">AGMINIBVS TOTIS</quote> deest 'ab':
                        et significat eos primo fugatos esse, mox occisos, aut certe aliquos
                        fugatos, aliquos interemptos.</seg><seg source="#DS">quidam dubium putant,
                        utrum 'ab agminibus totis terga dedere' an'ab agminibus versi'.</seg><seg
                        source="#Σ #DS"/></ab>
               </div>
               <div type="textpart" subtype="verse" n="687" xml:id="l687">
                  <ab><seg source="#DS"><quote type="lemma">POSVERE IN LIMINE VITAM</quote> ut
                           <anchor xml:id="anchor-G.4.238-627" corresp="note-G.4.238"/><note
                           type="commentary" xml:id="note-G.4.238-627" target="anchor-G.4.238"><ref
                              target="MATCHNOTFOUND">G.4.238</ref></note>
                        <hi rend="italic">animasque in vulnere</hi>
                        <hi rend="italic">ponunt</hi>.</seg><seg source="#Σ #DS"/></ab>
               </div>
               <div type="textpart" subtype="verse" n="688" xml:id="l688">
                  <ab><seg source="#Σ #DS"><quote type="lemma">ANIMIS DISCORDIBVS</quote>
                        hostilibus, scilicet Troianorum, qui a Rutulis discordabant.</seg></ab>
               </div>
               <div type="textpart" subtype="verse" n="692" xml:id="l692">
                  <ab><seg source="#DS"><quote type="lemma">NVNTIVS</quote> et qui nuntiat dicitur,
                        et quod nuntiatur; sed modo hic quod nuntiatur.</seg><seg source="#Σ #DS"
                     /></ab>
               </div>
               <div type="textpart" subtype="verse" n="695" xml:id="l695">
                  <ab><seg source="#Σ #DS"><quote type="lemma">FRATRESQVE SVPERBOS</quote> quos
                        supra <anchor xml:id="anchor-aeneid-9.675-629" corresp="note-aeneid-9.675"
                           /><note type="commentary" xml:id="note-aeneid-9.675-629"
                           target="anchor-aeneid-9.675"><ref
                              target="urn:cts:latinLit:phi0690.phi003:9.675">675</ref></note> dixit
                        portam tenere.</seg></ab>
               </div>
               <div type="textpart" subtype="verse" n="696" xml:id="l696">
                  <ab><seg source="#Σ #DS"><quote type="lemma">SE PRIMVS AGEBAT</quote></seg><seg
                        source="#DS">iuxta veteres <supplied reason="lost"><hi rend="italic"
                           >se</hi></supplied>
                        <hi rend="italic">agebat</hi> pro 'veniebat', ut <anchor
                           xml:id="anchor-aeneid-6.337-635" corresp="note-aeneid-6.337"/><note
                           type="commentary" xml:id="note-aeneid-6.337-635"
                           target="anchor-aeneid-6.337"><ref
                              target="urn:cts:latinLit:phi0690.phi003:6.337">6.337</ref></note>
                        <hi rend="italic">ecce gubernator</hi>
                        <hi rend="italic">sese Palinurus agebat</hi>, Plautus in Mostellaria <anchor
                           xml:id="anchor-aeneid-9.342-636" corresp="note-aeneid-9.342"/><note
                           type="commentary" xml:id="note-aeneid-9.342-636"
                           target="anchor-aeneid-9.342"><ref
                              target="urn:cts:latinLit:phi0690.phi003:9.342">342</ref></note>
                        <hi rend="italic">unde agis te</hi>? ut enim nos econtrario dicimus 'duco
                        me', ita illi 'agit se', ἀπὸ τοῦ ἄγειν.</seg><seg source="#Σ #DS"><hi
                           rend="italic">se agebat,</hi> hoc est 'incedebat', ut <anchor
                           xml:id="anchor-aeneid-6.337-639" corresp="note-aeneid-6.337"/><note
                           type="commentary" xml:id="note-aeneid-6.337-639"
                           target="anchor-aeneid-6.337"><ref
                              target="urn:cts:latinLit:phi0690.phi003:6.337">6.337</ref></note>
                        <hi rend="italic">sese Palinurus agebat.</hi> tractus autem sermo est a
                        ratione physica; nam agitur corpus animi iudicio: unde Terentius <anchor
                           xml:id="anchor-An.708-640" corresp="note-An.708"/><note type="commentary"
                           xml:id="note-An.708-640" target="anchor-An.708"><ref
                              target="MATCHNOTFOUND">An. 708</ref></note>
                        <hi rend="italic">quo te agis?</hi>
                     </seg></ab>
               </div>
               <div type="textpart" subtype="verse" n="697" xml:id="l697">
                  <ab><seg source="#DS"><quote type="lemma">THEBANA DE MATRE</quote> parenthesis
                        est. sane Thebae aliae Aegyptiae, aliae Boeotiae, aliae Phrygiae.</seg></ab>
                  <ab><seg source="#Σ #DS"><quote type="lemma">SARPEDONIS ALTI</quote> id est
                        nobilis.</seg></ab>
               </div>
               <div type="textpart" subtype="verse" n="698" xml:id="l698">
                  <ab><seg source="#Σ #DS"><quote type="lemma">ITALA CORNVS</quote> telum de Itala
                        cornu factum.</seg><seg source="#DS">et materiam pro opere posuit.</seg><seg
                        source="#Σ #DS"/></ab>
               </div>
               <div type="textpart" subtype="verse" n="699" xml:id="l699">
                  <ab><seg source="#Σ #DS"><quote type="lemma">STOMACHO </quote>Graecus sermo
                        est.</seg></ab>
               </div>
               <div type="textpart" subtype="verse" n="700" xml:id="l700">
                  <ab><seg source="#Σ #DS"><quote type="lemma">SPECVS VVLNERIS</quote> poetica
                        exaggeratio.</seg><seg source="#DS">specum enim pro cavatione
                        posuit.</seg><seg source="#Σ #DS"/></ab>
               </div>
               <div type="textpart" subtype="verse" n="701" xml:id="l701">
                  <ab><seg source="#DS"><quote type="lemma">ET FIXO FERRVM IN PVLMONE</quote> et
                        ferrum fixum et pulmonem fixum possumus accipere.</seg><seg source="#Σ #DS"
                     /></ab>
               </div>
               <div type="textpart" subtype="verse" n="702" xml:id="l702">
                  <ab><seg source="#Σ #DS"><quote type="lemma">ERYMANTA MANV </quote><hi
                           rend="italic">manu</hi> id est gladio comminus ferit: nam et illi de
                        quibus superius <anchor xml:id="anchor-aeneid-9.701-642"
                           corresp="note-aeneid-9.701"/><note type="commentary"
                           xml:id="note-aeneid-9.701-642" target="anchor-aeneid-9.701"><ref
                              target="urn:cts:latinLit:phi0690.phi003:9.701">701</ref></note> dixit
                        manu occisi sunt, sed misso iaculo. ergo ad differentiam teli iacti accipe
                           <hi rend="italic">manu,</hi> id est gladio.</seg></ab>
               </div>
               <div type="textpart" subtype="verse" n="703" xml:id="l703">
                  <ab><seg source="#Σ #DS"><quote type="lemma">ARDENTEM OCVLIS ANIMISQVE
                           FREMENTEM</quote> et gestu corporis et mente commotum.</seg></ab>
               </div>
               <div type="textpart" subtype="verse" n="704" xml:id="l704">
                  <ab><seg source="#DS"><quote type="lemma">NEQVE ENIM IACVLO</quote>
                        parenthesis.</seg></ab>
                  <ab><seg source="#Σ #DS"><quote type="lemma">VITAM DEDISSET</quote> pro
                        'reddidisset'.</seg></ab>
               </div>
               <div type="textpart" subtype="verse" n="705" xml:id="l705">
                  <ab><seg source="#Σ #DS"><quote type="lemma">FALARICA VENIT</quote> de hoc telo
                        legitur quia est ingens, torno factum, habens ferrum cubitale</seg><choice>
                        <seg source="#DS">supra quod veluti quaedam sphaera, cuius pondus etiam
                           plumbo augetur. dicitur enim ignem habere adfixum, stuppa circumdatum et
                           pice oblitum, incensumque aut vulnere hostem aut igne consumit.</seg>
                        <seg source="#Σ">et rotunditatem de plumbo in modum sphaerae. in ipsa
                           summitate dicitur etiam ignem habere adfixum. </seg>
                     </choice><seg source="#Σ #DS">hoc autem telo pugnatur de turribus, quas falas
                        dici manifestum est:</seg><seg source="#DS">unde et in circo falae dicuntur
                        divisiones inter euripum et metas, quod ibi constructis ad tempus turribus,
                        his telis pugna edi solebat:</seg><seg source="#Σ #DS">Iuvenalis <anchor
                           xml:id="anchor-aeneid-6.590-643" corresp="note-aeneid-6.590"/><note
                           type="commentary" xml:id="note-aeneid-6.590-643"
                           target="anchor-aeneid-6.590"><ref
                              target="urn:cts:latinLit:phi0690.phi003:6.590">6.590</ref></note>
                        <hi rend="italic">consulit ante falas delphinorumque columnas.</hi></seg><choice>
                        <seg source="#DS">hinc falarica hasta dicitur sicut alia muralis. </seg>
                        <seg source="#Σ">ergo a falis dicta est falarica, sicut a muro muralis. sane
                           falaricam Lucanus dicit nervis mitti tortilibus et quadam machina, ut
                              <anchor xml:id="anchor-aeneid-6.198-650" corresp="note-aeneid-6.198"
                              /><note type="commentary" xml:id="note-aeneid-6.198-650"
                              target="anchor-aeneid-6.198"><ref
                                 target="urn:cts:latinLit:phi0690.phi003:6.198">6.198</ref></note>
                           <hi rend="italic">hunc aut tortilibus vibrata falarica nervis </hi>
                           <hi rend="italic">obruat.</hi> Vergilius vero ait Turnum manu iaculari
                           potuisse: unde apparet aut a Lucano ad auxesin illius qui occidendus
                           fuerat esse dictum, aut a Vergilio ad laudem Turni, qui talem hastam manu
                           iaculatus est.</seg>
                     </choice><seg source="#Σ #DS"/></ab>
               </div>
               <div type="textpart" subtype="verse" n="706" xml:id="l706">
                  <ab><seg source="#Σ #DS"><quote type="lemma">FVLMINIS ACTA MODO</quote> amat tela
                        cum impetu venientia fulminibus comparare.</seg></ab>
                  <ab><seg source="#Σ #DS"><quote type="lemma">TAVREA TERGA</quote> usurpavit pro
                        'taurina', alibi <anchor xml:id="anchor-G.4.171-652" corresp="note-G.4.171"
                           /><note type="commentary" xml:id="note-G.4.171-652"
                           target="anchor-G.4.171"><ref target="MATCHNOTFOUND">G.4.171</ref></note>
                        <hi rend="italic">taurinis follibus.</hi> unde, sicut et Plinius dicit (Dub.
                        fr. 96), derivationes firmas non habent regulas, sed exeunt prout auctoribus
                        placet. bene autem per transitum eius arma descripsit.</seg></ab>
               </div>
               <div type="textpart" subtype="verse" n="707" xml:id="l707">
                  <ab><seg source="#Σ #DS"><quote type="lemma">DVPLICI SQVAMA ET AVRO</quote> id est
                        duplicibus squamis aureis. squamae autem sunt loricarum catenae in modum
                        squamae conpositae. sane squama et splendorem significat, si a piscibus
                        veniat, et sordes, si a squalore; sed in Vergilio splendorem ubique
                        significat.</seg></ab>
               </div>
               <div type="textpart" subtype="verse" n="709" xml:id="l709">
                  <ab><seg source="#Σ #DS"><quote type="lemma">ET CLIPEVM SVPER INTONAT
                           INGENS</quote> aut ipse ingens super clipeum intonat; aut ingens clipeum
                        supra ipsum tonat. nam lectum est etiam 'hoc clipeum', ut probat Caper
                           <anchor xml:id="anchor-fr.39b-654" corresp="note-fr.39b"/><note
                           type="commentary" xml:id="note-fr.39b-654" target="anchor-fr.39b"><ref
                              target="MATCHNOTFOUND">fr. 39b</ref></note>; quod magis debemus
                        accipere: nam Homerum imitatus est, qui ait (Il. 4.504 et alibi) ἀράβησε δὲ
                        τεύχε' ἐπ' αὐτῷ.</seg></ab>
               </div>
               <div type="textpart" subtype="verse" n="710" xml:id="l710">
                  <ab><seg source="#Σ #DS"><quote type="lemma">EVBOICO BAIARVM LITORE</quote> bene
                           <hi rend="italic">Baiarum</hi> addidit, ne Euboeam insulam
                        intellegeremus, unde Chalcidenses venerunt, qui Cumas condidere, quae sunt
                        Bais vicinae.</seg><seg source="#DS">Postumius De Adventu Aeneae (FRHist F
                        3) et Lutatius Communium Historiarum (FRHist F 2) Boiam Euximi comitis
                        Aeneae nutricem et ab eius nomine Boias vocatas dicunt; veteres tamen portum
                        Baias dixisse. Varro <anchor xml:id="anchor-ARH3.8-656"
                           corresp="note-ARH3.8"/><note type="commentary" xml:id="note-ARH3.8-656"
                           target="anchor-ARH3.8"><ref target="Varr_ARH">ARH 3.8</ref></note> a Baio
                        Vlixis comite, qui illic sepultus est, Baias dictas tradit.</seg></ab>
                  <ab><seg source="#DS"><quote type="lemma">QVONDAM</quote></seg></ab>
                  <ab><seg source="#DS"><quote type="lemma">QVONDAM</quote> hic <hi rend="italic"
                           >quondam</hi> pro expletiva posuit. alii <hi rend="italic">quondam</hi>
                        medii temporis volunt. quidam <hi rend="italic">quondam</hi> ad
                        perpetuitatem temporis referunt, hoc est, 'ut solet fieri'.</seg><seg
                        source="#Σ #DS"/></ab>
               </div>
               <div type="textpart" subtype="verse" n="712" xml:id="l712">
                  <ab><seg source="#DS"><quote type="lemma">PONTO IACIVNT</quote> hoc est, 'contra
                        pontum'.</seg></ab>
                  <ab><seg source="#DS"><quote type="lemma">SIC</quote></seg></ab>
                  <ab><seg source="#DS"><quote type="lemma">SIC ILLA</quote> sic protrahendum: nam
                        cum dixisset talis, addidit sic illa.</seg></ab>
                  <ab><seg source="#DS"><quote type="lemma">RVINAM</quote></seg></ab>
                  <ab><seg source="#DS"><quote type="lemma">RVINAM PRONA TRAHIT</quote> ita enim
                        exaedificatur.</seg><seg source="#Σ #DS"/></ab>
               </div>
               <div type="textpart" subtype="verse" n="713" xml:id="l713">
                  <ab><seg source="#Σ #DS"><quote type="lemma">PRONA TRAHIT</quote> ita enim
                        exaedificatur.</seg></ab>
               </div>
               <div type="textpart" subtype="verse" n="715" xml:id="l715">
                  <ab><seg source="#Σ #DS"><quote type="lemma">PROCHYTA ALTA TREMIT</quote> atqui
                        haec insula plana est; sed epitheton de praeterito traxit: nam, ut dicit
                        Plinius in Naturali Historia <anchor xml:id="anchor-aeneid-2.203-657"
                           corresp="note-aeneid-2.203"/><note type="commentary"
                           xml:id="note-aeneid-2.203-657" target="anchor-aeneid-2.203"><ref
                              target="urn:cts:latinLit:phi0690.phi003:2.203">2.203</ref></note>,
                        Inarimes</seg><choice>
                        <seg source="#DS">insula fuit alta</seg>
                        <seg source="#Σ">mons fuit</seg>
                     </choice><seg source="#Σ #DS">qui terrae motu de ea fusus alteram insulam
                        fecit, quae Prochyta ab effusione dicta</seg><choice>
                        <seg source="#DS">est, ἀπὸ τοῦ προχῦναι. hanc Naevius in primo Belli Punici
                              <anchor xml:id="anchor-fr.13-674" corresp="note-fr.13"/><note
                              type="commentary" xml:id="note-fr.13-674" target="anchor-fr.13"><ref
                                 target="MATCHNOTFOUND">fr. 13</ref></note> de cognata Aeneae nomen
                           accepisse dicit. sed Inarime[<surplus>s</surplus>] nunc Aenaria dicitur.
                           et saepe fulgoribus petitur ob hoc quod Typhoeum premat, et quia in eam †
                           di contumeliam † simiae missae sunt, quas Etruscorum lingua arimos
                           dicunt: ob quam causam Pithecusam etiam vocitant; licet diversi auctores
                           varie dicant: nam alii hanc insulam Typhoeum, alii Enceladum tradunt
                           premere. et putatur nove dictum <hi rend="italic">Inarime</hi>[[<hi
                              rend="italic">m</hi>]], quod et singulari numero, et addita syllaba
                           dixerit, cum Homerus <anchor xml:id="anchor-Il.2.783-675"
                              corresp="note-Il.2.783"/><note type="commentary"
                              xml:id="note-Il.2.783-675" target="anchor-Il.2.783"><ref
                                 target="MATCHNOTFOUND">Il. 2.783</ref></note> εἰν Ἀρίμοις posuerit,
                           ut prior syllaba praepositionis locum obtineat. Livius in libro
                           nonagesimo quarto <anchor xml:id="anchor-fr.24-676" corresp="note-fr.24"
                              /><note type="commentary" xml:id="note-fr.24-676"
                              target="anchor-fr.24"><ref target="MATCHNOTFOUND">fr. 24</ref></note>
                           Inarimem in Maeoniae partibus esse dicit, ubi quinquaginta milia terrae
                           igni exustae sunt. hoc etiam Homerum significasse vult.</seg>
                        <seg source="#Σ">est: fundere enim est ἐκχέειν. <hi rend="italic"
                              >Prochyta</hi> ergo <hi rend="italic">alta</hi> quondam scilicet.
                        </seg>
                     </choice></ab>
                  <ab><seg source="#Σ #DS"><quote type="lemma">DVRVMQVE CVBILE</quote> mortiferum,
                        ad poenam statutum.</seg></ab>
               </div>
               <div type="textpart" subtype="verse" n="718" xml:id="l718">
                  <ab><seg source="#Σ #DS"><quote type="lemma">STIMVLOS ACRES</quote> saeviendi
                        scilicet: nam sunt et timoris et libidinis stimuli. notanda quoque
                        prooeconomia, quae id agit ut veri simile sit Turnum victorem evasisse de
                        castris.</seg></ab>
               </div>
               <div type="textpart" subtype="verse" n="720" xml:id="l720">
                  <ab><seg source="#Σ #DS"><quote type="lemma">VNDIQVE CONVENIVNT</quote></seg><seg
                        source="#DS">non dicit qui conveniunt, sed</seg><seg source="#Σ #DS">illi
                        sine dubio quibus Mars iniecit audaciam, inventa oportunitate, inruperunt
                        castra Troiana.</seg></ab>
                  <ab><seg source="#DS"><quote type="lemma">QVONIAM</quote></seg></ab>
                  <ab><seg source="#DS"><quote type="lemma">QVONIAM</quote> postquam.</seg><seg
                        source="#Σ #DS"/></ab>
               </div>
               <div type="textpart" subtype="verse" n="725" xml:id="l725">
                  <ab><seg source="#DS"><quote type="lemma">OBNIXVS</quote> conisus,
                        conabundus.</seg><seg source="#Σ #DS"/></ab>
               </div>
               <div type="textpart" subtype="verse" n="726" xml:id="l726">
                  <ab><seg source="#Σ #DS"><quote type="lemma">DVRO IN CERTAMINE LINQVIT</quote>
                        sine spe evadendi.</seg></ab>
               </div>
               <div type="textpart" subtype="verse" n="727" xml:id="l727">
                  <ab><seg source="#Σ #DS"><quote type="lemma">AST ALIOS SECVM
                        INCLVDIT</quote></seg><seg source="#DS">pro hostibus, quoniam multos suos
                        exclusisset:</seg><seg source="#Σ #DS">Statius <anchor
                           xml:id="anchor-Th.10.513-677" corresp="note-Th.10.513"/><note
                           type="commentary" xml:id="note-Th.10.513-677" target="anchor-Th.10.513"
                              ><ref target="MATCHNOTFOUND">Th.10.513</ref></note>
                        <hi rend="italic">par operis iactura lucro: namque hoste recepto exclusere
                           suos.</hi></seg><seg source="#DS">potest tamen et dubium esse <hi
                           rend="italic">includit</hi> utrum hostes ansuos.</seg><seg
                        source="#Σ #DS"/></ab>
               </div>
               <div type="textpart" subtype="verse" n="728" xml:id="l728">
                  <ab><choice>
                        <seg source="#DS"><quote type="lemma">DEMENS</quote> pathos per personam
                           poetae proferendum.</seg>
                        <seg source="#Σ"><quote type="lemma">DEMENS</quote> hoc ex adfectione sua
                           posuit poeta: alibi <anchor xml:id="anchor-aeneid-6.171-678"
                              corresp="note-aeneid-6.171"/><note type="commentary"
                              xml:id="note-aeneid-6.171-678" target="anchor-aeneid-6.171"><ref
                                 target="urn:cts:latinLit:phi0690.phi003:6.171">6.171</ref></note>
                           <hi rend="italic">s</hi><supplied reason="lost"><hi rend="italic">ed
                                 tum</hi></supplied>
                           <hi rend="italic">f</hi><supplied reason="lost"><hi rend="italic"
                                 >orte</hi></supplied>
                           <hi rend="italic">cava dum </hi></seg>
                     </choice></ab>
                  <ab><seg source="#DS"><quote type="lemma">RVTVLVM</quote></seg></ab>
                  <ab><choice>
                        <seg source="#DS"><quote type="lemma">RVTVLVM</quote> potest accusativus
                           esse, potest et genetivus.</seg>
                        <seg source="#Σ"><hi rend="italic">personat aequora concha, demens, et
                              c</hi><supplied reason="lost"><hi rend="italic">antu</hi></supplied>
                           <hi rend="italic">v</hi><supplied reason="lost"><hi rend="italic"
                                 >ocat</hi></supplied>
                           <hi rend="italic">in c</hi><supplied reason="lost"><hi rend="italic"
                                 >ertamina</hi></supplied>
                           <hi rend="italic">d</hi><supplied reason="lost"><hi rend="italic"
                                 >ivos.</hi></supplied></seg>
                     </choice><seg source="#Σ #DS"/></ab>
               </div>
               <div type="textpart" subtype="verse" n="729" xml:id="l729">
                  <ab><seg source="#Σ #DS"><quote type="lemma">VLTRO</quote> insuper.</seg></ab>
               </div>
               <div type="textpart" subtype="verse" n="737" xml:id="l737">
                  <ab><seg source="#Σ #DS"><quote type="lemma">DOTALIS REGIA
                        AMATAE</quote></seg><seg source="#DS">aut</seg><seg source="#Σ #DS">tibi
                        data per dotem;</seg><seg source="#DS">aut quae sperabatur.</seg><seg
                        source="#Σ #DS">et bene <hi rend="italic">Amatae,</hi> quae illum sola
                        generum esse cupiebat</seg><seg source="#DS">contra mariti iudicium: ergo
                        eum mulieri probatum, non viro dicit.</seg><seg source="#Σ #DS">notandum
                        sane quia id agit, ut ostendat se non per inprudentiam Turnum inclusisse,
                        sed illum per temeritatem sibi minime profutura castra penetrasse.
                     </seg></ab>
               </div>
               <div type="textpart" subtype="verse" n="739" xml:id="l739">
                  <ab><seg source="#DS"><quote type="lemma">EXIRE</quote> pro 'exeundi'.</seg><seg
                        source="#Σ #DS"/></ab>
               </div>
               <div type="textpart" subtype="verse" n="740" xml:id="l740">
                  <ab><seg source="#Σ #DS"><quote type="lemma">OLLI SVBRIDENS</quote> magnam
                        confidentiam virtutis ostendit.</seg></ab>
               </div>
               <div type="textpart" subtype="verse" n="742" xml:id="l742">
                  <ab><seg source="#Σ #DS"><quote type="lemma">PRIAMO NARRABIS ACHILLEM</quote>
                        propter illud Sibyllae <anchor xml:id="anchor-aeneid-6.89-681"
                           corresp="note-aeneid-6.89"/><note type="commentary"
                           xml:id="note-aeneid-6.89-681" target="anchor-aeneid-6.89"><ref
                              target="urn:cts:latinLit:phi0690.phi003:6.89">6.89</ref></note>
                        <hi rend="italic">alius Latio iam partus Achilles.</hi> et dictum est, ut
                        illud <anchor xml:id="anchor-aeneid-2.549-682" corresp="note-aeneid-2.549"
                           /><note type="commentary" xml:id="note-aeneid-2.549-682"
                           target="anchor-aeneid-2.549"><ref
                              target="urn:cts:latinLit:phi0690.phi003:2.549">2.549</ref></note>
                        <hi rend="italic">degeneremque Neoptolemum narrare memento.</hi></seg></ab>
               </div>
               <div type="textpart" subtype="verse" n="743" xml:id="l743">
                  <ab><seg source="#Σ #DS"><quote type="lemma">RVDEM NODIS</quote> non levem, nec
                        pulchram, sed fortem.</seg></ab>
                  <ab><seg source="#Σ #DS"><quote type="lemma">CORTICE CRVDO</quote> viridi: nam
                        hastae</seg><seg source="#DS">igni</seg><seg source="#Σ #DS">plerumque
                        torrentur. </seg></ab>
               </div>
               <div type="textpart" subtype="verse" n="745" xml:id="l745">
                  <ab><seg source="#Σ #DS"><quote type="lemma">VVLNVS SATVRNIA IVNO D<supplied
                              reason="lost">ETORSIT</supplied> V<supplied reason="lost"
                              >ENIENS</supplied></quote></seg><seg source="#DS"><hi rend="italic"
                           >vulnus</hi>
                        <hi rend="italic">veniens</hi>, id est 'ictum quo vulnerari
                        habuit'.</seg><seg source="#Σ #DS">plerique sed non idonei commentatores
                        dicunt hoc loco occisum Turnum, sed causa oeconomiae gloriam a poeta Aeneae
                        esse servatam: quod falsum est. nam si veritatem historiae requiras, primo
                        proelio interemptus Latinus</seg><choice>
                        <seg source="#DS">est in arce; postea simul Turnus et Aeneas; postea
                           Mezentius ab Ascanio. </seg>
                        <seg source="#Σ">est; inde ubi Turnus Aenean vidit superiorem, Mezenti
                           inploravit auxilium; secundo proelio Turnus occisus est, et nihilo minus
                           Aeneas postea non conparuit; tertio proelio Mezentium occidit Ascanius.
                           hoc Livius <anchor xml:id="anchor-aeneid-1.2-684"
                              corresp="note-aeneid-1.2"/><note type="commentary"
                              xml:id="note-aeneid-1.2-684" target="anchor-aeneid-1.2"><ref
                                 target="urn:cts:latinLit:phi0690.phi003:1.2">1.2</ref></note> dicit
                           et Cato in Originibus (FRHist F 7)</seg>
                     </choice><seg source="#Σ #DS"/></ab>
               </div>
               <div type="textpart" subtype="verse" n="747" xml:id="l747">
                  <ab><choice>
                        <seg source="#DS"><quote type="lemma">TELVM</quote> gladium 'telum'</seg>
                        <seg source="#Σ"><quote type="lemma">TELVM</quote> hoc loco 'telum'
                           gladium</seg>
                     </choice><seg source="#Σ #DS">dixit a longitudine: unde et mustela dicitur,
                        quasi mus longus.</seg><seg source="#Σ">telum autem posuisse pro gladio
                        illud significat, quod infert paulo post <hi rend="italic">consurgit in
                           ensem.</hi></seg></ab>
                  <ab><seg source="#DS"><quote type="lemma">VERSAT</quote></seg></ab>
                  <ab><seg source="#DS"><quote type="lemma">VERSAT</quote> librat, iactat: et est
                        Ennianum (Op. inc. 11) <hi rend="italic">versat mucronem</hi>.</seg><seg
                        source="#Σ #DS"/></ab>
               </div>
               <div type="textpart" subtype="verse" n="748" xml:id="l748">
                  <ab><choice>
                        <seg source="#DS"><quote type="lemma">IS TELI </quote>'par'.</seg>
                        <seg source="#Σ"><quote type="lemma">IS </quote>'talis', 'par',
                           'similis'.</seg>
                     </choice><seg source="#Σ #DS"/></ab>
               </div>
               <div type="textpart" subtype="verse" n="749" xml:id="l749">
                  <ab><seg source="#Σ #DS"><quote type="lemma">ALTE CONSVRGIT IN ENSEM</quote> genus
                        feriendi Gallicanum: Sallustius (H. Inc. 4) <hi rend="italic">regressi ad
                           faciliores ictus loco cedebant.</hi></seg></ab>
               </div>
               <div type="textpart" subtype="verse" n="751" xml:id="l751">
                  <ab><seg source="#DS"><quote type="lemma">INPVBESQVE</quote> pathos ex aetate
                        movit.</seg><seg source="#Σ #DS"/></ab>
               </div>
               <div type="textpart" subtype="verse" n="755" xml:id="l755">
                  <ab><seg source="#DS"><quote type="lemma">HVC CAPVT </quote><hi rend="italic">huc
                           pependit</hi> figurate.</seg><seg source="#Σ #DS"/></ab>
               </div>
               <div type="textpart" subtype="verse" n="759" xml:id="l759">
                  <ab><seg source="#DS"><quote type="lemma">GENTIQVE FVISSET</quote> quia illic
                        Ascanius ex- BELLO <quote type="lemma">GENTIQVE FVISSET</quote> duo dicit:
                        et bellum</seg><choice>
                        <seg source="#DS">tinguebatur. </seg>
                        <seg source="#Σ">finiri potuit omnibus interemptis, et gens penitus fuisset
                           extincta occiso Ascanio, a quo Romani ducunt originem. ideo <hi
                              rend="italic">bello gentique</hi> dixit quia plerumque bellum finitur
                           gente superstite, ut in bello Troiano contigit.</seg>
                     </choice><seg source="#Σ #DS"/></ab>
               </div>
               <div type="textpart" subtype="verse" n="760" xml:id="l760">
                  <ab><seg source="#Σ #DS"><quote type="lemma">CAEDISQVE INSANA
                        CVPIDO</quote></seg><seg source="#DS">oeconomia est, quae</seg><seg
                        source="#Σ #DS">excusat cur non, a porta fugatis Troianis, penitus deleta
                        sint castra. </seg></ab>
               </div>
               <div type="textpart" subtype="verse" n="762" xml:id="l762">
                  <ab><seg source="#Σ #DS"><quote type="lemma">PRINCIPIO</quote> intra castra post
                        Troianorum fugam.</seg></ab>
                  <ab><seg source="#Σ #DS"><quote type="lemma">SVCCISO POPLITE GYGEN EXCIPIT</quote>
                        ordo est: excipit et succidit poplitem,</seg><seg source="#DS">ut <anchor
                           xml:id="anchor-aeneid-9.537-685" corresp="note-aeneid-9.537"/><note
                           type="commentary" xml:id="note-aeneid-9.537-685"
                           target="anchor-aeneid-9.537"><ref
                              target="urn:cts:latinLit:phi0690.phi003:9.537">537</ref></note>
                        <hi rend="italic">postibus haesit adesis</hi> et <anchor
                           xml:id="anchor-aeneid-3.237-686" corresp="note-aeneid-3.237"/><note
                           type="commentary" xml:id="note-aeneid-3.237-686"
                           target="anchor-aeneid-3.237"><ref
                              target="urn:cts:latinLit:phi0690.phi003:3.237">3.237</ref></note>
                        <hi rend="italic">scuta latentia condunt</hi>:</seg><seg source="#Σ #DS">nam
                        ante fuit ut eum circumveniret insidiis.</seg><choice>
                        <seg source="#DS">'poples' autem sciendum 'po' brevem esse et fit longa
                           positione.</seg>
                        <seg source="#Σ">'poples' autem 'po' correpta est, sicut in Sereno <anchor
                              xml:id="anchor-fr.26-687" corresp="note-fr.26"/><note
                              type="commentary" xml:id="note-fr.26-687" target="anchor-fr.26"><ref
                                 target="MATCHNOTFOUND">fr. 26</ref></note> legitur; sed producitur
                           positione.</seg>
                     </choice><seg source="#Σ #DS"/></ab>
               </div>
               <div type="textpart" subtype="verse" n="763" xml:id="l763">
                  <ab><seg source="#DS"><quote type="lemma">HINC </quote>'deinde'. nam ordinis est
                        adver- <quote type="lemma">HINC </quote>nec loci est, nec temporis, sed
                        ordinis, id</seg><choice>
                        <seg source="#DS">bium, non loci.</seg>
                        <seg source="#Σ">est 'deinde'.</seg>
                     </choice><seg source="#Σ #DS"><hi rend="italic">raptas</hi> autem 'de
                        hostilibus cadaveribus'; nam quod dicit Donatus <anchor
                           xml:id="anchor-Verg.97-688" corresp="note-Verg.97"/><note
                           type="commentary" xml:id="note-Verg.97-688" target="anchor-Verg.97"><ref
                              target="MATCHNOTFOUND">Verg. 97</ref></note> 'ab armigero', non
                        procedit:</seg><choice>
                        <seg source="#DS">quoniam solus inclusus fuerat Turnus, ut post ait <anchor
                              xml:id="anchor-aeneid-9.783-693" corresp="note-aeneid-9.783"/><note
                              type="commentary" xml:id="note-aeneid-9.783-693"
                              target="anchor-aeneid-9.783"><ref
                                 target="urn:cts:latinLit:phi0690.phi003:9.783">783</ref></note>
                           <hi rend="italic">unus homo</hi>; quamvis possit, sicut in decimo <anchor
                              xml:id="anchor-aeneid-9.333-694" corresp="note-aeneid-9.333"/><note
                              type="commentary" xml:id="note-aeneid-9.333-694"
                              target="anchor-aeneid-9.333"><ref
                                 target="urn:cts:latinLit:phi0690.phi003:9.333">333</ref></note>
                           <hi rend="italic">suggere tela mihi</hi> et <anchor
                              xml:id="anchor-aeneid-9.335-695" corresp="note-aeneid-9.335"/><note
                              type="commentary" xml:id="note-aeneid-9.335-695"
                              target="anchor-aeneid-9.335"><ref
                                 target="urn:cts:latinLit:phi0690.phi003:9.335">335</ref></note>
                           <hi rend="italic">tum</hi>
                           <hi rend="italic">magnam corripit hastam et iacit.</hi></seg>
                        <seg source="#Σ">nec enim lectum est. </seg>
                     </choice><seg source="#Σ #DS"/></ab>
               </div>
               <div type="textpart" subtype="verse" n="764" xml:id="l764">
                  <ab><choice>
                        <seg source="#DS"><quote type="lemma">IVNO VIRES ANIMVMQVE MINISTRAT</quote>
                           oeconomia, ut quod dicit possit esse verisimile.</seg>
                        <seg source="#Σ"><quote type="lemma">IVNO VIRES ANIMVMQVE MINISTRAT</quote>
                           ne sit incongruum unum tot occidisse, dat Iunonis auxilium: Horatius in
                           Arte Poetica <anchor xml:id="anchor-aeneid-9.191-698"
                              corresp="note-aeneid-9.191"/><note type="commentary"
                              xml:id="note-aeneid-9.191-698" target="anchor-aeneid-9.191"><ref
                                 target="urn:cts:latinLit:phi0690.phi003:9.191">191</ref></note>
                           <hi rend="italic">nec </hi>
                           <hi rend="italic">deus intersit, nisi dignus vindice nodus </hi>
                           <hi rend="italic">inciderit</hi>.</seg>
                     </choice><seg source="#Σ #DS"/></ab>
               </div>
               <div type="textpart" subtype="verse" n="766" xml:id="l766">
                  <ab><seg source="#DS"><quote type="lemma">MARTEMQVE CIENTES</quote> pugnam
                        agitantes.</seg><seg source="#Σ #DS"/></ab>
               </div>
               <div type="textpart" subtype="verse" n="767" xml:id="l767">
                  <ab><seg source="#Σ #DS"><quote type="lemma">ALCANDRVMQVE HALIVMQVE N<supplied
                              reason="lost">OEMONA</supplied>Q<supplied reason="lost">VE</supplied>
                              P<supplied reason="lost">RYTANIMQVE</supplied>
                        </quote>Homeri versus <anchor xml:id="anchor-Il.5.678-700"
                           corresp="note-Il.5.678"/><note type="commentary"
                           xml:id="note-Il.5.678-700" target="anchor-Il.5.678"><ref
                              target="MATCHNOTFOUND">Il. 5.678</ref></note>, tantum coniunctione
                        mutata. unde apparet non ad historiam, sed ad ornatum poematis haec nomina
                        pertinere.</seg></ab>
               </div>
               <div type="textpart" subtype="verse" n="768" xml:id="l768">
                  <ab><seg source="#Σ #DS"><quote type="lemma">TENDENTEM CONTRA</quote> in se
                        facientem impetum.</seg></ab>
               </div>
               <div type="textpart" subtype="verse" n="771" xml:id="l771">
                  <ab><seg source="#Σ #DS"><quote type="lemma">CVM GALEA LONGE IACVIT CAPVT</quote>
                        ad exprimendam celeritatem praeterito usus est tempore. potuisse autem caput
                        cum galea longe iaci, praemissa loci altitudo significat.</seg><seg
                        source="#Σ">ergo eum comminus percussum intellegamus, sed tantam vim ictus
                        fuisse ut longe caput excuteret.</seg><seg source="#Σ #DS"/></ab>
               </div>
               <div type="textpart" subtype="verse" n="772" xml:id="l772">
                  <ab><seg source="#Σ #DS"><quote type="lemma">FELICIOR</quote> peritior; nam in
                        ungendis telis non est felicitas, sed peritia. sane nec 'ungo' nec
                        'ungentum' u recipit, excepto uno nomine, ut 'unguen'; unde est <anchor
                           xml:id="anchor-G.3.450-701" corresp="note-G.3.450"/><note
                           type="commentary" xml:id="note-G.3.450-701" target="anchor-G.3.450"><ref
                              target="MATCHNOTFOUND">G. 3.450</ref></note>
                        <hi rend="italic">et pingues unguine ceras.</hi></seg><seg source="#DS">est
                        autem mira brevitate inducta descriptio.</seg><seg source="#Σ #DS"/></ab>
               </div>
               <div type="textpart" subtype="verse" n="773" xml:id="l773">
                  <ab><choice>
                        <seg source="#DS"><quote type="lemma">FERRVMQVE ARMARE VENENO</quote> quo
                           armari consuevimus, ut ex venenato ferro vehementius et perniciosius
                           vulnus sit.</seg>
                        <seg source="#Σ"><quote type="lemma">FERRVMQVE ARMARE V<supplied
                                 reason="lost">ENENO</supplied></quote> speciose dictum 'armabat
                           ferrum', quo nos armare consuevimus.</seg>
                     </choice><seg source="#Σ #DS"/></ab>
               </div>
               <div type="textpart" subtype="verse" n="774" xml:id="l774">
                  <ab><seg source="#Σ #DS"><quote type="lemma">AMICVM CRETHEA MVSIS</quote> poetam
                        lyricum. et tale est schema per repetitionem ut <anchor
                           xml:id="anchor-aeneid-10.180-704" corresp="note-aeneid-10.180"/><note
                           type="commentary" xml:id="note-aeneid-10.180-704"
                           target="anchor-aeneid-10.180"><ref
                              target="urn:cts:latinLit:phi0690.phi003:10.180">10.180</ref></note>
                        <hi rend="italic">sequitur pulcherrimus Astur, Astur equo
                     fidens.</hi></seg></ab>
               </div>
               <div type="textpart" subtype="verse" n="775" xml:id="l775">
                  <ab><seg source="#DS"><quote type="lemma">MVSARVM COMITEM</quote> non re vera
                        'comitem', sed 'carminum studiosum.</seg><seg source="#Σ #DS"/></ab>
               </div>
               <div type="textpart" subtype="verse" n="776" xml:id="l776">
                  <ab><seg source="#Σ #DS"><quote type="lemma">NVMEROSQVE INTENDERE NERVIS</quote>
                        rhythmos facere intentione nervorum: nam numeri sunt rhythmi, ut <anchor
                           xml:id="anchor-E.9.45-705" corresp="note-E.9.45"/><note type="commentary"
                           xml:id="note-E.9.45-705" target="anchor-E.9.45"><ref
                              target="MATCHNOTFOUND">E. 9.45</ref></note>
                        <hi rend="italic">numeros memini, si verba tenerem.</hi></seg><seg
                        source="#Σ">hoc ergo dicit: secundum chordas verba componebat.</seg><seg
                        source="#Σ #DS"/></ab>
               </div>
               <div type="textpart" subtype="verse" n="778" xml:id="l778">
                  <ab><seg source="#Σ #DS"><quote type="lemma">AVDITA CAEDE SVORVM</quote> servat τὸ
                        πρέπον, ne praesentibus ducibus Turnus tot strages fecisse
                     videatur.</seg></ab>
               </div>
               <div type="textpart" subtype="verse" n="781" xml:id="l781">
                  <ab><seg source="#Σ #DS"><quote type="lemma">QVO DEINDE FVGAM</quote> aut vacat
                           <hi rend="italic">deinde,</hi> ut 'tandem', 'gentium', 'locorum': aut
                        intellegimus mente eum tractasse quod de campis milites solent ad castra
                        confugere, et sic dixisse <hi rend="italic">quo deinde,</hi> scilicet 'de
                        castris quo fugietis ulterius?'</seg><choice>
                        <seg source="#DS">sic Terentius: <hi rend="italic">quid igitur faciam?</hi>
                           et hoc est melius unde et sequitur <hi rend="italic">quos alios
                              muros.</hi> est ea autem amara accusatio.</seg>
                        <seg source="#Σ">et hoc est melius; unde et sequitur <hi rend="italic">quos
                              alios</hi>
                           <hi rend="italic">muros.</hi> et sic est dictum post cogitationem <hi
                              rend="italic">quo</hi>
                           <hi rend="italic">deinde</hi> sicut Terentius dixit <anchor
                              xml:id="anchor-Eu.46-708" corresp="note-Eu.46"/><note
                              type="commentary" xml:id="note-Eu.46-708" target="anchor-Eu.46"><ref
                                 target="MATCHNOTFOUND">Eu. 46</ref></note>
                           <hi rend="italic">quid </hi>
                           <hi rend="italic">igitur faciam?</hi>
                        </seg>
                     </choice><seg source="#Σ #DS"/></ab>
               </div>
               <div type="textpart" subtype="verse" n="783" xml:id="l783">
                  <ab><seg source="#Σ #DS"><quote type="lemma">VNVS HOMO</quote> ac si diceret
                        'mortalis'. et bona extenuatio, cum supra <anchor
                           xml:id="anchor-aeneid-9.728-710" corresp="note-aeneid-9.728"/><note
                           type="commentary" xml:id="note-aeneid-9.728-710"
                           target="anchor-aeneid-9.728"><ref
                              target="urn:cts:latinLit:phi0690.phi003:9.728">728</ref></note>
                        dixerit <hi rend="italic">Rutulum in medio non agmine regem.</hi></seg></ab>
               </div>
               <div type="textpart" subtype="verse" n="786" xml:id="l786">
                  <ab><seg source="#Σ #DS"><quote type="lemma">INFELICIS PATRIAE </quote>Troiae, in
                        qua nunc sunt.</seg></ab>
                  <ab><seg source="#Σ #DS"><quote type="lemma">VETERVMQVE DEORVM </quote>Penates
                        significat, quos semper coluere Troiani.</seg></ab>
               </div>
               <div type="textpart" subtype="verse" n="787" xml:id="l787">
                  <ab><seg source="#Σ #DS"><quote type="lemma">MISERETQVE PVDETQVE</quote> sic
                        Pallas <anchor xml:id="anchor-aeneid-10.368-712"
                           corresp="note-aeneid-10.368"/><note type="commentary"
                           xml:id="note-aeneid-10.368-712" target="anchor-aeneid-10.368"><ref
                              target="urn:cts:latinLit:phi0690.phi003:10.368">10.368</ref></note>
                        <hi rend="italic">nunc prece, nunc dictis virtutem accendit
                        amaris.</hi></seg></ab>
               </div>
               <div type="textpart" subtype="verse" n="791" xml:id="l791">
                  <ab><seg source="#DS"><quote type="lemma">ACRIVS HOC TEVCRI</quote> cum eum
                        decedentem viderent.</seg><seg source="#Σ #DS"/></ab>
               </div>
               <div type="textpart" subtype="verse" n="792" xml:id="l792">
                  <ab><seg source="#Σ #DS"><quote type="lemma">CEV SAEVVM TVRBA LEONEM</quote>
                        sensus hic est: haud aliter Turnus retro cedens petebat fluvium ac solet
                        leo, pressus multitudine, nec terga praebere propter iram et pudorem, nec
                        posse, licet cupiat, in venantes impetum facere.</seg></ab>
               </div>
               <div type="textpart" subtype="verse" n="796" xml:id="l796">
                  <ab><seg source="#DS"><quote type="lemma">ILLE QVIDEM</quote>
                     parenthesis.</seg></ab>
                  <ab><seg source="#DS"><quote type="lemma">POTIS</quote></seg></ab>
                  <ab><seg source="#DS"><quote type="lemma">POTIS EST </quote>'ille tendere contra
                        potis est per tela virosque'.</seg><seg source="#Σ #DS"/></ab>
               </div>
               <div type="textpart" subtype="verse" n="799" xml:id="l799">
                  <ab><seg source="#DS"><quote type="lemma">INVASERAT HOSTES</quote> aut speciem
                        praeteriti temporis mutavit, aut tempora: nam cum dixisset invaserat,
                        subiunxit vertit.</seg><seg source="#Σ #DS"/></ab>
               </div>
               <div type="textpart" subtype="verse" n="802" xml:id="l802">
                  <ab><seg source="#Σ #DS"><quote type="lemma">NEC CONTRA VIRES AVDET S<supplied
                              reason="lost">ATVRNIA</supplied> I<supplied reason="lost"
                              >VNO</supplied> S<supplied reason="lost">VFFICERE</supplied></quote>
                        atqui favente numine debuit etiam contra multitudinem posse; sed hoc
                        Iuppiter vetuit.</seg></ab>
               </div>
               <div type="textpart" subtype="verse" n="803" xml:id="l803">
                  <ab><seg source="#DS"><quote type="lemma">SVFFICERE</quote>
                        subministrare.</seg><seg source="#Σ #DS"/></ab>
               </div>
               <div type="textpart" subtype="verse" n="804" xml:id="l804">
                  <ab><seg source="#Σ #DS"><quote type="lemma">HAVD MOLLIA IVSSA FERENTEM</quote>
                        melius quam Homerus hunc locum exsecutus est: salvo enim sensu vitavit et
                        fabulosa et vilia; nam ille ipsas minas exsequitur (Il.
                     8.414-419).</seg></ab>
               </div>
               <div type="textpart" subtype="verse" n="806" xml:id="l806">
                  <ab><seg source="#Σ #DS"><quote type="lemma">ERGO</quote> quia numinis est
                        desertus auxilio.</seg></ab>
               </div>
               <div type="textpart" subtype="verse" n="807" xml:id="l807">
                  <ab><seg source="#DS"><quote type="lemma">NEC DEXTRA VALET</quote> cum dixisset
                        clipeo, non subiunxit gladium, sed dextram, ut ostenderet eum nec se armis
                        tegendo nec hostem telis petendo valuisse.</seg></ab>
                  <ab><seg source="#Σ #DS"><quote type="lemma">TELIS OBRVITVR </quote>Lucanus eundem
                        sensum per declamationem <anchor xml:id="anchor-aeneid-4.776-714"
                           corresp="note-aeneid-4.776"/><note type="commentary"
                           xml:id="note-aeneid-4.776-714" target="anchor-aeneid-4.776"><ref
                              target="urn:cts:latinLit:phi0690.phi003:4.776">4.776</ref></note>
                        <hi rend="italic">telorum nimbo peritura et pondere ferri.</hi></seg></ab>
               </div>
               <div type="textpart" subtype="verse" n="808" xml:id="l808">
                  <ab><seg source="#DS"><quote type="lemma">TEMPORA CIRCVM</quote> totus locus
                        Homeri est.</seg><seg source="#Σ #DS"/></ab>
               </div>
               <div type="textpart" subtype="verse" n="810" xml:id="l810">
                  <ab><seg source="#DS"><quote type="lemma">IVBAE CAPITI</quote> pro 'quae in capite
                        sunt'.</seg></ab>
                  <ab><seg source="#Σ #DS"><quote type="lemma">VMBO</quote> id est scutum. nam a
                        parte totum significat.</seg></ab>
               </div>
               <div type="textpart" subtype="verse" n="813" xml:id="l813">
                  <ab><seg source="#Σ #DS"><quote type="lemma">ET PICEVM NEC RESPIRARE POTESTAS
                              F<supplied reason="lost">LVMEN</supplied> A<supplied reason="lost"
                              >GIT</supplied></quote> ordo est 'sudor piceum flumen agit', hoc est
                        sordidum, quia sine respiratione pugnabat.</seg></ab>
               </div>
               <div type="textpart" subtype="verse" n="814" xml:id="l814">
                  <ab><seg source="#DS"><quote type="lemma">FESSOS QVATIT AEGER ANHELITVS
                        </quote>Probus ait <anchor xml:id="anchor-fr.30-722" corresp="note-fr.30"
                           /><note type="commentary" xml:id="note-fr.30-722" target="anchor-fr.30"
                              ><ref target="MATCHNOTFOUND">fr. 30</ref></note>
                        <hi rend="italic">commodius</hi>
                        <hi rend="italic">hic est 'aeger' quam in quinto</hi>
                        <anchor xml:id="anchor-aeneid-9.432-723" corresp="note-aeneid-9.432"/><note
                           type="commentary" xml:id="note-aeneid-9.432-723"
                           target="anchor-aeneid-9.432"><ref
                              target="urn:cts:latinLit:phi0690.phi003:9.432">432</ref></note> '<hi
                           rend="italic">vastos quatit aeger anhelitus</hi>
                        <hi rend="italic">artus</hi>': <hi rend="italic">quamvis consuetudo sit
                           Vergilio ista mutandi</hi>. quidam 'acer' legunt: et volunt in quinto
                        'aeger' aptius dictum de sene, hic de iuvene 'acer' melius
                        convenire.</seg><seg source="#Σ #DS"/></ab>
               </div>
               <div type="textpart" subtype="verse" n="815" xml:id="l815">
                  <ab><seg source="#Σ #DS"><quote type="lemma">TVM DEMVM</quote> postquam se aliter
                        evadere non posse vidit.</seg></ab>
                  <ab><seg source="#Σ #DS"><quote type="lemma">OMNIBVS ARMIS </quote>'cum' minus
                        est.</seg></ab>
               </div>
               <div type="textpart" subtype="verse" n="816" xml:id="l816">
                  <ab><seg source="#Σ #DS"><quote type="lemma">ILLE SVO CVM GVRGITE FLAVO</quote>
                        hysterologia est 'cum ille eum excepit': non enim procedit 'cum suo
                        gurgite', quasi posset fieri ut eum Tiberis sine suis fluentis exciperet.
                        sane quaerunt multi, cum Tiberis Aeneae faveat, cur liberaverit Turnum; sed
                        solvitur ista ratione: ob hoc Turnum esse liberatum ut maior Aeneae gloria
                        servaretur.</seg><seg source="#DS">alii tradunt <supplied reason="lost"
                           >a</supplied> Thybride, qui Aeneae favet, nunc Turnum in Iunonis gratiam
                        esse servatum.</seg></ab>
               </div>
            </div>
         </div>
      </body>
      <back>
         <!--
            The content of the back matter will be determined in consultation between
                    the editor and the staff of the DLL. Because LDLT editions are encoded, the
                    matter traditionally found in the back of a printed critical edition may be
                    generated by applications instead of having to be entered manually.
                    Nevertheless, there is space here for notes, indices, and other kinds of
                    information.
            -->
      </back>
   </text>
</TEI>
