<?xml-model
            href="https://digitallatin.github.io/guidelines/critical-editions.rng" type="application/xml" 
              schematypens="http://relaxng.org/ns/structure/1.0"?>
            <?xml-model
            href="https://digitallatin.github.io/guidelines/critical-editions.rng" type="application/xml"
            	schematypens="http://purl.oclc.org/dsdl/schematron"?>
            <TEI xmlns="http://www.tei-c.org/ns/1.0">
               <teiHeader>
                  <fileDesc>
                     <titleStmt>
                        <title>Title</title>
                     </titleStmt>
                     <publicationStmt>
                        <p>Publication Information</p>
                     </publicationStmt>
                     <sourceDesc>
                        <p>Information about the source</p>
                     </sourceDesc>
                  </fileDesc>
               </teiHeader>
               <text>
                  <body>
                  <div type="edition" xml:id="edition-text">
                        <div type="textpart" n="1" xml:id="part1"><div type="textpart" n="1" xml:id="l1"><ab><seg source="#Σ #DS">&lt;quote type="lemma"&gt;ATQVE EA DIVERSA PENITVS DVM P&lt;/quote&gt;&lt;supplied reason="lost"&gt;ARTE&lt;/supplied&gt; G&lt;supplied reason="lost"&gt;ERVNTVR&lt;/supplied&gt; in hoc libro mutatio est rerum omnium: nam et personae et loca alia sunt et aliud negotium incipitur; ab Aenea enim transit ad Turnum, a Tuscia ad Ardeam, a petitione auxiliorum ad bellum. quem transitum quidam culpant, nescientes Vergilium prudenter iunxisse superioribus negotiis sequentia per illam particulam, &lt;quote&gt;atque. &lt;/quote&gt;</seg></ab>
<ab><seg source="#Σ #DS">&lt;quote type="lemma"&gt;EA D&lt;/quote&gt;&lt;supplied reason="lost"&gt;IVERSA&lt;/supplied&gt; PENITVS DVM PARTE GERVNTVR scilicet dum offeruntur arma, dum dantur auxilia.</seg><seg source="#DS">&lt;quote ref="Eu. 320"&gt;dum&lt;/quote&gt; enim, cum sit coniunctio, hic tamen adverbii vim obtinet: Terentius  &lt;quote&gt;mea nihil refert, dum potiar modo.&lt;/quote&gt;</seg><seg source="#Σ #DS">sane formatus est iste liber ad illud Homeri (Il. 10) ubi dicit per noctem egressos esse Diomedem et Vlixem cum capto Dolone castra penetrarunt: nam partem maximam et oeconomiae et negotiorum exinde habet.</seg></ab>
<ab><seg source="#Σ #DS">&lt;quote type="lemma"&gt;DIVERSA PENITVS&lt;/quote&gt; valde diversa, id est longius remota,</seg><seg source="#DS">vel apud Pallanteum vel in Etruria;</seg><seg source="#Σ #DS">unde paulo post (10) dicit &lt;quote&gt;nec satis, extremas Corythi penetravit ad urbes Lydorumque manum.&lt;/quote&gt; </seg></ab></div>
<div type="textpart" n="2" xml:id="l2"><ab><seg source="#Σ #DS">&lt;quote type="lemma"&gt;IRIM &lt;/quote&gt;Iris quasi ἔρις dicta est: numquam enim ad conciliationem mittitur, sicut Mercurius, sed ad disturbationem. et est ministra non tantum dearum, sed et deorum: nam praeter Homerum et Vergilius hoc probat, dicens  &lt;quote target="l803"&gt;aeriam caelo nam Iuppiter Irim demisit germanae haud mollia iussa ferentem.&lt;/quote&gt;</seg></ab></div>
<div type="textpart" n="3" xml:id="l3"><ab><seg source="#Σ #DS">&lt;quote type="lemma"&gt;AVDACEM AD TVRNVM&lt;/quote&gt; fortem sine felicitate, sicut de Pallante diximus (8.110).</seg><seg source="#DS">et modo audaciae laus oportuna, quia ad audendum exhortandus est.</seg></ab>
<ab><seg source="#Σ">&lt;quote type="lemma"&gt;PARENTIS&lt;/quote&gt;</seg></ab>
<ab><seg source="#Σ">&lt;quote type="lemma"&gt;PARENTIS PILVMNI &lt;/quote&gt;Pilumnus et Pitumnus fratres fuerunt di. horum   Pitumnus usum stercorandorum invenit agrorum—unde et Sterculinius   dictus est—Pilumnus vero pinsendi frumenti: unde et a pistoribus   colitur. ab ipso et pilum dictum est.</seg><seg source="#DS">&lt;supplied reason="lost"&gt;quidam Pilumnum et Pitumnum Castorem et Pollucem accipiunt; nonnulli laudum deos; Varro (VPR 2.82a) coniugales deos suspicatur.&lt;/supplied&gt;</seg><seg source="#Σ #DS"></seg></ab></div>
<div type="textpart" n="4" xml:id="l4"><ab><seg source="#Σ #DS">&lt;quote type="lemma"&gt;SACRATA VALLE&lt;/quote&gt; ideo &lt;quote&gt;sacrata&lt;/quote&gt; quia, ut diximus supra (1.441), numquam est lucus sine religione.</seg></ab>
<ab><seg source="#Σ #DS">&lt;quote type="lemma"&gt;SEDEBAT&lt;/quote&gt; ut Asper dicit (fr. 38) 'erat', quae clausula antiqua est et de usu remota. secundum Plautum</seg><seg source="#DS">autem</seg><seg source="#Σ #DS">&lt;quote&gt;sedere&lt;/quote&gt; est consilium capere, qui inducit</seg><seg source="#DS">in Mostellaria</seg><seg source="#Σ #DS">servum dicentem &lt;quote ref="Serv. 7.187"&gt;sine iuxta aram sedeam, et dabo meliora consilia.&lt;/quote&gt; sed secundum augures &lt;quote&gt;sedere&lt;/quote&gt; est augurium captare; namque post designatas caeli partes a sedentibus captabantur auguria: quod et supra ipse ostendit latenter, inducens Picum solum sedentem, ut  &lt;quote&gt;parvaque sedebat succinctus trabea,&lt;/quote&gt; quod est augurum, cum alios stantes induxerit. ergo &lt;quote&gt;sedebat&lt;/quote&gt; aut 'erat' aut 'consilia capiebat' aut 'augurabatur'.</seg><seg source="#DS">unde et hic &lt;quote ref="Serv. 7.174"&gt;lucus&lt;/quote&gt; vice aedis sacratae accipi debet: quod plenius illo loco dictum est  &lt;quote&gt;hoc illius curia templum.&lt;/quote&gt; aut quia in locis sacris sedentes consilia habituri erant. * curiam in templo haberent: quod Numa cum sciret,Vestae aediculam, non templum, statuit, ne ibi senatus haberi posset et ipsa necessitate vir introiret locum. nam et ipsa consilia a sedendo quasi considia dicta sunt; sedentium enim animi tranquilliores fiunt.</seg><seg source="#Σ"></seg></ab></div>
<div type="textpart" n="5" xml:id="l5"><ab><seg source="#Σ #DS">&lt;quote type="lemma"&gt;THAVMANTIAS&lt;/quote&gt; secundum poeticam Thaumantis filia. ceterum ex   admiratione hoc nomen accepit, quia admiratio de eius coloribus   nascitur.</seg></ab></div>
<div type="textpart" n="6" xml:id="l6"><ab><seg source="#Σ #DS">&lt;quote type="lemma"&gt;DIVVM PROMITTERE NEMO &lt;/quote&gt;'nemo' pro 'nullus' posuit. et est acyrologia. nam 'divum nemo' non possumus dicere, cum proprie 'nemo' sit 'ne homo'.</seg></ab></div>
<div type="textpart" n="7" xml:id="l7"><ab><seg source="#Σ #DS">&lt;quote type="lemma"&gt;AVDERET&lt;/quote&gt; docet per transitum multa interdum temporum ratione provenire, quae numina praestare non possunt. quod etiam paulo post in matris deum petitione Iuppiter probat, dicens  &lt;quote target="l97"&gt;cui tanta deo permissa potestas.&lt;/quote&gt;</seg></ab>
<ab><seg source="#Σ #DS">&lt;quote type="lemma"&gt;VOLVENDA&lt;/quote&gt; pro 'volubilis'.</seg></ab></div>
<div type="textpart" n="8" xml:id="l8"><ab><seg source="#DS">&lt;quote type="lemma"&gt;AENEAS VRBE ET SOCIIS&lt;/quote&gt; ab occasione. et ostendit quid illi expugnandum sit, quia caret defensore.</seg></ab>
<ab><seg source="#DS">&lt;quote type="lemma"&gt;VRBE&lt;/quote&gt;</seg></ab>
<ab><seg source="#DS">&lt;quote type="lemma"&gt;VRBE&lt;/quote&gt; urbs ista quae est in septimo  &lt;quote target="l157"&gt;ipse humili designat moenia&lt;/quote&gt; &lt;quote&gt;fossa.&lt;/quote&gt;hanc Castrum Laurens ait dici Varro (ARH 2.14), oppidum tacet. sed ubi primum Aeneas egressus sit, eum locum Troiam nuncupari traditur.</seg><seg source="#Σ #DS"></seg></ab></div>
<div type="textpart" n="9" xml:id="l9"><ab><seg source="#DS">&lt;quote type="lemma"&gt;PALATINI&lt;/quote&gt; prolepsis est.</seg><seg source="#Σ #DS"></seg></ab></div>
<div type="textpart" n="10" xml:id="l10"><ab><seg source="#Σ #DS">&lt;quote type="lemma"&gt;NEC SATIS&lt;/quote&gt; quia occurrebat ab Euandro eum facile posse remeare.</seg></ab>
<ab><seg source="#DS">&lt;quote type="lemma"&gt;CORYTHI&lt;/quote&gt;</seg></ab>
<ab><seg source="#DS">&lt;quote type="lemma"&gt;CORYTHI PENETRAVIT&lt;/quote&gt; ut totam &lt;surplus&gt;in&lt;/surplus&gt; Etruriam peragrasse videatur.</seg><choice><seg source="#DS">&lt;quote&gt;Corythi&lt;/quote&gt; autem</seg><seg source="#Σ">&lt;quote type="lemma"&gt;CORYTHI&lt;/quote&gt;</seg></choice><seg source="#Σ #DS">montis Tusciae, qui, ut diximus (7.209), nomen accepit a Corytho rege, cum cuius uxore concubuit Iuppiter, unde natus est Dardanus.</seg><seg source="#DS">&lt;quote&gt;penetravit&lt;/quote&gt; autem bene, quia supra (1) dixerat &lt;quote&gt;penitus.&lt;/quote&gt;</seg><seg source="#Σ #DS"></seg></ab></div>
<div type="textpart" n="11" xml:id="l11"><ab><seg source="#DS">&lt;quote type="lemma"&gt;LYDORVMQVE MANVM&lt;/quote&gt; omnia haec ad occasionem faciendi pertinent ex longinquitate, ut dictum est, regionis.</seg></ab>
<ab><seg source="#Σ #DS">&lt;quote type="lemma"&gt;ARMAT AGRESTES&lt;/quote&gt; ne ei formidinem iniciat, agrestes esse commemorat.</seg></ab></div>
<div type="textpart" n="12" xml:id="l12"><ab><seg source="#DS">&lt;quote type="lemma"&gt;NVNC TEMPVS&lt;/quote&gt; a metu.</seg><seg source="#Σ #DS"></seg></ab></div>
<div type="textpart" n="13" xml:id="l13"><ab><seg source="#Σ #DS">&lt;quote type="lemma"&gt;TVRBATA ARRIPE CASTRA&lt;/quote&gt; aut 'arripe et turba',</seg><choice><seg source="#DS">aut &lt;quote&gt;turbata&lt;/quote&gt; invade per absentiam Aeneae inordinata, aut certe 'turba et arripe'.</seg><seg source="#Σ">aut 'turbata invade per absentiam Aeneae'. </seg></choice><seg source="#Σ #DS"></seg></ab></div>
<div type="textpart" n="14" xml:id="l14"><ab><seg source="#DS">&lt;quote type="lemma"&gt;PARIBVS ALIS&lt;/quote&gt; id est aequalibus. et ostendit aequalem volatum.</seg><seg source="#Σ #DS"></seg></ab></div>
<div type="textpart" n="15" xml:id="l15"><ab><seg source="#DS">&lt;quote type="lemma"&gt;FVGA&lt;/quote&gt; pro 'veloci reditu'; neque enim fugit.</seg></ab>
<ab><seg source="#Σ #DS">&lt;quote type="lemma"&gt;SECVIT SVB NVBIBVS ARCVM&lt;/quote&gt; hoc est duxit, ut  &lt;quote ref="Serv. 6.899"&gt;ille viam secat ad naves.&lt;/quote&gt; et re vera arcus ipse variis coloribus sectus est. bene autem &lt;quote&gt;sub nubibus,&lt;/quote&gt; quia sine nubis beneficio arcus non videtur.</seg></ab></div>
<div type="textpart" n="16" xml:id="l16"><ab><choice><seg source="#DS">&lt;quote type="lemma"&gt;AGNOVIT IVVENIS&lt;/quote&gt; deest 'eam'. et</seg><seg source="#Σ">&lt;quote type="lemma"&gt;AGNOVIT IVVENIS&lt;/quote&gt;</seg></choice><seg source="#Σ #DS">Irim tantum agnovit, non et a quo missa esset, utrum a Iove an a Iunone. hinc est quod dicit &lt;quote&gt;quis te mihi nubibus actam . . . .&lt;/quote&gt;</seg><seg source="#DS">unde apparet eum scisse nuntiam illam et Iovis et Iunonis esse.</seg><seg source="#Σ #DS"></seg></ab></div>
<div type="textpart" n="19" xml:id="l19"><ab><choice><seg source="#DS">&lt;quote type="lemma"&gt;REPENTE TEMPESTAS&lt;/quote&gt;</seg><seg source="#Σ">&lt;quote type="lemma"&gt;REPENTE&lt;/quote&gt;</seg></choice><seg source="#Σ #DS">item aliud augurium: namque cum Iris sine nubibus non possit videri, post eius abscessum statim est secuta serenitas. &lt;quote&gt;clara&lt;/quote&gt; autem bene addidit, quia tempestas τῶν μέσων est. </seg></ab></div>
<div type="textpart" n="20" xml:id="l20"><ab><seg source="#Σ #DS">&lt;quote type="lemma"&gt;DISCEDERE CAELVM&lt;/quote&gt; chasma dicit factum, id est subitam aeris disruptionem et quendam recessum, per quod vult videri Irim se recepisse. &lt;quote ref="Serv. 1.225"&gt;medium&lt;/quote&gt; autem bene dixit. nam est et summum; unde est  &lt;quote&gt;sic vertice caeli constitit.&lt;/quote&gt; nubes autem in medio sunt, ubi omnia</seg><seg source="#DS">ista</seg><seg source="#Σ #DS">fiunt signa quae dicit, id est Iris, serenitas, chasma. nam si in summo fierent, nullus videre potuisset. humani enim oculi altiorem et nimium splendorem ferre non possunt. sane chasma est (ita enim Plinius [NH 2.97] vocat) disruptio et quidam caeli recessus.</seg><seg source="#DS">in auguralibus libris inter ostenta etiam caelum discessisse dicitur. et quidam hic &lt;quote ref="Serv. 4.132"&gt;caelum&lt;/quote&gt; pro aere accipiunt, ut Lucretius  &lt;quote&gt;in hoc&lt;/quote&gt; &lt;quote&gt;caelo qui dicitur aer.&lt;/quote&gt;</seg><seg source="#Σ #DS"></seg></ab></div>
<div type="textpart" n="21" xml:id="l21"><ab><seg source="#Σ #DS">&lt;quote type="lemma"&gt;PALANTESQVE POLO STELLAS&lt;/quote&gt; bene &lt;quote&gt;palantes,&lt;/quote&gt; quasi in alienum tempus errore venientes;</seg><seg source="#DS">aut &lt;quote&gt;palantes&lt;/quote&gt; 'quae sunt palantes', epitheton stellarum perpetuum.</seg></ab>
<ab><seg source="#Σ #DS">&lt;quote type="lemma"&gt;OMINA TANTA&lt;/quote&gt; scilicet caelestia.</seg><seg source="#DS">et hic &lt;quote&gt;omina&lt;/quote&gt; pro signis vel auspiciis posuit.</seg><seg source="#Σ #DS"></seg></ab></div>
<div type="textpart" n="22" xml:id="l22"><ab><seg source="#Σ #DS">&lt;quote type="lemma"&gt;QVISQVIS IN ARMA VOCAS&lt;/quote&gt; vel Iuno vel Iuppiter.</seg></ab></div>
<div type="textpart" n="24" xml:id="l24"><ab><seg source="#Σ #DS">&lt;quote type="lemma"&gt;ONERAVITQVE AETHERA VOTIS&lt;/quote&gt; iterum atque iterum</seg><seg source="#DS">aut alia atque alia</seg><seg source="#Σ #DS">est vota pollicitus. locus autem iste dictus est secundum augurum morem, apud quos fuerat consuetudo ut si post acceptum augurium ad aquam venissent, inclinati</seg><choice><seg source="#DS">aquas haurirent exinde, et manibus effusis</seg><seg source="#Σ">haurirent exinde manibus, et fusis</seg></choice><seg source="#Σ #DS">precibus vota promitterent ut visum perseveraret augurium, quod aquae intercessu disrumpitur: unde etiam in duodecimo visum augurium non procedit nec sortitur exitum firmum, quia cycnus, dimissus ab aquila, in fluvium cecidit, ut  &lt;quote ref="Serv. 12.255"&gt;praedamque ex unguibus ales proiecit fluvio.&lt;/quote&gt; hinc videtur etiam Turnus minime potuisse liberari. </seg></ab></div>
<div type="textpart" n="25" xml:id="l25"><ab><seg source="#Σ #DS">&lt;quote type="lemma"&gt;IAMQVE OMNIS CAMPIS E&lt;/quote&gt;&lt;supplied reason="lost"&gt;XERCITVS&lt;/supplied&gt; I&lt;supplied reason="lost"&gt;BAT&lt;/supplied&gt; A&lt;supplied reason="lost"&gt;PERTIS&lt;/supplied&gt; intellegamus hunc exercitum primo confuse in campos ruisse, post digestum in ordines, ut sit sequentium fluminum congrua comparatio; quae flumina dicit post camporum inundationem in alveos suos reverti. nam hoc vult dicere: ut de campis flumina in alveos redeunt, sic digesta est in acies militum multitudo, quae fuerat ante diffusa.</seg></ab></div>
<div type="textpart" n="26" xml:id="l26"><ab><seg source="#Σ #DS">&lt;quote type="lemma"&gt;DIVES EQVVM&lt;/quote&gt; per genetivum frequentius utimur hac figura quam per ablativum.</seg><seg source="#DS">sane hic secutus veteres cuius rei dives addidit, cum alibi subtraxerit, ut  &lt;quote ref="Serv. 4.263"&gt;dives quae munera Dido&lt;/quote&gt; et  &lt;quote ref="Serv. 7.11"&gt;dives inaccessos ubi Solis&lt;/quote&gt; &lt;supplied reason="lost"&gt;&lt;quote&gt;filia lucos&lt;/quote&gt;&lt;/supplied&gt;&lt;quote&gt;.&lt;/quote&gt;</seg><seg source="#Σ #DS"></seg></ab></div>
<div type="textpart" n="27" xml:id="l27"><ab><seg source="#Σ #DS">&lt;quote type="lemma"&gt;COERCENT&lt;/quote&gt; cogunt, colligunt.</seg><seg source="#DS">alias 'continent', alias 'conpescunt'. nonnulli &lt;quote&gt;postrema&lt;/quote&gt; pro 'postremas partes' accipiunt.</seg><seg source="#Σ #DS"></seg></ab></div>
<div type="textpart" n="30" xml:id="l30"><ab><seg source="#DS">&lt;quote type="lemma"&gt;SEDATIS AMNIBVS&lt;/quote&gt; quia Nilus exundat aestate, cum cetera flumina inminutione quieta sunt.</seg></ab>
<ab><seg source="#Σ #DS">&lt;quote type="lemma"&gt;ALTVS PER TACITVM GANGES&lt;/quote&gt; fluvius Indiae est, qui secundum Senecam in Situ Indiae (fr. 11) novem alveis fluit, secundum Melam (3.7.68) septem; qui tamen et ipse commemorat nonnullos dicere quod tribus alveis fluat. Vergilius tamen, Nilo eum iungens, septem alveos habere significat. hanc varietatem Donatus fugiens, longum hyperbaton facit, dicens (Verg. 94) 'ceu surgens septem amnibus Nilus aut Ganges altus per tacitum'. sane bene addidit &lt;quote&gt;per tacitum altus,&lt;/quote&gt; hoc est 'per profundam altitudinem &lt;supplied reason="lost"&gt;tacitus&lt;/supplied&gt;'; nam licet crescat, intra ripas tamen est, nec, ut Nilus, superfunditur campis; unde Asper (fr. 39) distinxit &lt;quote&gt;altus per tacitum.&lt;/quote&gt;</seg><seg source="#DS">et bene agmen exercitus flumini comparavit, quia et fluviorum agmina. &lt;supplied reason="lost"&gt;nam&lt;/supplied&gt; ipse dicit  &lt;quote ref="Serv. 2.782"&gt;leni fluit agmine Thybris.&lt;/quote&gt;</seg><seg source="#Σ #DS"></seg></ab></div>
<div type="textpart" n="31" xml:id="l31"><ab><seg source="#Σ #DS">&lt;quote type="lemma"&gt;PINGVI FLVMINE NILVS &lt;/quote&gt;Nilus dictus est quasi νέαν ἰλύν (hoc est novum limum) trahens: quod volens exprimere dixit &lt;quote ref="Serv. 2.187"&gt;pingui flumine,&lt;/quote&gt; id est 'fluore', quae res fecundam efficit terram; quod et ipse in Georgicis ostendit dicens  &lt;quote ref="Serv. 4.291"&gt;liquuntur montibus amnes felicemque trahunt limum,&lt;/quote&gt; item  &lt;quote&gt;et viridem Aegyptum nigra fecundat harena.&lt;/quote&gt;</seg></ab></div>
<div type="textpart" n="32" xml:id="l32"><ab><seg source="#DS">&lt;quote type="lemma"&gt;CVM REFLVIT CAMPIS&lt;/quote&gt; hoc est a campis rediit: tunc enim omnia ora eius apparent; alias, cum abundat, una eius facies est.</seg><seg source="#Σ #DS"></seg></ab></div>
<div type="textpart" n="35" xml:id="l35"><ab><seg source="#DS">&lt;quote type="lemma"&gt;AB ADVERSA&lt;/quote&gt; castris opposita anvenienti agmini?</seg><seg source="#Σ #DS"></seg></ab></div>
<div type="textpart" n="36" xml:id="l36"><ab><seg source="#Σ #DS">&lt;quote type="lemma"&gt;QVIS GLOBVS&lt;/quote&gt; id est quantus: admirantis enim est, non interrogantis; nec enim interrogat qui nuntiat.</seg></ab></div>
<div type="textpart" n="38" xml:id="l38"><ab><seg source="#Σ #DS">&lt;quote type="lemma"&gt;HOSTIS ADEST&lt;/quote&gt; hic distinguendum, ut &lt;quote ref="Ann. 603"&gt;heia&lt;/quote&gt; militum sit properantium clamor. et est Ennianum, qui ait  &lt;quote&gt;heia machaeras.&lt;/quote&gt; ergo &lt;quote&gt;heia&lt;/quote&gt; ingenti clamore dicentes ad portas ruebant. alii &lt;quote&gt;hostis adest heia&lt;/quote&gt; legunt.</seg><seg source="#DS">alii &lt;quote&gt;heia&lt;/quote&gt; non a persona ad personam dictum putant, sed ipsum poetam quasi actum rei imaginatione exclamasse.</seg><seg source="#Σ #DS"></seg></ab></div>
<div type="textpart" n="40" xml:id="l40"><ab><seg source="#Σ #DS">&lt;quote type="lemma"&gt;NAMQVE ITA DISCEDENS PRAECEPERAT&lt;/quote&gt; excusatio Troianorum, ne portas clausisse timore viderentur.</seg></ab>
<ab><seg source="#Σ #DS">&lt;quote type="lemma"&gt;OPTIMVS ARMIS&lt;/quote&gt; peritus armorum, dux egregius qui et futura provideret.</seg><seg source="#Σ"></seg></ab></div>
<div type="textpart" n="41" xml:id="l41"><ab><seg source="#Σ #DS">&lt;quote type="lemma"&gt;SI QVA I&lt;/quote&gt;&lt;supplied reason="lost"&gt;NTEREA&lt;/supplied&gt; FORTVNA F&lt;supplied reason="lost"&gt;VISSET&lt;/supplied&gt; scilicet bellicus casus.</seg></ab></div>
<div type="textpart" n="43" xml:id="l43"><ab><seg source="#DS">&lt;quote type="lemma"&gt;TVTOS SERVARENT AGGERE MVROS&lt;/quote&gt; id est tutos beneficio aggeris muros.</seg><seg source="#Σ #DS"></seg></ab></div>
<div type="textpart" n="44" xml:id="l44"><ab><seg source="#Σ #DS">&lt;quote type="lemma"&gt;PVDOR IRAQVE MONSTRAT&lt;/quote&gt; licet eos hortaretur ira et pudor.</seg></ab></div>
<div type="textpart" n="45" xml:id="l45"><ab><seg source="#DS">&lt;quote type="lemma"&gt;OBICIVNT&lt;/quote&gt; obices ponunt, vel obicibus muniunt et per hoc claudunt.</seg></ab>
<ab><seg source="#DS">&lt;quote type="lemma"&gt;FACESSVNT&lt;/quote&gt;</seg></ab>
<ab><seg source="#DS">&lt;quote type="lemma"&gt;FACESSVNT&lt;/quote&gt; hic 'faciunt', alias 'discedunt', ut (Ter. Ph. 635) &lt;quote&gt;illa hinc&lt;/quote&gt; &lt;quote&gt;facessat.&lt;/quote&gt;</seg><seg source="#Σ #DS"></seg></ab></div>
<div type="textpart" n="46" xml:id="l46"><ab><seg source="#DS">&lt;quote type="lemma"&gt;TVRRIBVS&lt;/quote&gt; pro 'in turribus'.</seg><seg source="#Σ #DS"></seg></ab></div>
<div type="textpart" n="47" xml:id="l47"><ab><seg source="#Σ #DS">&lt;quote type="lemma"&gt;TARDVM AGMEN&lt;/quote&gt; peditum dicit, qui equitum comparatione tardi sunt.</seg></ab></div>
<div type="textpart" n="48" xml:id="l48"><ab><seg source="#Σ #DS">&lt;quote type="lemma"&gt;VRBI &lt;/quote&gt;Troiae, quam fecerat Aeneas  &lt;quote ref="Serv. 7.159"&gt;castrorum in morem.&lt;/quote&gt;</seg></ab></div>
<div type="textpart" n="49" xml:id="l49"><ab><seg source="#Σ #DS">&lt;quote type="lemma"&gt;MACVLIS QVEM THRACIVS ALBIS&lt;/quote&gt;</seg><seg source="#DS">figura: 'maculas albas habens'. et</seg><seg source="#Σ #DS">nove albas maculas dixit, cum proprie macularum haec sit natura ut obscuritate sua album aliquid infuscent. </seg></ab></div>
<div type="textpart" n="50" xml:id="l50"><ab><seg source="#Σ #DS">&lt;quote type="lemma"&gt;CRISTAQVE TEGIT GALEA AVREA RVBRA&lt;/quote&gt;</seg><seg source="#DS">pro 'galea cristas habens rubras'. sed</seg><seg source="#Σ #DS">duo ablativi sunt et duo nominativi, quos metrica ratione discernimus; nam 'rubra crista' longae sunt ultimae, quia ablativi sunt casus. sane huius modi versus pessimi sunt. </seg></ab></div>
<div type="textpart" n="52" xml:id="l52"><ab><seg source="#DS">&lt;quote type="lemma"&gt;EN AIT&lt;/quote&gt; eclipsis festinationis exprimendae gratia: quidquid enim addideris sensus admittet.</seg><seg source="#Σ #DS"></seg></ab></div>
<div type="textpart" n="53" xml:id="l53"><ab><seg source="#Σ #DS">&lt;quote type="lemma"&gt;PRINCIPIVM PVGNAE&lt;/quote&gt; hoc de Romana sollemnitate tractum est. cum enim volebant bellum indicere, pater patratus, hoc est princeps fetialium, proficiscebatur ad hostium fines, et praefatus quaedam sollemnia, clara voce dicebat se bellum indicere propter certas causas, aut quia socios laeserant, aut quia nec abrepta animalia nec obnoxios redderent. et haec clarigatio dicebatur a claritate vocis. post quam clarigationem hasta in eorum fines missa indicabatur iam pugnae principium.</seg><seg source="#DS">post tertium autem et tricesimum diem quam res repetissent ab hostibus,fetiales hastam mittebant. denique cum Pyrrhi temporibus adversum transmarinum hostem bellum Romani gesturi essent nec invenirent locum ubi hanc sollemnitatem per fetiales indicendi belli celebrarent, dederunt operam ut unus de Pyrrhi militibus caperetur, quem fecerunt in circo Flaminio locum emere, ut quasi in hostili loco ius belli indicendi implerent. denique in eo loco ante aedem Bellonae consecrata est columna. Varro in Caleno ita ait  &lt;quote ref="fr. 66"&gt;duces cum&lt;/quote&gt; &lt;quote ref="Serv. 7.136"&gt;primum hostilem agrum introituri erant, ominis causa prius hastam in&lt;/quote&gt; &lt;quote&gt;eum agrum mittebant, ut castris locum caperent.&lt;/quote&gt; ergo bene hoc poeta de more Romano tractum Turno utpote duci dedit. sed in hac consuetudine fetialis, qui bellum indicebat, antequam hastam iaceret, etiam terram hostium contestabatur: unde quidam volunt Aenean scientem quod bellum gesturus esset, sicut a Sibylla cognoverat, ubi ad Italiae partem debitam venit, primum adorasse terram, ut  &lt;quote&gt;geniumque loci primamque deorum Tellurem.&lt;/quote&gt;</seg><seg source="#Σ #DS"></seg></ab></div>
<div type="textpart" n="54" xml:id="l54"><ab><seg source="#Σ #DS">&lt;quote type="lemma"&gt;CLAMOREM EXCIPIVNT SOCII&lt;/quote&gt; legitur et 'clamore'. si 'clamore', sensus erit talis: hastae iactum socii clamore comitantur; si 'clamorem', intellegimus Turni eos clamorem excepisse et cum fremitu eum secutos esse, id est 'excipiunt clamorem Turni et cum fremitu eum sequuntur'.</seg></ab></div>
<div type="textpart" n="55" xml:id="l55"><ab><seg source="#Σ #DS">&lt;quote type="lemma"&gt;INERTIA CORDA&lt;/quote&gt; non re vera, sed sicut hostibus videbatur.</seg></ab></div>
<div type="textpart" n="57" xml:id="l57"><ab><seg source="#DS">&lt;quote type="lemma"&gt;ARMA VIROS&lt;/quote&gt; vehementius &lt;quote&gt;viros&lt;/quote&gt; pronuntiandum.</seg></ab>
<ab><seg source="#DS">&lt;quote type="lemma"&gt;CASTRA&lt;/quote&gt;</seg></ab>
<ab><seg source="#DS">&lt;quote type="lemma"&gt;CASTRA FOVERE&lt;/quote&gt; veteres 'fovere' pro 'diu incolere' vel 'habitare' dicebant.</seg><seg source="#Σ #DS"></seg></ab></div>
<div type="textpart" n="58" xml:id="l58"><ab><seg source="#Σ #DS">&lt;quote type="lemma"&gt;ADITVMQVE PER AVIA QVAERIT&lt;/quote&gt; etiam per avia. sane exprimitur Turni violentia; nam viam per avia nullus requirit.</seg></ab></div>
<div type="textpart" n="60" xml:id="l60"><ab><seg source="#Σ #DS">&lt;quote type="lemma"&gt;AD CAVLAS&lt;/quote&gt; munimenta et saepta ovium. est autem Graecum nomen 'c' detracto: nam Graeci αὐλάς vocant animalium receptacula.</seg><seg source="#DS">unde in sacris aedibus et in tribunalibus saepta, quae turbas prohibent, caulas vocamus.</seg><seg source="#Σ #DS"></seg></ab></div>
<div type="textpart" n="61" xml:id="l61"><ab><seg source="#Σ #DS">&lt;quote type="lemma"&gt;NOCTE SVPER MEDIA&lt;/quote&gt; ultra mediam noctem, id est</seg><choice><seg source="#DS">plus quam media, vel maiore eius parte.</seg><seg source="#Σ">maiore eius parte.</seg></choice><seg source="#Σ #DS">et est bona elocutio, facta per syllepsin, ut si dicas 'legi nocte super media', id est ultra mediam noctem; nulla enim syllepsis est quae non et casum mutet et egeat subauditione, ut  &lt;quote target="l287"&gt;hanc ego nunc ignaram huius quodcumque pericli est&lt;/quote&gt; </seg></ab></div>
<div type="textpart" n="62" xml:id="l62"><ab><seg source="#DS">&lt;quote type="lemma"&gt;INPROBVS IRA&lt;/quote&gt; non 'ira inprobus', sed 'ira saevit': totum autem summa brevitate narratum.</seg><seg source="#Σ #DS"></seg></ab></div>
<div type="textpart" n="63" xml:id="l63"><ab><seg source="#Σ #DS">&lt;quote type="lemma"&gt;SAEVIT IN ABSENTES&lt;/quote&gt; fantasiam saevitiae expressit qua lupi sic circa caulas fremunt ut in ipsis animalibus solent.</seg></ab></div>
<div type="textpart" n="64" xml:id="l64"><ab><seg source="#Σ #DS">&lt;quote type="lemma"&gt;EX LONGO RABIES&lt;/quote&gt; absoluta elocutio, ut si dicas 'ille fame fatigatur ex longo'.</seg></ab>
<ab><seg source="#DS">&lt;quote type="lemma"&gt;SANGVINE&lt;/quote&gt;</seg></ab>
<ab><seg source="#DS">&lt;quote type="lemma"&gt;SANGVINE&lt;/quote&gt; pro 'a sanguine'.</seg><seg source="#Σ #DS"></seg></ab></div>
<div type="textpart" n="67" xml:id="l67"><ab><seg source="#Σ #DS">&lt;quote type="lemma"&gt;ET QVA VIA CLAVSOS &lt;/quote&gt;&lt;quote&gt;qua&lt;/quote&gt; adverbium loci est, non pronomen: nam non stat versus si &lt;quote&gt;via&lt;/quote&gt; septimus sit, non nominativus. ergo &lt;quote&gt;qua via&lt;/quote&gt; per quam partem via vallo Troianos excutiat. legitur tamen et 'quae via', et est sensus absolutior.</seg></ab></div>
<div type="textpart" n="68" xml:id="l68"><ab><seg source="#DS">&lt;quote type="lemma"&gt;EFFVNDAT IN AEQVVM&lt;/quote&gt; in planum, in campum.</seg><seg source="#Σ #DS"></seg></ab></div>
<div type="textpart" n="71" xml:id="l71"><ab><seg source="#DS">&lt;quote type="lemma"&gt;INVADIT SOCIOS&lt;/quote&gt;&lt;supplied reason="lost"&gt;QVE INCENDIA POSCIT OVANTES&lt;/supplied&gt; hysteroproteron ut aviditatem iuvenis ostenderet. &lt;quote&gt;incendia&lt;/quote&gt; autem pro materia ex qua incendia sequuntur; et videtur eventum posuisse.</seg><seg source="#Σ #DS"></seg></ab></div>
<div type="textpart" n="73" xml:id="l73"><ab><seg source="#DS">&lt;quote type="lemma"&gt;TVM VERO&lt;/quote&gt; ut signum incendendarum navium datum est.</seg><seg source="#Σ #DS"></seg></ab></div>
<div type="textpart" n="74" xml:id="l74"><ab><seg source="#Σ #DS">&lt;quote type="lemma"&gt;FACIBVS PVBES ACCINGITVR ATRIS&lt;/quote&gt;</seg><seg source="#DS">pro 'ad faces accingitur', ut sit dativus, ut  &lt;quote ref="Serv. 2.235"&gt;accingunt omnes&lt;/quote&gt; &lt;quote&gt;operi&lt;/quote&gt;; aut &lt;quote&gt;accingitur&lt;/quote&gt;</seg><choice><seg source="#DS">'armatur', 'instruitur' facibus.</seg><seg source="#Σ">'armatur', 'instruitur'.</seg></choice><seg source="#Σ #DS"></seg></ab></div>
<div type="textpart" n="75" xml:id="l75"><ab><seg source="#DS">&lt;quote type="lemma"&gt;DIRIPVERE FOCOS&lt;/quote&gt; quaeritur, quid ibi faciant foci. sed in carminibus quaedam nec ad subtilitatem nec ad veritatem exigenda sunt. aut certe &lt;quote&gt;focos,&lt;/quote&gt; quos ibi habere potuerunt.</seg></ab>
<ab><seg source="#Σ #DS">&lt;quote type="lemma"&gt;PICEVM FERT FVMIDA LVMEN&lt;/quote&gt; sordidior enim in taedis et ignis et fumus est.</seg></ab></div>
<div type="textpart" n="77" xml:id="l77"><ab><seg source="#Σ #DS">&lt;quote type="lemma"&gt;QVIS DEVS O MVSAE&lt;/quote&gt; quia res deorum est et ardua, ideo per se eam non potest dicere. hic autem gloria Turni latenter ostenditur, cuius vis nisi a numinibus repelli non potuit.</seg></ab>
<ab><seg source="#DS">&lt;quote type="lemma"&gt;TEVCRIS&lt;/quote&gt;</seg></ab>
<ab><seg source="#DS">&lt;quote type="lemma"&gt;TEVCRIS&lt;/quote&gt; aut detraxit praepositionem 'ab', ut sit 'ab Teucris'; aut &lt;quote&gt;Teucris&lt;/quote&gt; 'in honorem salutemque Teucrorum' incendia classibus avertit.</seg><seg source="#Σ #DS"></seg></ab></div>
<div type="textpart" n="79" xml:id="l79"><ab><seg source="#Σ #DS">&lt;quote type="lemma"&gt;PRISCA FIDES FACTO S&lt;/quote&gt;&lt;supplied reason="lost"&gt;ED&lt;/supplied&gt; F&lt;supplied reason="lost"&gt;AMA&lt;/supplied&gt; P&lt;supplied reason="lost"&gt;ERENNIS&lt;/supplied&gt; omnis antiquitas difficile pura et incorrupta manat in posteros. hoc enim dicit: factum hoc licet priscum sit, id est antiquum, tamen fama eius non est obliterata temporis vetustate.</seg><seg source="#DS">alii sic intellegunt: fabulosum est quidem, sed fides eius rei penes priscos est: eius enim rei, cuius auctorem facere noluit, sic ordinem protulit. alii: iam quidem evanuit fides (hoc est, nemo credit factum), adhuc tamen fama vivit et dicitur. &lt;quote&gt;prisca&lt;/quote&gt; autem &lt;quote&gt;fides&lt;/quote&gt; ἀξιοπιστία, quasi non sit facta historia.</seg><seg source="#Σ #DS"></seg></ab></div>
<div type="textpart" n="80" xml:id="l80"><ab><seg source="#Σ #DS">&lt;quote type="lemma"&gt;QVO PRIMVM&lt;/quote&gt; hoc est 'in initio'; non enim secundo factae sunt naves apud Idam ab Aenea.</seg></ab>
<ab><seg source="#Σ #DS">&lt;quote type="lemma"&gt;FORMABAT&lt;/quote&gt; id est formare cogitabat; non enim in Ida, sed apud Antandrum factae sunt.</seg><seg source="#DS">et bene &lt;quote ref="Serv. 3.105"&gt;Phrygia in Ida&lt;/quote&gt;, quia et in Creta est alia Ida, ut  &lt;quote&gt;mons&lt;/quote&gt; &lt;quote&gt;Idaeus ubi et gentis cunabula nostrae.&lt;/quote&gt;</seg><seg source="#Σ #DS"></seg></ab></div>
<div type="textpart" n="81" xml:id="l81"><ab><seg source="#Σ #DS">&lt;quote type="lemma"&gt;ALTA PELAGI&lt;/quote&gt; absolutum est, ut 'lata camporum'.</seg></ab></div>
<div type="textpart" n="82" xml:id="l82"><ab><seg source="#Σ #DS">&lt;quote type="lemma"&gt;IPSA DEVM FERTVR GENETRIX&lt;/quote&gt; figmentum hoc licet poeticum sit, tamen quia exemplo caret, notatur a criticis: unde longo prooemio excusatur. nam ideo et prisca ratione religionis et Iovis beneficio dicit esse perfectum, ut naves mutarentur in nymphas, quo vel aliqua ex parte possit esse verisimile.</seg><seg source="#DS">sane quidam &lt;quote&gt;fertur&lt;/quote&gt; reprehendunt, quod dicendo auctoritatem rei detraxerit.alii laudant, quod dicendo &lt;quote&gt;fertur&lt;/quote&gt; incredibili rei auctoritatem dare noluerit.</seg></ab>
<ab><seg source="#Σ #DS">&lt;quote type="lemma"&gt;BERECYNTIA&lt;/quote&gt; mater deum a monte Phrygiae Berecynto, cuius ultima syllaba caret aspiratione, quam addimus quotiens montem Deli Cynthum dicimus. est autem tenuis ista discretio, quibus nominibus subtrahi debeat aspiratio: nam ecce Ripaei, montes Arcadiae, non scribuntur cum aspiratione: quam addimus cum Riphaeos, montes Scythiae, significamus.</seg></ab></div>
<div type="textpart" n="83" xml:id="l83"><ab><seg source="#Σ #DS">&lt;quote type="lemma"&gt;DA NATE PETENTI&lt;/quote&gt; ac si diceret, 'ei quae iubere debuerat'.</seg><seg source="#DS">et dicendo &lt;quote&gt;nate&lt;/quote&gt; et &lt;quote&gt;parens&lt;/quote&gt; iteratione auxit adfectum.</seg><seg source="#Σ #DS"></seg></ab></div>
<div type="textpart" n="84" xml:id="l84"><ab><seg source="#Σ #DS">&lt;quote type="lemma"&gt;DOMITO TE POSCIT OLYMPO&lt;/quote&gt; videtur hoc dicere: praesta ei cuius beneficio servatus ad Olympi regna venisti. Saturnus enim cum omnes consumeret filios, Iovem solum esse non potuit, celatum matris auxilio. &lt;quote&gt;domito&lt;/quote&gt; ergo &lt;quote&gt;Olympo&lt;/quote&gt; in tuas scilicet leges per beneficium meum mundo redacto.</seg><seg source="#DS">sane haec narratio tertii libri erat, sed dilata est, ut hic oportunius redderetur,aut ne bis idem diceretur: potest ergo aut κατὰ τὸ σιωπώμενον videri, aut hysteroproteron.</seg><seg source="#Σ #DS"></seg></ab></div>
<div type="textpart" n="85" xml:id="l85"><ab><seg source="#Σ #DS">&lt;quote type="lemma"&gt;PINEA SILVA MIHI&lt;/quote&gt; congrue: nam pinus in tutela est matris deum.</seg></ab></div>
<div type="textpart" n="86" xml:id="l86"><ab><seg source="#Σ #DS">&lt;quote type="lemma"&gt;IN ARCE FVIT SVMMA&lt;/quote&gt; hoc est apud Gargara, quae dicta sunt quasi κάρα κάρας, id est caput capitis, altitudinis altitudo: κάρα est enim κεφαλή. Gargara autem sunt montis Idae cacumina, propter quod dixit &lt;quote&gt;in arce summa.&lt;/quote&gt;</seg><seg source="#DS">sane et hic locum sacratum ostendit. et &lt;quote ref="E. 1.57"&gt;pinea silva lucus fuit&lt;/quote&gt; tale schema est ut  &lt;quote ref="E. 1.74"&gt;nec tamen interea raucae, tua cura, palumbes&lt;/quote&gt;: feminino plurali femininum singulare iungitur: &lt;supplied reason="lost"&gt;aut neutrum singulare, ut&lt;/supplied&gt;  &lt;quote ref="Serv. 12.336"&gt;ite meae, quondam felix pecus,&lt;/quote&gt; &lt;supplied reason="lost"&gt;&lt;quote&gt;ite capellae&lt;/quote&gt;&lt;/supplied&gt;; aut duobus femininis pluralibus masculinum singulare, &lt;supplied reason="lost"&gt;ut  &lt;quote&gt;Iraeque&lt;/quote&gt; &lt;quote&gt;Insidiae&lt;/quote&gt;&lt;/supplied&gt;&lt;quote&gt;que, dei comitatus.&lt;/quote&gt;</seg></ab>
<ab><seg source="#DS">&lt;quote type="lemma"&gt;QVO&lt;/quote&gt;</seg></ab>
<ab><seg source="#DS">&lt;quote type="lemma"&gt;QVO SACRA FEREBANT&lt;/quote&gt; non addit qui, sed intellegimus Phryges: item (3.106)&lt;quote&gt;centum urbes habitant magnas,&lt;/quote&gt; id est Cretes. et bene arbores consecravit quibus inmortalitatem petitura est.</seg><seg source="#Σ #DS"></seg></ab></div>
<div type="textpart" n="87" xml:id="l87"><ab><seg source="#Σ #DS">&lt;quote type="lemma"&gt;NIGRANTI PICEA &lt;/quote&gt;&lt;quote&gt;nigranti&lt;/quote&gt; 'umbrosa'. et &lt;quote&gt;picea&lt;/quote&gt; arboris genus est unde pix desudat. harum autem secundum Plinium (NH 16.38) quinque sunt species, sicut etiam supra (6.180) diximus.</seg></ab></div>
<div type="textpart" n="88" xml:id="l88"><ab><seg source="#Σ #DS">&lt;quote type="lemma"&gt;HAS EGO&lt;/quote&gt; non 'trabes': nam de acere naves non fiunt. unde melius arbores intellegimus, referentes ad piceas vel pinos. sane notandum trabes eum dixisse de arboribus, cum non dicantur trabes nisi iam caesae et conpositae.</seg><seg source="#DS">abutitur ergo eo quod posterius est pro eo quod est prius.</seg></ab>
<ab><seg source="#Σ #DS">&lt;quote type="lemma"&gt;CLASSIS EGERET&lt;/quote&gt;</seg><seg source="#DS">pro 'classe', genetivus pro ablativo. et</seg><seg source="#Σ #DS">iusta Aeneae petitio et concedentis benignitas numinis exclusit piaculum: nam his remotis sacrilegium committeretur.</seg><seg source="#DS">ideo addidit &lt;quote&gt;laeta dedi.&lt;/quote&gt;</seg><seg source="#Σ #DS"></seg></ab></div>
<div type="textpart" n="89" xml:id="l89"><ab><seg source="#Σ #DS">&lt;quote type="lemma"&gt;TIMOR ANXIVS&lt;/quote&gt; aut perpetuum est timoris epitheton, aut certe verum timorem voluit significare, ut separaret ab eo qui ex cupiditate nascitur prosperorum, ut  &lt;quote ref="Serv. 5.137"&gt;exultantiaque haurit corda pavor pulsans.&lt;/quote&gt;</seg></ab></div>
<div type="textpart" n="90" xml:id="l90"><ab><seg source="#DS">&lt;quote type="lemma"&gt;SOLVE METVS&lt;/quote&gt; id est meos.</seg><seg source="#Σ #DS"></seg></ab></div>
<div type="textpart" n="92" xml:id="l92"><ab><seg source="#Σ #DS">&lt;quote type="lemma"&gt;PROSIT NOSTRIS IN MONTIBVS ORTAS&lt;/quote&gt; bona brevitate detraxit et 'his' et 'esse'; nam plenum est 'prosit his ortas esse in montibus nostris': quod fecit elocutionis causa.</seg><seg source="#DS">sane hic ostendit quod supra (86) arcem dixit pro monte. et bene &lt;quote&gt;ortas,&lt;/quote&gt; ut sensum quendam navibus daret, verbum de origine commodum.</seg><seg source="#Σ #DS"></seg></ab></div>
<div type="textpart" n="93" xml:id="l93"><ab><seg source="#Σ #DS">&lt;quote type="lemma"&gt;TORQVET QVI SIDERA MVNDI&lt;/quote&gt;</seg><choice><seg source="#DS">aut 'sustinet' aut 'nutu suo regit'.</seg><seg source="#Σ">'sustinet', 'regit'.</seg></choice><seg source="#Σ #DS"></seg></ab></div>
<div type="textpart" n="94" xml:id="l94"><ab><seg source="#Σ #DS">&lt;quote type="lemma"&gt;QVO FATA TRAHIS&lt;/quote&gt; ostendit fata posse aliquatenus trahi, non tamen usquequaque. hinc enim dicit &lt;quote&gt;quo,&lt;/quote&gt; id est 'ad quam rem'.</seg></ab>
<ab><seg source="#Σ #DS">&lt;quote type="lemma"&gt;PETIS ISTIS&lt;/quote&gt; id est 'pro istis'; nam sic dicimus 'peto tibi', id est 'pro te'.</seg><seg source="#DS">aut &lt;quote&gt;istis&lt;/quote&gt; utrum precibus annavibus?</seg><seg source="#Σ #DS"></seg></ab></div>
<div type="textpart" n="96" xml:id="l96"><ab><seg source="#Σ #DS">&lt;quote type="lemma"&gt;FAS HABEANT&lt;/quote&gt; ius; nec enim possunt aeterna esse quae ab hominibus facta sunt: Horatius  &lt;quote ref="AP 63"&gt;debemur morti nos nostraque.&lt;/quote&gt; nam sicut animi facta inmortalia sunt, ita corporis pereunt: Sallustius (cf. J. 2.3) &lt;quote&gt;ceterum studia omnia nostra, sicuti anima, inmortalia sunt. &lt;/quote&gt;</seg></ab>
<ab><seg source="#Σ #DS">&lt;quote type="lemma"&gt;CERTVSQVE INCERTA PERICVLA LVSTRET A&lt;/quote&gt;&lt;supplied reason="lost"&gt;ENEAS&lt;/supplied&gt;</seg><seg source="#DS">securus dubia temptet. et</seg><seg source="#Σ #DS">hoc dicit: casibus licentiam haec petitio vult adimere. nam Aeneas sorte qua homo est, navigationis debet timere periculum: quod perit si eius navibus aeternitas detur. </seg></ab></div>
<div type="textpart" n="97" xml:id="l97"><ab><seg source="#Σ #DS">&lt;quote type="lemma"&gt;CVI TANTA DEO PERMISSA POTESTAS &lt;/quote&gt;&lt;quote&gt;cui&lt;/quote&gt; ac si diceret 'ne regi quidem deorum'.</seg><seg source="#DS">&lt;quote&gt;permissa&lt;/quote&gt; autem 'data', ut hoc possit praestare.</seg><seg source="#Σ #DS"></seg></ab></div>
<div type="textpart" n="98" xml:id="l98"><ab><seg source="#Σ #DS">&lt;quote type="lemma"&gt;DEFVNCTAE&lt;/quote&gt; liberatae, ut  &lt;quote ref="Serv. 6.83"&gt;o tandem magnis pelagi defuncte periclis.&lt;/quote&gt;</seg></ab>
<ab><seg source="#Σ #DS">&lt;quote type="lemma"&gt;PORTVSQVE TENEBVNT&lt;/quote&gt; nautico usus est verbo, cum de navibus diceret.</seg></ab></div>
<div type="textpart" n="99" xml:id="l99"><ab><seg source="#Σ #DS">&lt;quote type="lemma"&gt;QVAECVMQVE&lt;/quote&gt; hic ostendit aliquas esse perituras.</seg></ab>
<ab><seg source="#Σ #DS">&lt;quote type="lemma"&gt;EVASERIT VNDIS&lt;/quote&gt; de undis exierit, cum venerit ad eum locum de quo navigatura iam non sit. alii legunt &lt;quote&gt;evaserit undas&lt;/quote&gt;: quod si est, intellegimus 'quaecumque evaserit undarum periculum'.</seg></ab></div>
<div type="textpart" n="101" xml:id="l101"><ab><seg source="#Σ #DS">&lt;quote type="lemma"&gt;MORTALEM ERIPIAM F&lt;/quote&gt;&lt;supplied reason="lost"&gt;ORMAM&lt;/supplied&gt; bene dixit &lt;quote&gt;mortalem&lt;/quote&gt;: nec enim potest fieri ut eadem res et mortalis sit et inmortalis, sed, ut sit inmortalis, ante est ut desinat esse mortalis.</seg></ab></div>
<div type="textpart" n="102" xml:id="l102"><ab><seg source="#Σ #DS">&lt;quote type="lemma"&gt;QVALIS NEREIA DOTO&lt;/quote&gt; non dixit 'tales erunt': sic supra  &lt;quote ref="Serv. 2.223"&gt;qualis mugitus, fugit cum saucius aram taurus.&lt;/quote&gt;</seg></ab></div>
<div type="textpart" n="105" xml:id="l105"><ab><seg source="#Σ #DS">&lt;quote type="lemma"&gt;PER PICE TORRENTES&lt;/quote&gt; ardentes: et est figmentum poeticum.</seg></ab></div>
<div type="textpart" n="106" xml:id="l106"><ab><seg source="#DS">&lt;quote type="lemma"&gt;TOTVM NVTV TREMEFECIT OLYMPVM &lt;/quote&gt;Homericum est (Il. 1.530) μέγαν δ' ἐλέλιξεν Ὄλυμπον.</seg><seg source="#Σ #DS"></seg></ab></div>
<div type="textpart" n="107" xml:id="l107"><ab><seg source="#Σ #DS">&lt;quote type="lemma"&gt;ADERAT PROMISSA DIES&lt;/quote&gt; promissum tempus advenerat.</seg></ab></div>
<div type="textpart" n="108" xml:id="l108"><ab><seg source="#Σ #DS">&lt;quote type="lemma"&gt;TVRNI INIVRIA&lt;/quote&gt; scilicet quam inferebat. et modo &lt;quote&gt;iniuria&lt;/quote&gt; est ἀδίκημα, id est iniustitia. hinc est apud comicos 'iniurius' qui audet aliquid contra ordinem iuris. et bene &lt;quote&gt;iniuria,&lt;/quote&gt; quia et contra necessitatem fati,</seg><seg source="#DS">quod Troianos ad Italiam venire conpulerat,</seg><seg source="#Σ #DS">et contra rationem foederis bella commoverat.</seg><seg source="#DS">alii &lt;quote&gt;iniuria&lt;/quote&gt; 'violentia' accipiunt.</seg><seg source="#Σ #DS"></seg></ab></div>
<div type="textpart" n="110" xml:id="l110"><ab><seg source="#Σ #DS">&lt;quote type="lemma"&gt;NOVA LVX&lt;/quote&gt;</seg><seg source="#DS">hoc est repentina,</seg><seg source="#Σ #DS">id est nimbus deorum: quod ipse paulo post (111) dicit.</seg><seg source="#DS">in secundo  &lt;quote target="l616"&gt;nimbo effulgens.&lt;/quote&gt; et hic &lt;quote target="l731"&gt;lux&lt;/quote&gt; proprie, aliter postea  &lt;quote&gt;continuo nova lux oculis effulsit.&lt;/quote&gt;</seg><seg source="#Σ #DS"></seg></ab></div>
<div type="textpart" n="111" xml:id="l111"><ab><seg source="#DS">&lt;quote type="lemma"&gt;NIMBVS&lt;/quote&gt; lumen quod capita deorum ambit.</seg><seg source="#Σ #DS"></seg></ab></div>
<div type="textpart" n="114" xml:id="l114"><ab><seg source="#Σ #DS">&lt;quote type="lemma"&gt;NE TREPIDATE&lt;/quote&gt; pro 'ne festinetis'. et per hoc significatur ideo ad navium defensionem egressos non esse Troianos quia numen vetavit.</seg></ab></div>
<div type="textpart" n="116" xml:id="l116"><ab><seg source="#DS">&lt;quote type="lemma"&gt;QVAM SACRAS DABITVR PINVS&lt;/quote&gt; fabula talis est: Attis, puer speciosus cum matris magnae praeesset sacris, a rege civitatis suae adamatus est; sed cum intellegeret vim sibi a rege instare, clam in silvas profugit. cum ergo inventus vim sibi videret inferri, verenda stupratoris abscidit, qui moriens eandem ipsam partem corporis puero abscidit. quem semianimem sub pinu latentem cum invenissent antistites matris magnae, perlatum in templum deae, frustra conati reficere, defunctum sepelierunt. cuius ut perpetua maneret memoria, mater magna instituit ut quotannis in sacris suis plangeretur, pinumque arborem, sub qua iacuerat, tutelae suae adscripsit, et effecit ut cultores sui viriles sibi partes amputarent, qui archigalli appellantur.</seg><seg source="#Σ #DS"></seg></ab></div>
<div type="textpart" n="117" xml:id="l117"><ab><seg source="#Σ #DS">&lt;quote type="lemma"&gt;ITE DEAE PELAGI&lt;/quote&gt; alii hucusque volunt matrem deum locutam;</seg><seg source="#DS">prope enim videtur absurdum ipsam indicare quae sit, cum iam nymphis et audientibus utique et videntibus dicat.</seg><seg source="#Σ #DS">alii iungunt &lt;quote&gt;genetrix iubet&lt;/quote&gt;:</seg><seg source="#DS">et putatur melius, quia postea ait  &lt;quote ref="Serv. 10.220"&gt;quas alma Cybebe numen&lt;/quote&gt; &lt;quote&gt;habere maris nymphasque e navibus esse iusserat.&lt;/quote&gt;</seg><seg source="#Σ #DS"></seg></ab></div>
<div type="textpart" n="123" xml:id="l123"><ab><choice><seg source="#DS">&lt;quote type="lemma"&gt;OBSTIPVERE ANIMI RVTVLIS&lt;/quote&gt; hoc est Rutulo rum: dativus pro genetivo. timuerunt ergo Rutuli,timuit Messapus, numinis marini filius, qui utique fiducia patris et sui nihil ex mari timere debuerit, vel certe  &lt;quote ref="Serv. 7.692"&gt;quem neque fas igni cuiquam&lt;/quote&gt; &lt;supplied reason="lost"&gt;&lt;quote&gt;nec sternere ferro&lt;/quote&gt;&lt;/supplied&gt;;</seg><seg source="#Σ">&lt;quote type="lemma"&gt;OBSTIPVERE RVTVLI&lt;/quote&gt; timuerunt Rutuli, timuit Messapus, numinis filius,</seg></choice><seg source="#Σ #DS">timuit Tiberis. per hos autem gradus,</seg><seg source="#DS">id est Rutuli, Messapus, amnis,</seg><seg source="#Σ #DS">maior Turni designatur audacia. tale est et in quarto  &lt;quote target="l529"&gt;at non infelix animi Phoenissa.&lt;/quote&gt; </seg></ab></div>
<div type="textpart" n="124" xml:id="l124"><ab><seg source="#Σ #DS">&lt;quote type="lemma"&gt;ET AMNIS RAVCA SONANS&lt;/quote&gt; licet antiquitas habuerit 'hic' et 'haec amnis', melius tamen est accipere 'rauca sonans' pro 'rauce', quam 'rauca amnis'.</seg></ab></div>
<div type="textpart" n="125" xml:id="l125"><ab><seg source="#Σ #DS">&lt;quote type="lemma"&gt;REVOCATQVE PEDEM TIBERINVS AB ALTO&lt;/quote&gt; nunc ipsum deum territum dixit, supra (8.240) undas fuisse perterritas et in se repressas.</seg></ab></div>
<div type="textpart" n="126" xml:id="l126"><ab><seg source="#DS">&lt;quote type="lemma"&gt;AVDACI TVRNO&lt;/quote&gt; ecce ubi confirmat epitheton, quod Turno semper inponit. et hoc colore futuram orationem ostendit.</seg><seg source="#Σ #DS"></seg></ab></div>
<div type="textpart" n="127" xml:id="l127"><ab><seg source="#Σ #DS">&lt;quote type="lemma"&gt;ANIMOS TOLLIT DICTIS&lt;/quote&gt; magnanimitatem suam</seg><seg source="#DS">quia ipse non terreatur,</seg><seg source="#Σ #DS">conprobat dictis. tale est illud e contrario  &lt;quote ref="Serv. 8.223"&gt;turbatumque oculis.&lt;/quote&gt;</seg><seg source="#DS">potest tamen accipi, 'eorum animos tollit, qui erant territi': et hinc &lt;quote&gt;increpat.&lt;/quote&gt;</seg><seg source="#Σ #DS"></seg></ab></div>
<div type="textpart" n="128" xml:id="l128"><ab><seg source="#Σ #DS">&lt;quote type="lemma"&gt;HAEC MONSTRA PETVNT&lt;/quote&gt; adpetunt, ut  &lt;quote ref="Serv. 1.717"&gt;reginam petit.&lt;/quote&gt;</seg><seg source="#DS">hoc est, 'ad Troianorum pertinet damnum'.</seg></ab>
<ab><seg source="#Σ #DS">&lt;quote type="lemma"&gt;IVPPITER IPSE&lt;/quote&gt; scilicet qui omnibus praestare consuevit: unde et Iuppiter dictus est, quasi 'iuvans pater'. ergo &lt;quote&gt;auxilium solitum&lt;/quote&gt; non circa Troianos accipimus, sed quod ipse omnibus praestare consuevit.</seg><seg source="#DS">alii &lt;quote&gt;auxilium solitum&lt;/quote&gt; auxilium fugae accipiunt.</seg><seg source="#Σ #DS"></seg></ab></div>
<div type="textpart" n="129" xml:id="l129"><ab><seg source="#Σ #DS">&lt;quote type="lemma"&gt;NON TELA NEQVE IGNES EX&lt;/quote&gt;&lt;supplied reason="lost"&gt;SPECTANT&lt;/supplied&gt; R&lt;supplied reason="lost"&gt;VTVLOS&lt;/supplied&gt; non exspectant Troiani ut Rutulorum telis aut ignibus pereant, qui iam navium amissione perierunt.</seg></ab></div>
<div type="textpart" n="130" xml:id="l130"><ab><seg source="#Σ #DS">&lt;quote type="lemma"&gt;MARIA INVIA TEVCRIS&lt;/quote&gt; color est: nam rem quam pro se Troiani putabant, in contrarium vertit, dicens navigationis et fugae auxilium perdidisse Troianos, quos constat pro felicitate habuisse navigationis vitare discrimina.</seg></ab></div>
<div type="textpart" n="131" xml:id="l131"><ab><choice><seg source="#DS">&lt;quote type="lemma"&gt;RERVM PARS ALTERA ADEMPTA&lt;/quote&gt; id est naturae rerum.</seg><seg source="#Σ">&lt;quote type="lemma"&gt;RERVM PARS ALTERA D&lt;/quote&gt;&lt;supplied reason="lost"&gt;EMPTA&lt;/supplied&gt;</seg></choice><seg source="#Σ #DS">humanae enim naturae duo elementa concessa sunt, mare et terra. </seg></ab></div>
<div type="textpart" n="133" xml:id="l133"><ab><seg source="#Σ #DS">&lt;quote type="lemma"&gt;NIL ME FATALIA TERRENT&lt;/quote&gt;</seg><seg source="#DS">&lt;quote&gt;nil&lt;/quote&gt; pro 'non'. et</seg><seg source="#Σ #DS">tacitis occurrit quaestionibus, dicens: si fataliter se ad Italiam venisse dicunt, iam venerunt, conpleta sunt fata. et callide tacuit quod erat fatale: Troiani enim dicebant Italiae sibi regna deberi. et est oratorium quaestiones ita proponere ut facile solutionis sortiantur eventum. </seg></ab></div>
<div type="textpart" n="134" xml:id="l134"><ab><seg source="#Σ #DS">&lt;quote type="lemma"&gt;SI QVA PHRYGES PRAE SE IACTANT&lt;/quote&gt;</seg></ab>
<ab><seg source="#DS">&lt;quote type="lemma"&gt;RESPONSA&lt;/quote&gt;</seg></ab>
<ab><seg source="#DS">&lt;quote type="lemma"&gt;RESPONSA DEORVM &lt;/quote&gt;&lt;quote&gt;iactant&lt;/quote&gt;</seg><seg source="#Σ #DS">quasi et ista confingant.</seg><seg source="#DS">aut &lt;quote&gt;prae se iactant&lt;/quote&gt; 'praeferunt'.</seg><seg source="#Σ #DS"></seg></ab></div>
<div type="textpart" n="135" xml:id="l135"><ab><seg source="#DS">&lt;quote type="lemma"&gt;TETIGERE QVOD ARVA&lt;/quote&gt; quaestio est an superari possint qui sorte venerint. et, sicut supra dictum est (133), per concessionem argumentatur: etiam si vera sunt quae iactant, tamen iam conpleta sunt &lt;quote&gt;tetigere quod arva fertilis Ausoniae Troes.&lt;/quote&gt;</seg><seg source="#Σ #DS"></seg></ab></div>
<div type="textpart" n="136" xml:id="l136"><ab><seg source="#Σ #DS">&lt;quote type="lemma"&gt;SVNT ET MEA CONTRA FATA MIHI&lt;/quote&gt; hoc falsum est quod dicit Turnus. sed in arte rhetorica tunc nobis conceditur uti mendacio cum redarguere nullus potest,</seg><choice><seg source="#DS">ut in hoc loco: quis enim potest scire si Turno vere</seg><seg source="#Σ">ut hoc loco est: quis enim vere potest scire, Turno</seg></choice><seg source="#Σ #DS">data sint necne responsa?</seg><seg source="#DS">sane</seg><seg source="#Σ #DS">quia scit falsum esse quod</seg><choice><seg source="#DS">loquitur,</seg><seg source="#Σ">dixit,</seg></choice><seg source="#Σ #DS">argumentis probare dicta contendit, dicens esse sceleratam gentem, raptam sibi coniugem: in quo facto utitur Graecorum exemplo, qui</seg><choice><seg source="#DS">ob raptam Helenam</seg><seg source="#Σ">rapta Helena</seg></choice><seg source="#Σ #DS">gentem delevere Troianam. </seg></ab></div>
<div type="textpart" n="138" xml:id="l138"><ab><seg source="#Σ #DS">&lt;quote type="lemma"&gt;CONIVGE PRAEREPTA&lt;/quote&gt; invidiose sponsam coniugem vocat.</seg></ab>
<ab><seg source="#Σ #DS">&lt;quote type="lemma"&gt;NEC SOLOS TANGIT ATRIDAS ISTE DOLOR&lt;/quote&gt; cur non in similitudine criminis sit poenae similitudo? si culpa repetitur, supplicia quoque geminentur.</seg></ab></div>
<div type="textpart" n="140" xml:id="l140"><ab><seg source="#DS">&lt;quote type="lemma"&gt;PERIISSE SEMEL SATIS EST&lt;/quote&gt; quasi obiectio est, ut si dicatur: sed periise semel satis est, immo vero semel satis fuit eos peccasse: ex quo colligitur quotiens peccaverint, totiens eos perire debere.</seg><seg source="#Σ #DS"></seg></ab></div>
<div type="textpart" n="141" xml:id="l141"><ab><seg source="#Σ #DS">&lt;quote type="lemma"&gt;PENITVS MODO NON GENVS OMNE PEROSOS F&lt;/quote&gt;&lt;supplied reason="lost"&gt;EMINEVM&lt;/supplied&gt; modo omne genus femineum non eos penitus perosos</seg><choice><seg source="#DS">oportebat, propter quod ante perierunt.</seg><seg source="#Σ">decebat.</seg></choice><seg source="#Σ #DS">locutus est autem figurate. </seg></ab></div>
<div type="textpart" n="142" xml:id="l142"><ab><seg source="#DS">&lt;quote type="lemma"&gt;MEDII FIDVCIA VALLI&lt;/quote&gt; quod inter Troianos Rutulosque sit medium. et bene de muris nihil dixit.</seg><seg source="#Σ #DS"></seg></ab></div>
<div type="textpart" n="143" xml:id="l143"><ab><seg source="#Σ #DS">&lt;quote type="lemma"&gt;FOSSARVMQVE MORAE&lt;/quote&gt; non tutela, sed mortis dilatio.</seg></ab></div>
<div type="textpart" n="144" xml:id="l144"><ab><seg source="#Σ #DS">&lt;quote type="lemma"&gt;AN NON VIDERVNT&lt;/quote&gt; legitur et</seg><choice><seg source="#DS">'at non viderunt'.</seg><seg source="#Σ">'at non'.</seg></choice><seg source="#Σ #DS">si 'an non', absolutum est; si 'at non', inceptiva est particula, ad ornatum pertinens: Horatius  &lt;quote ref="Epod. 5.1"&gt;at o deorum quidquid in caelo regit.&lt;/quote&gt; tale est  &lt;quote ref="Serv. 7.363"&gt;at non sic Phrygius penetrat Lacedaemona pastor.&lt;/quote&gt;</seg><seg source="#DS">et est exemplum a maiore ad minus, hoc est, 'at, credo, non viderunt Neptuni manu fabricata moenia conflagrasse, ut fiduciam vitae in exiguo &lt;supplied reason="lost"&gt;vallo&lt;/supplied&gt; et parva fossa habeant'.</seg><seg source="#Σ #DS"></seg></ab></div>
<div type="textpart" n="146" xml:id="l146"><ab><seg source="#DS">&lt;quote type="lemma"&gt;LECTI FERRO&lt;/quote&gt; utrum ad ferrum lecti' an potius hac re lecti, ut si dixisset 'virtute lecti'?</seg></ab>
<ab><seg source="#DS">&lt;quote type="lemma"&gt;VALLVM&lt;/quote&gt;</seg></ab>
<ab><choice><seg source="#DS">&lt;quote type="lemma"&gt;VALLVM&lt;/quote&gt; historice locutus est. vallum autem</seg><seg source="#Σ">&lt;quote type="lemma"&gt;VALLVM&lt;/quote&gt; vallum</seg></choice><seg source="#Σ #DS">dicitur ipsa munitio; nam valli fustes sunt quibus vallum munitur: ipse de sustentaculis vitium  &lt;quote ref="G. 2.409"&gt;primus vallos sub tecta referto.&lt;/quote&gt; </seg></ab></div>
<div type="textpart" n="147" xml:id="l147"><ab><seg source="#DS">&lt;quote type="lemma"&gt;TREPIDANTIA CASTRA&lt;/quote&gt; ut  &lt;quote target="l13"&gt;turbata arripe castra.&lt;/quote&gt;</seg><seg source="#Σ #DS"></seg></ab></div>
<div type="textpart" n="148" xml:id="l148"><ab><seg source="#Σ #DS">&lt;quote type="lemma"&gt;NON ARMIS MIHI VVLCANI&lt;/quote&gt; bene arma generaliter dixit: nam et ipse habuit a Vulcano, sed solum gladium, ut  &lt;quote ref="Serv. 12.90"&gt;ensem, quem Dauno ignipotens deus ipse parenti fecerat et Stygia candentem tinxerat unda.&lt;/quote&gt; per hoc autem quasi latenter dicit se Achille esse meliorem, qui se Troianos etiam sine divinis armis superare posse confidit.</seg></ab></div>
<div type="textpart" n="149" xml:id="l149"><ab><seg source="#Σ #DS">&lt;quote type="lemma"&gt;ADDANT SE PROTINVS OMNES&lt;/quote&gt; ne timere videatur auxiliorum multitudinem, dicit incrementa esse victoriae.</seg><seg source="#DS">quidam &lt;quote&gt;protinus&lt;/quote&gt; hic pro 'licet' accipiunt.</seg><seg source="#Σ #DS"></seg></ab></div>
<div type="textpart" n="153" xml:id="l153"><ab><seg source="#Σ #DS">&lt;quote type="lemma"&gt;LVCE PALAM&lt;/quote&gt; propter tenebras et furta inertia.</seg><seg source="#DS">vel &lt;quote&gt;luce&lt;/quote&gt; quod Ilium nocte captum est, &lt;quote&gt;palam&lt;/quote&gt; quia insidiis.</seg><seg source="#Σ #DS"></seg></ab></div>
<div type="textpart" n="155" xml:id="l155"><ab><seg source="#Σ #DS">&lt;quote type="lemma"&gt;QVOS DISTVLIT HECTOR&lt;/quote&gt; bene solius Hectoris facta est commemoratio, ut ostendatur perisse</seg><seg source="#DS">eum</seg><seg source="#Σ #DS">qui potuit esse terrori;</seg><seg source="#DS">et satis Hectori dedit, quasi plus esset differre quam vincere;</seg><seg source="#Σ #DS">per quod vult Aenean nihil fortiter in bello fecisse Troiano. </seg></ab></div>
<div type="textpart" n="156" xml:id="l156"><ab><seg source="#Σ #DS">&lt;quote type="lemma"&gt;MELIOR QVONIAM PARS ACTA DIEI&lt;/quote&gt; id est maior et prima.</seg><seg source="#DS">an quoniam diei hoc optimum quod matutinum?</seg><seg source="#Σ #DS"></seg></ab></div>
<div type="textpart" n="157" xml:id="l157"><ab><seg source="#Σ #DS">&lt;quote type="lemma"&gt;BENE GESTIS CORPORA REBVS&lt;/quote&gt; in eo tantum, quod hostes non ausi sunt egredi.</seg><seg source="#DS">nam nihil egerant. ergo hortativa est oratio ad socios, ut audaciores esse debeant, cum videant se timeri.</seg><seg source="#Σ #DS"></seg></ab></div>
<div type="textpart" n="158" xml:id="l158"><ab><seg source="#DS">&lt;quote type="lemma"&gt;PROCVRATE&lt;/quote&gt; verbum conpositum, id est 'curate'.</seg></ab>
<ab><seg source="#Σ #DS">&lt;quote type="lemma"&gt;PVGNAM SPERATE PARARI&lt;/quote&gt; scilicet contra Troianos, non a Troianis, ne videatur contra supra dicta omnia nunc sociis inferre terrorem.</seg><seg source="#DS">ergo a me parari sperate, id est pugnaturos vos scitote, licet hostes muris se teneant, ut  &lt;quote ref="Serv. 11.18"&gt;arma parate animis et spe praesumite&lt;/quote&gt; &lt;quote&gt;bellum&lt;/quote&gt;.</seg><seg source="#Σ #DS"></seg></ab></div>
<div type="textpart" n="159" xml:id="l159"><ab><seg source="#Σ #DS">&lt;quote type="lemma"&gt;VIGILVM EXCVBIIS&lt;/quote&gt; excubiae diurnae sunt, vigiliae nocturnae.</seg></ab></div>
<div type="textpart" n="162" xml:id="l162"><ab><seg source="#Σ #DS">&lt;quote type="lemma"&gt;CENTENI QVEMQVE SEQVVNTVR&lt;/quote&gt; centurionum scilicet, ex more Romanae militiae: nam ex numero militum qui eos sequuntur, gradus dignitatis apparet.</seg></ab></div>
<div type="textpart" n="163" xml:id="l163"><ab><seg source="#DS">&lt;quote type="lemma"&gt;PVRPVREIS CRISTIS IVVENES&lt;/quote&gt; hic versus per figuratum ablativum prolatus est.</seg><seg source="#Σ #DS"></seg></ab></div>
<div type="textpart" n="164" xml:id="l164"><ab><seg source="#DS">&lt;quote type="lemma"&gt;VARIANTQVE VICES&lt;/quote&gt; ut invicem potent.</seg><seg source="#Σ #DS"></seg></ab></div>
<div type="textpart" n="165" xml:id="l165"><ab><seg source="#DS">&lt;quote type="lemma"&gt;INDVLGENT VINO&lt;/quote&gt; ablativus casus est, et deest 'sibi', ni figuratum est, ex fiducia scilicet: sequitur  &lt;quote target="l188"&gt;cernis quae Rutulos habeat&lt;/quote&gt; &lt;quote&gt;fiducia.&lt;/quote&gt;</seg></ab>
<ab><seg source="#Σ #DS">&lt;quote type="lemma"&gt;VERTVNT CRATERAS AENOS&lt;/quote&gt;</seg><choice><seg source="#DS">potantes exhauriunt.</seg><seg source="#Σ">potant.</seg></choice><seg source="#Σ #DS">et est hemistichium Ennianum (Ann. 532). </seg></ab></div>
<div type="textpart" n="166" xml:id="l166"><ab><seg source="#DS">&lt;quote type="lemma"&gt;CVSTODIA&lt;/quote&gt; nomen ambiguum, sed modo 'quae custodit'.</seg><seg source="#Σ #DS"></seg></ab></div>
<div type="textpart" n="168" xml:id="l168"><ab><seg source="#DS">&lt;quote type="lemma"&gt;E VALLO&lt;/quote&gt; pro 'muro'.</seg></ab>
<ab><seg source="#DS">&lt;quote type="lemma"&gt;ARMIS&lt;/quote&gt;</seg></ab>
<ab><seg source="#DS">&lt;quote type="lemma"&gt;ARMIS ALTA TENENT&lt;/quote&gt; bona elocutio, id est 'armati tenent alta', hoc est muros. &lt;quote&gt;tenent&lt;/quote&gt; autem 'custodiunt'.</seg><seg source="#Σ #DS"></seg></ab></div>
<div type="textpart" n="169" xml:id="l169"><ab><seg source="#Σ #DS">&lt;quote type="lemma"&gt;TREPIDI FORMIDINE&lt;/quote&gt; festini per formidinem: nam non est iteratio.</seg></ab></div>
<div type="textpart" n="170" xml:id="l170"><ab><seg source="#DS">&lt;quote type="lemma"&gt;EXPLORANT&lt;/quote&gt; confirmant.</seg></ab>
<ab><seg source="#Σ #DS">&lt;quote type="lemma"&gt;PONTESQVE&lt;/quote&gt; qui fiunt in muris angustioribus,</seg><seg source="#DS">ut sit facilior transitus ad divisas muri partes.</seg></ab>
<ab><seg source="#Σ #DS">&lt;quote type="lemma"&gt;PROPVGNACVLA&lt;/quote&gt; pinnas</seg><seg source="#DS">murorum.</seg><seg source="#Σ #DS"></seg></ab></div>
<div type="textpart" n="173" xml:id="l173"><ab><seg source="#Σ #DS">&lt;quote type="lemma"&gt;RECTORES IVVENVM&lt;/quote&gt; legitur et 'iuveni': si 'iuveni', 'Ascanio', si 'iuvenum', 'magistros militum' accipe.</seg></ab></div>
<div type="textpart" n="174" xml:id="l174"><ab><seg source="#Σ #DS">&lt;quote type="lemma"&gt;SORTITA PERICLVM&lt;/quote&gt;</seg><seg source="#DS">aut</seg><seg source="#Σ #DS">sorte divisa ad defensionem pericli:</seg><seg source="#DS">aut partiens periculum quod quisque experiretur.</seg><seg source="#Σ #DS"></seg></ab></div>
<div type="textpart" n="175" xml:id="l175"><ab><seg source="#Σ #DS">&lt;quote type="lemma"&gt;QVOD CVIQVE TVENDVM&lt;/quote&gt; exercet unusquisque vices ad id quod accipit tuendum.</seg></ab></div>
<div type="textpart" n="177" xml:id="l177"><ab><seg source="#Σ #DS">&lt;quote type="lemma"&gt;IDA VENATRIX&lt;/quote&gt; a plerisque Ida mater Nisi accipitur, quia dixit &lt;quote&gt;venatrix&lt;/quote&gt;: nam si montem volueris accipere, abusive Idam venatricem dictam intellege, pro 'venationibus abundantem': nam 'venatrix' est proprie quae venatur, non quae venationibus abundat.</seg><seg source="#DS">aut &lt;quote ref="G. 3.44"&gt;venatrix&lt;/quote&gt; pro his qui in ea venantur, ut  &lt;quote&gt;domitrixque Epi-&lt;/quote&gt; &lt;quote&gt;daurus equorum.&lt;/quote&gt;</seg><seg source="#Σ #DS"></seg></ab></div>
<div type="textpart" n="178" xml:id="l178"><ab><seg source="#Σ #DS">&lt;quote type="lemma"&gt;IACVLO CELEREM&lt;/quote&gt; bene inducit Nisum optimum esse iaculatorem, et hanc praemittit armorum peritiam qua plurimum poterit in Euryali defensione.</seg></ab></div>
<div type="textpart" n="180" xml:id="l180"><ab><seg source="#Σ #DS">&lt;quote type="lemma"&gt;TROIANA NEQVE INDVIT ARMA&lt;/quote&gt; hoc est, qui nondum bellicosa arma induerat, id est acceperat. et hoc dicit: pulcher quidem erat, sed nondum bellandi peritus.</seg></ab></div>
<div type="textpart" n="181" xml:id="l181"><ab><seg source="#DS">&lt;quote type="lemma"&gt;PRIMA IVVENTA&lt;/quote&gt; num prima lanugine?</seg></ab>
<ab><seg source="#DS">&lt;quote type="lemma"&gt;INTONSA&lt;/quote&gt;</seg></ab>
<ab><seg source="#DS">&lt;quote type="lemma"&gt;INTONSA&lt;/quote&gt; hoc ad sua tempora retulit; alioquin heroes non tondebantur.</seg><seg source="#Σ #DS"></seg></ab></div>
<div type="textpart" n="182" xml:id="l182"><ab><seg source="#DS">&lt;quote type="lemma"&gt;AMOR VNVS ERAT&lt;/quote&gt; id est eodem studio flagrabant.</seg></ab>
<ab><seg source="#DS">&lt;quote type="lemma"&gt;PARITERQVE&lt;/quote&gt;</seg></ab>
<ab><seg source="#DS">&lt;quote type="lemma"&gt;PARITERQVE IN BELLA RVEBANT&lt;/quote&gt; aut simul, aut similiter et pari virtute, id est aeque fortes erant.</seg><seg source="#Σ #DS"></seg></ab></div>
<div type="textpart" n="184" xml:id="l184"><ab><seg source="#Σ #DS">&lt;quote type="lemma"&gt;DINE HVNC ARDOREM MENTIBVS ADDVNT EVRYALE AN S&lt;/quote&gt;&lt;supplied reason="lost"&gt;VA&lt;/supplied&gt; C&lt;supplied reason="lost"&gt;VIQVE&lt;/supplied&gt; D&lt;supplied reason="lost"&gt;EVS&lt;/supplied&gt; F&lt;supplied reason="lost"&gt;IT&lt;/supplied&gt; D&lt;supplied reason="lost"&gt;IRA&lt;/supplied&gt; C&lt;supplied reason="lost"&gt;VPIDO&lt;/supplied&gt; apud Plotinum philosophum et alios quaeritur utrum mentis nostrae acies per se ad cupiditates et consilia moveatur an inpulsu alicuius numinis. et primo dixerunt mentes humanas moveri sua sponte; deprehenderunt tamen ad omnia honesta inpelli nos genio et numine quodam familiari, quod nobis nascentibus datur, prava vero nostra mente nos cupere et desiderare. nec enim potest fieri ut prava numinum voluntate cupiamus, quibus nihil malum constat placere. unde nunc hic ortus est sensus. hoc enim dicit Nisus: 'o Euryale, dine nostris mentibus cupiditates iniciunt et desideria, an deus fit ipsa mentis cupiditas?'</seg><choice><seg source="#DS">&lt;quote&gt;mentibus&lt;/quote&gt; vero &lt;quote&gt;addunt&lt;/quote&gt;: bene dixit</seg><seg source="#Σ">&lt;quote type="lemma"&gt;MENTIBVS ADDVNT&lt;/quote&gt; bene</seg></choice><seg source="#Σ #DS">&lt;quote&gt;addunt.&lt;/quote&gt; nam animus sui natura prudens est, sed ei additur ut aliquid inpatienter desideret.</seg><seg source="#DS">nonnulli tamen inter cupiditatem et cupidinem hanc differentiam esse volunt, ut masculino genere Cupidinem deum ipsum, id est τὸν Ἔρωτα significemus, feminino cupiditatem: quamvis hoc auctores plerumque confundunt.</seg><seg source="#Σ #DS"></seg></ab></div>
<div type="textpart" n="185" xml:id="l185"><ab><seg source="#Σ #DS">&lt;quote type="lemma"&gt;DIRA&lt;/quote&gt; magna.</seg></ab></div>
<div type="textpart" n="186" xml:id="l186"><ab><seg source="#Σ #DS">&lt;quote type="lemma"&gt;ALIQVID MAGNVM&lt;/quote&gt; scilicet per hostes transitum.</seg></ab></div>
<div type="textpart" n="187" xml:id="l187"><ab><seg source="#Σ #DS">&lt;quote type="lemma"&gt;AGITAT&lt;/quote&gt; molitur.</seg></ab>
<ab><seg source="#Σ #DS">&lt;quote type="lemma"&gt;QVIETE&lt;/quote&gt; modo otio, non somno; nam in vigiliis fuerat conlocatus.</seg><seg source="#DS">qui enim custos est de insomnio suo queri non potest.</seg><seg source="#Σ #DS"></seg></ab></div>
<div type="textpart" n="188" xml:id="l188"><ab><seg source="#Σ #DS">&lt;quote type="lemma"&gt;CERNIS QVAE RVTVLOS H&lt;/quote&gt;&lt;supplied reason="lost"&gt;ABEAT&lt;/supplied&gt; FIDVCIA R&lt;supplied reason="lost"&gt;ERVM&lt;/supplied&gt; ipsius desiderii vult esse rationabiles causas,</seg><seg source="#DS">ne vanum mens agitare videatur: nam et neglegentia hostium per fiduciam nimiam ostenditur, et occasio dabatur aliquid strenue gerendi.</seg><seg source="#Σ #DS"></seg></ab></div>
<div type="textpart" n="189" xml:id="l189"><ab><seg source="#Σ #DS">&lt;quote type="lemma"&gt;SOMNO VINOQVE&lt;/quote&gt; alterum pendet ex altero.</seg></ab></div>
<div type="textpart" n="190" xml:id="l190"><ab><seg source="#Σ #DS">&lt;quote type="lemma"&gt;PORRO&lt;/quote&gt; hortantis est:</seg><seg source="#DS">aut nunc coniunctio expletiva.</seg><seg source="#Σ #DS"></seg></ab></div>
<div type="textpart" n="191" xml:id="l191"><ab><seg source="#Σ #DS">&lt;quote type="lemma"&gt;QVID DVBITEM&lt;/quote&gt; id est cogitem: omnis enim cogitatio in dubitatione est ante sententiam.</seg></ab></div>
<div type="textpart" n="192" xml:id="l192"><ab><seg source="#Σ #DS">&lt;quote type="lemma"&gt;POPVLVSQVE PATRESQVE&lt;/quote&gt; transfert in Troianos Romanam consuetudinem, ut solet plerumque. prius enim iubebat aliquid populus, postea confirmabat senatus.</seg></ab></div>
<div type="textpart" n="193" xml:id="l193"><ab><seg source="#Σ #DS">&lt;quote type="lemma"&gt;REPORTENT &lt;/quote&gt;'portent'. nam 're' vacat.</seg><seg source="#DS">aut 'ab eo reportare'.</seg><seg source="#Σ #DS"></seg></ab></div>
<div type="textpart" n="194" xml:id="l194"><ab><seg source="#Σ #DS">&lt;quote type="lemma"&gt;SI TIBI QVAE POSCO PROMITTVNT&lt;/quote&gt; poscere est secundum Varronem (106 G-S = GRF F 444) quotiens aliquid pro merito nostro deposcimus, petere vero est cum aliquid humiliter et cum precibus postulamus. et bene quod Euryalum nolit ducere latenter ostendit.</seg><seg source="#DS">nam ideo adiecit &lt;quote&gt;mihi facti fama sat est.&lt;/quote&gt;</seg><seg source="#Σ #DS"></seg></ab></div>
<div type="textpart" n="195" xml:id="l195"><ab><seg source="#DS">&lt;quote type="lemma"&gt;SVB ILLO&lt;/quote&gt; pro 'ex illo': praepositionem mutavit.</seg><seg source="#Σ #DS"></seg></ab></div>
<div type="textpart" n="196" xml:id="l196"><ab><seg source="#Σ #DS">&lt;quote type="lemma"&gt;MOENIA PALLANTEA&lt;/quote&gt; ubi nunc credit esse Aenean.</seg></ab></div>
<div type="textpart" n="198" xml:id="l198"><ab><seg source="#DS">&lt;quote type="lemma"&gt;ARDENTEM&lt;/quote&gt; modo ardentem, ut  &lt;quote ref="Serv. 4.101"&gt;ardet amans Dido,&lt;/quote&gt; an festinantem, ut  &lt;quote ref="Serv. 1.423"&gt;instant ardentes Tyrii&lt;/quote&gt;, an cupiditate caedis flagrantem,ut  &lt;quote ref="Serv. 12.71"&gt;ardet in arma magis&lt;/quote&gt;, an propter illud quod ipse dicit  &lt;quote target="l184" ref="Serv. 12.71"&gt;dine hunc ardorem&lt;/quote&gt; &lt;supplied reason="lost"&gt;&lt;quote target="l186" ref="Serv. 12.71"&gt;mentibus addunt&lt;/quote&gt;&lt;/supplied&gt; et deinde &lt;quote&gt;aut&lt;/quote&gt; &lt;quote&gt;pugnam aut aliquid iamdudum invadere magnum?&lt;/quote&gt;</seg><seg source="#Σ #DS"></seg></ab></div>
<div type="textpart" n="199" xml:id="l199"><ab><seg source="#Σ #DS">&lt;quote type="lemma"&gt;SVMMIS ADIVNGERE REBVS &lt;/quote&gt;'summum' et extremum dicimus et laudabile. bene ergo in re dubia sermone usus est dubio; nam hoc dicit: 'non debes me nec a tua gloria nec a periculis segregare'.</seg></ab></div>
<div type="textpart" n="201" xml:id="l201"><ab><seg source="#Σ #DS">&lt;quote type="lemma"&gt;GENITOR BELLIS ADSVETVS&lt;/quote&gt; ipse puer est necdum probatus: unde se et a belli temporibus et a patris virtute commendat.</seg></ab></div>
<div type="textpart" n="202" xml:id="l202"><ab><seg source="#Σ #DS">&lt;quote type="lemma"&gt;ARGOLICVM TERROREM&lt;/quote&gt; quem Graeci inferebant.</seg></ab>
<ab><seg source="#DS">&lt;quote type="lemma"&gt;TROIAEQVE&lt;/quote&gt;</seg></ab>
<ab><seg source="#DS">&lt;quote type="lemma"&gt;TROIAEQVE LABORES&lt;/quote&gt; bene κατὰ τὸ σιωπώµενον annos Euryali ostendit: nam si a coepto Troiano bello, quod decennium tenuit, septem anni erroris addantur, anni vix decem et septem sunt. est ergo aetas paene ad bellum inhabilis;sed exercitium ostenditur, quod inter bella nutritus est.</seg><seg source="#Σ #DS"></seg></ab></div>
<div type="textpart" n="203" xml:id="l203"><ab><seg source="#Σ #DS">&lt;quote type="lemma"&gt;SVBLATVM&lt;/quote&gt; susceptum.</seg></ab></div>
<div type="textpart" n="204" xml:id="l204"><ab><seg source="#DS">&lt;quote type="lemma"&gt;MAGNANIMVM AENEAN &lt;/quote&gt;&lt;supplied reason="lost"&gt;ET FATA EXTREMA SECVTVS&lt;/supplied&gt; ideo secutus, non ut vitae studeam, sed gloriae.</seg><seg source="#Σ #DS"></seg></ab></div>
<div type="textpart" n="205" xml:id="l205"><ab><seg source="#Σ #DS">&lt;quote type="lemma"&gt;EST HIC EST ANIMVS LVCIS CONTEMPTOR &lt;/quote&gt;'hic' potest esse et adverbium demonstrantis, ut sit 'est hic', id est 'in meo pectore'. potest et sic accipi ut dicas: 'est hic animus lucis contemptor', hoc est 'iste animus'. ergo 'hic' et produci potest et corripi.</seg></ab></div>
<div type="textpart" n="206" xml:id="l206"><ab><seg source="#Σ #DS">&lt;quote type="lemma"&gt;ISTVM QVI VITA BENE CREDAT EMI Q&lt;/quote&gt;&lt;supplied reason="lost"&gt;VO&lt;/supplied&gt; T&lt;supplied reason="lost"&gt;ENDIS&lt;/supplied&gt; HONOREM 'qui istum honorem quo tendis', id est ad quem niteris, 'libenter emat vita', id est vitae pretio.</seg></ab></div>
<div type="textpart" n="207" xml:id="l207"><ab><seg source="#Σ #DS">&lt;quote type="lemma"&gt;NIL TALE VEREBAR&lt;/quote&gt; quale tu suspicaris.</seg></ab></div>
<div type="textpart" n="208" xml:id="l208"><ab><seg source="#DS">&lt;quote type="lemma"&gt;NON&lt;/quote&gt; distinguendum, ut initium iuris iurandi sit &lt;quote&gt;ita me referat.&lt;/quote&gt;</seg></ab>
<ab><seg source="#DS">&lt;quote type="lemma"&gt;REFERAT&lt;/quote&gt;</seg></ab>
<ab><seg source="#DS">&lt;quote type="lemma"&gt;REFERAT TIBI MAGNVS OVANTEM IVPPITER&lt;/quote&gt; mire ius iurandum conpositum; sic enim iurat quasi relicturus eum, cum de virtutibus eius optime sentiat.</seg><seg source="#Σ #DS"></seg></ab></div>
<div type="textpart" n="209" xml:id="l209"><ab><seg source="#Σ #DS">&lt;quote type="lemma"&gt;HAEC&lt;/quote&gt; humana negotia; vel quae loquitur.</seg></ab></div>
<div type="textpart" n="210" xml:id="l210"><ab><seg source="#DS">&lt;quote type="lemma"&gt;SED SI QVIS&lt;/quote&gt; multas causas praetendit: primam ipsius pueri, secundam propter se, tertiam matris. et est parenthesis: 'si quis in adversum &lt;supplied reason="lost"&gt;rapiat (quae multa vides discrimine tali)&lt;/supplied&gt;', hoc est, 'quae multa, ut in tali discrimine, accidere posse intellegis'. 210A. &lt;quote type="lemma"&gt;SED SI QVIS&lt;/quote&gt; multas causas praetendit: primam ipsius pueri, secundam propter se, tertiam matris. et est parenthesis: 'si quis in adversum &lt;supplied reason="lost"&gt;rapiat casus deusve (quae multa vides discrimine tali)&lt;/supplied&gt;', hoc est, 'quae multa, ut in tali discrimine, accidere posse intellegis'.</seg><seg source="#Σ #DS"></seg></ab></div>
<div type="textpart" n="213" xml:id="l213"><ab><seg source="#DS">&lt;quote type="lemma"&gt;PRETIOVE&lt;/quote&gt; pro 'vel'. 've' enim syllaba proprie 'vel' significat.</seg><seg source="#Σ #DS"></seg></ab></div>
<div type="textpart" n="214" xml:id="l214"><ab><seg source="#Σ #DS">&lt;quote type="lemma"&gt;MANDET HVMO&lt;/quote&gt; multi hic distinguunt; alii iungunt &lt;quote&gt;mandet humo solita,&lt;/quote&gt; ut sit 'commendet in terra solita':</seg><seg source="#DS">[&lt;surplus&gt;aut&lt;/surplus&gt;] id est 'cui mandari defuncti solent'.</seg><choice><seg source="#DS">&lt;supplied reason="lost"&gt;&lt;supplied reason="lost"&gt;SOLITA&lt;/supplied&gt;&lt;/supplied&gt; FORTVNA scilicet</seg><seg source="#Σ">&lt;supplied reason="lost"&gt;&lt;quote&gt;solita&lt;/quote&gt;&lt;/supplied&gt; autem &lt;quote&gt;fortuna,&lt;/quote&gt;</seg></choice><seg source="#Σ #DS">'quae piis invidere consuevit': Statius, hinc trahens colorem, ait  &lt;quote ref="Th.10.384"&gt;invida fata piis et fors ingentibus ausis rara comes.&lt;/quote&gt; </seg></ab></div>
<div type="textpart" n="215" xml:id="l215"><ab><seg source="#Σ #DS">&lt;quote type="lemma"&gt;ABSENTI FERAT INFERIAS&lt;/quote&gt;</seg><seg source="#DS">&lt;quote&gt;absenti&lt;/quote&gt; quem non sepelierit.</seg><seg source="#Σ #DS">hoc est, cenotaphion faciat et inpleat honorem sepulcri.</seg><seg source="#DS">de inferiis autem plenius in quarto Georgicorum (545-47) invenies.</seg><seg source="#Σ #DS"></seg></ab></div>
<div type="textpart" n="216" xml:id="l216"><ab><seg source="#DS">&lt;quote type="lemma"&gt;MISERAE&lt;/quote&gt; ad illum exitum quem timet retulit. an dolenter iam &lt;quote&gt;miserae,&lt;/quote&gt; quae in hoc consilio filii periclitatur?</seg><seg source="#Σ #DS"></seg></ab></div>
<div type="textpart" n="217" xml:id="l217"><ab><seg source="#DS">&lt;quote type="lemma"&gt;PVER&lt;/quote&gt; mire dissuadet dicendo &lt;quote&gt;puer.&lt;/quote&gt;</seg></ab>
<ab><seg source="#Σ #DS">&lt;quote type="lemma"&gt;E MATRIBVS&lt;/quote&gt; e nobilibus; nam matres non nisi nobiles dicimus: unde et matronae dictae sunt. scimus autem non omnes mulieres in Sicilia remansisse: nam legitur in undecimo  &lt;quote target="l35"&gt;et maestum Iliades crinem de more solutae.&lt;/quote&gt;</seg></ab></div>
<div type="textpart" n="218" xml:id="l218"><ab><seg source="#DS">&lt;supplied reason="lost"&gt;NEC&lt;/supplied&gt; MOENIA CVRAT ACESTAE nec tenetur desiderio Segestae civitatis.</seg><seg source="#Σ #DS"></seg></ab></div>
<div type="textpart" n="219" xml:id="l219"><ab><seg source="#Σ #DS">&lt;quote type="lemma"&gt;ILLE AVTEM&lt;/quote&gt; hunc locum esse interrupta oratione Nisi intellegimus.</seg></ab></div>
<div type="textpart" n="221" xml:id="l221"><ab><seg source="#Σ #DS">&lt;quote type="lemma"&gt;VIGILES SIMVL EXCITAT&lt;/quote&gt; qui vigiliarum officium habebant,</seg><seg source="#DS">hoc est, futuros vigiles; alioquin quomodo excitat? et totum iunctim legendum est, ut simul et dictum et factum videatur.</seg><seg source="#Σ #DS"></seg></ab></div>
<div type="textpart" n="222" xml:id="l222"><ab><seg source="#Σ #DS">&lt;quote type="lemma"&gt;SERVANTQVE VICES&lt;/quote&gt; hic distinguendum est, alias sensus non procedit.</seg></ab>
<ab><seg source="#DS">&lt;quote type="lemma"&gt;STATIONE&lt;/quote&gt;</seg></ab>
<ab><seg source="#DS">&lt;quote type="lemma"&gt;STATIONE RELICTA&lt;/quote&gt; hoc ad Nisum et Euryalum pertinet, ut sit sensus 'statione relicta ipse comes Niso graditur': quidam &lt;quote ref="Serv. 1.75"&gt;servantque vices&lt;/quote&gt; &lt;quote&gt;statione relicta&lt;/quote&gt; pro 'stationis relictae vices servant' intellegi volunt, ut  &lt;quote&gt;et pulchra faciat te p&lt;/quote&gt;&lt;supplied reason="lost"&gt;&lt;quote&gt;role&lt;/quote&gt;&lt;/supplied&gt; &lt;quote&gt;p&lt;/quote&gt;&lt;supplied reason="lost"&gt;&lt;quote&gt;arentem&lt;/quote&gt;&lt;/supplied&gt;&lt;quote&gt;,&lt;/quote&gt; hoc est 'pulchrae prolis'.</seg><seg source="#Σ #DS"></seg></ab></div>
<div type="textpart" n="223" xml:id="l223"><ab><seg source="#Σ #DS">&lt;quote type="lemma"&gt;REGEMQVE REQVIRVNT&lt;/quote&gt; regis filium, ut  &lt;quote ref="Serv. 6.28"&gt;magnum reginae sed enim miseratus amorem.&lt;/quote&gt;</seg></ab></div>
<div type="textpart" n="224" xml:id="l224"><ab><seg source="#Σ #DS">&lt;quote type="lemma"&gt;CETERA PER TERRAS OMNES&lt;/quote&gt; exaggerat more suo vigilantum laborem.</seg></ab></div>
<div type="textpart" n="227" xml:id="l227"><ab><seg source="#Σ #DS">&lt;quote type="lemma"&gt;CONSILIVM SVMMIS R&lt;/quote&gt;&lt;supplied reason="lost"&gt;EGNI&lt;/supplied&gt; D&lt;supplied reason="lost"&gt;E&lt;/supplied&gt; R&lt;supplied reason="lost"&gt;EBVS&lt;/supplied&gt; H&lt;supplied reason="lost"&gt;ABEBANT&lt;/supplied&gt;</seg><seg source="#DS">&lt;quote&gt;summis&lt;/quote&gt; utrum 'maximis' anquod putabant eas in extremo sitas? et est</seg><seg source="#Σ #DS">Lucilii versus uno tantum sermone mutato; nam ille ait (4 M) &lt;quote&gt;consilium summis hominum de rebus habebant.&lt;/quote&gt; </seg></ab></div>
<div type="textpart" n="228" xml:id="l228"><ab><seg source="#Σ #DS">&lt;quote type="lemma"&gt;IAM NVNTIVS ESSET &lt;/quote&gt;&lt;quote&gt;iam&lt;/quote&gt; aut 'cito',</seg><seg source="#DS">ut festinandum sit et iam nuntiandum Aeneae nec differendum,</seg><seg source="#Σ #DS">aut cum nullum invenirent,</seg><seg source="#DS">ad desperationem, quasi nemo esset iam qui posset audere.</seg><seg source="#Σ #DS"></seg></ab></div>
<div type="textpart" n="229" xml:id="l229"><ab><seg source="#Σ #DS">&lt;quote type="lemma"&gt;ADNIXI HASTIS&lt;/quote&gt;</seg><seg source="#DS">mira facies consilii: in rebus dubiis non sedent, sed stant.</seg><choice><seg source="#DS">ostendit ergo</seg><seg source="#Σ">ostendit</seg></choice><seg source="#Σ #DS">iam eos diuturna statione fatigatos. quod autem stant et Romani moris est et bellicae necessitatis. hunc autem standi habitum et Sallustius commemorat, ut  &lt;quote ref="H. 3.40"&gt;fessi arma sua quisque stantes incumbere.&lt;/quote&gt; </seg></ab></div>
<div type="textpart" n="230" xml:id="l230"><ab><seg source="#Σ #DS">&lt;quote type="lemma"&gt;CASTRORVM ET CAMPI MEDIO&lt;/quote&gt; in medio campi spatio, qui campus castrorum medius fuit,</seg><seg source="#DS">quia in mediis castris principia sunt semper. et bene 'campi medio', quam 'campo medio': tunc enim 'campo medio', cum aliquot campi sunt et unus est medius campus, 'campi' autem 'medio' in media parte unius campi.</seg><seg source="#Σ #DS"></seg></ab></div>
<div type="textpart" n="231" xml:id="l231"><ab><seg source="#DS">&lt;quote type="lemma"&gt;ALACRES&lt;/quote&gt; concitati: Terentius  &lt;quote ref="Eu. 304"&gt;quid tu es tristis? quidve&lt;/quote&gt; &lt;quote&gt;es alacris?&lt;/quote&gt;</seg></ab>
<ab><seg source="#DS">&lt;quote type="lemma"&gt;ADMITTIER&lt;/quote&gt;</seg></ab>
<ab><seg source="#DS">&lt;quote type="lemma"&gt;ADMITTIER ORANT&lt;/quote&gt; hoc verbo ostendit olim et apud reges admissionum fuisse officium.</seg><seg source="#Σ #DS"></seg></ab></div>
<div type="textpart" n="232" xml:id="l232"><ab><seg source="#Σ #DS">&lt;quote type="lemma"&gt;REM MAGNAM PRETIVMQVE MORAE FORE&lt;/quote&gt; dicebant se adferre rem magnam, cuius mora pretium posset adferre, id est poenam: Terentius  &lt;quote ref="An. 610"&gt;ergo pretium ob stultitiam fero&lt;/quote&gt;: ut sit sensus, si tardius mittamus ad Aenean, luemus hostibus poenas. alii sic intellegunt: scimus quidem adventum nostrum moram vestris adferre consiliis, verum huius morae erit pretium, id est remuneratio; namque hoc offerebant quod illi cogitabant, ut &lt;surplus&gt;diximus&lt;/surplus&gt; supra  &lt;quote target="l228" ref="An. 610"&gt;quisve Aeneae iam nuntius esset?&lt;/quote&gt;</seg><seg source="#DS">alii deesse putant 'adfirmantes', ut sit sensus, adfirmantes rem magnam futuram et multum illos consecuturos si audiendi se moram pertulissent. alii, qui pretium pro poena dicunt positum, ita tradunt, eos anxios tam diu super rebus dubiis futuros quam diu se non admiserint ad loquendum.</seg><seg source="#Σ #DS"></seg></ab></div>
<div type="textpart" n="233" xml:id="l233"><ab><seg source="#Σ #DS">&lt;quote type="lemma"&gt;ACCEPIT TREPIDOS&lt;/quote&gt; festinos, more suo.</seg><seg source="#DS">ergo per metalepsin cupidos dixit ἀγωνιῶντας: non enim possumus timentes accipere, quod festinabant.</seg><seg source="#Σ #DS"></seg></ab></div>
<div type="textpart" n="235" xml:id="l235"><ab><seg source="#Σ #DS">&lt;quote type="lemma"&gt;NEVE HAEC NOSTRIS &lt;/quote&gt;&lt;supplied reason="lost"&gt;SPECTENTVR&lt;/supplied&gt; AB ANNIS bene excusat, quia scit de aetate puerorum posse dubitari, dicens non ex suggerentum persona,</seg><seg source="#DS">in qua est maior auctoritas,</seg><seg source="#Σ #DS">sed sua vi consilia ponderanda.</seg><seg source="#DS">&lt;quote&gt;spectentur&lt;/quote&gt; autem 'aestimentur'.</seg><seg source="#Σ #DS"></seg></ab></div>
<div type="textpart" n="236" xml:id="l236"><ab><seg source="#DS">&lt;quote type="lemma"&gt;RVTVLI SOMNO VINOQVE SEPVLTI&lt;/quote&gt; occasio prius narratur, sic consilium, ut necessario ad id quod nuntiat veniat.</seg><seg source="#Σ #DS"></seg></ab></div>
<div type="textpart" n="237" xml:id="l237"><ab><seg source="#DS">&lt;quote type="lemma"&gt;LOCVM INSIDIIS CONSPEXIMVS IPSI&lt;/quote&gt; ordo est 'locum conspeximus, qui insidiis patet'. &lt;quote&gt;ipsi&lt;/quote&gt; autem ad fidem pertinet: qui enim rem tantam nuntiat, debet firma auctoritate contendere. et communicat cum socio quod solus conspexit.</seg><seg source="#Σ #DS"></seg></ab></div>
<div type="textpart" n="238" xml:id="l238"><ab><seg source="#DS">&lt;quote type="lemma"&gt;QVI PATET IN BIVIO&lt;/quote&gt; necessarie signa addidit.</seg></ab>
<ab><seg source="#Σ #DS">&lt;quote type="lemma"&gt;PORTAE QVAE PROXIMA PONTO&lt;/quote&gt; apparet, ut supra (7.31) diximus, castra Troiana in Ostiensi fuisse, siquidem nullus alter locus in Laurolavinati hinc fluvio cohaeret, hinc pelago: et nunc dicit &lt;quote&gt;portae quae proxima ponto,&lt;/quote&gt; item paulo post (468) dicturus est &lt;supplied reason="lost"&gt;&lt;quote&gt;murorum&lt;/quote&gt;&lt;/supplied&gt; &lt;quote&gt;in parte sinistra opposuere aciem&lt;/quote&gt; (&lt;quote&gt;nam dextera cingitur amni&lt;/quote&gt;).</seg></ab></div>
<div type="textpart" n="239" xml:id="l239"><ab><seg source="#Σ #DS">&lt;quote type="lemma"&gt;INTERRVPTI IGNES&lt;/quote&gt; supra (189) aliter &lt;quote&gt;lumina rara micant.&lt;/quote&gt;</seg></ab>
<ab><seg source="#Σ #DS">&lt;quote type="lemma"&gt;FVMVS ERIGITVR&lt;/quote&gt; signum est sopitorum ignium quotiens maior fumus erigitur.</seg></ab></div>
<div type="textpart" n="240" xml:id="l240"><ab><seg source="#Σ #DS">&lt;quote type="lemma"&gt;FORTVNA&lt;/quote&gt; occasione.</seg></ab></div>
<div type="textpart" n="241" xml:id="l241"><ab><seg source="#DS">&lt;supplied reason="lost"&gt;&lt;supplied reason="lost"&gt;QVAESITVM AENEAN&lt;/supplied&gt;&lt;/supplied&gt; ad inquirendum Aenean. alii hunc ordinem volunt 'si fortuna permittitis uti, mox hic cum spoliis, ingenti &lt;supplied reason="lost"&gt;caede peracta, adfore cernetis,&lt;/supplied&gt; nec nos via fallit euntes quaesitum Aenean et moenia Pallantea'.</seg></ab>
<ab><seg source="#Σ #DS">&lt;quote type="lemma"&gt;QVAESITVM&lt;/quote&gt; ut quaeramus.</seg></ab></div>
<div type="textpart" n="242" xml:id="l242"><ab><seg source="#Σ #DS">&lt;quote type="lemma"&gt;CVM SPOLIIS&lt;/quote&gt; hinc est quod supra (208) Euryalo dixit &lt;quote&gt;me referat tibi magnus ovantem Iuppiter,&lt;/quote&gt; respiciens ad id quod posset fortiter facere.</seg></ab></div>
<div type="textpart" n="243" xml:id="l243"><ab><seg source="#Σ #DS">&lt;quote type="lemma"&gt;NEC NOS VIA FALLIT&lt;/quote&gt; bene ubique cuncta cum amico communicat.</seg></ab></div>
<div type="textpart" n="244" xml:id="l244"><ab><seg source="#Σ #DS">&lt;quote type="lemma"&gt;OBSCVRIS PRIMAM SVB VALLIBVS VRBEM&lt;/quote&gt; nos in obscuris vallibus positi vidimus primam urbem, hoc est primam partem urbis; nam Palatium in monte est, non in vallibus.</seg></ab></div>
<div type="textpart" n="245" xml:id="l245"><ab><seg source="#DS">&lt;quote type="lemma"&gt;TOTVM AMNEM&lt;/quote&gt; hoc est regionem amnis.</seg><seg source="#Σ #DS"></seg></ab></div>
<div type="textpart" n="246" xml:id="l246"><ab><seg source="#Σ #DS">&lt;quote type="lemma"&gt;ANNIS GRAVIS ATQVE ANIMI MATVRVS ALETES &lt;/quote&gt;Sallustius de Philippo qui  &lt;quote ref="H. 1.75"&gt;aetate et consilio ceteros anteibat.&lt;/quote&gt;</seg></ab></div>
<div type="textpart" n="248" xml:id="l248"><ab><seg source="#Σ #DS">&lt;quote type="lemma"&gt;NON TAMEN OMNINO T&lt;/quote&gt;&lt;supplied reason="lost"&gt;EVCROS&lt;/supplied&gt; D&lt;supplied reason="lost"&gt;ELERE&lt;/supplied&gt; P&lt;supplied reason="lost"&gt;ARATIS&lt;/supplied&gt; ac si diceret: licet irascamini ad tempus, hinc</seg><seg source="#DS">tamen</seg><seg source="#Σ #DS">apparet non velle vos penitus delere Troianos, quod tales animos nostris iuvenibus datis. </seg></ab></div>
<div type="textpart" n="249" xml:id="l249"><ab><seg source="#DS">&lt;quote type="lemma"&gt;CERTA&lt;/quote&gt; hoc loco firma vel fortia.</seg><seg source="#Σ #DS"></seg></ab></div>
<div type="textpart" n="250" xml:id="l250"><ab><seg source="#Σ #DS">&lt;quote type="lemma"&gt;VMEROS DEXTRASQVE TENEBAT AMBORVM&lt;/quote&gt; hoc ad adfectum retulit; nec enim simul fieri potest. intellegimus autem quod et singulos et membratim amplectebatur.</seg></ab></div>
<div type="textpart" n="251" xml:id="l251"><ab><seg source="#Σ #DS">&lt;quote type="lemma"&gt;VVLTVM LACRIMIS ATQVE ORA RIGABAT&lt;/quote&gt; poetice iunxit, et modo unum significant: est autem iteratio. interdum recipiunt discretionem.</seg><seg source="#DS">nam os est naturaliter facies quam habemus; vultus vero quem pro motu animi ad tempus formamus.</seg><seg source="#Σ #DS"></seg></ab></div>
<div type="textpart" n="252" xml:id="l252"><ab><seg source="#Σ #DS">&lt;quote type="lemma"&gt;PRO LAVDIBVS&lt;/quote&gt; id est virtutibus: ab eo quod praecedit id quod sequitur,</seg><seg source="#DS">ut  &lt;quote ref="Serv. 5.355"&gt;primam merui qui laude coronam.&lt;/quote&gt;</seg><seg source="#Σ #DS"></seg></ab></div>
<div type="textpart" n="254" xml:id="l254"><ab><seg source="#Σ #DS">&lt;quote type="lemma"&gt;DI MORESQVE DABVNT VESTRI &lt;/quote&gt;Ciceronis est, tractum de philosophia, qui dicunt sufficere ad gloriam bene facti conscientiam.</seg><seg source="#DS">scit enim poeta nihil esse maius quam quod vel a dis meruerimus vel moribus.</seg><seg source="#Σ #DS"></seg></ab></div>
<div type="textpart" n="255" xml:id="l255"><ab><seg source="#Σ #DS">&lt;quote type="lemma"&gt;ACTVTVM&lt;/quote&gt; confestim, sine dilatione: et est adverbium temporis.</seg></ab>
<ab><seg source="#Σ #DS">&lt;quote type="lemma"&gt;INTEGER AEVI&lt;/quote&gt;</seg><seg source="#DS">'integri aevi', figurate: id est</seg><seg source="#Σ #DS">adulescens, cui aetas integra superest, unde Ennius  &lt;quote ref="trag. 213"&gt;deos aevi integros&lt;/quote&gt; dicit quibus multum aevi superest.</seg><seg source="#DS">et bono omine ad pericula pergentibus etiam per Ascanium praemium pollicetur: longiorem enim eis vitam promittit si ea exspectent quae Ascanius dare maior possit.</seg><seg source="#Σ #DS"></seg></ab></div>
<div type="textpart" n="256" xml:id="l256"><ab><seg source="#Σ #DS">&lt;quote type="lemma"&gt;MERITI&lt;/quote&gt; praestiti, ut  &lt;quote ref="Serv. 5.801"&gt;merui quoque,&lt;/quote&gt; item  &lt;quote ref="Serv. 6.664"&gt;quique sui memores aliquos fecere merendo.&lt;/quote&gt;</seg></ab></div>
<div type="textpart" n="257" xml:id="l257"><ab><seg source="#DS">&lt;quote type="lemma"&gt;IMMO EGO VOS&lt;/quote&gt; pulchre poeta fidem sponsionis Aleti addidit, ut eum statim promissa Ascanii sequerentur. &lt;quote target="l525"&gt;vos&lt;/quote&gt; autem &lt;quote&gt;Nise&lt;/quote&gt; figurate, ut  &lt;quote&gt;vos, o Calliope. sola salus&lt;/quote&gt; vero, cui una est salus genitore reducto.</seg><seg source="#Σ #DS"></seg></ab></div>
<div type="textpart" n="258" xml:id="l258"><ab><seg source="#Σ #DS">&lt;quote type="lemma"&gt;EXCIPIT ASCANIVS&lt;/quote&gt; id est subsequitur. et a poeta dictum est.</seg></ab>
<ab><seg source="#DS">&lt;quote type="lemma"&gt;PER&lt;/quote&gt;</seg></ab>
<ab><seg source="#DS">&lt;quote type="lemma"&gt;PER MAGNOS NISE PENATES&lt;/quote&gt; hoc est quod ait  &lt;quote ref="Serv. 3.12"&gt;penatibus et magnis&lt;/quote&gt; &lt;quote ref="Serv. 3.148"&gt;dis,&lt;/quote&gt; id est quos Aeneas secum advexerat; nam ideo ait &lt;quote&gt;Assaracique&lt;/quote&gt; &lt;quote&gt;larem,&lt;/quote&gt; id est familiae nostrae vel generis proprium, vel quos nos Troiani praecipue colimus, de quibus ait  &lt;quote&gt;Phrygiique penates,&lt;/quote&gt; &lt;quote&gt;quos&lt;/quote&gt; &lt;quote&gt;mecum a Troia mediis&lt;/quote&gt;&lt;supplied reason="lost"&gt;&lt;quote&gt;que ex ignibus urbis extuleram&lt;/quote&gt;&lt;/supplied&gt;&lt;quote&gt;.&lt;/quote&gt; qui tamen di qui sint, a diversis varie traditur, sicut supra (3.119) dictum est.</seg><seg source="#Σ #DS"></seg></ab></div>
<div type="textpart" n="259" xml:id="l259"><ab><seg source="#Σ #DS">&lt;quote type="lemma"&gt;CANAE VESTAE&lt;/quote&gt; venerabilis, antiquissimae.</seg><seg source="#DS">ipsa enim antiquissima dea est, id est Terra.</seg><seg source="#Σ #DS"></seg></ab></div>
<div type="textpart" n="260" xml:id="l260"><ab><seg source="#Σ #DS">&lt;quote type="lemma"&gt;OBTESTOR&lt;/quote&gt; adiuro. et est ordo 'immo ego, cui sola salus genitore reducto, vos obtestor per deos, revocate parentem'.</seg></ab>
<ab><seg source="#Σ #DS">&lt;quote type="lemma"&gt;FORTVNA FIDESQVE EST&lt;/quote&gt; quidquid casu, quidquid consilio egero, vobis committam: nam per fidem consilia significat, per fortunam opes, imperium, cuiuslibet rei possibilitatem.</seg><seg source="#DS">alii sic tradunt: &lt;quote&gt;fortuna&lt;/quote&gt; ut possit, &lt;quote&gt;fides&lt;/quote&gt; ut velit promissa persolvere. alii ita: quantum habeo fortunae in vestris pono gremiis, doque fidem me ita animatum esse et sic sentire: 'mihi', inquit, 'habeo coniunctam fortunam et fidem'. nam cum volumus ostendere quantum in nostra sit potestate, duo dicimus, fortunam et fidem: fortuna de nostris est possessionibus, fides quantum nobis creditur ab inimicis.</seg><seg source="#Σ #DS"></seg></ab></div>
<div type="textpart" n="262" xml:id="l262"><ab><seg source="#Σ #DS">&lt;quote type="lemma"&gt;NIHIL ILLO TRISTE RECEPTO&lt;/quote&gt; subaudis 'erit'.</seg></ab></div>
<div type="textpart" n="263" xml:id="l263"><ab><seg source="#DS">&lt;quote type="lemma"&gt;ARGENTO PERFECTA&lt;/quote&gt; id est tota argentea.</seg><seg source="#Σ #DS"></seg></ab></div>
<div type="textpart" n="264" xml:id="l264"><ab><seg source="#Σ #DS">&lt;quote type="lemma"&gt;DEVICTA GENITOR QVAE CEPIT ARISBA&lt;/quote&gt; atqui secundum Homerum (Il. 2.836) Arisba Troianis misit auxilia et ab Achille subversa est. sed accipimus, aut ante bellum Graecorum Arisbam a Troianis captam et in amicitiae foedus admissam; aut certe pocula haec data ab Heleno, qui in Achillis bona per Pyrrhi successerat hereditatem, ut sit &lt;quote&gt;quae cepit&lt;/quote&gt; pro 'quae accepit' devicta Arisba, scilicet ab Achille.</seg><seg source="#DS">dicta est Arisba ab Meropis vel Macarei filia, quam primum Paris in coniugio habuit. quidam ab Abante, qui Troica scripsit, relatum ferunt, post discessum a Troia Graecorum Astyanacti ibi datum regnum; hunc ab Antenore expulsum sociatis sibi finitimis civitatibus, inter quas et Arisba fuit; Aenean hoc aegre tulisse et pro Astyanacte arma cepisse, ac prospere gesta re, Astyanacti restituisse regnum. quod si ita est, merito eam Aeneas et vicisse et haec pocula inde cepisse memoratur.</seg><seg source="#Σ #DS"></seg></ab></div>
<div type="textpart" n="265" xml:id="l265"><ab><seg source="#Σ #DS">&lt;quote type="lemma"&gt;DVO MAGNA TALENTA&lt;/quote&gt; bene addidit &lt;quote ref="Mos. 644"&gt;magna.&lt;/quote&gt; nam varium apud diversas gentes pondus est talenti: unde talentum potest et breve aliquid et magnum significare. nam ut supra (5.112) diximus, secundum Plautum talentum septuaginta librarum est: qui cum dixisset deberi centum quadraginta libras, paulo post intulit duo talenta, per iocum dicens  &lt;quote&gt;debentur talenta tot, quot ego et tu sumus.&lt;/quote&gt; item Homerus (Il. 23.269) talentum breve quiddam ostendit, quippe quod accepit victus, cum victori levia data sint munera.</seg></ab></div>
<div type="textpart" n="266" xml:id="l266"><ab><seg source="#DS">&lt;quote type="lemma"&gt;CRATERA ANTIQVVM&lt;/quote&gt; hoc est, antiquo opere factum, ut ei pretium crescat ex tempore.</seg><seg source="#Σ #DS"></seg></ab></div>
<div type="textpart" n="267" xml:id="l267"><ab><seg source="#DS">&lt;quote type="lemma"&gt;CAPERE ITALIAM&lt;/quote&gt; obtinere.</seg><seg source="#Σ #DS"></seg></ab></div>
<div type="textpart" n="268" xml:id="l268"><ab><seg source="#Σ #DS">&lt;quote type="lemma"&gt;DICERE SORTEM&lt;/quote&gt; statuere. alii proprie 'ducere' legunt, quod est sortium, ut  &lt;quote ref="Serv. 6.22"&gt;stat ductis sortibus urna.&lt;/quote&gt;</seg><seg source="#DS">alii 'deicere' legunt secundum illud  &lt;quote ref="Serv. 5.490"&gt;deiectamque aerea sortem&lt;/quote&gt; &lt;quote&gt;accepit galea,&lt;/quote&gt; id est sortiri praedam.</seg><seg source="#Σ #DS"></seg></ab></div>
<div type="textpart" n="269" xml:id="l269"><ab><seg source="#DS">&lt;quote type="lemma"&gt;VIDISTI QVO TVRNVS EQVO&lt;/quote&gt; melior oeconomia: Nisum noluit inducere postulantem equum Turni praemii loco, sed honestius facit ultro offerri, cum Homerus (Il. 10.321-3) fecerit Dolonem Achillis currus inprobe postulantem.</seg><seg source="#Σ #DS"></seg></ab></div>
<div type="textpart" n="270" xml:id="l270"><ab><seg source="#DS">&lt;quote type="lemma"&gt;IPSVM ILLVM&lt;/quote&gt; equum scilicet, cui ex pronomine addidit dignitatem.</seg><seg source="#Σ #DS"></seg></ab></div>
<div type="textpart" n="271" xml:id="l271"><ab><seg source="#Σ #DS">&lt;quote type="lemma"&gt;EXCIPIAM SORTI&lt;/quote&gt;</seg><seg source="#DS">extra sortem seponam, ut tibi dari possint, id est</seg><seg source="#Σ #DS">praeter sortem dabo.</seg></ab>
<ab><seg source="#DS">&lt;quote type="lemma"&gt;IAM&lt;/quote&gt;</seg></ab>
<ab><seg source="#DS">&lt;quote type="lemma"&gt;IAM NVNC&lt;/quote&gt; aut 'iam nunc &lt;supplied reason="lost"&gt;tua', aut 'iam nunc&lt;/supplied&gt; excipiam'.</seg><seg source="#Σ #DS"></seg></ab></div>
<div type="textpart" n="273" xml:id="l273"><ab><seg source="#DS">&lt;quote type="lemma"&gt;CAPTIVOSQVE DABIT&lt;/quote&gt; subaudiendum 'bis sex'.</seg><seg source="#Σ #DS"></seg></ab></div>
<div type="textpart" n="274" xml:id="l274"><ab><seg source="#Σ #DS">&lt;quote type="lemma"&gt;INSVPER HIS&lt;/quote&gt; super haec.</seg><seg source="#DS">est figurata elocutio, per dativum casum.</seg></ab>
<ab><seg source="#Σ #DS">&lt;quote type="lemma"&gt;CAMPI QVOD REX HABET IPSE LATINVS&lt;/quote&gt; mos fuerat ut viris fortibus sive regibus pro honore daretur aliqua publici agri particula, ut habuit Tarquinius Superbus in campo Martio: quod spatium ab Homero τέµενος dicitur. hoc ergo, quod Latinus pro honore de republica habuit, ab Ascanio intellegamus esse promissum.</seg></ab></div>
<div type="textpart" n="276" xml:id="l276"><ab><seg source="#Σ #DS">&lt;quote type="lemma"&gt;PECTORE TOTO&lt;/quote&gt; omni adfectu.</seg><seg source="#DS">et est de proverbio: Cicero de Legibus (1.18.49) &lt;quote&gt;nisi toto pectore&lt;/quote&gt; &lt;quote&gt;amatur, ut dicitur&lt;/quote&gt;. cum enim dicit ut dicitur ostendit proverbiale.</seg><seg source="#Σ #DS"></seg></ab></div>
<div type="textpart" n="279" xml:id="l279"><ab><seg source="#Σ #DS">&lt;quote type="lemma"&gt;RERVM VERBORVMQVE FIDES&lt;/quote&gt; et rem publicam tibi committam et tecum omne communicabo consilium.</seg></ab></div>
<div type="textpart" n="280" xml:id="l280"><ab><seg source="#DS">&lt;quote type="lemma"&gt;CONTRA QUEM TALIA FATUR EURYALUS&lt;/quote&gt; cur cum duobus sit locutus Ascanius, et unus illi respondet, id est Euryalus, et minor? quia Euryalo et familiarius et posterius est locutus, dein quia Euryalus matrem commendare debet.</seg><seg source="#Σ #DS"></seg></ab></div>
<div type="textpart" n="281" xml:id="l281"><ab><seg source="#Σ #DS">&lt;quote type="lemma"&gt;ME NVLLA DIES TAM FORTIBVS AVSIS D&lt;/quote&gt;&lt;supplied reason="lost"&gt;ISSIMILEM&lt;/supplied&gt; A&lt;supplied reason="lost"&gt;RGVERIT&lt;/supplied&gt; ab hoc officio et ab hac audacia accessu temporis inferior non probabor, qualiscumque fortuna comitetur.</seg><seg source="#DS">id est numquam aut tam secunda fortuna acciderit, aut tam adversa, ut me dissimilem mei faciat, hoc est neque secundis intumescam, neque adversis deiciar.</seg><seg source="#Σ #DS"></seg></ab></div>
<div type="textpart" n="282" xml:id="l282"><ab><seg source="#Σ #DS">&lt;quote type="lemma"&gt;TANTVM&lt;/quote&gt; tantummodo hoc possum de me promittere, ut semper audeam, semper velim fortiter facere: nam hoc est quod dicit  &lt;quote target="l281"&gt;tam fortibus ausis dissimilem arguerit.&lt;/quote&gt; tantum ergo meum est hoc promittere, sive prospera, sive adversa fortuna comitetur: nam &lt;quote&gt;aut&lt;/quote&gt; disiunctiva particula est, non negantis adverbium.</seg><seg source="#DS">quidam sic intellegunt: tantummodo fortuna prospera non in contrarium recidat: tamquam nunc in secundis rebus sit cum obsideatur. alii ita putant: me nulla dies dissimilem arguet, sive quae est hodie fortuna permanserit, sive etiam laeta fuerit, id est nec si feliciter mihi, nec si infeliciter cesserit,dissimilis ero huic conatui. et melius legitur sine aspiratione, id est 'aut adversa'.</seg><seg source="#Σ #DS"></seg></ab></div>
<div type="textpart" n="283" xml:id="l283"><ab><seg source="#Σ #DS">&lt;quote type="lemma"&gt;SVPER OMNIA DONA&lt;/quote&gt; ultra omnia,</seg><seg source="#DS">magis quam omnia; proprie enim 'super' hoc significat: ut sit 'pro omnibus donis'.</seg><seg source="#Σ #DS"></seg></ab></div>
<div type="textpart" n="284" xml:id="l284"><ab><seg source="#Σ #DS">&lt;quote type="lemma"&gt;PRIAMI DE GENTE VETVSTA&lt;/quote&gt; de familia. et bene eam etiam ex cognatione commendat: nam Ascanius nepos est Priami per Creusam.</seg></ab></div>
<div type="textpart" n="285" xml:id="l285"><ab><seg source="#Σ #DS">&lt;quote type="lemma"&gt;MISERAM&lt;/quote&gt; quae sic inpatienter diligit filium.</seg></ab></div>
<div type="textpart" n="286" xml:id="l286"><ab><seg source="#Σ #DS">&lt;quote type="lemma"&gt;MECVM EXCEDENTEM&lt;/quote&gt; ut  &lt;quote ref="Serv. 6.112"&gt;ille meum comitatus iter&lt;/quote&gt;: vult enim intellegi sui causa matrem secutam.</seg></ab></div>
<div type="textpart" n="287" xml:id="l287"><ab><seg source="#DS">&lt;quote type="lemma"&gt;IGNARAM&lt;/quote&gt; hic &lt;quote&gt;ignaram&lt;/quote&gt; cui non dixerit.</seg></ab>
<ab><seg source="#Σ #DS">&lt;quote type="lemma"&gt;QVODCVMQVE PERICLI EST&lt;/quote&gt; syllepsis: nam subaudis 'periclum'.</seg></ab></div>
<div type="textpart" n="288" xml:id="l288"><ab><seg source="#Σ #DS">&lt;quote type="lemma"&gt;INQVE SALVTATAM LINQVO&lt;/quote&gt; insalutatam: et est tmesis, ut  &lt;quote ref="Serv. 10.794"&gt;inutilis inque ligatus cedebat.&lt;/quote&gt;</seg></ab></div>
<div type="textpart" n="289" xml:id="l289"><ab><seg source="#Σ #DS">&lt;quote type="lemma"&gt;QVOD NEQVEAM LACRIMAS P&lt;/quote&gt;&lt;supplied reason="lost"&gt;ERFERRE&lt;/supplied&gt; P&lt;supplied reason="lost"&gt;ARENTIS&lt;/supplied&gt; excusat, ne videatur crudelis: unde sequitur matris eius tragicus et miserabilis ille conquestus  &lt;quote target="l482"&gt;potuisti linquere solam crudelis&lt;/quote&gt; et talia.</seg></ab></div>
<div type="textpart" n="290" xml:id="l290"><ab><seg source="#Σ #DS">&lt;quote type="lemma"&gt;INOPEM&lt;/quote&gt; modo 'auxilii egentem'.</seg></ab>
<ab><seg source="#DS">&lt;quote type="lemma"&gt;RELICTAE&lt;/quote&gt;</seg></ab>
<ab><seg source="#DS">&lt;quote type="lemma"&gt;RELICTAE&lt;/quote&gt; aut a me, aut ab hominibus.</seg><seg source="#Σ #DS"></seg></ab></div>
<div type="textpart" n="291" xml:id="l291"><ab><seg source="#DS">&lt;quote type="lemma"&gt;AVDENTIOR&lt;/quote&gt; ut 'sapientior', ab appellatione non a participio figuratum: Terentius &lt;supplied reason="lost"&gt;in&lt;/supplied&gt; Heauton Timorumeno (645) natu gravior, ignoscentior.</seg><seg source="#Σ #DS"></seg></ab></div>
<div type="textpart" n="292" xml:id="l292"><ab><seg source="#Σ #DS">&lt;quote type="lemma"&gt;IN CASVS OMNES&lt;/quote&gt; ut supra  &lt;quote target="l282"&gt;fortuna secunda aut adversa cadat.&lt;/quote&gt;</seg></ab></div>
<div type="textpart" n="293" xml:id="l293"><ab><seg source="#Σ #DS">&lt;quote type="lemma"&gt;PVLCHER IVLVS&lt;/quote&gt; incongruum epitheton pulchritudinis posuit, cum res sit in hoc loco religionis.</seg></ab></div>
<div type="textpart" n="294" xml:id="l294"><ab><seg source="#Σ #DS">&lt;quote type="lemma"&gt;STRINXIT PIETATIS IMAGO&lt;/quote&gt; praestrinxit, momordit, admonuit. sensus autem est: aut postquam vidit istum sic amare matrem, paternae pietatis virtutem coepit agnoscere; aut certe coepit etiam ipse sic in pietatem moveri ut eius consuerat pater; aut certe exemplo Euryali avidius coepit amare patrem etiam ante dilectum.</seg></ab></div>
<div type="textpart" n="298" xml:id="l298"><ab><seg source="#Σ #DS">&lt;quote type="lemma"&gt;NEC PARTVM GRATIA TALEM PARVA MANET&lt;/quote&gt; debet ab omnibus coli quae talem creavit.</seg><seg source="#DS">non ergo a te tantum, sed per te commendatur.</seg><seg source="#Σ #DS"></seg></ab></div>
<div type="textpart" n="299" xml:id="l299"><ab><seg source="#Σ #DS">&lt;quote type="lemma"&gt;CASVS FACTVM QVICVMQVE SEQVETVR&lt;/quote&gt; satis congrue: praemia enim non debentur eventui, sed voluntati.</seg><seg source="#DS">hoc est, 'quidquid evenerit, ego praemia dabo'.</seg><seg source="#Σ #DS"></seg></ab></div>
<div type="textpart" n="300" xml:id="l300"><ab><seg source="#Σ #DS">&lt;quote type="lemma"&gt;PER QVOD PATER ANTE SOLEBAT&lt;/quote&gt; alii volunt ideo &lt;quote&gt;ante&lt;/quote&gt; quia absens est Aeneas; sed iurare possumus etiam per absentis filii caput. alii ad causam religionis trahunt, quae praecepit ut filii imitentur in omnibus rebus suos parentes: ut nunc quasi imitatio sit iuris iurandi, ut dicat Ascanius 'iuro per caput meum', sicut praesens pater per suum caput iurare consuerat quotiens fidem suam confirmare cupiebat. alii volunt ideo dictum &lt;quote&gt;ante&lt;/quote&gt; quia pontificibus per liberos iurare non licebat, sed per deos tantummodo, ut sit &lt;quote&gt;ante&lt;/quote&gt; antequam pontifex esset Aeneas.</seg><seg source="#DS">ergo ante aut temporis est aut ordinis.</seg><seg source="#Σ #DS"></seg></ab></div>
<div type="textpart" n="301" xml:id="l301"><ab><seg source="#Σ #DS">&lt;quote type="lemma"&gt;REDVCI REBVSQVE SECVNDIS&lt;/quote&gt; mira arte moratur in prosperis et ea iterat, tacet adversa et magis intellectui et subauditioni relinquit. cum enim non dicat 'si non redieris', ait 'matrique tuae generique manebunt'. hoc autem secundum morem Romanorum dicit, apud quos ita praemia decernebantur 'illi liberisque eius' ut darentur liberis quae accipere non potuissent parentes.</seg></ab></div>
<div type="textpart" n="304" xml:id="l304"><ab><seg source="#Σ #DS">&lt;quote type="lemma"&gt;LYCAON GNOSIVS &lt;/quote&gt;Cretensis: et est laus ab artifice. hunc autem gladium Euryalo datum intellegimus: nam Nisus accepit pellem et galeam.</seg></ab></div>
<div type="textpart" n="306" xml:id="l306"><ab><seg source="#Σ #DS">&lt;quote type="lemma"&gt;PELLEM HORRENTISQVE LEONIS EXVVIAS &lt;/quote&gt;τὸ αὐτὸ dixit, hoc est bis idem, ut  &lt;quote ref="Serv. 3.247"&gt;bellum etiam pro caede boum stratisque iuvencis, Laomedontiadae,&lt;/quote&gt;</seg><seg source="#DS">&lt;quote&gt;bellumne&lt;/quote&gt;.</seg><seg source="#Σ #DS"></seg></ab></div>
<div type="textpart" n="307" xml:id="l307"><ab><seg source="#Σ #DS">&lt;quote type="lemma"&gt;GALEAM FIDVS PERMVTAT ALETES&lt;/quote&gt; aliae enim sunt explorantum, sicut etiam Homerus (Il. 10.257-9) ostendit.</seg><seg source="#DS">&lt;quote&gt;permutat&lt;/quote&gt; autem conpositum pro simplici.</seg><seg source="#Σ #DS"></seg></ab></div>
<div type="textpart" n="309" xml:id="l309"><ab><seg source="#Σ #DS">&lt;quote type="lemma"&gt;PRIMORVM&lt;/quote&gt; genetivus hic venit et ab eo quod est 'hic primus, hi primi', et ab eo quod est 'hi primores', sicut 'hi proceres': quorum nominum nominativus singularis non invenitur, licet dicamus 'huius primoris', 'huius proceris'.</seg></ab></div>
<div type="textpart" n="310" xml:id="l310"><ab><seg source="#Σ #DS">&lt;quote type="lemma"&gt;VOTIS&lt;/quote&gt; aut cum votis; aut pro reditu vota facientes.</seg><seg source="#DS">an iuvenumque senumque manus ad portas votis prosequitur? an iuvenum quidem manus ad portas, senum vero votis prosequitur, ut iuvenes quidem illos deduxerint, senes vero optaverint illis reditum?</seg><seg source="#Σ #DS"></seg></ab></div>
<div type="textpart" n="312" xml:id="l312"><ab><seg source="#DS">&lt;quote type="lemma"&gt;PORTANDA&lt;/quote&gt; nuntianda.</seg><seg source="#Σ #DS"></seg></ab></div>
<div type="textpart" n="313" xml:id="l313"><ab><seg source="#Σ #DS">&lt;quote type="lemma"&gt;ET NVBIBVS INRITA DONANT&lt;/quote&gt; ut ipse  &lt;quote ref="Serv. 11.795"&gt;partem volucres dispersit in auras.&lt;/quote&gt;</seg></ab></div>
<div type="textpart" n="314" xml:id="l314"><ab><seg source="#DS">&lt;quote type="lemma"&gt;SVPERANT&lt;/quote&gt; transgrediuntur.</seg><seg source="#Σ #DS"></seg></ab></div>
<div type="textpart" n="315" xml:id="l315"><ab><seg source="#Σ #DS">&lt;quote type="lemma"&gt;CASTRA INIMICA&lt;/quote&gt; non tantum hostilia, sed et perniciosa; nam cum dolore dictum est &lt;quote&gt;inimica,&lt;/quote&gt; unde scilicet redituri non erant, quod ex sequentibus conprobatur: dicendo enim &lt;quote&gt;multis tamen ante futuri exitio,&lt;/quote&gt;</seg><seg source="#DS">id est antequam ipsi perirent,</seg><seg source="#Σ #DS">ostendit perniciosa esse castra quae ipsis mortem fuerant adlatura.</seg><seg source="#DS">et bene cito dictus est exitus, cum castra mortifera dicuntur.</seg><seg source="#Σ #DS"></seg></ab></div>
<div type="textpart" n="317" xml:id="l317"><ab><seg source="#DS">&lt;quote type="lemma"&gt;LITORE CVRRVS&lt;/quote&gt; quia ante (238) dixerat portae quae proxima ponto: aut aream litori proximam, sicut solet. quidam litore fluminis volunt.</seg><seg source="#Σ #DS"></seg></ab></div>
<div type="textpart" n="319" xml:id="l319"><ab><seg source="#Σ #DS">&lt;quote type="lemma"&gt;VINA SIMVL&lt;/quote&gt; vasa vini, scilicet in quibus vina ponuntur.</seg></ab>
<ab><seg source="#Σ #DS">&lt;quote type="lemma"&gt;ORE LOCVTVS&lt;/quote&gt; non est perissologia: nam secundum Homerum (cf. Il. 10.502) exploratores quae volunt plerumque nutu plerumque sibilo significant.</seg></ab></div>
<div type="textpart" n="320" xml:id="l320"><ab><seg source="#Σ #DS">&lt;quote type="lemma"&gt;AVDENDVM DEXTRA&lt;/quote&gt; quia audemus et cursu et animo.</seg></ab>
<ab><seg source="#DS">&lt;quote type="lemma"&gt;NVNC&lt;/quote&gt;</seg></ab>
<ab><seg source="#DS">&lt;quote type="lemma"&gt;NVNC IPSA VOCAT RES&lt;/quote&gt; id est somnus et vinum.</seg><seg source="#Σ #DS"></seg></ab></div>
<div type="textpart" n="321" xml:id="l321"><ab><seg source="#Σ #DS">&lt;quote type="lemma"&gt;HAC ITER EST&lt;/quote&gt; per hostium caedem et audaciam nostram.</seg><seg source="#DS">&lt;supplied reason="lost"&gt;&lt;supplied reason="lost"&gt;SE&lt;/supplied&gt;&lt;/supplied&gt; ATTOLLERE adsurgere.</seg><seg source="#Σ #DS"></seg></ab></div>
<div type="textpart" n="322" xml:id="l322"><ab><seg source="#DS">&lt;quote type="lemma"&gt;CONSVLE&lt;/quote&gt; provide.</seg><seg source="#Σ #DS"></seg></ab></div>
<div type="textpart" n="323" xml:id="l323"><ab><seg source="#Σ #DS">&lt;quote type="lemma"&gt;HAEC EGO VASTA DABO&lt;/quote&gt; de quibus dixit  &lt;quote target="l317"&gt;corpora fusa vident.&lt;/quote&gt;</seg></ab></div>
<div type="textpart" n="324" xml:id="l324"><ab><seg source="#DS">&lt;quote type="lemma"&gt;VOCEMQVE PREMIT&lt;/quote&gt; aut summissa voce loquitur, aut tacet.</seg></ab>
<ab><seg source="#DS">&lt;quote type="lemma"&gt;SVPERBVM&lt;/quote&gt;</seg></ab>
<ab><seg source="#DS">&lt;quote type="lemma"&gt;SVPERBVM&lt;/quote&gt; cur &lt;quote ref="Serv. 7.630"&gt;superbum&lt;/quote&gt; dixerit enarrat &lt;quote&gt;qui forte tapetibus altis&lt;/quote&gt; &lt;quote&gt;extructus&lt;/quote&gt;: superbum enim est et nobile, ut  &lt;quote&gt;Tiburque superbum&lt;/quote&gt;. &lt;quote&gt;extructus&lt;/quote&gt; autem pro extructis tapetibus altus. veteres et mensarum et tori struices appellabant.</seg><seg source="#Σ #DS"></seg></ab></div>
<div type="textpart" n="326" xml:id="l326"><ab><seg source="#DS">&lt;quote type="lemma"&gt;TOTO PROFLABAT PECTORE SOMNVM&lt;/quote&gt; periphrasi usus est, ne verbo humili stertentem diceret.</seg><seg source="#Σ #DS"></seg></ab></div>
<div type="textpart" n="328" xml:id="l328"><ab><seg source="#Σ #DS">&lt;quote type="lemma"&gt;SED NON AVGVRIO POTVIT DEPELLERE PESTEM&lt;/quote&gt;</seg><seg source="#DS">&lt;quote&gt;augurio&lt;/quote&gt; hic pro 'scientia augurii'; et</seg><seg source="#Σ #DS">ostendit per transitum fati necessitatem nulla peritia posse depelli. est autem Homericus (Il. 2.859) versus. </seg></ab></div>
<div type="textpart" n="329" xml:id="l329"><ab><seg source="#Σ #DS">&lt;quote type="lemma"&gt;TEMERE &lt;/quote&gt;'passim', 'fortuito', 'neglegenter'.</seg><seg source="#DS">vel 'humi' vel 'periculose', ut in consuetudine solemus dicere 'temerarios homines'. 'temere' significat et 'facile': Plautus  &lt;quote ref="Bac. 85"&gt;magnus est hic fluvius, non hac temere transiri potest&lt;/quote&gt;. significat et 'subito': Ennius  &lt;quote ref="Ann. 568"&gt;quo tam temere itis&lt;/quote&gt;. [citat et Catonem Charisius.] significat 'sine causa':Ennius  &lt;quote ref="Ann. 507"&gt;haud temere est&lt;/quote&gt; &lt;quote&gt;quod tu tristi cum corde gubernas&lt;/quote&gt;.</seg><seg source="#Σ #DS"></seg></ab></div>
<div type="textpart" n="330" xml:id="l330"><ab><seg source="#Σ #DS">&lt;quote type="lemma"&gt;PREMIT&lt;/quote&gt; opprimit,</seg><seg source="#DS">occidit.</seg></ab>
<ab><seg source="#Σ #DS">&lt;quote type="lemma"&gt;SVB IPSIS EQVIS&lt;/quote&gt; circa ipsos</seg><seg source="#DS">equos.</seg><seg source="#Σ #DS"></seg></ab></div>
<div type="textpart" n="331" xml:id="l331"><ab><seg source="#Σ #DS">&lt;quote type="lemma"&gt;PENDENTIA&lt;/quote&gt; quasi ebriorum.</seg><seg source="#DS">aut ita iacentium ut colla penderent.</seg><seg source="#Σ #DS"></seg></ab></div>
<div type="textpart" n="333" xml:id="l333"><ab><seg source="#Σ #DS">&lt;quote type="lemma"&gt;SINGVLTANTEM&lt;/quote&gt; cum singultu animam efflantem.</seg></ab>
<ab><seg source="#DS">&lt;quote type="lemma"&gt;ATRO&lt;/quote&gt;</seg></ab>
<ab><seg source="#DS">&lt;quote type="lemma"&gt;ATRO &lt;/quote&gt;&lt;supplied reason="lost"&gt;CRVORE&lt;/supplied&gt; potest et superioribus adplicari, ut sit intellectus 'sanguine singultantem atro', potest et sequentibus iungi; sed melius sequentibus.</seg><seg source="#Σ #DS"></seg></ab></div>
<div type="textpart" n="335" xml:id="l335"><ab><seg source="#Σ #DS">&lt;quote type="lemma"&gt;PLVRIMA LVSERAT&lt;/quote&gt; pro 'plurimum</seg><seg source="#DS">luserat'; vel per plurimam noctem.</seg><seg source="#Σ #DS"></seg></ab></div>
<div type="textpart" n="337" xml:id="l337"><ab><seg source="#Σ #DS">&lt;quote type="lemma"&gt;DEO&lt;/quote&gt; vel vino, vel somno.</seg></ab>
<ab><seg source="#DS">&lt;quote type="lemma"&gt;PROTINVS&lt;/quote&gt;</seg></ab>
<ab><seg source="#DS">&lt;quote type="lemma"&gt;PROTINVS&lt;/quote&gt; hic 'porro tenus'.</seg><seg source="#Σ #DS"></seg></ab></div>
<div type="textpart" n="339" xml:id="l339"><ab><seg source="#Σ #DS">&lt;quote type="lemma"&gt;PER OVILIA TVRBANS&lt;/quote&gt; perturbans ovilia: nam tmesis est.</seg></ab></div>
<div type="textpart" n="341" xml:id="l341"><ab><seg source="#Σ #DS">&lt;quote type="lemma"&gt;MVTVMQVE METV&lt;/quote&gt; scilicet pecus; nam male quidam accipiunt &lt;quote&gt;mu&lt;/quote&gt;&lt;supplied reason="lost"&gt;&lt;quote&gt;l&lt;/quote&gt;&lt;/supplied&gt;&lt;quote&gt;tum fremit&lt;/quote&gt; de leone: quod si dixeris, vacat &lt;quote&gt;metu.&lt;/quote&gt;</seg></ab></div>
<div type="textpart" n="342" xml:id="l342"><ab><seg source="#Σ #DS">&lt;quote type="lemma"&gt;INCENSVS ET IPSE PERFVRIT&lt;/quote&gt; exemplo Nisi.</seg></ab></div>
<div type="textpart" n="343" xml:id="l343"><ab><seg source="#Σ #DS">&lt;quote type="lemma"&gt;SINE NOMINE PLEBEM&lt;/quote&gt; bene expressit et bellatoris peritiam et tironis inconsideratam aviditatem; nam Nisus reges interimit, Euryalus saevit in plebem: Sallustius  &lt;quote ref="H. 5.12"&gt;ex insolentia avidius male faciendi. sine nomine&lt;/quote&gt; autem dixit 'sine gloria', quorum per humilitatem non sunt omnibus nota nomina.</seg><seg source="#DS">atqui subiecit nomina; nam ait &lt;quote&gt;Fadumque Herbesumque subit&lt;/quote&gt;: ergo aut 'sine dignitate et nobilitate', aut seorsum plebem dicit et seorsum nobiles, quorum nomina inseruit.</seg><seg source="#Σ #DS"></seg></ab></div>
<div type="textpart" n="345" xml:id="l345"><ab><seg source="#Σ #DS">&lt;quote type="lemma"&gt;RHOETVM VIGILANTEM&lt;/quote&gt; hoc loco non tantum Rhoeti timor, sed et Nisi audacia conprobatur.</seg><seg source="#DS">&lt;supplied reason="lost"&gt;&lt;supplied reason="lost"&gt;RHOETVM VIGILANTEM . . . TEGEBAT&lt;/supplied&gt;&lt;/supplied&gt; hoc est, qui in tantum potando vigilaverat ut metuens post magnum cratera se tegeret.</seg><seg source="#Σ #DS"></seg></ab></div>
<div type="textpart" n="348" xml:id="l348"><ab><seg source="#Σ #DS">&lt;quote type="lemma"&gt;ET MVLTA MORTE RECEPIT PVRPVREVM&lt;/quote&gt; multi hic distinguunt, ut sit sensus talis: eduxit gladium multo cruore purpureum. alii 'multa morte recepit', ut sit: eduxit gladium cum multo cruore, et sic inferunt 'purpuream vomit ille animam' secundum eos qui animam sanguinem dicunt.</seg></ab>
<ab><seg source="#Σ #DS">&lt;quote type="lemma"&gt;RECEPIT&lt;/quote&gt; eduxit, ut  &lt;quote ref="Serv. 10.383"&gt;hastamque receptat ossibus haerentem.&lt;/quote&gt;</seg><seg source="#DS">vel secundum Homerum (Il. 5.83) ἔλλαβε πορφύρεοσ θανατὸς καὶ μοῖρα κραταιή. Cornutus (fr. 31) 'nocte' legit et adnotavit: &lt;quote&gt;utrum 'nocte' pro 'morte',&lt;/quote&gt; &lt;quote&gt;an 'cum multa nox esset'?&lt;/quote&gt;</seg><seg source="#Σ #DS"></seg></ab></div>
<div type="textpart" n="350" xml:id="l350"><ab><seg source="#Σ #DS">&lt;quote type="lemma"&gt;VINA REFERT&lt;/quote&gt; proprie, quae paulo ante potaverat.</seg><seg source="#DS">&lt;quote&gt;refert&lt;/quote&gt; autem 'reicit'; Graeci, ut ille, dicunt ἀναφέρει.</seg></ab>
<ab><seg source="#Σ #DS">&lt;quote type="lemma"&gt;HIC FVRTO FERVIDVS INSTAT&lt;/quote&gt; scilicet Euryalus, qui</seg><choice><seg source="#DS">furebat</seg><seg source="#Σ">saeviebat</seg></choice><seg source="#Σ #DS">latenter, ut sit &lt;quote&gt;furto&lt;/quote&gt; nocturno proelio: nam fures ideo dicti sunt quod furvo (id est nigro) tempore furta committunt; aut re vera 'furto fervidus', quia Messapi galeam sustulit &lt;supplied reason="lost"&gt;et&lt;/supplied&gt; Rhamnetis phaleras. </seg></ab></div>
<div type="textpart" n="352" xml:id="l352"><ab><seg source="#DS">&lt;quote type="lemma"&gt;DEFICERE EXTREMVM&lt;/quote&gt; utrum 'ignem extremum' an'deficere extremum'?</seg></ab>
<ab><seg source="#Σ #DS">&lt;quote type="lemma"&gt;RELIGATOS&lt;/quote&gt; non</seg><choice><seg source="#DS">resolutos,</seg><seg source="#Σ">solutos,</seg></choice><seg source="#Σ #DS">sed diligenter ligatos: unde addidit &lt;quote&gt;r&lt;/quote&gt;&lt;supplied reason="lost"&gt;&lt;quote&gt;it&lt;/quote&gt;&lt;/supplied&gt;&lt;quote&gt;e,&lt;/quote&gt; id est ex militari consuetudine optime ligatos.</seg></ab>
<ab><seg source="#DS">&lt;quote type="lemma"&gt;RITE&lt;/quote&gt;</seg></ab>
<ab><seg source="#DS">&lt;quote type="lemma"&gt;RITE&lt;/quote&gt; ex more.</seg><seg source="#Σ #DS"></seg></ab></div>
<div type="textpart" n="354" xml:id="l354"><ab><seg source="#DS">&lt;quote type="lemma"&gt;SENSIT ENIM&lt;/quote&gt; parenthesis.</seg></ab>
<ab><seg source="#DS">&lt;quote type="lemma"&gt;NIMIA&lt;/quote&gt;</seg></ab>
<ab><seg source="#DS">&lt;quote type="lemma"&gt;NIMIA CAEDE&lt;/quote&gt; deest 'illum'.</seg></ab>
<ab><seg source="#DS">&lt;quote type="lemma"&gt;FERRI&lt;/quote&gt;</seg></ab>
<ab><seg source="#DS">&lt;quote type="lemma"&gt;FERRI &lt;/quote&gt;φέρεσθαι.</seg><seg source="#Σ #DS"></seg></ab></div>
<div type="textpart" n="355" xml:id="l355"><ab><seg source="#Σ #DS">&lt;quote type="lemma"&gt;LVX INIMICA&lt;/quote&gt; proditrix.</seg></ab></div>
<div type="textpart" n="356" xml:id="l356"><ab><seg source="#Σ #DS">&lt;quote type="lemma"&gt;POENARVM EXHAVSTVM SATIS EST&lt;/quote&gt; bene &lt;quote&gt;exhaustum,&lt;/quote&gt; ut ostendat eos avidos caedis fuisse et cruoris hostilis.</seg></ab>
<ab><seg source="#Σ #DS">&lt;quote type="lemma"&gt;VIA FACTA PER HOSTES&lt;/quote&gt; ut  &lt;quote target="l323"&gt;haec ego vasta dabo et lato te limite ducam.&lt;/quote&gt;</seg></ab></div>
<div type="textpart" n="357" xml:id="l357"><ab><seg source="#DS">&lt;quote type="lemma"&gt;MVLTA VIRVM &lt;/quote&gt;&lt;supplied reason="lost"&gt;. . . TAPETAS&lt;/supplied&gt; mire artum tempus expressit quo necesse erat haec omittere.</seg><seg source="#Σ #DS"></seg></ab></div>
<div type="textpart" n="358" xml:id="l358"><ab><seg source="#DS">&lt;quote type="lemma"&gt;PVLCHROSQVE TAPETAS&lt;/quote&gt; secundum Graecos per masculinum genus.</seg><seg source="#Σ #DS"></seg></ab></div>
<div type="textpart" n="359" xml:id="l359"><ab><seg source="#Σ #DS">&lt;quote type="lemma"&gt;EVRYALVS PHALERAS RHAMNETIS ET A&lt;/quote&gt;&lt;supplied reason="lost"&gt;VREA&lt;/supplied&gt; B&lt;supplied reason="lost"&gt;VLLIS&lt;/supplied&gt; C&lt;supplied reason="lost"&gt;INGVLA&lt;/supplied&gt; &lt;surplus&gt;TIBVRTI&lt;/surplus&gt; phalerae ornamenta equorum sunt. et est sermo Graecus:</seg><seg source="#DS">(Il. 16.106) κὰπ φάλαρ' εὐποίητα.</seg><seg source="#Σ #DS">&lt;quote&gt;cingulum&lt;/quote&gt; autem hominum generis neutri est. nam animalium genere feminino dicimus 'has cingulas'. </seg></ab></div>
<div type="textpart" n="360" xml:id="l360"><ab><seg source="#Σ #DS">&lt;quote type="lemma"&gt;TIBVRTI REMVLO DITISSIMVS OLIM QVAE M&lt;/quote&gt;&lt;supplied reason="lost"&gt;ITTIT&lt;/supplied&gt; D&lt;supplied reason="lost"&gt;ONA&lt;/supplied&gt; consuetudo erat apud maiores ut inter se homines hospitii iura mutuis muneribus copularent, vel in praesenti vel per internuntios. sensus ergo nunc talis est: Caedicus quidam Tiburti Remulo, cum eum sibi absens hospitio vellet adiungere, misit phaleras et cingula, bullis aureis, hoc est clavis, insignita. Remulus moriens nepoti suo cognomini haec reliquit, qui postea victus a Rutulis est et occisus; post cuius mortem apud Rhamnetem Rutulum ab Euryalo haec reperta sunt munera. quod autem dixit &lt;quote ref="Serv. 6.36"&gt;Tiburti Remulo,&lt;/quote&gt; aut 'Tiburtino' intellegamus, hoc est de Tibure, ut sit dativus ab appellativo veniens hic Tiburs; aut 'Tiburti', hoc est filio Tiburti ab eo quod est hic Tiburtus, huius Tiburti, ut sit &lt;quote&gt;Tiburti Remulo&lt;/quote&gt; sicut  &lt;quote&gt;Deiphobe Glauci.&lt;/quote&gt;</seg></ab></div>
<div type="textpart" n="361" xml:id="l361"><ab><seg source="#DS">&lt;quote type="lemma"&gt;CVM IVNGERET ABSENS&lt;/quote&gt; aut cum se illi iungeret, aut cum iungeretur.</seg><seg source="#Σ #DS"></seg></ab></div>
<div type="textpart" n="362" xml:id="l362"><ab><seg source="#Σ #DS">&lt;quote type="lemma"&gt;SVO MORIENS DAT HABERE NEPOTI&lt;/quote&gt;</seg><seg source="#DS">nepoti</seg><seg source="#Σ #DS">Remulo, quem supra (360) avo cognominem diximus. nam quotiens aperte non ponitur nomen filii vel nepotis, cognominem eum esse intellegimus avo vel patri, quorum nomen aperte positum invenimus; et econtra si filii vel nepotis positum nomen fuerit, praetermissum autem parentum, cognomines eos esse intellegamus necesse est. </seg></ab></div>
<div type="textpart" n="363" xml:id="l363"><ab><seg source="#Σ #DS">&lt;quote type="lemma"&gt;POST MORTEM&lt;/quote&gt; scilicet Remuli, secundum supra dictum sensum. nam Donatus dicit (Verg. p. 96) &lt;quote&gt;post mortem Nisi et Euryali bello potiti sunt Rutuli&lt;/quote&gt; ; quod non procedit, si diligenter advertas. sane sciendum locum hunc esse unum de XIII Vergilii sive per naturam obscuris, sive insolubilibus, sive emendandis, sive sic relictis ut a nobis per historiae antiquae ignorantiam liquide non intellegantur.</seg></ab></div>
<div type="textpart" n="364" xml:id="l364"><ab><seg source="#Σ #DS">&lt;quote type="lemma"&gt;NEQVIQVAM&lt;/quote&gt; non fruiturus. et est 'nequiquam aptat', non 'nequiquam fortibus'.</seg></ab></div>
<div type="textpart" n="365" xml:id="l365"><ab><seg source="#Σ #DS">&lt;quote type="lemma"&gt;GALEAM MESSAPI&lt;/quote&gt; non occisi Messapi abstulit galeam (nam dimicaturus est paulo post), sed invenit iacentem et sustulit.</seg></ab>
<ab><seg source="#Σ #DS">&lt;quote type="lemma"&gt;CRISTISQVE DECORAM&lt;/quote&gt; bene praemittit dicens &lt;quote&gt;decoram&lt;/quote&gt;; nam eius splendore prodente Euryalus capitur.</seg><seg source="#DS">denique Nisus hac ratione non proditur, cui habenti inferiorem galeam, habiliorem galeam Aletes permutavit.</seg><seg source="#Σ #DS"></seg></ab></div>
<div type="textpart" n="366" xml:id="l366"><ab><seg source="#Σ #DS">&lt;quote type="lemma"&gt;EXCEDVNT CASTRIS &lt;/quote&gt;Rutulorum scilicet: nam supra dixit  &lt;quote target="l315"&gt;castra inimica petunt.&lt;/quote&gt;</seg></ab></div>
<div type="textpart" n="367" xml:id="l367"><ab><seg source="#DS">&lt;quote type="lemma"&gt;PRAEMISSI EQVITES&lt;/quote&gt; hos neque alio loco a Turno missos usquam dixit,nec prius de eis mentionem fecit. dubitatur ergo a quo sint vel quibus praemissi, vel cur praemissi, cum eos constet aliis iam in campo positis advenire.</seg></ab>
<ab><seg source="#Σ #DS">&lt;quote type="lemma"&gt;VRBE LATINA&lt;/quote&gt; non est contrarium illi loco ubi ait  &lt;quote ref="Serv. 7.600"&gt;saepsit se tectis rerumque reliquit habenas,&lt;/quote&gt; quod modo a Latina urbe auxilia venire commemorat: intellegimus enim Latinum in principio discordiae et tumultus paululum se abstinuisse, postea tamen nec suorum copias nec propria denegasse consilia; nam eum et coetui et foederibus interfuisse dicturus est.</seg></ab></div>
<div type="textpart" n="368" xml:id="l368"><ab><seg source="#Σ #DS">&lt;quote type="lemma"&gt;LEGIO CAMPIS INSTRVCTA MORATVR&lt;/quote&gt; proprie; nam legiones peditum sunt, turmae vero equitum.</seg></ab></div>
<div type="textpart" n="369" xml:id="l369"><ab><seg source="#DS">&lt;quote type="lemma"&gt;TVRNO REGI&lt;/quote&gt; in omnibus bonis 'regis' dicitur inventum: nam quasi absurdum est, duobus positis, Turnum potius quam Latinum responsa dare.</seg><seg source="#Σ #DS"></seg></ab></div>
<div type="textpart" n="370" xml:id="l370"><ab><seg source="#Σ #DS">&lt;quote type="lemma"&gt;TERCENTVM&lt;/quote&gt; quia Romani equites primo trecenti fuerunt; de singulis enim curiis deni dabantur, quas triginta fuisse diximus (8.638).</seg><seg source="#DS">an &lt;quote&gt;tercentum&lt;/quote&gt; ut (Il. 7.161) οἳ δ' ἐννέα πάντες ἀνέσταν?</seg></ab>
<ab><seg source="#Σ #DS">&lt;quote type="lemma"&gt;SCVTATI OMNES&lt;/quote&gt;</seg><seg source="#DS">armati: a parte totum.</seg><seg source="#Σ #DS">non clipeati; nam clipei peditum sunt, scuta equitum.</seg></ab>
<ab><seg source="#Σ #DS">&lt;quote type="lemma"&gt;VOLCENTE MAGISTRO&lt;/quote&gt; proprie: nam magister equitum dicitur</seg><seg source="#DS">more Romano qui dictatori adiungi solet.</seg><seg source="#Σ #DS"></seg></ab></div>
<div type="textpart" n="371" xml:id="l371"><ab><choice><seg source="#DS">&lt;quote type="lemma"&gt;MVRO[&lt;surplus&gt;S&lt;/surplus&gt;]QVE SVBIBANT&lt;/quote&gt; muro Troianorum. et est locutio de Cicerone (Div. Caec. 46): &lt;quote&gt;poterisne eius orationi&lt;/quote&gt; &lt;quote&gt;subire?&lt;/quote&gt;</seg><seg source="#Σ">&lt;quote type="lemma"&gt;MVRO &lt;/quote&gt;Troianorum.</seg></choice><seg source="#Σ #DS"></seg></ab></div>
<div type="textpart" n="372" xml:id="l372"><ab><seg source="#Σ #DS">&lt;quote type="lemma"&gt;LAEVO FLECTENTIS LIMITE&lt;/quote&gt; respiciens situm regionis locutus est.</seg></ab></div>
<div type="textpart" n="373" xml:id="l373"><ab><seg source="#Σ #DS">&lt;quote type="lemma"&gt;SVBLVSTRI NOCTIS IN VMBRA&lt;/quote&gt; sublustris nox est habens aliquid lucis: Horatius (C. 3.27, 31) &lt;quote&gt;nocte sublustri nihil astra praeter vidit et undas.&lt;/quote&gt;</seg></ab></div>
<div type="textpart" n="374" xml:id="l374"><ab><seg source="#DS">&lt;quote type="lemma"&gt;INMEMOREM&lt;/quote&gt; amentem, ut (2.244) instamus tamen inmemores; vel incuriosum, vel incautum.</seg></ab>
<ab><seg source="#Σ #DS">&lt;quote type="lemma"&gt;RADIIS&lt;/quote&gt; lunaribus</seg><seg source="#DS">intellegendum.</seg><seg source="#Σ #DS"></seg></ab></div>
<div type="textpart" n="375" xml:id="l375"><ab><seg source="#Σ #DS">&lt;quote type="lemma"&gt;HAVD TEMERE&lt;/quote&gt; particula haec modo 'non sine causa' significat, alias 'fortuito', alias 'male', alias 'inprovide',</seg><seg source="#DS">alias 'passim', ut  &lt;quote target="l329"&gt;temere inter lora iacentes&lt;/quote&gt;, alias 'facile': Plautus  &lt;quote target="l329" ref="Bac.85"&gt;rapidus fluvius est hic, non hac temere transiri potest&lt;/quote&gt;:</seg><seg source="#Σ #DS">quae pro loco</seg><seg source="#DS">accipiuntur et</seg><seg source="#Σ #DS">intelleguntur.</seg><seg source="#DS">&lt;surplus&gt;pro&lt;/surplus&gt; adverbium sane qualitatis relatum est.</seg><seg source="#Σ #DS"></seg></ab></div>
<div type="textpart" n="377" xml:id="l377"><ab><seg source="#Σ #DS">&lt;quote type="lemma"&gt;NIHIL ILLI TENDERE CONTRA&lt;/quote&gt; hoc est, 'nihil contra responderunt': nam 'tendo contra sermonem tuum' est 'respondeo tibi', 'tendo contra iter tuum' est 'occurro tibi': ergo 'nihil contra tendebant', id est 'nihil respondebant &lt;surplus&gt;econtra&lt;/surplus&gt;'.</seg></ab></div>
<div type="textpart" n="379" xml:id="l379"><ab><seg source="#Σ #DS">&lt;quote type="lemma"&gt;AD DIVORTIA&lt;/quote&gt;</seg><seg source="#DS">viae in diversa tendentes, hoc est</seg><seg source="#Σ #DS">ad deverticula viae militaris: Terentius  &lt;quote ref="Eu. 635"&gt;ubi ad ipsum veni deverticulum.&lt;/quote&gt; deverticula autem sunt semitae transversae, quae sunt a latere viae militaris. </seg></ab></div>
<div type="textpart" n="380" xml:id="l380"><ab><seg source="#Σ #DS">&lt;quote type="lemma"&gt;ADITVM CORONANT&lt;/quote&gt; melior est lectio 'abitum' quam 'aditum': cingunt enim silvam ne abeant, non ne adire possint.</seg></ab></div>
<div type="textpart" n="383" xml:id="l383"><ab><seg source="#Σ #DS">&lt;quote type="lemma"&gt;DVCEBAT SEMITA CALLIS&lt;/quote&gt; legitur et 'lucebat': quod si est, &lt;quote&gt;rara&lt;/quote&gt; pro 'raro' accipiendum, ut sit 'raro lucebat', herbis scilicet in aliquibus locis intervenientibus: si 'ducebat', intellegimus inter calles pecorum raram fuisse semitam, hoc est hominum viam.</seg><seg source="#DS">et non ostendit quo ducebat; sed intellegamus 'euntes'.</seg><seg source="#Σ #DS"></seg></ab></div>
<div type="textpart" n="385" xml:id="l385"><ab><seg source="#Σ #DS">&lt;quote type="lemma"&gt;EVRYALVM IMPEDIVNT &lt;/quote&gt;'impedio te' dicimus per accusativum, et casus mutari non potest nisi deseras verbum, ut dicas 'impedimento mihi es'. sciendum sane multas conferri in Euryalum excusationes.</seg></ab>
<ab><seg source="#DS">&lt;quote type="lemma"&gt;REGIONE&lt;/quote&gt;</seg></ab>
<ab><seg source="#DS">&lt;quote type="lemma"&gt;REGIONE VIARVM&lt;/quote&gt; regionem hic rectum iter dixit, ab eo quod regat tramitem.</seg><seg source="#Σ #DS"></seg></ab></div>
<div type="textpart" n="386" xml:id="l386"><ab><seg source="#Σ #DS">&lt;quote type="lemma"&gt;NISVS ABIT&lt;/quote&gt; bene meminit velocitatis, quam ei in quinto dedit, ut  &lt;quote target="l318"&gt;primus abit longeque ante omnia corpora Nisus emicat.&lt;/quote&gt;</seg></ab>
<ab><seg source="#Σ #DS">&lt;quote type="lemma"&gt;INPRVDENS&lt;/quote&gt; scilicet remanentis Euryali.</seg><seg source="#DS">aut inprudens se evasisse; alii inprudens 'valde prudens' accipiunt.</seg><seg source="#Σ #DS"></seg></ab></div>
<div type="textpart" n="387" xml:id="l387"><ab><seg source="#Σ #DS">&lt;quote type="lemma"&gt;ALBAE DE NOMINE&lt;/quote&gt; vel porcae, vel civitatis, vel regis Albani, cui successit Procas.</seg></ab></div>
<div type="textpart" n="390" xml:id="l390"><ab><seg source="#Σ #DS">&lt;quote type="lemma"&gt;INFELIX QVA TE REGIONE RELIQVI&lt;/quote&gt; se infelicem dicit qui dolet, non illum propter quem dolet.</seg></ab></div>
<div type="textpart" n="391" xml:id="l391"><ab><seg source="#Σ #DS">&lt;quote type="lemma"&gt;ITER OMNE REVOLVENS FALLACIS SILVAE&lt;/quote&gt;</seg><choice><seg source="#DS">quidam</seg><seg source="#Σ">Vrbanus</seg></choice><seg source="#Σ #DS">huc usque verba Nisi vult esse, alii poetae dant &lt;quote&gt;rursus perplexum iter omne revolvens&lt;/quote&gt;</seg><seg source="#DS">&lt;quote&gt;fallacis silvae&lt;/quote&gt;, ut Nisus usque &lt;quote&gt;quave sequar&lt;/quote&gt; dixisse videatur.</seg><seg source="#Σ #DS"></seg></ab></div>
<div type="textpart" n="393" xml:id="l393"><ab><seg source="#DS">&lt;quote type="lemma"&gt;OBSERVATA&lt;/quote&gt; id est observans.</seg></ab>
<ab><seg source="#DS">&lt;quote type="lemma"&gt;SILENTIBVS&lt;/quote&gt;</seg></ab>
<ab><seg source="#DS">&lt;quote type="lemma"&gt;SILENTIBVS&lt;/quote&gt; pro 'ipse silens'; aut silentibus, &lt;supplied reason="lost"&gt;ut&lt;/supplied&gt;  &lt;quote ref="Serv. 4.525"&gt;cum tacet&lt;/quote&gt; &lt;quote&gt;omnis ager&lt;/quote&gt;.</seg><seg source="#Σ #DS"></seg></ab></div>
<div type="textpart" n="394" xml:id="l394"><ab><seg source="#Σ #DS">&lt;quote type="lemma"&gt;SIGNA SEQVENTVM&lt;/quote&gt; militarem sonum dicit, qui varius est: nam interdum canit, ut insequantur eos qui fugiunt, interdum receptui.</seg></ab></div>
<div type="textpart" n="395" xml:id="l395"><ab><seg source="#Σ #DS">&lt;quote type="lemma"&gt;NEC LONGVM IN MEDIO TEMPVS&lt;/quote&gt; inter auditum sonum et visum Euryalum.</seg><seg source="#DS">et est ellipsis.</seg><seg source="#Σ #DS"></seg></ab></div>
<div type="textpart" n="397" xml:id="l397"><ab><seg source="#DS">&lt;quote type="lemma"&gt;FRAVDE LOCI ET NOCTIS &lt;/quote&gt;&lt;quote&gt;fraude loci&lt;/quote&gt; difficultate loci; &lt;quote&gt;noctis&lt;/quote&gt; pro tenebris, et obscuritatem fraudem appellat; quidam 'noctis subito turbante tumultu' legunt, ut sit &lt;quote&gt;noctis tumultu&lt;/quote&gt; 'nocturno'. tumultu explorantium dicit.</seg><seg source="#Σ #DS"></seg></ab></div>
<div type="textpart" n="398" xml:id="l398"><ab><seg source="#Σ #DS">&lt;quote type="lemma"&gt;OPPRESSVM RAPIT &lt;/quote&gt;'quem iam manus omnis rapit'; nam male quidam 'videt rapi' accipiunt: quod si admiseris, vacat 'quem iam manus omnis'.</seg></ab></div>
<div type="textpart" n="399" xml:id="l399"><ab><seg source="#DS">&lt;quote type="lemma"&gt;QVID FACIAT&lt;/quote&gt; mire adfectum suum poeta interposuit.</seg><seg source="#Σ #DS"></seg></ab></div>
<div type="textpart" n="400" xml:id="l400"><ab><seg source="#DS">&lt;quote type="lemma"&gt;IN HOSTES&lt;/quote&gt; quidam 'in enses' legunt et melius hoc putant, quam 'in hostes'.</seg><seg source="#Σ #DS"></seg></ab></div>
<div type="textpart" n="401" xml:id="l401"><ab><choice><seg source="#DS">&lt;quote type="lemma"&gt;PVLCHRAM MORTEM&lt;/quote&gt;</seg><seg source="#Σ">&lt;quote type="lemma"&gt;PVLCHRAM P&lt;/quote&gt;&lt;supplied reason="lost"&gt;ROPERET&lt;/supplied&gt; P&lt;supplied reason="lost"&gt;ER&lt;/supplied&gt; V&lt;supplied reason="lost"&gt;VLNERA&lt;/supplied&gt;</seg></choice></ab>
<ab><seg source="#DS">&lt;quote type="lemma"&gt;MORTEM&lt;/quote&gt;</seg></ab>
<ab><seg source="#DS">&lt;quote type="lemma"&gt;MORTEM&lt;/quote&gt;</seg><seg source="#Σ #DS">gloriosum enim est pro amico</seg><choice><seg source="#DS">deficere.</seg><seg source="#Σ">perire.</seg></choice><seg source="#Σ #DS">et &lt;quote&gt;pulchram&lt;/quote&gt; ex persona poetae dictum est.</seg><seg source="#DS">vel certe &lt;quote&gt;pulchram&lt;/quote&gt; ad eum qui hoc putat.</seg></ab>
<ab><seg source="#DS">&lt;quote type="lemma"&gt;PROPERET&lt;/quote&gt;</seg></ab>
<ab><seg source="#DS">&lt;quote type="lemma"&gt;PROPERET MORTEM&lt;/quote&gt; aut deest 'adire', aut deest 'ad', ut sit 'ad mortem properet'; aut certe antique &lt;quote ref="trag. 196"&gt;properet mortem&lt;/quote&gt;, ut Plautus (Inc. fr. 44) &lt;quote&gt;properate prandium&lt;/quote&gt;, Ennius  &lt;quote&gt;festivum festinant diem&lt;/quote&gt;.</seg><seg source="#Σ #DS"></seg></ab></div>
<div type="textpart" n="402" xml:id="l402"><ab><seg source="#DS">&lt;quote type="lemma"&gt;OCIVS&lt;/quote&gt; pro 'ociter'.</seg><seg source="#Σ #DS"></seg></ab></div>
<div type="textpart" n="404" xml:id="l404"><ab><seg source="#Σ #DS">&lt;quote type="lemma"&gt;TV PRAESENS N&lt;/quote&gt;&lt;supplied reason="lost"&gt;OSTRO&lt;/supplied&gt; S&lt;supplied reason="lost"&gt;VCCVRRE&lt;/supplied&gt; L&lt;supplied reason="lost"&gt;ABORI&lt;/supplied&gt; non dicit 'quae praesens es' sed 'praesens succurre', id est 'ilico', 'statim'.</seg><seg source="#DS">et &lt;supplied reason="lost"&gt;est&lt;/supplied&gt; consuetudinis eius, ut de vicino et proximo ducat oportunas invocationes: (12.777) '&lt;quote ref="Serv. 3.34"&gt;Faune, precor, misere&lt;/quote&gt;&lt;supplied reason="lost"&gt;&lt;quote&gt;re&lt;/quote&gt;&lt;/supplied&gt;' &lt;quote&gt;inquit&lt;/quote&gt;: et  &lt;quote&gt;nymphas venerabar agrestes Gradivumque patrem&lt;/quote&gt; &lt;supplied reason="lost"&gt;&lt;quote&gt;Geticis qui&lt;/quote&gt; &lt;quote&gt;praesidet arvis&lt;/quote&gt;&lt;/supplied&gt;. et in repetitione tu dea, tu praesens maior emphasis videtur.</seg><seg source="#Σ #DS"></seg></ab></div>
<div type="textpart" n="406" xml:id="l406"><ab><seg source="#Σ #DS">&lt;quote type="lemma"&gt;SI QVA &lt;/quote&gt;&lt;quote&gt;qua&lt;/quote&gt; vacat et hic et in sequenti.</seg></ab></div>
<div type="textpart" n="408" xml:id="l408"><ab><seg source="#Σ #DS">&lt;quote type="lemma"&gt;SVSPENDIVE THOLO&lt;/quote&gt; tholus proprie est veluti scutum breve quod in medio tecto est, in quo trabes coeunt: ad quod dona suspendi consueverant.</seg><seg source="#DS">quae tam diu dona dici poterant quam diu non profana fierent, sicut in libris sacrorum refertur.</seg><seg source="#Σ #DS">bene autem venatorem inducit numen invocare silvarum.</seg><seg source="#DS">alii tholum aedium sacrarum dicunt genus fabricae, &lt;supplied reason="lost"&gt;ut&lt;/supplied&gt; Vestae et Panthei est. alii tectum sine parietibus columnis subnixum. aedes autem rotundas tribus dis dicunt fieri debere, Vestae, Dianae, vel Herculi vel Mercurio.</seg><seg source="#Σ #DS"></seg></ab></div>
<div type="textpart" n="409" xml:id="l409"><ab><seg source="#Σ #DS">&lt;quote type="lemma"&gt;TVRBARE GLOBVM&lt;/quote&gt; sana petitio: nam quia tot vincere inpossibile fuerat, petit ut saltem eos perturbet telorum beneficio.</seg></ab>
<ab><seg source="#Σ #DS">&lt;quote type="lemma"&gt;REGE TELA PER AVRAS&lt;/quote&gt; per noctem, in qua sine auxilio numinis recti iactus esse non possunt.</seg></ab></div>
<div type="textpart" n="410" xml:id="l410"><ab><seg source="#Σ #DS">&lt;quote type="lemma"&gt;FERRVM CONICIT. HASTA V&lt;/quote&gt;&lt;supplied reason="lost"&gt;OLANS&lt;/supplied&gt; de ferro ad hastam transiit.</seg></ab></div>
<div type="textpart" n="411" xml:id="l411"><ab><seg source="#Σ #DS">&lt;quote type="lemma"&gt;CONICIT&lt;/quote&gt; pro 'coicit': nam 'conicit' antiquum est.</seg></ab></div>
<div type="textpart" n="412" xml:id="l412"><ab><seg source="#Σ #DS">&lt;quote type="lemma"&gt;ADVERSI IN TERGVM SVLMONIS IBIQVE FRANGITVR &lt;/quote&gt;&lt;quote ref="H.4.30"&gt;tergum&lt;/quote&gt; pro 'tergus' dixit: Sallustius  &lt;quote&gt;tergis vinciebant&lt;/quote&gt; pro 'tergoribus'. ut intellegamus hastam in scutum venisse et illic esse conlisam (ut &lt;quote&gt;frangitur&lt;/quote&gt; sit 'conliditur') fissoque scuti ligno etiam praecordia penetrasse. aliter non procedit; nam si hastam re vera fractam accipiamus, ratione caret quod dicit &lt;quote&gt;fisso transit praecordia ligno.&lt;/quote&gt; alii re vera in tergum volunt esse percussum: quod falsum est; nam quo modo ante fissum lignum est et sic praecordia penetrata? sciendum tamen locum hunc unum esse de his quos</seg><choice><seg source="#DS">supra (363) insolubiles dictum est.</seg><seg source="#Σ">diximus supra (363).</seg></choice><seg source="#Σ #DS"></seg></ab></div>
<div type="textpart" n="413" xml:id="l413"><ab><seg source="#DS">&lt;quote type="lemma"&gt;LIGNO&lt;/quote&gt; quidam humiliter dictum accipiunt.</seg><seg source="#Σ #DS"></seg></ab></div>
<div type="textpart" n="416" xml:id="l416"><ab><seg source="#Σ #DS">&lt;quote type="lemma"&gt;HOC ACRIOR IDEM&lt;/quote&gt; quod latuerat et quod ei primus prospere cesserat iactus.</seg></ab></div>
<div type="textpart" n="417" xml:id="l417"><ab><seg source="#Σ #DS">&lt;quote type="lemma"&gt;TELVM LIBRABAT AB AVRE&lt;/quote&gt; gestus iaculantis exprimitur:</seg><seg source="#DS">duobus autem generibus manualia tela mittuntur;</seg><seg source="#Σ #DS">aut enim ab aure aut a latere tela iaciuntur. </seg></ab></div>
<div type="textpart" n="418" xml:id="l418"><ab><seg source="#Σ #DS">&lt;quote type="lemma"&gt;PER TEMPVS VTRVMQVE&lt;/quote&gt; congrue dicit telum per tempus utrumque transisse; ait enim  &lt;quote target="l416"&gt;diversi circumspiciunt,&lt;/quote&gt; hoc est, 'huc et illuc ora circumferunt', per quam oportunitatem potuit telum tempus utrumque transire. Asper tamen dicit  &lt;quote target="l416" ref="fr. 45"&gt;PER TEMPVS VTRUMQVE hoc est 'inter tempus utrumque', ut econtra&lt;/quote&gt;  &lt;quote target="l416" ref="Serv. 7.30"&gt;'hunc inter fluvio Tiberinus amoeno', id est 'per hunc'.&lt;/quote&gt; quod si est, intellegamus eum in fronte esse vulneratum.</seg></ab></div>
<div type="textpart" n="419" xml:id="l419"><ab><seg source="#Σ #DS">&lt;quote type="lemma"&gt;TEPEFACTA CEREBRO&lt;/quote&gt; alibi  &lt;quote target="l701"&gt;et fixo ferrum in pulmone tepescit.&lt;/quote&gt;</seg></ab></div>
<div type="textpart" n="422" xml:id="l422"><ab><seg source="#Σ #DS">&lt;quote type="lemma"&gt;INTEREA&lt;/quote&gt; donec ille invenitur.</seg></ab>
<ab><seg source="#DS">&lt;quote type="lemma"&gt;CALIDO&lt;/quote&gt;</seg></ab>
<ab><seg source="#DS">&lt;quote type="lemma"&gt;CALIDO MIHI SANGVINE POENAS &lt;/quote&gt;Ennius in primo  &lt;quote ref="Ann. 95"&gt;nam mi&lt;/quote&gt; &lt;quote&gt;calido dabis sanguine poenas&lt;/quote&gt;.</seg><seg source="#Σ #DS"></seg></ab></div>
<div type="textpart" n="423" xml:id="l423"><ab><seg source="#Σ #DS">&lt;quote type="lemma"&gt;PERSOLVES AMBORVM&lt;/quote&gt; aut occisorum, aut tuas et Nisi; nam duos eos fuisse novit: supra enim ait  &lt;quote target="l376"&gt;state viri.&lt;/quote&gt;</seg></ab></div>
<div type="textpart" n="426" xml:id="l426"><ab><seg source="#DS">&lt;quote type="lemma"&gt;AMPLIVS &lt;/quote&gt;'de cetero', 'posthac'; interdum et quantitatem significat, ut Terentius  &lt;quote ref="An. 31"&gt;quod tibi mea ars efficere hoc possit amplius&lt;/quote&gt;.</seg></ab>
<ab><seg source="#DS">&lt;quote type="lemma"&gt;TANTVM&lt;/quote&gt;</seg></ab>
<ab><seg source="#DS">&lt;quote type="lemma"&gt;TANTVM POTVIT&lt;/quote&gt; hoc quamvis ad animum Nisi pertineat, tamen sympathiam etiam poeta ex sua persona fecit.</seg><seg source="#Σ #DS"></seg></ab></div>
<div type="textpart" n="427" xml:id="l427"><ab><seg source="#Σ #DS">&lt;quote type="lemma"&gt;ME ME&lt;/quote&gt; subaudis 'interficite': et est interrupta elocutio dolore turbati.</seg></ab></div>
<div type="textpart" n="429" xml:id="l429"><ab><seg source="#Σ #DS">&lt;quote type="lemma"&gt;NEC POTVIT&lt;/quote&gt; validior argumentatio ex inpossibilitate, ut  &lt;quote ref="Serv. 1.232"&gt;quid Troes potuere?&lt;/quote&gt; item  &lt;quote ref="Serv. 1.529"&gt;non ea vis animo, nec tanta s&lt;/quote&gt;&lt;supplied reason="lost"&gt;&lt;quote&gt;uperbia&lt;/quote&gt;&lt;/supplied&gt; &lt;quote&gt;v&lt;/quote&gt;&lt;supplied reason="lost"&gt;&lt;quote&gt;ictis&lt;/quote&gt;&lt;/supplied&gt;&lt;quote&gt;.&lt;/quote&gt;</seg></ab></div>
<div type="textpart" n="430" xml:id="l430"><ab><seg source="#Σ #DS">&lt;quote type="lemma"&gt;TANTVM INFELICEM NIMIVM D&lt;/quote&gt;&lt;supplied reason="lost"&gt;ILEXIT&lt;/supplied&gt; A&lt;supplied reason="lost"&gt;MICVM&lt;/supplied&gt; contra illud 'cur ergo venit?' dicit 'tantum amicum dilexit, ut, cum nihil posset, tamen veniret'.</seg></ab></div>
<div type="textpart" n="433" xml:id="l433"><ab><seg source="#Σ #DS">&lt;quote type="lemma"&gt;VOLVITVR EVRYALVS LETO&lt;/quote&gt; aut septimus est, aut dativus; sed si dativus fuerit, figuratum est, id est 'in letum', ut  &lt;quote ref="Serv. 5.451"&gt;it clamor caelo.&lt;/quote&gt;</seg></ab></div>
<div type="textpart" n="435" xml:id="l435"><ab><seg source="#Σ #DS">&lt;quote type="lemma"&gt;PVRPVREVS VELVTI CVM FLOS S&lt;/quote&gt;&lt;supplied reason="lost"&gt;VCCISVS&lt;/supplied&gt; A&lt;supplied reason="lost"&gt;RATRO&lt;/supplied&gt; habetur ratio comparationis: videtur enim Euryalo Hyacinthum comparare, qui pulcherrimus fuit et post mortem conversus in florem est.</seg></ab></div>
<div type="textpart" n="436" xml:id="l436"><ab><seg source="#DS">&lt;quote type="lemma"&gt;LANGVESCIT MORIENS&lt;/quote&gt; duplex similitudo et pulchritudinis et gestus.</seg></ab>
<ab><seg source="#Σ #DS">&lt;quote type="lemma"&gt;LASSOVE PAPAVERA COLLO DEMISERE CAPVT &lt;/quote&gt;Homeri est et comparatio et figura (Il. 8.306-8); nam et ille sic ait ut multorum unum diceret caput.</seg></ab></div>
<div type="textpart" n="438" xml:id="l438"><ab><seg source="#DS">&lt;quote type="lemma"&gt;SOLVMQVE PER OMNES&lt;/quote&gt; an per obstantes an protegentes?</seg><seg source="#Σ #DS"></seg></ab></div>
<div type="textpart" n="439" xml:id="l439"><ab><seg source="#Σ #DS">&lt;quote type="lemma"&gt;VOLCENTEM PETIT&lt;/quote&gt; adpetit: petitiones enim proprie dicimus impetus gladiatorum, unde Cicero  &lt;quote ref="Cat. 1.15"&gt;quot ego tuas petitiones, ita coniectas ut vitari nullo modo possent, parva quadam declinatione et, ut aiunt, corpore e&lt;/quote&gt;&lt;supplied reason="lost"&gt;&lt;quote&gt;ffugi&lt;/quote&gt;&lt;/supplied&gt;&lt;quote&gt;.&lt;/quote&gt;</seg></ab>
<ab><seg source="#DS">&lt;quote type="lemma"&gt;MORATVR&lt;/quote&gt;</seg></ab>
<ab><seg source="#DS">&lt;quote type="lemma"&gt;MORATVR&lt;/quote&gt; perseverat.</seg><seg source="#Σ #DS"></seg></ab></div>
<div type="textpart" n="441" xml:id="l441"><ab><seg source="#Σ #DS">&lt;quote type="lemma"&gt;PROTVRBANT&lt;/quote&gt;</seg><seg source="#DS">modo</seg><seg source="#Σ #DS">confodiunt, unde paulo post  &lt;quote target="l445"&gt;confossus.&lt;/quote&gt;</seg></ab>
<ab><seg source="#Σ #DS">&lt;quote type="lemma"&gt;NON SETIVS&lt;/quote&gt; non segnius, quamquam vulneratus.</seg></ab></div>
<div type="textpart" n="442" xml:id="l442"><ab><seg source="#Σ #DS">&lt;quote type="lemma"&gt;IN ORE CONDIDIT ADVERSO&lt;/quote&gt; archaismos est, ut supra  &lt;quote target="l347"&gt;pectore in adverso totum cui comminus ensem condidit.&lt;/quote&gt;</seg></ab></div>
<div type="textpart" n="445" xml:id="l445"><ab><seg source="#Σ #DS">&lt;quote type="lemma"&gt;PLACIDAQVE IBI DEMVM M&lt;/quote&gt;&lt;supplied reason="lost"&gt;ORTE&lt;/supplied&gt; Q&lt;supplied reason="lost"&gt;VIEVIT&lt;/supplied&gt; aut proprium est mortis epitheton: aut ex adfectu pereuntis dictum est, qui cum amico moriebatur.</seg></ab></div>
<div type="textpart" n="446" xml:id="l446"><ab><seg source="#DS">&lt;quote type="lemma"&gt;FORTVNATI AMBO&lt;/quote&gt; prosphonesis est. mire horum mortem non luctu aut misericordia, sed felicitatis testimonio prosequitur.</seg></ab>
<ab><seg source="#Σ #DS">&lt;quote type="lemma"&gt;SI QVID MEA CARMINA POSSVNT&lt;/quote&gt; verecunde.</seg></ab></div>
<div type="textpart" n="448" xml:id="l448"><ab><seg source="#Σ #DS">&lt;quote type="lemma"&gt;DOMVS&lt;/quote&gt; familia.</seg></ab>
<ab><seg source="#Σ #DS">&lt;quote type="lemma"&gt;CAPITOLI INMOBILE SAXVM ACCOLET&lt;/quote&gt; in urbe Roma Iovis templum non fuit. quod cum iam devotum a Prisco Tarquinio vellet Superbus Tarquinius aedificare, coepit auguriis captare qui mons huic templo esset aptissimus. et cum in omnibus Tarpeius esset inventus, in quo erant multa diversorum numinum sacella, actum est ut exinde ad alia templa numina evocarentur sacrificiis, quo posset libere et sine piaculo templum Iovis exaedificare. cumque omnes di libenter migrassent, Terminus solus, hoc est limitum deus, discedere noluit, sed illic remansit. tunc de hoc ipso sacrificatum est, et deprehensum quod Terminus cum Iove remanens aeternum urbi imperium cum religione significaret; unde in Capitoli pronao pars tecti patet, quae lapidem ipsum Termini spectat; nam Termino non nisi sub divo sacrificabatur. hinc ergo nunc dixit &lt;quote&gt;Capitoli inmobile saxum accolet,&lt;/quote&gt; quia Terminus non est revulsus de loco.</seg></ab></div>
<div type="textpart" n="450" xml:id="l450"><ab><seg source="#Σ #DS">&lt;quote type="lemma"&gt;PRAEDA RVTVLI SPOLIISQVE POTITI&lt;/quote&gt; non solum suis armis eos exuerunt, sed etiam illa praeda quae Rutulis fuerat ante detracta.</seg></ab></div>
<div type="textpart" n="452" xml:id="l452"><ab><seg source="#DS">&lt;quote type="lemma"&gt;NEC MINOR IN CASTRIS LVCTVS&lt;/quote&gt; decens repetitio.</seg><seg source="#Σ #DS"></seg></ab></div>
<div type="textpart" n="454" xml:id="l454"><ab><seg source="#Σ #DS">&lt;quote type="lemma"&gt;SERRANOQVE NVMAQVE&lt;/quote&gt; decima antapodosis, quae fit quotiens commemorantur ea quae non sunt ante praedicta:</seg><seg source="#DS">neque &lt;supplied reason="lost"&gt;enim&lt;/supplied&gt; Numam induxit occisum.</seg><seg source="#Σ #DS"></seg></ab></div>
<div type="textpart" n="455" xml:id="l455"><ab><seg source="#Σ #DS">&lt;quote type="lemma"&gt;TEPIDAQVE RECENTEM CAEDE LOCVM&lt;/quote&gt; hypallage est: 'tepidum locum recenti caede'; unde multi legunt 'tepidumque recenti caede locum'.</seg></ab></div>
<div type="textpart" n="456" xml:id="l456"><ab><seg source="#Σ #DS">&lt;quote type="lemma"&gt;SPVMANTES SANGVINE RIVOS&lt;/quote&gt; spumas tunc habet sanguis cum effunditur, nam postea conquiescit; unde bene dixit &lt;quote&gt;spumantes rivos,&lt;/quote&gt; quia praemisit &lt;quote&gt;seminecesque viros.&lt;/quote&gt;</seg></ab></div>
<div type="textpart" n="459" xml:id="l459"><ab><seg source="#DS">&lt;quote type="lemma"&gt;ET IAM PRIMA NOVO &lt;/quote&gt;&lt;supplied reason="lost"&gt;SPARGEBAT LVMINE TERRAS&lt;/supplied&gt; Lucretianum est (2.144). et bene descripturus caedes et bella morose diem oriri facit.</seg><seg source="#Σ #DS"></seg></ab></div>
<div type="textpart" n="461" xml:id="l461"><ab><seg source="#Σ #DS">&lt;quote type="lemma"&gt;IAM REBVS LVCE RETECTIS&lt;/quote&gt; supra  &lt;quote ref="Serv. 6.272"&gt;et rebus nox abstulit atra colorem.&lt;/quote&gt;</seg></ab></div>
<div type="textpart" n="463" xml:id="l463"><ab><seg source="#Σ #DS">&lt;quote type="lemma"&gt;COGIT QVISQVE SVOS&lt;/quote&gt; scilicet comites; nam plenum est &lt;quote&gt;aeratasque acies.&lt;/quote&gt;</seg></ab></div>
<div type="textpart" n="464" xml:id="l464"><ab><seg source="#Σ #DS">&lt;quote type="lemma"&gt;ACVVNT RVMORIBVS IRAS&lt;/quote&gt; quia duo ausi sunt per eorum castra transire.</seg></ab></div>
<div type="textpart" n="467" xml:id="l467"><ab><seg source="#Σ #DS">&lt;quote type="lemma"&gt;EVRYALI ET NISI&lt;/quote&gt; volunt nonnulli clamorem esse militum; sed melius hoc a poeta dictum accipimus (nam Rutuli eorum non noverant nomina), ut sit 'quin etiam capita Euryali et Nisi praefigunt in arrectis hastis et cum magno clamore comitantur'.</seg></ab></div>
<div type="textpart" n="468" xml:id="l468"><ab><seg source="#DS">&lt;quote type="lemma"&gt;MVRORVM IN PARTE SINISTRA&lt;/quote&gt; aliud agens situm castrorum ostendit praeterea et prooeconomia est, quia postea castris per fluvium Turnus evadit.</seg><seg source="#Σ #DS"></seg></ab></div>
<div type="textpart" n="469" xml:id="l469"><ab><seg source="#Σ #DS">&lt;quote type="lemma"&gt;CINGITVR AMNI &lt;/quote&gt;'amne' debuit dicere: numquam enim bene in 'i' exeunt nisi quae communis sunt generis, ut 'docilis' 'agilis'; sed ideo ausus est ita ponere ablativum quia, ut supra (124) diximus, apud maiores 'hic' et 'haec amnis' dicebatur.</seg></ab></div>
<div type="textpart" n="470" xml:id="l470"><ab><seg source="#Σ #DS">&lt;quote type="lemma"&gt;TENENT FOSSAS&lt;/quote&gt; tuentur, defendunt.</seg></ab></div>
<div type="textpart" n="472" xml:id="l472"><ab><seg source="#Σ #DS">&lt;quote type="lemma"&gt;NOTA NIMIS MISERIS&lt;/quote&gt; hoc plus commovebantur quia etiam abscisi vultus necdum agnitionis amiserant notas.</seg></ab></div>
<div type="textpart" n="473" xml:id="l473"><ab><seg source="#DS">&lt;quote type="lemma"&gt;PENNATA&lt;/quote&gt; quidam volunt ideo hic Famam pennatam a poeta inductam quia tumultum et res adversas nuntiet, ut illud tangere videretur quod qui bellum nuntiaret pennatas litteras diceretur adferre.</seg><seg source="#Σ #DS"></seg></ab></div>
<div type="textpart" n="475" xml:id="l475"><ab><seg source="#DS">&lt;quote type="lemma"&gt;SVBITVS MISERAE&lt;/quote&gt; potest pro 'subitus miserae', vel pro 'subito miserae'; ergo et genetivus potest esse.</seg><seg source="#Σ #DS"></seg></ab></div>
<div type="textpart" n="476" xml:id="l476"><ab><seg source="#Σ #DS">&lt;quote type="lemma"&gt;EXCVSSI MANIBVS RADII&lt;/quote&gt; bene &lt;quote&gt;excussi,&lt;/quote&gt; quasi nescienti: &lt;supplied reason="lost"&gt;melius&lt;/supplied&gt; quam si diceret 'proiecti'.</seg></ab></div>
<div type="textpart" n="477" xml:id="l477"><ab><seg source="#Σ #DS">&lt;quote type="lemma"&gt;FEMINEO VLVLATV&lt;/quote&gt; inpatienti, ut  &lt;quote ref="Serv. 11.782"&gt;femineo praedae et spoliorum ardebat amore.&lt;/quote&gt;</seg></ab></div>
<div type="textpart" n="479" xml:id="l479"><ab><seg source="#Σ #DS">&lt;quote type="lemma"&gt;PRIMA PETIT&lt;/quote&gt; ideo &lt;quote ref="Serv. 11.891"&gt;prima&lt;/quote&gt; quia solent in extrema necessitate etiam mulieres muros ascendere, ut  &lt;quote&gt;ipsae de muris matres.&lt;/quote&gt;</seg></ab>
<ab><seg source="#Σ #DS">&lt;quote type="lemma"&gt;NON ILLA VIRVM NON ILLA PERICILI&lt;/quote&gt; unum pudoris est, aliud salutis.</seg></ab></div>
<div type="textpart" n="480" xml:id="l480"><ab><seg source="#DS">&lt;quote type="lemma"&gt;TELORVMQVE MEMOR&lt;/quote&gt; hanc inpatientiam matris Euryali illo loco poeta praemisit cum eam Euryalus nec profectionem suam ad requirendum Aenean scire significat et tantopere commendat Ascanio: nam et Nisus propter illam dicit nolle Euryalum sibi comitem iungere quod sciret, si quid quid ei accidisset, intolerabiliter eam laturam.</seg><seg source="#Σ #DS"></seg></ab></div>
<div type="textpart" n="481" xml:id="l481"><ab><seg source="#Σ #DS">&lt;quote type="lemma"&gt;HVNC&lt;/quote&gt; talem. et est conquestio matris Euryali plena artis rhetoricae: nam paene omnes partes habet de misericordia commovenda a Cicerone in rhetoricis positas.</seg><choice><seg source="#DS">ergo &lt;quote&gt;hunc te aspicio&lt;/quote&gt;</seg><seg source="#Σ">&lt;quote type="lemma"&gt;HVNC TE ASPICIO&lt;/quote&gt;</seg></choice><seg source="#Σ #DS">a qualitate caedis. </seg></ab></div>
<div type="textpart" n="482" xml:id="l482"><ab><seg source="#Σ #DS">&lt;quote type="lemma"&gt;SERA MEAE REQVIES &lt;/quote&gt;Euander  &lt;quote ref="Serv. 8.581"&gt;mea sera et sola voluptas.&lt;/quote&gt;</seg><seg source="#DS">et &lt;quote&gt;requies&lt;/quote&gt; hic pro solacio.</seg></ab>
<ab><seg source="#Σ #DS">&lt;quote type="lemma"&gt;POTVISTI LINQVERE SOLAM&lt;/quote&gt; ab intercepto solacio.</seg></ab></div>
<div type="textpart" n="483" xml:id="l483"><ab><seg source="#Σ #DS">&lt;quote type="lemma"&gt;CRVDELIS&lt;/quote&gt; qui potuisti linquere, cum pius esses.</seg></ab>
<ab><seg source="#DS">&lt;quote type="lemma"&gt;SVB&lt;/quote&gt;</seg></ab>
<ab><seg source="#DS">&lt;quote type="lemma"&gt;SVB TANTA PERICVLA &lt;/quote&gt;&lt;quote ref="Serv. 1.453"&gt;sub&lt;/quote&gt; pro 'in', ut  &lt;quote&gt;namque sub ingenti&lt;/quote&gt; &lt;quote&gt;lustrat dum singula templo&lt;/quote&gt;.</seg><seg source="#Σ #DS"></seg></ab></div>
<div type="textpart" n="484" xml:id="l484"><ab><seg source="#Σ #DS">&lt;quote type="lemma"&gt;ADFARI EXTREMIS &lt;/quote&gt;Anchises  &lt;quote ref="Serv. 2.644"&gt;sic o sic positum adfati discedite corpus,&lt;/quote&gt; Terentius  &lt;quote ref="Ph. 549"&gt;quin igitur, dum licet, loquimini mecum, Antipho?&lt;/quote&gt;</seg></ab>
<ab><seg source="#DS">&lt;quote type="lemma"&gt;MATRI&lt;/quote&gt;</seg></ab>
<ab><seg source="#DS">&lt;quote type="lemma"&gt;MATRI&lt;/quote&gt; melius &lt;quote&gt;matri&lt;/quote&gt; quam si dixisset 'mihi'.</seg><seg source="#Σ #DS"></seg></ab></div>
<div type="textpart" n="485" xml:id="l485"><ab><seg source="#DS">&lt;quote type="lemma"&gt;LATINIS&lt;/quote&gt; id est Latinorum.</seg><seg source="#Σ #DS"></seg></ab></div>
<div type="textpart" n="486" xml:id="l486"><ab><seg source="#Σ #DS">&lt;quote type="lemma"&gt;NEC TE TVA FVNERA MATER&lt;/quote&gt; id est 'funerea': nam apud maiores funeras dicebant eas ad quas funus pertinet, ut sororem, matrem: nam praeficae, ut et supra (6.216) diximus, sunt planctus principes, non doloris. funeras autem dicebant quasi funereas, ad quas pertinet funus.</seg><seg source="#DS">vel derivavit veteres secutus, ut funeram pro funesta diceret, ut homo scelerus sicuti scelestus vel scelerosus dicebatur: Plautus in Pseudulo  &lt;quote target="l817"&gt;ter&lt;/quote&gt;i&lt;quote target="l1054"&gt;tur sinapis scelera&lt;/quote&gt;, in eadem  &lt;quote&gt;nunc iube venire&lt;/quote&gt; &lt;quote&gt;Pseudulum, scelerum caput&lt;/quote&gt;, id est scelestum.</seg><seg source="#Σ #DS"></seg></ab></div>
<div type="textpart" n="487" xml:id="l487"><ab><seg source="#DS">&lt;quote type="lemma"&gt;AVT VVLNERA LAVI &lt;/quote&gt;Romana consuetudo fuit ut mortui lavarentur, ideoque hos qui hoc officium inplebant pollinctores appellatos dicunt,qui mortuis os polline oblinebant, ne livor appareret extincti.</seg><seg source="#Σ #DS"></seg></ab></div>
<div type="textpart" n="488" xml:id="l488"><ab><seg source="#DS">&lt;quote type="lemma"&gt;FESTINA&lt;/quote&gt; pro 'festinans', nomen pro participio: vel a verbo derivatum, ut ab eo quod est 'festino' 'festinus' dicatur, ut hic &lt;quote ref="Serv. 12.85"&gt;festina&lt;/quote&gt; quomodo superius &lt;quote target="l476" ref="Serv. 12.85"&gt;funera&lt;/quote&gt;: Sallustius in secundo (H. Inc. 2) &lt;quote&gt;cohortes&lt;/quote&gt; &lt;quote&gt;festinas conposuerat&lt;/quote&gt;: ut ipse ab eo quod 'propero'  &lt;quote&gt;circumstant&lt;/quote&gt; &lt;quote&gt;properi aurigae&lt;/quote&gt;, ut sit nominativus 'hic properus'. et bene &lt;quote&gt;festina&lt;/quote&gt;. nam ait superius  &lt;quote&gt;excussi manibus radii revolutaque pensa&lt;/quote&gt;.</seg><seg source="#Σ #DS"></seg></ab></div>
<div type="textpart" n="490" xml:id="l490"><ab><seg source="#DS">&lt;quote type="lemma"&gt;QVO SEQVAR&lt;/quote&gt; id est inquiram.</seg><seg source="#Σ #DS"></seg></ab></div>
<div type="textpart" n="491" xml:id="l491"><ab><seg source="#Σ #DS">&lt;quote type="lemma"&gt;FVNVS LACERVM&lt;/quote&gt; dilaniatum cadaver: nam 'funus' pro 'cadaver' posuit.</seg><seg source="#DS">ergo ex posteriore intellegitur prius.</seg></ab>
<ab><seg source="#DS">&lt;quote type="lemma"&gt;HOC&lt;/quote&gt;</seg></ab>
<ab><seg source="#DS">&lt;quote type="lemma"&gt;HOC MIHI DE TE&lt;/quote&gt; hoc caput intuens ait.</seg><seg source="#Σ #DS"></seg></ab></div>
<div type="textpart" n="493" xml:id="l493"><ab><seg source="#Σ #DS">&lt;quote type="lemma"&gt;SI QVA EST PIETAS&lt;/quote&gt; si qua pietas in occidendo est, in me probetur.</seg></ab></div>
<div type="textpart" n="494" xml:id="l494"><ab><seg source="#Σ #DS">&lt;quote type="lemma"&gt;ME PRIM&lt;/quote&gt;&lt;supplied reason="lost"&gt;AM&lt;/supplied&gt; A&lt;supplied reason="lost"&gt;BSVMITE&lt;/supplied&gt; F&lt;supplied reason="lost"&gt;ERRO&lt;/supplied&gt; unusquisque enim in propriae salutis desperatione credit universa etiam posse consumi, unde est quod modo dixit &lt;quote&gt;me primam&lt;/quote&gt;:</seg><seg source="#DS">quasi mortuo Euryalo omnes Troiani perituri essent.</seg><seg source="#Σ #DS"></seg></ab></div>
<div type="textpart" n="496" xml:id="l496"><ab><seg source="#Σ #DS">&lt;quote type="lemma"&gt;INVISVM HOC DETRVDE CAPVT S&lt;/quote&gt;&lt;supplied reason="lost"&gt;VB&lt;/supplied&gt; T&lt;supplied reason="lost"&gt;ARTARA&lt;/supplied&gt; T&lt;supplied reason="lost"&gt;ELO&lt;/supplied&gt; invisum quidem est hoc et odiosum</seg><choice><seg source="#DS">caput. ergo deest 'tibi'. et si &lt;quote&gt;invisum,&lt;/quote&gt; quomodo &lt;quote&gt;miserere?&lt;/quote&gt; uerum</seg><seg source="#Σ">caput, verum </seg></choice><seg source="#Σ #DS">misericordiae genus est si me etiam iratus interimas. </seg></ab></div>
<div type="textpart" n="497" xml:id="l497"><ab><seg source="#Σ #DS">&lt;quote type="lemma"&gt;QVANDO ALITER NEQVEO CR&lt;/quote&gt;&lt;supplied reason="lost"&gt;VDELEM&lt;/supplied&gt; A&lt;supplied reason="lost"&gt;BRVMPERE&lt;/supplied&gt; VITAM hinc traxit illum colorem Iuvenalis  &lt;quote ref="Serv. 10.255"&gt;quod facinus dignum tam longo admiserit aevo?&lt;/quote&gt;</seg></ab></div>
<div type="textpart" n="499" xml:id="l499"><ab><seg source="#Σ #DS">&lt;quote type="lemma"&gt;TORPENT INFRACTAE&lt;/quote&gt; antea infractae, nunc tamen torpent, ut  &lt;quote ref="Serv. 12.1"&gt;Turnus ut infractos adverso Marte Latinos.&lt;/quote&gt;</seg><seg source="#DS">naturaliter enim homines dolore ac miseratione franguntur.</seg><seg source="#Σ #DS"></seg></ab></div>
<div type="textpart" n="500" xml:id="l500"><ab><seg source="#DS">&lt;quote type="lemma"&gt;IDAEVS ET ACTOR&lt;/quote&gt; ex nominibus personarum et fidem et dignitatem rei addidit.</seg><seg source="#Σ #DS"></seg></ab></div>
<div type="textpart" n="501" xml:id="l501"><ab><seg source="#Σ #DS">&lt;quote type="lemma"&gt;LACRIMANTIS IVLI&lt;/quote&gt; puero dat lacrimas, cui potest sine pudore; viris fortibus tantum dolorem.</seg></ab></div>
<div type="textpart" n="502" xml:id="l502"><ab><seg source="#Σ #DS">&lt;quote type="lemma"&gt;SVB TECTA REPONVNT&lt;/quote&gt; honorifice. quod autem dicit &lt;quote&gt;corripiunt,&lt;/quote&gt; non iniuriae est, sed celeritatis, id est raptim tollunt.</seg></ab></div>
<div type="textpart" n="503" xml:id="l503"><ab><seg source="#Σ #DS">&lt;quote type="lemma"&gt;AT TVBA TERRIBILEM SONITVM&lt;/quote&gt; hemistichium Ennii: nam sequentia iste mutavit. ille enim ad exprimendum tubae sonum ait  &lt;quote ref="Ann. 451"&gt;taratantara dixit.&lt;/quote&gt; et multa huius modi Vergilius, cum aspera invenerit, mutat. bene tamen hic electis verbis imitatur sonum tubarum.</seg></ab></div>
<div type="textpart" n="504" xml:id="l504"><ab><seg source="#Σ #DS">&lt;quote type="lemma"&gt;INCREPVIT&lt;/quote&gt; et insonuit et segnitiam increpavit.</seg></ab></div>
<div type="textpart" n="505" xml:id="l505"><ab><seg source="#Σ #DS">&lt;quote type="lemma"&gt;VOLSCI&lt;/quote&gt; non mirum quia dicit Volscos, cum et Camilla de Volscis sit, ut  &lt;quote ref="Serv. 7.803"&gt;Volsca de gente Camilla&lt;/quote&gt;: namque pars aliqua Tusciae dat Turno auxilia, cum Tuscos dixerimus (7.715) specialiter Aeneae favere. item econtra pars Venetiae auxilium praestat Aeneae, quam Turni fuisse superius diximus.</seg></ab>
<ab><seg source="#Σ #DS">&lt;quote type="lemma"&gt;TESTVDINE&lt;/quote&gt; testudo est scutorum conexio, curvata</seg><choice><seg source="#DS">in &lt;surplus&gt;testudinis&lt;/surplus&gt; modum et similitudinem testudinis, cum a militibus aliqua civitas obsidetur, et fit ut murus eius subruatur.</seg><seg source="#Σ">in testudinis modum  </seg></choice><seg source="#Σ #DS">namque in armorum generibus milites sumunt ab animalibus nomina, ut 'aries': Sallustius  &lt;quote ref="H. 3.36"&gt;in modum erici militaris.&lt;/quote&gt;</seg><seg source="#DS">inventor autem testudinis Artemon Clazomenius fertur, idemque arietis repertor dicitur. scuta aerea gestare Curetes primi invenerunt. galea Thracicum tegmen est. thoraces Thorax quidam rex dicitur invenisse. Lycaon Arcas gladium longiore lamina produxisse narratur. Peleus primus machaeram dicitur invenisse. harpen, id est curvum gladium in modum falcis, a Perseo inventam multi dixerunt.</seg><seg source="#Σ #DS"></seg></ab></div>
<div type="textpart" n="506" xml:id="l506"><ab><seg source="#Σ #DS">&lt;quote type="lemma"&gt;FOSSAS INPLERE PARANT&lt;/quote&gt; vertit ordinem: nam ante est ut inpleatur fossa, tollantur valli, et sic testudine accedatur ad murum. quamquam possumus intellegere etiam ad fossas eos facta venisse testudine.</seg><seg source="#DS">proprie tamen 'fossas inplere', 'vallum vellere': sic enim et historici.</seg><seg source="#Σ #DS"></seg></ab></div>
<div type="textpart" n="509" xml:id="l509"><ab><seg source="#Σ #DS">&lt;quote type="lemma"&gt;EFFVNDERE CONTRA&lt;/quote&gt; proprie; tela enim non iaciuntur in subiectos, sed funduntur. et dicendo 'omne genus telorum' ostendit telum vocari omne quod iacitur.</seg></ab></div>
<div type="textpart" n="511" xml:id="l511"><ab><seg source="#Σ #DS">&lt;quote type="lemma"&gt;ADSVETI LONGO MVROS D&lt;/quote&gt;&lt;supplied reason="lost"&gt;EFENDERE&lt;/supplied&gt; B&lt;supplied reason="lost"&gt;ELLO&lt;/supplied&gt; docet usum in rebus omnibus plurimum posse.</seg></ab></div>
<div type="textpart" n="512" xml:id="l512"><ab><seg source="#Σ #DS">&lt;quote type="lemma"&gt;INFESTO VOLVEBANT PONDERE&lt;/quote&gt;</seg><seg source="#DS">hoc est</seg><seg source="#Σ #DS">infesti ponderis.</seg></ab>
<ab><seg source="#DS">&lt;quote type="lemma"&gt;SVBTER&lt;/quote&gt;</seg></ab>
<ab><seg source="#DS">&lt;quote type="lemma"&gt;SVBTER DENSA TESTVDINE&lt;/quote&gt; hoc est sub testudine.</seg><seg source="#Σ #DS"></seg></ab></div>
<div type="textpart" n="515" xml:id="l515"><ab><seg source="#Σ #DS">&lt;quote type="lemma"&gt;NEC IAM SVFFICIVNT&lt;/quote&gt; diu iam non sustinent.</seg></ab></div>
<div type="textpart" n="516" xml:id="l516"><ab><seg source="#DS">&lt;quote type="lemma"&gt;RVVNTQVE&lt;/quote&gt; hic ruunt pro deiciunt.</seg><seg source="#Σ #DS"></seg></ab></div>
<div type="textpart" n="517" xml:id="l517"><ab><seg source="#Σ #DS">&lt;quote type="lemma"&gt;ARMORVMQVE RESOLVIT TEGMINA&lt;/quote&gt; hic ostendit armorum conexionem esse testudinem.</seg></ab>
<ab><seg source="#Σ #DS">&lt;quote type="lemma"&gt;RESOLVIT TEGMINA &lt;/quote&gt;Lucanus de testudine  &lt;quote ref="Serv. 3.484"&gt;at postquam virtus incerta virorum perpetuam rupit defesso milite cratem singula continuis cesserunt ictibus arma.&lt;/quote&gt;</seg></ab></div>
<div type="textpart" n="521" xml:id="l521"><ab><seg source="#Σ #DS">&lt;quote type="lemma"&gt;ETRVSCAM PINVM&lt;/quote&gt; ipse Etruscus.</seg><seg source="#DS">&lt;quote ref="Serv. 1.471"&gt;quassabat&lt;/quote&gt; autem et &lt;quote&gt;infert&lt;/quote&gt; mutatio temporum, ut  &lt;quote&gt;Tydides&lt;/quote&gt; &lt;quote&gt;multa vastabat caede cruentus ardentesque avertit equos in castra&lt;/quote&gt;.</seg><seg source="#Σ #DS"></seg></ab></div>
<div type="textpart" n="525" xml:id="l525"><ab><seg source="#Σ #DS">&lt;quote type="lemma"&gt;VOS O CALLIOPE PRECOR&lt;/quote&gt; syllepsis per numeros; erat enim rectum 'vos musae, aut te, Calliope'.</seg></ab>
<ab><seg source="#Σ #DS">&lt;quote type="lemma"&gt;ASPIRATE&lt;/quote&gt; favete, ut  &lt;quote ref="Serv. 2.385"&gt;aspirat primo Fortuna labori.&lt;/quote&gt;</seg></ab></div>
<div type="textpart" n="528" xml:id="l528"><ab><seg source="#Σ #DS">&lt;quote type="lemma"&gt;ORAS EVOLVITE BELLI&lt;/quote&gt;</seg><seg source="#DS">hoc est ingentis belli</seg><seg source="#Σ #DS">narrate non tantum initia, sed etiam extrema bellorum: nam orae sunt extremitates.</seg><seg source="#DS">est autem Ennianum  &lt;quote ref="Ann. 164"&gt;qui potis ingentis oras evolvere belli&lt;/quote&gt;.</seg><seg source="#Σ #DS"></seg></ab></div>
<div type="textpart" n="530" xml:id="l530"><ab><seg source="#Σ #DS">&lt;quote type="lemma"&gt;TVRRIS ERAT&lt;/quote&gt; turris huius modi esse ad munitionem civitatum et in secundo legimus; sed hae plerumque mobiles sunt, plerumque fixae:</seg><choice><seg source="#DS">mobiles, ut in duodecimo  &lt;quote target="l675"&gt;subdideratque&lt;/quote&gt; &lt;quote target="l445"&gt;rotas,&lt;/quote&gt; fixae, ut in secundo  &lt;quote&gt;turres ac tecta&lt;/quote&gt; &lt;quote&gt;domorum.&lt;/quote&gt; [mobiles ut XII meminit &lt;quote&gt;subdiderat&lt;/quote&gt; &lt;quote&gt;quae rotas ponteque intraverat altas.&lt;/quote&gt;]</seg><seg source="#Σ">fixae, ut in secundo  &lt;quote target="l445"&gt;turres ac tecta&lt;/quote&gt; &lt;quote&gt;domorum,&lt;/quote&gt; mobiles, ut in duodecimo (675) meminit &lt;quote&gt;subdideratque rotas pontesque &lt;/quote&gt; &lt;quote&gt;instraverat altos.&lt;/quote&gt;</seg></choice></ab>
<ab><seg source="#DS">&lt;quote type="lemma"&gt;PONTIBVS&lt;/quote&gt;</seg></ab>
<ab><seg source="#DS">&lt;quote type="lemma"&gt;PONTIBVS&lt;/quote&gt; pro tabulatis.</seg><seg source="#Σ #DS"></seg></ab></div>
<div type="textpart" n="531" xml:id="l531"><ab><seg source="#Σ #DS">&lt;quote type="lemma"&gt;OPORTVNA LOCO&lt;/quote&gt;</seg><seg source="#DS">pro 'oportuno',</seg><seg source="#Σ #DS">scilicet circa portas. </seg></ab></div>
<div type="textpart" n="532" xml:id="l532"><ab><seg source="#Σ #DS">&lt;quote type="lemma"&gt;OPVM VI&lt;/quote&gt; potest et hypallage esse, ut sit 'ope virium'.</seg></ab></div>
<div type="textpart" n="533" xml:id="l533"><ab><seg source="#DS">&lt;quote type="lemma"&gt;CERTABANT&lt;/quote&gt; zeugma: potest et ad Latinos et ad Troianos referri.</seg><seg source="#Σ #DS"></seg></ab></div>
<div type="textpart" n="534" xml:id="l534"><ab><seg source="#Σ #DS">&lt;quote type="lemma"&gt;CAVAS&lt;/quote&gt; patulas.</seg></ab>
<ab><seg source="#Σ #DS">&lt;quote type="lemma"&gt;DENSI TELA&lt;/quote&gt; pro 'tela densa'.</seg></ab></div>
<div type="textpart" n="536" xml:id="l536"><ab><seg source="#Σ #DS">&lt;quote type="lemma"&gt;FLAMMAM ADFIXIT&lt;/quote&gt; adfectate: debuit enim dicere, adfixit aut facem aut malleolum, non flammam.</seg></ab>
<ab><seg source="#Σ #DS">&lt;quote type="lemma"&gt;QVAE PLVRIMA VENTO&lt;/quote&gt; gliscens et magna facta per ventum.</seg></ab></div>
<div type="textpart" n="537" xml:id="l537"><ab><seg source="#Σ #DS">&lt;quote type="lemma"&gt;HAESIT ADESIS&lt;/quote&gt; non iam adesis, sed quos exedit adhaerendo,</seg><seg source="#DS">id est 'haesit et adedit' vel 'adesos reddidit'.</seg><seg source="#Σ #DS"></seg></ab></div>
<div type="textpart" n="538" xml:id="l538"><ab><seg source="#Σ #DS">&lt;quote type="lemma"&gt;MALORVM VELLE FVGAM&lt;/quote&gt; honestissima elocutio.</seg></ab></div>
<div type="textpart" n="540" xml:id="l540"><ab><seg source="#Σ #DS">&lt;quote type="lemma"&gt;PESTE&lt;/quote&gt; incendio, ut  &lt;quote ref="Serv. 5.683"&gt;et toto descendit corpore pestis.&lt;/quote&gt;</seg></ab></div>
<div type="textpart" n="544" xml:id="l544"><ab><seg source="#Σ #DS">&lt;quote type="lemma"&gt;VNVS&lt;/quote&gt; subaudis 'et alter': nam non procedit 'unus Helenor et Lycus elapsi'.</seg></ab>
<ab><seg source="#Σ #DS">&lt;quote type="lemma"&gt;ELAPSI&lt;/quote&gt; scilicet non mortem, sed turris ruinam.</seg></ab></div>
<div type="textpart" n="546" xml:id="l546"><ab><seg source="#Σ #DS">&lt;quote type="lemma"&gt;MAEONIO REGI&lt;/quote&gt; aut proprium patris nomen est, aut cognominem eum filio intellegamus, quia, ut supra (362) diximus, cum filii vel patris nomen praemittitur et aliud tacetur, cognomines eos esse intellegimus.</seg></ab>
<ab><seg source="#Σ #DS">&lt;quote type="lemma"&gt;FVRTIM SVSTVLERAT&lt;/quote&gt; ex stupro educaverat: hinc est  &lt;quote ref="G.4.346"&gt;et dulcia furta.&lt;/quote&gt;</seg></ab></div>
<div type="textpart" n="547" xml:id="l547"><ab><seg source="#Σ #DS">&lt;quote type="lemma"&gt;VETITISQVE AD TROIAM MISERAT ARMIS&lt;/quote&gt; secundum</seg><choice><seg source="#DS">quosdam 'vetitis fato', quia stare Troia diutius vetabatur;</seg><seg source="#Σ">Donatum (Verg. 97) 'vetitis fato'; </seg></choice><seg source="#Σ #DS">sed melius lege militari intellegimus, quia servi a militia prohibebantur: unde in Deiotariana (8.24) purgat hoc Cicero, cum fuisset obiectum inter equites quos Deiotarus miserat Caesari, unum servum fuisse. Vergilium autem novimus trahere aliqua de historia. servos sane numquam militasse constat nisi servitute deposita, excepto Hannibalis tempore, cum post Cannense proelium in tanta necessitate fuit urbs Roma ut ne liberandorum quidem servorum daretur facultas. </seg></ab></div>
<div type="textpart" n="548" xml:id="l548"><ab><seg source="#Σ #DS">&lt;quote type="lemma"&gt;ENSE NVDO&lt;/quote&gt; id est 'stricto'.</seg><seg source="#DS">&lt;quote&gt;ense levis&lt;/quote&gt; '&lt;supplied reason="lost"&gt;levis&lt;/supplied&gt; armaturae' &lt;surplus&gt;est&lt;/surplus&gt;; &lt;quote&gt;nudo&lt;/quote&gt; autem 'stricto' vel 'sine vagina'.</seg></ab>
<ab><seg source="#Σ #DS">&lt;quote type="lemma"&gt;PARMAQVE INGLORIVS ALBA&lt;/quote&gt; quasi tiro, ut diximus supra (7.796),</seg><seg source="#DS">quia picta arma iam probati in bellis habebant.</seg><seg source="#Σ #DS"></seg></ab></div>
<div type="textpart" n="551" xml:id="l551"><ab><seg source="#DS">&lt;quote type="lemma"&gt;VT FERA&lt;/quote&gt; quidam pardum significari volunt.</seg><seg source="#Σ #DS"></seg></ab></div>
<div type="textpart" n="556" xml:id="l556"><ab><seg source="#Σ #DS">&lt;quote type="lemma"&gt;LONGE MELIOR LYCVS&lt;/quote&gt; ergo et Helenor bonus.</seg></ab>
<ab><seg source="#Σ #DS">&lt;quote type="lemma"&gt;INTER &lt;/quote&gt;'per', ut  &lt;quote ref="Serv. 7.30"&gt;hunc inter fluvio Tiberinus amoeno.&lt;/quote&gt;</seg></ab></div>
<div type="textpart" n="558" xml:id="l558"><ab><seg source="#Σ #DS">&lt;quote type="lemma"&gt;PRENDERE SAXA MANV&lt;/quote&gt; quia tunc alti non erant muri, sed ad impetum tantum repellendum, ut etiam Sallustius ostendit (H. 1.126), ubi Sertorium umeris sublatum per muros ascendisse commemorat.</seg></ab></div>
<div type="textpart" n="559" xml:id="l559"><ab><seg source="#Σ #DS">&lt;quote type="lemma"&gt;CVRSV TELOQVE SECVTVS&lt;/quote&gt; nimiam eius ostendit celeritatem, qui potuit telum missum consequi: nam hoc dicit, cum praemisso telo ad hostem venit: Statius  &lt;quote ref="Th.6.568"&gt;et emissum cursu conprendere telum.&lt;/quote&gt;</seg></ab></div>
<div type="textpart" n="562" xml:id="l562"><ab><seg source="#Σ #DS">&lt;quote type="lemma"&gt;REVELLIT&lt;/quote&gt; in verbo 'vello' facit, in participio 'vulsus'.</seg></ab></div>
<div type="textpart" n="563" xml:id="l563"><ab><seg source="#Σ #DS">&lt;quote type="lemma"&gt;QVALIS VBI AVT LEPOREM&lt;/quote&gt; pro 'qualiter'.</seg></ab></div>
<div type="textpart" n="564" xml:id="l564"><ab><seg source="#Σ #DS">&lt;quote type="lemma"&gt;PEDIBVS IOVIS ARMIGER VNCIS&lt;/quote&gt; quia dicitur aquila in bello Gigantum Iovi arma ministrasse. quod tamen fingitur: nam, ut supra (8.319) diximus, Iuppiter et Saturnus reges fuerunt. sed Iuppiter dum cum patre Saturno haberet de agris contentionem, ortum bellum est. ad quod egrediens Iuppiter aquilae vidit augurium. cuius cum vicisset auspicio, fictum est quod ei pugnanti tela ministraret: unde etiam a felici augurio natum est ut</seg><choice><seg source="#DS">aquila militaria signa comitetur.</seg><seg source="#Σ">aquilae militum signa comitentur.</seg></choice><seg source="#Σ #DS"></seg></ab></div>
<div type="textpart" n="565" xml:id="l565"><ab><seg source="#Σ #DS">&lt;quote type="lemma"&gt;QVAESITVM&lt;/quote&gt; qui requiritur: nam praesens a passivo non habet. et est prothysteron: nam post raptum requiritur;</seg><seg source="#DS">vel quaesitum requirendum, ποθητόν.</seg></ab>
<ab><seg source="#DS">&lt;quote type="lemma"&gt;MVLTIS&lt;/quote&gt;</seg></ab>
<ab><seg source="#DS">&lt;quote type="lemma"&gt;MVLTIS BALATIBVS&lt;/quote&gt; id est cum multis balatibus.</seg><seg source="#Σ #DS"></seg></ab></div>
<div type="textpart" n="566" xml:id="l566"><ab><seg source="#Σ #DS">&lt;quote type="lemma"&gt;MARTIVS LVPVS&lt;/quote&gt; aut cruentus, aut Marti dedicatus.</seg></ab></div>
<div type="textpart" n="567" xml:id="l567"><ab><seg source="#Σ #DS">&lt;quote type="lemma"&gt;AGGERE CONPLENT&lt;/quote&gt;</seg><choice><seg source="#DS">cuiuslibet rei cumulatio,</seg><seg source="#Σ">agger est cuiuslibet rei coacervatio,</seg></choice><seg source="#Σ #DS">unde fossae aut valles possunt repleri.</seg><seg source="#DS">subaudiendum tamen 'alii'.</seg><seg source="#Σ #DS"></seg></ab></div>
<div type="textpart" n="569" xml:id="l569"><ab><seg source="#Σ #DS">&lt;quote type="lemma"&gt;INGENTI FRAGMINE MONTIS&lt;/quote&gt; supra dicit saxi. exaggeratio est.</seg></ab></div>
<div type="textpart" n="570" xml:id="l570"><ab><seg source="#Σ #DS">&lt;quote type="lemma"&gt;LVCETIVM&lt;/quote&gt; solum hoc nomen est quod dictum a Vergilio in nullo alio reperitur auctore. sane lingua Osca Lucetius est Iuppiter, dictus a luce, quam praestare hominibus dicitur. ipse est nostra lingua Diespiter, id est</seg><choice><seg source="#DS">dies pater:</seg><seg source="#Σ">diei pater:</seg></choice><seg source="#Σ #DS">Horatius (C. 1.34.5) &lt;quote&gt;namque Diespiter plerumque per purum.&lt;/quote&gt; </seg></ab></div>
<div type="textpart" n="572" xml:id="l572"><ab><seg source="#DS">&lt;quote type="lemma"&gt;HIC IACVLO BONVS&lt;/quote&gt; nescias de quo dixerit.</seg><seg source="#Σ #DS"></seg></ab></div>
<div type="textpart" n="573" xml:id="l573"><ab><seg source="#Σ #DS">&lt;quote type="lemma"&gt;CAENEA TVRNVS TVRNVS ITYN&lt;/quote&gt; ut ait Lucilius (1133 M), bonum schema est quotiens sensus variatur in iteratione verborum,</seg><seg source="#DS">et in fine positus sequentis sit exordium, qui appellatur climax.</seg><seg source="#Σ #DS"></seg></ab></div>
<div type="textpart" n="575" xml:id="l575"><ab><seg source="#Σ #DS">&lt;quote type="lemma"&gt;PRO TVRRIBVS&lt;/quote&gt; aut pro defensione turrium: aut sic magni ut turres putares.</seg></ab></div>
<div type="textpart" n="576" xml:id="l576"><ab><seg source="#Σ #DS">&lt;quote type="lemma"&gt;HASTA THEMILLAE &lt;/quote&gt;Themillas Themillae, ut Aeneas Aeneae. &lt;quote ref="Serv. 10.478"&gt;levis&lt;/quote&gt; autem &lt;quote&gt;hasta&lt;/quote&gt; pro 'leviter veniens': unde et &lt;quote&gt;strinxerat&lt;/quote&gt; dixit, id est 'paululum vulneraverat', ut  &lt;quote&gt;tandem etiam magno strinxit de corpore Turni.&lt;/quote&gt;</seg></ab></div>
<div type="textpart" n="577" xml:id="l577"><ab><seg source="#Σ #DS">&lt;quote type="lemma"&gt;DEMENS&lt;/quote&gt; qui scutum quo se tuebatur abiecit.</seg></ab></div>
<div type="textpart" n="578" xml:id="l578"><ab><seg source="#Σ #DS">&lt;quote type="lemma"&gt;ALIS&lt;/quote&gt; pennis.</seg></ab></div>
<div type="textpart" n="579" xml:id="l579"><ab><seg source="#Σ #DS">&lt;quote type="lemma"&gt;LAEVO ADFIXA EST LATERI MANVS&lt;/quote&gt; ostendit vulneris locum, quem ante suppresserat. sic in quarto  &lt;quote target="l689"&gt;infixum stridit sub pectore vulnus.&lt;/quote&gt;</seg></ab></div>
<div type="textpart" n="580" xml:id="l580"><ab><seg source="#Σ #DS">&lt;quote type="lemma"&gt;SPIRAMENTA ANIMAE&lt;/quote&gt; definitio pulmonum.</seg></ab></div>
<div type="textpart" n="582" xml:id="l582"><ab><seg source="#Σ #DS">&lt;quote type="lemma"&gt;PICTVS ACV CHLAMYDEM&lt;/quote&gt; hoc est, habens chlamydem Phrygiam, ut  &lt;quote ref="Serv. 3.484"&gt;et Phrygiam&lt;/quote&gt; &lt;quote&gt;Ascanio chlamydem.&lt;/quote&gt;</seg><seg source="#DS">et est figura pictus chlamydem.</seg></ab>
<ab><seg source="#Σ #DS">&lt;quote type="lemma"&gt;FERRVGINE CLARVS HIBERA&lt;/quote&gt; ferrugo coloris genus est, qui vicinus est purpurae subnigrae. &lt;quote&gt;Hibera&lt;/quote&gt; autem modo non Hispana, sed Pontica: nam Hiberia pars Ponti est</seg><seg source="#DS">inter Persidem et Armeniam, ubi optime colores diversi tinguntur,</seg><seg source="#Σ #DS">ut ostendit Horatius dicens  &lt;quote ref="Epod. 5.21"&gt;herbasque quas Iolcos atque Hiberia mittit, venenorum ferax.&lt;/quote&gt; </seg></ab></div>
<div type="textpart" n="583" xml:id="l583"><ab><seg source="#Σ #DS">&lt;quote type="lemma"&gt;GENITOR QVEM MISERAT ARCENS&lt;/quote&gt; ordo est 'stabat Arcentis filius Arcens in armis egregiis': nam non congruit ut, huius filii praetermisso nomine, bis fiat patris commemoratio.</seg></ab></div>
<div type="textpart" n="584" xml:id="l584"><ab><seg source="#Σ #DS">&lt;quote type="lemma"&gt;SYMAETHIA CIRCVM FLVMINA &lt;/quote&gt;Symaethos fluvius est Siciliae,</seg><seg source="#DS">a rege Symaetho dictus,</seg><seg source="#Σ #DS">haud longe ab urbe Catinensi, circa quem sunt Palici di, quorum talis est fabula: Aetnam nympham,</seg><seg source="#DS">vel, ut quidam volunt, Thaliam,</seg><seg source="#Σ #DS">Iuppiter cum vitiasset et fecisset gravidam, timens Iunonem, secundum alios ipsam puellam, terrae commendavit, et illic enixa est: secundum alios partum eius. postea cum de terra erupissent duo pueri, Palici dicti sunt, quasi iterum venientes: nam πάλιν ἵκειν est iterum venire. hi primo humanis hostiis placabantur, postea quibusdam sacris mitigati sunt et eorum inmutata sacrificia. ideo ergo &lt;quote&gt;placabilis ara&lt;/quote&gt; quia mitigata sunt eorum numina.</seg><seg source="#DS">Palicos nauticos deos Varro appellat (ARD Ap. ad XVe). alii dicunt hunc Palicum Iovem propter Iunonis iracundiam in aquilam commutasse. alii Vulcani et Aetnae filium tradunt. sed incertum ex qua recondita historia Arcentem istum induxerit: neque enim sine ratione vel lucus Martis adpositus est. et quid homo Siculus in hoc bello facit, quem nusquam supra cum cum Aenea dicit ad Italiam pervenisse?</seg><seg source="#Σ #DS"></seg></ab></div>
<div type="textpart" n="588" xml:id="l588"><ab><seg source="#Σ #DS">&lt;quote type="lemma"&gt;LIQVEFACTO TEMPORA PLVMBO DIFFIDIT&lt;/quote&gt; plumbum enim iactum nimio rotatu et aeris calore dissolvitur: Statius  &lt;quote ref="Th.10.533"&gt;et arsuras caeli per inania glandes.&lt;/quote&gt;</seg></ab></div>
<div type="textpart" n="589" xml:id="l589"><ab><seg source="#Σ #DS">&lt;quote type="lemma"&gt;PORRECTVM EXTENDIT HARENA&lt;/quote&gt; intellegimus eum cecidisse trans murum. dicendo autem &lt;quote&gt;multa&lt;/quote&gt; ostendit corporis proceritatem.</seg></ab></div>
<div type="textpart" n="590" xml:id="l590"><ab><seg source="#DS">&lt;quote type="lemma"&gt;TVM PRIMVM BELLO&lt;/quote&gt; hoc loco puerum ideo poeta fecit armari quia legit in historia pueros de bellis gloriam reportasse: filium Marci Drusi annorum sedecim; Crispini filium Crispinum in Corsica, cum fugeret exercitus Spurii Carvilii consulis, bellum restituisse; apud Soram bello Italico ab Herennio puerum in aciem eductum, a quo hostem occisum spoliatumque; Lucii Tarquinii filium, quem ob hoc pater aurea bulla praetextaque donavit.</seg><seg source="#Σ #DS"></seg></ab></div>
<div type="textpart" n="593" xml:id="l593"><ab><seg source="#Σ #DS">&lt;quote type="lemma"&gt;MINOREM GERMANAM&lt;/quote&gt; quia maior nympha fuerat, Iovis voluntate.</seg></ab></div>
<div type="textpart" n="595" xml:id="l595"><ab><seg source="#Σ #DS">&lt;quote type="lemma"&gt;DIGNA ATQVE INDIGNA RELATV &lt;/quote&gt;&lt;quote&gt;indigna,&lt;/quote&gt; id est turpia et obscena,</seg><seg source="#DS">ut dici solet 'fanda et nefanda'.</seg><seg source="#Σ #DS"></seg></ab></div>
<div type="textpart" n="596" xml:id="l596"><ab><seg source="#Σ #DS">&lt;quote type="lemma"&gt;NOVO REGNO&lt;/quote&gt; aut nova regii generis adfinitate, aut quia etiam ipsi per regis filiam portio debebatur imperii;</seg><seg source="#DS">aut partem regni a Turno acceperat.</seg><seg source="#Σ #DS"></seg></ab></div>
<div type="textpart" n="597" xml:id="l597"><ab><seg source="#Σ #DS">&lt;quote type="lemma"&gt;INGENTEM SESE CLAMORE FEREBAT&lt;/quote&gt; non erat ingens, sed se esse clamitabat ingentem.</seg></ab></div>
<div type="textpart" n="598" xml:id="l598"><ab><seg source="#Σ #DS">&lt;quote type="lemma"&gt;ITERVM&lt;/quote&gt; denuo: nam iam tertio obsidentur, et 'iterum' non nisi de duobus dicimus.</seg></ab></div>
<div type="textpart" n="599" xml:id="l599"><ab><seg source="#Σ #DS">&lt;quote type="lemma"&gt;BIS CAPTI PHRYGES&lt;/quote&gt; semel ab Hercule, post a Graecis.</seg><seg source="#DS">alii tradunt semel a Graecis et nunc a Latinis: hoc est, magis aptum esse Numani personae ut se vicisse existimet, qui tam iactans et petulans inducatur.</seg></ab>
<ab><seg source="#Σ #DS">&lt;quote type="lemma"&gt;MORTI PRAETENDERE MVROS&lt;/quote&gt; emphasis est; &lt;quote target="l143"&gt;morti&lt;/quote&gt; enim pro 'bello' posuit: sic supra  &lt;quote&gt;leti discrimina parva&lt;/quote&gt;;</seg><seg source="#DS">cum potuerit 'hosti' dicere: scilicet ut nihil Troianis reli&lt;supplied reason="lost"&gt;quum sit&lt;/supplied&gt; quam perire.</seg><seg source="#Σ #DS"></seg></ab></div>
<div type="textpart" n="600" xml:id="l600"><ab><seg source="#Σ #DS">&lt;quote type="lemma"&gt;NOSTRA CONVBIA&lt;/quote&gt; aut quasi Turni cognatus loquitur: aut invidiose retorquet</seg><seg source="#DS">&lt;quote&gt;nostra conubia&lt;/quote&gt;,</seg><seg source="#Σ #DS">et vult causam omnium esse communem. </seg></ab></div>
<div type="textpart" n="601" xml:id="l601"><ab><seg source="#DS">&lt;quote type="lemma"&gt;ITALIAM&lt;/quote&gt; ad Italiam.</seg><seg source="#Σ #DS"></seg></ab></div>
<div type="textpart" n="602" xml:id="l602"><ab><seg source="#Σ #DS">&lt;quote type="lemma"&gt;NON HIC ATRIDAE&lt;/quote&gt; exaggeratio vituperationis: nam non tantum se Troianis, sed etiam eorum victoribus praefert.</seg><seg source="#DS">potest et Atridae intellegi quorum coniuges aut deserunt maritos aut interimunt revertentes.</seg></ab>
<ab><seg source="#Σ #DS">&lt;quote type="lemma"&gt;FANDI FICTOR VLIXES&lt;/quote&gt; aut fallax, aut λογοδαίδαλος, id est qui dolum celat sermonis ornatu.</seg></ab></div>
<div type="textpart" n="603" xml:id="l603"><ab><seg source="#Σ #DS">&lt;quote type="lemma"&gt;DVRVM A STIRPE GENVS &lt;/quote&gt;Italiae disciplina et vita laudatur: quam et Cato in Originibus (FRHist T 11e) et Varro in Gente Populi Romani (HRR F 20) commemorat.</seg></ab></div>
<div type="textpart" n="604" xml:id="l604"><ab><seg source="#Σ #DS">&lt;quote type="lemma"&gt;GELV DVRAMVS ET VNDIS&lt;/quote&gt; undis gelidis: et est ἓν διὰ δυοῖν, ut  &lt;quote ref="Serv. 3.467"&gt;hamis auroque trilicem&lt;/quote&gt;: nam nemo quod plus est prius dicit; si enim duo essent, ante aquam diceret, sic gelu.</seg></ab></div>
<div type="textpart" n="605" xml:id="l605"><ab><seg source="#Σ #DS">&lt;quote type="lemma"&gt;VENATV&lt;/quote&gt; pro 'venatui', ut 'curru' pro 'currui':</seg><seg source="#DS">ablativus dubius, vel pro dativo.</seg></ab>
<ab><seg source="#DS">&lt;quote type="lemma"&gt;PVERI&lt;/quote&gt;</seg></ab>
<ab><seg source="#DS">&lt;quote type="lemma"&gt;PVERI&lt;/quote&gt; bene venationem pueris dedit, rem rusticam iam iuvenibus.</seg></ab>
<ab><seg source="#Σ #DS">&lt;quote type="lemma"&gt;SILVASQVE FATIGANT&lt;/quote&gt; ipsi fatigantur in silvis; aut pro feris silvas posuit, in quibus sunt ferae.</seg></ab></div>
<div type="textpart" n="606" xml:id="l606"><ab><seg source="#Σ #DS">&lt;quote type="lemma"&gt;FLECTERE LVDVS EQVOS&lt;/quote&gt; aliorum labor nostrae pueritiae ludus est.</seg><seg source="#DS">&lt;quote ref="Serv. 7.162"&gt;flectere&lt;/quote&gt; autem verbo antiquo usus est; nam equites apud veteres flexuntae vocabantur, sicut ait Varro Rerum Humanarum (22.3). sane poeta meminit sui: nam ait superius  &lt;quote&gt;ante urbem pueri et&lt;/quote&gt; &lt;quote&gt;primaevo flore iuventus exercentur equis&lt;/quote&gt;.</seg><seg source="#Σ #DS"></seg></ab></div>
<div type="textpart" n="607" xml:id="l607"><ab><seg source="#Σ #DS">&lt;quote type="lemma"&gt;AT PATIENS OPERVM PARVOQVE ADSVETA IVVENTVS&lt;/quote&gt; hoc et in Georgicis (2.472) laudat: nam magnae virtutis est in nimio labore parvis esse contentum.</seg></ab></div>
<div type="textpart" n="608" xml:id="l608"><ab><seg source="#Σ #DS">&lt;quote type="lemma"&gt;TERRAM DOMAT&lt;/quote&gt; bene bellico usus est verbo. et ne a re militari discederet, non dixit 'terras colimus', sed 'domamus', ac si diceret, cum hostes desunt, terras ferro domamus.</seg></ab>
<ab><seg source="#DS">&lt;quote type="lemma"&gt;QVATIT&lt;/quote&gt;</seg></ab>
<ab><seg source="#DS">&lt;quote type="lemma"&gt;QVATIT OPPIDA BELLO&lt;/quote&gt; oppidum quidam a vico castelloque magnitudine secernunt; alii locum muro fossave aliave qua munitione conclusum; alii locum aedificiis constititum, ubi fanum comitium forum et murus sit; alii oppidum dici ab oppositione murorum, vel quod hominibus locus esset oppletus, vel quod opes illo munitionis gratia congestae sunt.</seg><seg source="#Σ #DS"></seg></ab></div>
<div type="textpart" n="609" xml:id="l609"><ab><seg source="#Σ #DS">&lt;quote type="lemma"&gt;IVVENCVM TERGA FATIGAMVS HASTA&lt;/quote&gt; agriculturam sine officio belli non gerimus. est autem cacosyntheton et homoeoteleuton;</seg><seg source="#DS">ut sit ita 'versa hasta iuvencorum terga fatigamus', id est caedendo urgemus.</seg><seg source="#Σ #DS"></seg></ab></div>
<div type="textpart" n="610" xml:id="l610"><ab><choice><seg source="#DS">&lt;quote type="lemma"&gt;TARDA SENECTVS&lt;/quote&gt; in aliis &lt;quote&gt;sera senectus.&lt;/quote&gt;</seg><seg source="#Σ">&lt;quote type="lemma"&gt;SERA SENECTVS&lt;/quote&gt; in aliis &lt;quote&gt;tarda senectus.&lt;/quote&gt;</seg></choice><seg source="#Σ #DS"></seg></ab></div>
<div type="textpart" n="611" xml:id="l611"><ab><seg source="#Σ #DS">&lt;quote type="lemma"&gt;DEBILITAT VIRES ANIMI&lt;/quote&gt; bene &lt;quote&gt;animi,&lt;/quote&gt; quia non est ausus corporis dicere: nec enim potest fieri ut quamvis robustus senex vires habeat prioris aetatis et suae comparetur adulescentiae. nunc ergo licet dicat fortes esse etiam senes, bona tamen usus est temperatione, ut diceret nihil animorum vigori derogare temporis vetustatem.</seg></ab></div>
<div type="textpart" n="612" xml:id="l612"><ab><seg source="#DS">&lt;quote type="lemma"&gt;CANITIEM GALEA PREMIMVS&lt;/quote&gt; id est semper militamus.</seg><seg source="#Σ #DS"></seg></ab></div>
<div type="textpart" n="614" xml:id="l614"><ab><seg source="#Σ #DS">&lt;quote type="lemma"&gt;VOBIS PICTA CROCO&lt;/quote&gt; vituperatio Troianorum, in qua utitur argumentis quae in rhetoricis commemorat Cicero (Inv. 1.34, 2.177), a gente,</seg><choice><seg source="#DS">habitu, et gestu. et sunt molliores versus, apti ad carpendam mollitiem. sane vestes acu pictas coloribus Phryges primi invenerunt: nam ideo et artifices talium vestium phrygiones appellati sunt.</seg><seg source="#Σ">ab habitu, a gestu, ab animo.   </seg></choice></ab>
<ab><seg source="#Σ #DS">&lt;quote type="lemma"&gt;FVLGENTI MVRICE&lt;/quote&gt; purpura. hanc autem vitio et dedecori apud maiores fuisse constat: Iuvenalis  &lt;quote ref="Serv. 14.187"&gt;peregrina ignotaque nobis ad scelus atque nefas quaecumque est, purpura ducit.&lt;/quote&gt;</seg></ab></div>
<div type="textpart" n="615" xml:id="l615"><ab><seg source="#Σ #DS">&lt;quote type="lemma"&gt;DESIDIAE CORDI&lt;/quote&gt; vobis sunt.</seg><seg source="#DS">et est ab animo argumentum.</seg></ab>
<ab><seg source="#Σ #DS">&lt;quote type="lemma"&gt;CHOREIS&lt;/quote&gt; servavit hoc loco naturam syllabae, quam in sexto (644) metri causa corripuit, ut &lt;quote&gt;pars pedibus plaudunt choreas et carmina dicunt.&lt;/quote&gt;</seg></ab></div>
<div type="textpart" n="616" xml:id="l616"><ab><seg source="#Σ #DS">&lt;quote type="lemma"&gt;ET TVNICAE MANICAS&lt;/quote&gt; tunicae vestrae habent manicas, quod etiam Cicero vituperat, dicens  &lt;quote ref="Cat. 2.22"&gt;manicatis et talaribus tunicis&lt;/quote&gt;: nam colobiis utebantur antiqui.</seg><seg source="#DS">sane &lt;quote&gt;habent&lt;/quote&gt; bis audiendum.</seg></ab>
<ab><seg source="#Σ #DS">&lt;quote type="lemma"&gt;ET HABENT REDIMICVLA MITRAE&lt;/quote&gt; illud dicturus fuerat, 'habetis in pilleis redimicula'. quod convertit in vituperationem maiorem, dicens 'religatas habetis mitras'. nam pillea virorum sunt, mitrae feminarum, quas calauticas dicunt. mitra autem proprie Lydorum fuit, ut  &lt;quote ref="Serv. 4.216"&gt;Maeonia mentum mitra&lt;/quote&gt;: quem habitum imitati sunt Troiani.</seg><seg source="#DS">alii mitras meretricum esse voluerunt, quod hic &lt;surplus&gt;est&lt;/surplus&gt; tamquam effeminatis obicitur.</seg><seg source="#Σ #DS"></seg></ab></div>
<div type="textpart" n="617" xml:id="l617"><ab><seg source="#Σ #DS">&lt;quote type="lemma"&gt;O VERE PHRYGIAE&lt;/quote&gt; ipsos vituperaverat Phrygas (599), nunc ad maiorem iniuriam Phrygias, non Phrygas dicit.</seg></ab>
<ab><seg source="#Σ #DS">&lt;quote type="lemma"&gt;ALTA DINDYMA&lt;/quote&gt; montes matris deum.</seg><seg source="#DS">&lt;quote&gt;ite&lt;/quote&gt; autem &lt;quote&gt;per alta&lt;/quote&gt; sic dixit, quasi currite per Dindyma et ducite choros per Dindyma. nec sufficit Numano loqui iniuriam Troianorum, nisi etiam sacris numinum contumeliam faciat. sed hoc iam quasi moriturus loquitur: hoc est enim (595) d&lt;quote&gt;igna atque indigna relatu&lt;/quote&gt; &lt;quote&gt;vociferans&lt;/quote&gt;, ut &lt;quote&gt;digna&lt;/quote&gt; sint quae de suorum virtute dixit, &lt;quote&gt;indigna&lt;/quote&gt; quae impia et in deos ausus est.</seg><seg source="#Σ #DS"></seg></ab></div>
<div type="textpart" n="618" xml:id="l618"><ab><seg source="#Σ #DS">&lt;quote type="lemma"&gt;BIFOREM DAT TIBIA CANTVM&lt;/quote&gt; bisonum, inparem. et servavit eis tibiarum suarum,</seg><seg source="#DS">id est Phrygiarum,</seg><seg source="#Σ #DS">naturam. nam tibiae aut Serranae dicuntur, quae sunt pares et aequales habent cavernas, aut Phrygiae, quae et inpares sunt et inaequales habent cavernas. ergo &lt;quote&gt;biforem&lt;/quote&gt; dissonum, dissimilem; non enim sunt pari modulatione conpositae: ut enim ait Varro (fr. 84b G-S) &lt;quote&gt;tibia Phrygia dextra unum foramen habet, sinistra duo, quorum unum acutum sonum habet, alterum gravem.&lt;/quote&gt; </seg></ab></div>
<div type="textpart" n="619" xml:id="l619"><ab><choice><seg source="#DS">&lt;quote type="lemma"&gt;BERECYNTIA&lt;/quote&gt; a monte Berecynto dicta.</seg><seg source="#Σ">&lt;quote type="lemma"&gt;BVXVSQVE VOCAT BERECYNTIA&lt;/quote&gt; a monte Berecynto.</seg></choice><seg source="#Σ #DS">dicitur autem et 'haec buxus' et 'hoc buxum', ut  &lt;quote ref="G.2449"&gt;et torno rasile buxum&lt;/quote&gt;: unde superfluo quidam arborem generis feminini esse volunt, &lt;supplied reason="lost"&gt;lignum generis neutri, cum&lt;/supplied&gt; hoc loco etiam de ligno generis feminini habeamus exemplum. </seg></ab></div>
<div type="textpart" n="620" xml:id="l620"><ab><seg source="#Σ #DS">&lt;quote type="lemma"&gt;ET CEDITE FERRO&lt;/quote&gt; aut ferrum relinquite, et est iteratio, aut 'caedite ferro', id est cum viri non sitis, abscidite partem virorum.</seg></ab></div>
<div type="textpart" n="621" xml:id="l621"><ab><seg source="#Σ #DS">&lt;quote type="lemma"&gt;IACTANTEM&lt;/quote&gt; de suorum gloria.</seg></ab>
<ab><seg source="#Σ #DS">&lt;quote type="lemma"&gt;DIRA CANENTEM&lt;/quote&gt; ad iniuriam Troianorum.</seg></ab></div>
<div type="textpart" n="622" xml:id="l622"><ab><seg source="#DS">&lt;quote type="lemma"&gt;NERVO&lt;/quote&gt;&lt;supplied reason="lost"&gt;QVE&lt;/supplied&gt; EQVINO quia in arcubus nervi equini solent esse: Accius Philocteta  &lt;quote ref="fr. 9"&gt;tendens nervo equino concita tela&lt;/quote&gt;.</seg><seg source="#Σ #DS"></seg></ab></div>
<div type="textpart" n="624" xml:id="l624"><ab><seg source="#Σ #DS">&lt;quote type="lemma"&gt;ANTE IOVEM SVPPLEX P&lt;/quote&gt;&lt;supplied reason="lost"&gt;ER&lt;/supplied&gt; V&lt;supplied reason="lost"&gt;OTA&lt;/supplied&gt; P&lt;supplied reason="lost"&gt;RECATVS&lt;/supplied&gt; atqui Apollinem debuit invocare iaculaturus sagittas; sed dicimus ideo Iovem invocatum quia omne initium</seg><seg source="#DS">et incrementum</seg><seg source="#Σ #DS">Iovi debetur, ut  &lt;quote ref="E. 3.60"&gt;ab Iove principium musae.&lt;/quote&gt; unde nunc Ascanius non quid faciat cogitat, sed quid primum: inde invocat Iovem. </seg></ab></div>
<div type="textpart" n="625" xml:id="l625"><ab><seg source="#Σ #DS">&lt;quote type="lemma"&gt;IVPPITER OMNIPOTENS&lt;/quote&gt; hoc epitheton interdum ad gloriam numinis ponitur, interdum ad causam dicentis. namque hoc loco dicendo &lt;quote&gt;omnipotens&lt;/quote&gt; ostendit eum etiam his qui per se minus valent praestare posse virtutem.</seg></ab></div>
<div type="textpart" n="626" xml:id="l626"><ab><seg source="#DS">&lt;quote type="lemma"&gt;IPSE TIBI&lt;/quote&gt; bene ipse, quia adhuc pro Ascanio pater solebat sacrificare. nam ideo et sollemnia ait quae fieri solerent, ut se ostenderet, si victoria et pax esset secuta, etiam illius officii capacem esse.</seg></ab>
<ab><seg source="#Σ #DS">&lt;quote type="lemma"&gt;FERAM SOLLEMNIA DONA &lt;/quote&gt;'feram' de iuvenco non dicimus, sed 'adducam'. intellegimus ergo alia dona eum ferre promisisse. singulis enim numinibus certa sunt dona quae offeruntur: unde est  &lt;quote ref="Serv. 5.54"&gt;strueremque suis altaria donis,&lt;/quote&gt; id est congruis.</seg></ab></div>
<div type="textpart" n="627" xml:id="l627"><ab><seg source="#Σ #DS">&lt;quote type="lemma"&gt;STATVAM ANTE ARAS&lt;/quote&gt; aptam se daturum victimam ostendit: alibi  &lt;quote ref="G.2395"&gt;et ductus cornu stabit sacer hircus ad aram.&lt;/quote&gt; quotiens enim victima reluctabatur, ostendebat se inprobari: Lucanus  &lt;quote ref="Serv. 7.165"&gt;discussa fugit ab ara taurus. iuvencum&lt;/quote&gt; autem secundum Romanas caerimonias dixit: nam Iovi de tauro non immolabatur, ut etiam in tertio (21) diximus, nisi cum triumphi nomine suovetaurilia fiebant: quod tamen ideo admissum est quia non tantum Iovi, sed et aliis dis qui bello praesunt, sacrificabatur.</seg></ab>
<ab><seg source="#Σ #DS">&lt;quote type="lemma"&gt;AVRATA FRONTE&lt;/quote&gt; ita enim victimae ornari consueverant.</seg></ab></div>
<div type="textpart" n="628" xml:id="l628"><ab><seg source="#Σ #DS">&lt;quote type="lemma"&gt;CANDENTEM&lt;/quote&gt; candidum: Iuvenalis  &lt;quote ref="Serv. 10.65"&gt;duc in Capitolia magnum cretatumque bovem.&lt;/quote&gt; CAPVT CVM MATRE FERENTEM aequalem matri, nondum patri: Iuvenalis  &lt;quote ref="Serv. 12.8"&gt;quem iam pudet ubera matris ducere, qui vexat nascenti robora cornu.&lt;/quote&gt;</seg></ab></div>
<div type="textpart" n="630" xml:id="l630"><ab><seg source="#Σ #DS">&lt;quote type="lemma"&gt;DE PARTE SERENA&lt;/quote&gt; ut non causae sit, sed augurii,</seg><seg source="#DS">et auspicii vis ostenderetur: solent enim tonitrua per tempestatem inferri.</seg><seg source="#Σ #DS"></seg></ab></div>
<div type="textpart" n="631" xml:id="l631"><ab><seg source="#Σ #DS">&lt;quote type="lemma"&gt;INTONVIT LAEVVM&lt;/quote&gt; prosperum: ut enim supra (2.54) diximus, quae sinistra nobis videntur intuentibus caelum, illic dextra sunt: non quod sinistra bona sunt, sed quod dextra caeli nobis sinistra sunt.</seg></ab>
<ab><seg source="#Σ #DS">&lt;quote type="lemma"&gt;SONAT VNA FATIFER ARCVS&lt;/quote&gt; simul atque cognovit augurium.</seg></ab></div>
<div type="textpart" n="632" xml:id="l632"><ab><seg source="#Σ #DS">&lt;quote type="lemma"&gt;ET FVGIT&lt;/quote&gt; melius 'effugit' legitur.</seg><seg source="#DS">et figura est 'horrendum effugit'.</seg><seg source="#Σ #DS"></seg></ab></div>
<div type="textpart" n="633" xml:id="l633"><ab><seg source="#Σ #DS">&lt;quote type="lemma"&gt;PERQVE CAPVT REMVLI VENIT&lt;/quote&gt; figmenta haec vulnerum plerumque non sine ratione ponunt poetae; nam modo hunc ideo in capite dicit esse percussum quia eum supra vaniloquum introduxerat et superbum. quod vitio capitis evenit: Horatius (C. 1.18.15) &lt;quote&gt;attollens vacuum plus nimio gloria verticem.&lt;/quote&gt; sic Homerus (Il. 2.265) Thersiten a tergo vulneratum dicit usque ad praecordia (nam ait µετάφρενα) quia eum stultum induxerat. item de Achille dicit (Il. 1.58 et alibi) πόδας ὠκὺς Ἀχιλλεύς, quem legimus in talo esse vulneratum.</seg><seg source="#DS">vel ideo 'per caput et cava tempora', ut divinitus misso telo nulla pars alia corporis sed caput vulneraretur, scilicet ut hominis, qui infanda et impia de religionibus dixerat, sacrilegium capite expiaretur.</seg><seg source="#Σ #DS"></seg></ab></div>
<div type="textpart" n="634" xml:id="l634"><ab><seg source="#Σ #DS">&lt;quote type="lemma"&gt;VIRTVTEM INLVDE &lt;/quote&gt;'inludo tibi' et 'insulto tibi' dicimus: nam 'inludo te' figuratum est, ut hoc loco, item 'insulto te': Sallustius  &lt;quote ref="H. 2.23"&gt;multos a pueritia bonos insultaverat.&lt;/quote&gt;</seg></ab></div>
<div type="textpart" n="635" xml:id="l635"><ab><seg source="#DS">&lt;quote type="lemma"&gt;HAEC RVTVLIS&lt;/quote&gt; pro 'talia': vitavit pronomen.</seg><seg source="#Σ #DS"></seg></ab></div>
<div type="textpart" n="636" xml:id="l636"><ab><seg source="#Σ #DS">&lt;quote type="lemma"&gt;HOC TANTVM ASCANIVS&lt;/quote&gt; et dixit et fecit.</seg></ab></div>
<div type="textpart" n="637" xml:id="l637"><ab><seg source="#Σ #DS">&lt;quote type="lemma"&gt;ANIMOSQVE AD SIDERA TOLLVNT&lt;/quote&gt; aut suos, aut Ascanii, per favorem.</seg></ab></div>
<div type="textpart" n="639" xml:id="l639"><ab><seg source="#DS">&lt;quote type="lemma"&gt;ACIES VRBEMQVE&lt;/quote&gt; syllepsis.</seg><seg source="#Σ #DS"></seg></ab></div>
<div type="textpart" n="640" xml:id="l640"><ab><seg source="#Σ #DS">&lt;quote type="lemma"&gt;NVBE SEDENS&lt;/quote&gt; sicut solent numina: Iuno  &lt;quote ref="Serv. 12.810"&gt;nec tu me aeria solam nunc sede videres digna indigna pati.&lt;/quote&gt;</seg></ab>
<ab><seg source="#DS">&lt;quote type="lemma"&gt;VICTOREM&lt;/quote&gt;</seg></ab>
<ab><seg source="#DS">&lt;quote type="lemma"&gt;VICTOREM&lt;/quote&gt; bene ei qui unum occiderat addidit dignitatem.</seg></ab>
<ab><seg source="#DS">&lt;quote type="lemma"&gt;ADFATVR&lt;/quote&gt;</seg></ab>
<ab><seg source="#DS">&lt;quote type="lemma"&gt;ADFATVR IVLVM&lt;/quote&gt; non ita ut Iulus audiret.</seg><seg source="#Σ #DS"></seg></ab></div>
<div type="textpart" n="641" xml:id="l641"><ab><seg source="#Σ #DS">&lt;quote type="lemma"&gt;MACTE &lt;/quote&gt;'magis aucte', 'adfecte gloria'. et est sermo tractus a sacris. quotiens enim aut tus aut vinum super victimam fundebatur, dicebant 'mactus est taurus vino vel ture', hoc est, cumulata est hostia et magis aucta.</seg><seg source="#DS">&lt;quote ref="Serv. 3.28"&gt;macte&lt;/quote&gt; ergo pro 'mactus esto', vocativum pro nominativo posuit, ut Persius  &lt;quote ref="Serv. 3.382"&gt;stemmate quod Tusco ramum millesime ducis&lt;/quote&gt; &lt;quote ref="Serv. 7.685"&gt;censoremve tuum vel quod trabeate salutas&lt;/quote&gt; pro 'millesimus' et 'trabeatus', et Vergilius  &lt;quote ref="Serv. 7.11"&gt;vicinosque ignare paras i&lt;/quote&gt;&lt;supplied reason="lost"&gt;&lt;quote ref="G.2468"&gt;nvadere&lt;/quote&gt;&lt;/supplied&gt; &lt;quote ref="Serv. 9.26"&gt;p&lt;/quote&gt;&lt;supplied reason="lost"&gt;&lt;quote target="l179" ref="Serv. 9.26"&gt;ortus&lt;/quote&gt;&lt;/supplied&gt; pro 'ignarus', et alibi  &lt;quote target="l179" ref="E. 3.76"&gt;quos Amasene pater&lt;/quote&gt; pro 'Amasenus': sic ergo et macte pro 'mactus'.quod autem 'esto' non addidit, ab antiquitate descivit; nam veteres 'macte esto' dicebant. sed hoc secutus suam consuetudinem fecit: nam et alibi  &lt;quote target="l179" ref="Ann. 299"&gt;dives&lt;/quote&gt; &lt;quote&gt;inaccessos ubi S&lt;/quote&gt;&lt;supplied reason="lost"&gt;&lt;quote&gt;olis&lt;/quote&gt;&lt;/supplied&gt; &lt;quote&gt;f&lt;/quote&gt;&lt;supplied reason="lost"&gt;&lt;quote&gt;ilia&lt;/quote&gt;&lt;/supplied&gt; &lt;quote&gt;l&lt;/quote&gt;&lt;supplied reason="lost"&gt;&lt;quote&gt;ucos&lt;/quote&gt;&lt;/supplied&gt;, et iterum (4.263)&lt;quote&gt;dives quae&lt;/quote&gt; &lt;quote&gt;munera Dido&lt;/quote&gt;, praetermisit cuius rei dives, cum veteres 'dives illius rei' dicerent, quod ipse alibi  &lt;quote&gt;dives opum variarum&lt;/quote&gt; et  &lt;quote&gt;dives&lt;/quote&gt; &lt;quote&gt;pictai vestis et auri&lt;/quote&gt;. et item cum veteres natalem diem vel locum vel tempus dicerent, ut Horatius (C. 1.21.10) &lt;quote&gt;natalemque&lt;/quote&gt;, &lt;quote&gt;mares, Delon&lt;/quote&gt; &lt;quote&gt;Apollinis&lt;/quote&gt; et Plautus in Pseudolo  &lt;quote&gt;natalem hunc mihi diem scitis&lt;/quote&gt; &lt;quote&gt;esse&lt;/quote&gt;, Vergilius his omissis dixit  &lt;quote&gt;Phyllida mitte mihi&lt;/quote&gt;, &lt;quote&gt;meus est&lt;/quote&gt; &lt;quote&gt;natalis, Iolla&lt;/quote&gt;. ergo et hic ita subtraxit; nam integrum est 'macte esto nova virtute puer'. 'mactus' autem apud veteres etiam 'mactatus' dicebatur, ut Ennius  &lt;quote&gt;Livius inde redit magno mactatus&lt;/quote&gt; &lt;quote&gt;triumpho&lt;/quote&gt;. et Lucilius libro quinto (225 M) &lt;quote&gt;macte, inquam, virtute&lt;/quote&gt; &lt;quote&gt;simulque his versibus&lt;/quote&gt; &lt;quote&gt;esto&lt;/quote&gt;, et in pontificalibus sacrificantes dicebant deo &lt;quote&gt;macte hoc vino&lt;/quote&gt; &lt;quote&gt;inferio esto&lt;/quote&gt;.</seg></ab>
<ab><seg source="#Σ #DS">&lt;quote type="lemma"&gt;NOVA VIRTVTE&lt;/quote&gt; aut magna</seg><seg source="#DS">et mira,</seg><seg source="#Σ #DS">ut  &lt;quote ref="E. 3.86"&gt;Pollio et ipse facit nova carmina&lt;/quote&gt;; aut re vera nova,</seg><seg source="#DS">id est rudi,</seg><seg source="#Σ #DS">quantum ad bellum. </seg></ab></div>
<div type="textpart" n="642" xml:id="l642"><ab><seg source="#Σ #DS">&lt;quote type="lemma"&gt;DIS GENITE&lt;/quote&gt; propter Venerem.</seg></ab>
<ab><seg source="#Σ #DS">&lt;quote type="lemma"&gt;GENITVRE DEOS&lt;/quote&gt; propter Iulium Caesarem et Augustum.</seg></ab>
<ab><seg source="#Σ #DS">&lt;quote type="lemma"&gt;IVRE&lt;/quote&gt; merito.</seg></ab></div>
<div type="textpart" n="643" xml:id="l643"><ab><seg source="#Σ #DS">&lt;quote type="lemma"&gt;GENTE SVB ASSARACI&lt;/quote&gt; sub gente Romana: Assaracus enim pater est Capyos, avus Anchisae.</seg></ab>
<ab><seg source="#Σ #DS">&lt;quote type="lemma"&gt;FATO VENTVRA&lt;/quote&gt; magna. haec enim bella sunt gravia</seg><seg source="#Σ">quae fatali ratione contingunt, ut Troiana et Thebana.</seg></ab>
<ab><seg source="#DS">&lt;quote type="lemma"&gt;RESIDENT&lt;/quote&gt;</seg></ab>
<ab><seg source="#DS">&lt;quote type="lemma"&gt;RESIDENT&lt;/quote&gt; sedabuntur, ut tempestatem residere dicimus.</seg><seg source="#Σ #DS"></seg></ab></div>
<div type="textpart" n="644" xml:id="l644"><ab><seg source="#Σ #DS">&lt;quote type="lemma"&gt;NEC TE TROIA CAPIT&lt;/quote&gt;</seg><seg source="#DS">vel maior es quam patria, vel</seg><seg source="#Σ #DS">maior es meritis quam civitas in qua nunc es: Lucanus de Caesare  &lt;quote ref="Serv. 1.175"&gt;plus patria potuisse sua.&lt;/quote&gt; </seg></ab></div>
<div type="textpart" n="645" xml:id="l645"><ab><seg source="#Σ #DS">&lt;quote type="lemma"&gt;SPIRANTES&lt;/quote&gt; vitales, quibus spiramus et vivimus.</seg></ab></div>
<div type="textpart" n="646" xml:id="l646"><ab><seg source="#Σ #DS">&lt;quote type="lemma"&gt;PETIT&lt;/quote&gt; notandum &lt;quote&gt;petit&lt;/quote&gt; sine insidiis dictum.</seg></ab></div>
<div type="textpart" n="647" xml:id="l647"><ab><seg source="#DS">&lt;quote type="lemma"&gt;ANTIQVVM IN BVTEN&lt;/quote&gt; hic Butes semel hic nominatur, ut in quinto (704) Nautes.</seg><seg source="#Σ #DS"></seg></ab></div>
<div type="textpart" n="648" xml:id="l648"><ab><seg source="#Σ #DS">&lt;quote type="lemma"&gt;FIDVSQVE AD LIMINA CVSTOS&lt;/quote&gt; aedituus fuit: quod, ut supra (1.726) diximus, in ingenti honore apud maiores fuit. illic enim et epulabantur et deos colebant; census etiam omnis illic servabatur: quod et Plautus docet in Asinaria, in qua inducit Sauriam, servum atriensem, in tota familia plurimum posse.</seg><seg source="#DS">&lt;quote&gt;ad limina&lt;/quote&gt; sane figuratum.</seg><seg source="#Σ #DS"></seg></ab></div>
<div type="textpart" n="651" xml:id="l651"><ab><seg source="#Σ #DS">&lt;quote type="lemma"&gt;SAEVA SONORIBVS ARMA&lt;/quote&gt; strepitu terribilia.</seg><seg source="#DS">et utrum saeva arma quae habent sonorem, ut  &lt;quote target="l359"&gt;aurea bullis&lt;/quote&gt; &lt;quote&gt;cingula&lt;/quote&gt;, an etiam sonoribus saeva?</seg><seg source="#Σ #DS"></seg></ab></div>
<div type="textpart" n="652" xml:id="l652"><ab><seg source="#Σ #DS">&lt;quote type="lemma"&gt;ARDENTEM&lt;/quote&gt; desiderio dimicandi: unde  &lt;quote target="l637"&gt;animosque ad sidera tollunt&lt;/quote&gt; melius Ascanii intellegimus, sicut Statius de Menoeceo  &lt;quote target="l637" ref="Th.10.685"&gt;et laudibus inplet honestis.&lt;/quote&gt;</seg></ab></div>
<div type="textpart" n="653" xml:id="l653"><ab><seg source="#Σ #DS">&lt;quote type="lemma"&gt;AENIDE&lt;/quote&gt; patronymicon hoc non venit ab eo quod est 'hic Aeneas': nam 'hic Aeneades' et 'o Aeneade' faceret.</seg></ab></div>
<div type="textpart" n="654" xml:id="l654"><ab><seg source="#Σ #DS">&lt;quote type="lemma"&gt;PRIMAM HANC TIBI MAGNVS APOLLO&lt;/quote&gt; dicendo &lt;quote&gt;primam hanc&lt;/quote&gt; pollicetur et aliam. concedere autem se ideo dixit quia sagittarum deus est: et licet eum Iuppiter iuverit, Apollo tamen sibi suum officium vindicat, quod dicit se concessisse quia non prohibuit. ea enim quae ab aliis numinibus poscimus tunc inplentur si non adversentur numina quorum propria sunt quae poscimus: unde et in quarto (125) Iuno ait &lt;quote&gt;adero et, tua si mihi certa voluntas,&lt;/quote&gt; hoc est, 'quod in me est, iungam eos; restat ut et tu tuum inpleri velis officium'.</seg></ab></div>
<div type="textpart" n="655" xml:id="l655"><ab><seg source="#Σ #DS">&lt;quote type="lemma"&gt;PARIBVS NON INVIDET ARMIS&lt;/quote&gt; pari gloriae: nam ut Apollo puer</seg><choice><seg source="#DS">extinxit Pythonem in vindictam matris, sic Numanum Ascanius. </seg><seg source="#Σ">occiso Pythone ultus est matris iniuriam, sic Ascanius occiso Numano Troianorum castra iniuriasque defendit.</seg></choice><seg source="#Σ #DS">&lt;quote&gt;paribus&lt;/quote&gt; ergo &lt;quote&gt;armis,&lt;/quote&gt; id est similibus, non peritia, sed</seg><choice><seg source="#DS">triumpho.</seg><seg source="#Σ">genere victoriae.</seg></choice><seg source="#Σ #DS"></seg></ab></div>
<div type="textpart" n="656" xml:id="l656"><ab><seg source="#Σ #DS">&lt;quote type="lemma"&gt;CETERA&lt;/quote&gt; deinceps: et est adverbium;</seg><seg source="#DS">id est in ceterum. est autem Ennianum  &lt;quote ref="Ann. 61"&gt;cetera quos peperisti&lt;/quote&gt; &lt;quote&gt;ne cures&lt;/quote&gt;.</seg></ab>
<ab><seg source="#Σ #DS">&lt;quote type="lemma"&gt;ORSVS&lt;/quote&gt; modo locutus,</seg><seg source="#DS">id est pro eo qui desierit;</seg><seg source="#Σ #DS">alias coepit, quod magis est proprium, ut  &lt;quote ref="Serv. 1.325"&gt;sic Venus, et Veneris contra sic filius orsus.&lt;/quote&gt; </seg></ab></div>
<div type="textpart" n="657" xml:id="l657"><ab><choice><seg source="#DS">&lt;quote type="lemma"&gt;MEDIO SERMONE&lt;/quote&gt;</seg><seg source="#Σ">&lt;quote type="lemma"&gt;MEDIO SERMONE&lt;/quote&gt; ideo &lt;quote&gt;medio&lt;/quote&gt;</seg></choice><seg source="#Σ #DS">quia non respondit Ascanius.</seg><seg source="#DS">sermo est enim duorum vel plurium oratio.</seg><seg source="#Σ #DS"></seg></ab></div>
<div type="textpart" n="660" xml:id="l660"><ab><seg source="#Σ #DS">&lt;quote type="lemma"&gt;FVGA&lt;/quote&gt; abscessu.</seg><seg source="#DS">et more suo abeuntes deos inducit agnosci.</seg></ab>
<ab><seg source="#Σ #DS">&lt;quote type="lemma"&gt;PHARETRAMQVE F&lt;/quote&gt;&lt;supplied reason="lost"&gt;VGA&lt;/supplied&gt; S&lt;supplied reason="lost"&gt;ENSERE&lt;/supplied&gt; SONANTEM quia dixit supra  &lt;quote target="l650"&gt;et saeva sonoribus arma.&lt;/quote&gt;</seg></ab></div>
<div type="textpart" n="661" xml:id="l661"><ab><seg source="#Σ #DS">&lt;quote type="lemma"&gt;DICTIS&lt;/quote&gt; propter auditam orationem.</seg></ab>
<ab><seg source="#Σ #DS">&lt;quote type="lemma"&gt;NVMINE&lt;/quote&gt; propter agnitum deum.</seg></ab></div>
<div type="textpart" n="663" xml:id="l663"><ab><seg source="#DS">&lt;quote type="lemma"&gt;ANIMASQVE IN APERTA PERICVLA MITTVNT&lt;/quote&gt; plus enim quam manifesta sunt praesentia pericula, quando audientibus Troianis bello prohibebatur Ascanius ne periclitaretur.</seg><seg source="#Σ #DS"></seg></ab></div>
<div type="textpart" n="665" xml:id="l665"><ab><seg source="#Σ #DS">&lt;quote type="lemma"&gt;INTENDVNT ACRES ARCVS&lt;/quote&gt; pro 'ipsi acres': ut enim et in primo (318) diximus, arcum unusquisque habet pro viribus suis.</seg></ab>
<ab><seg source="#Σ #DS">&lt;quote type="lemma"&gt;AMMENTAQVE TORQVENT&lt;/quote&gt; pro 'tela ammentis torquent': nam ammentum est lorum quo media hasta religatur et iacitur.</seg></ab></div>
<div type="textpart" n="667" xml:id="l667"><ab><seg source="#Σ #DS">&lt;quote type="lemma"&gt;FLICTV&lt;/quote&gt; pro adflictu,</seg><seg source="#DS">vel inflictu,</seg><seg source="#Σ #DS">id est ictu: nam detraxit more suo praepositionem.</seg><seg source="#DS">et locutus est iuxta antiquum morem: Pacuvius Teucro  &lt;quote ref="fr. 15"&gt;flictus&lt;/quote&gt; &lt;quote&gt;navium&lt;/quote&gt;.</seg><seg source="#Σ #DS"></seg></ab></div>
<div type="textpart" n="668" xml:id="l668"><ab><seg source="#Σ #DS">&lt;quote type="lemma"&gt;PLVVIALIBVS HAEDIS&lt;/quote&gt; super tauri cornua est signum cui auriga nomen est: hunc cum tauro una clara stella coniungit. retinet autem auriga stellas duas in manu, quae Haedi vocantur,</seg><seg source="#DS">et capram quam Amaltheam dicunt:</seg><choice><seg source="#DS">quarum ortus et occasus gravissimas tempesstates faciunt.</seg><seg source="#Σ">quorum et ortus et occasus tempestates gravissimas facit.</seg></choice><seg source="#Σ #DS">oriuntur autem cum scorpione mense Octobri. </seg></ab></div>
<div type="textpart" n="670" xml:id="l670"><ab><seg source="#Σ #DS">&lt;quote type="lemma"&gt;IVPPITER&lt;/quote&gt; aer, ut &lt;quote&gt;manet sub Iove frigido venator&lt;/quote&gt; Horatius (C. 1.1.25).</seg></ab></div>
<div type="textpart" n="673" xml:id="l673"><ab><seg source="#DS">&lt;quote type="lemma"&gt;EDVXIT&lt;/quote&gt; quidam pro 'educavit' volunt intellegi.</seg><seg source="#Σ #DS"></seg></ab></div>
<div type="textpart" n="674" xml:id="l674"><ab><seg source="#Σ #DS">&lt;quote type="lemma"&gt;MONTIBVS AEQVOS &lt;/quote&gt;Idae vel eius arboribus exaequandos.</seg></ab></div>
<div type="textpart" n="675" xml:id="l675"><ab><choice><seg source="#DS">&lt;quote type="lemma"&gt;DVCIS IMPERIO COMMISSA&lt;/quote&gt; aut quae eis fuerat commissa imperio abeuntis Aeneae; aut, quod est melius, quae imperio Aeneae fuerat commissa, id est clausa: unde et commissurae dicuntur coniunctiones tabularum. secundum superiorem sensum contrarium est quod dixit  &lt;quote target="l173"&gt;rectores iuvenum et rerum dedit esse ma&lt;/quote&gt;-</seg><seg source="#Σ">&lt;quote type="lemma"&gt;DVCIS IMPERIO COMMISSA&lt;/quote&gt; scimus quod Mnes- theo et aliis ducibus imperaverat Aeneas, ad petenda proficiscens auxilia, ne portas aperirent, ut (43)&lt;quote&gt;castra modo et tutos servarent &lt;/quote&gt; &lt;quote&gt;aggere muros.&lt;/quote&gt; item legimus (173) Mnesthea et Serestum ductores fuisse et rerum magistros, non Pandarum et Bitiam: unde apparet quia</seg></choice><choice><seg source="#DS">&lt;quote target="l40"&gt;gistros.&lt;/quote&gt; Aeneas enim abscedens principibus omnium rerum commiserat curam. alii &lt;quote&gt;ducis&lt;/quote&gt; Ascanium accipiunt. alii commissam ideo 'clausam' accipiunt quia superius (38) lectum est &lt;quote&gt;heia ingenti clamore per omnes condunt se&lt;/quote&gt; &lt;quote&gt;Teucri portas&lt;/quote&gt;: quietis enim rebus portae patebant, per quas se Teucri sub adventum hostis receperant: propterea quod ait  &lt;quote&gt;namque ita discedens praeceperat&lt;/quote&gt; &lt;quote&gt;optimus armis Aeneas, si qua interea&lt;/quote&gt; &lt;quote&gt;f&lt;/quote&gt;&lt;supplied reason="lost"&gt;&lt;quote&gt;ortuna&lt;/quote&gt;&lt;/supplied&gt; &lt;quote&gt;f&lt;/quote&gt;&lt;supplied reason="lost"&gt;&lt;quote&gt;uisset&lt;/quote&gt;&lt;/supplied&gt;&lt;quote&gt;, (56) non aequo dare se&lt;/quote&gt; &lt;quote&gt;campo, n&lt;/quote&gt;&lt;supplied reason="lost"&gt;&lt;quote&gt;on&lt;/quote&gt;&lt;/supplied&gt; &lt;quote&gt;o&lt;/quote&gt;&lt;supplied reason="lost"&gt;&lt;quote&gt;bvia&lt;/quote&gt;&lt;/supplied&gt; &lt;quote&gt;f&lt;/quote&gt;&lt;supplied reason="lost"&gt;&lt;quote&gt;erre&lt;/quote&gt;&lt;/supplied&gt; &lt;quote&gt;arma viros,&lt;/quote&gt; &lt;quote&gt;sed castra fovere.&lt;/quote&gt;sane &lt;quote&gt;commissa&lt;/quote&gt; deest 'sibi' vel 'illis'.</seg><seg source="#Σ">hunc locum male intellexit Donatus, dicens (Verg. 97), &lt;quote ref="fr. 32"&gt;commissam portam id est creditam &lt;/quote&gt; &lt;quote&gt;Pandaro et Bitiae&lt;/quote&gt;: qui duces non erant. Cornutus vero melius sensit, dicens  &lt;quote&gt;portam quae ducis imperio commissa fuerat, &lt;/quote&gt; &lt;quote&gt;hoc est clausa, eam aperuerunt.&lt;/quote&gt; commissura enim dicitur tabularum coniunctio, sicut Cicero in Fundaniana (fr. 3) meminit. ergo melius est ut commissam dicamus 'clausam' quam 'creditam Pandaro et Bitiae'.    </seg></choice><seg source="#Σ #DS"></seg></ab></div>
<div type="textpart" n="676" xml:id="l676"><ab><seg source="#DS">&lt;quote type="lemma"&gt;MOENIBVS&lt;/quote&gt; pro 'in moenia'.</seg><seg source="#Σ #DS"></seg></ab></div>
<div type="textpart" n="677" xml:id="l677"><ab><seg source="#Σ #DS">&lt;quote type="lemma"&gt;PRO TVRRIBVS&lt;/quote&gt; aut vice turrium, aut pro defensione.</seg></ab></div>
<div type="textpart" n="678" xml:id="l678"><ab><seg source="#Σ #DS">&lt;quote type="lemma"&gt;ARMATI FERRO&lt;/quote&gt; aut bene instructi armis; aut, ut Asper dicit (fr. 46), ferrea corda habentes, id est dura et cruenta cogitantes: ut Ennium sit secutus qui ait  &lt;quote ref="Ann. 519"&gt;succincti corda machaeris.&lt;/quote&gt;</seg></ab></div>
<div type="textpart" n="679" xml:id="l679"><ab><choice><seg source="#DS">&lt;quote type="lemma"&gt;LIQVETIA FLVMINA CIRCVM &lt;/quote&gt;Padus, Italiae fluvius, aliquot provincias dextra laevaque contingit, inter quas et Venetiae partem praeterfluit. Athesis Venetiae fluvius est, Veronam civitatem ambiens et in Padum cadens. Liquetia Venetiae fluvius est inter Altinum et Concordiam, quem nunc commemorat. nam &lt;quote&gt;Liquetia&lt;/quote&gt; non est. epitheton: nemo enim a generalitate transit ad species</seg><seg source="#Σ">&lt;quote type="lemma"&gt;LIQVETIA FLVMINA&lt;/quote&gt; iuxta Padum et Athesin, Venetiae flumina, est etiam fluvius Liquetius, quem nunc commemorat. ergo &lt;quote&gt;Liquetia&lt;/quote&gt; proprium est nomen, non epitheton, ne incipimus a generalitate ad speciem reverti: quod vitiosum est, ut si dicas 'circa flumina nascuntur arbores' et sic inferas 'circa Tiberim vel Anienem'; sufficit enim dixisse 'circa flumina' generaliter. unde apparet quia 'Liquetia' legendum est, non 'liquentia'</seg></choice><seg source="#Σ #DS"></seg></ab></div>
<div type="textpart" n="681" xml:id="l681"><ab><seg source="#Σ #DS">&lt;quote type="lemma"&gt;INTONSAQVE CAELO A&lt;/quote&gt;&lt;supplied reason="lost"&gt;TTOLLVUNT&lt;/supplied&gt; C&lt;supplied reason="lost"&gt;APITA&lt;/supplied&gt; hoc ad supra dictas cristas refertur.</seg></ab>
<ab><seg source="#Σ">&lt;quote type="lemma"&gt;GEMINAE&lt;/quote&gt;</seg></ab>
<ab><seg source="#Σ">&lt;quote type="lemma"&gt;GEMINAE QVERCVS&lt;/quote&gt; non quia tantum duae nascuntur, sed ad istorum   similitudinem respexit: id est quando similes elevantur quercus.</seg><seg source="#Σ #DS"></seg></ab></div>
<div type="textpart" n="684" xml:id="l684"><ab><seg source="#Σ #DS">&lt;quote type="lemma"&gt;PVLCHER AQVICVLVS ARMIS&lt;/quote&gt; ut 'pulcher</seg><choice><seg source="#DS">armis', 'pulcher vestibus'. et melius figuratum quam si dixisset 'pulchris armis'.</seg><seg source="#Σ">vestibus', sic 'pulcher armis', hoc est per arma: quod erat armorum retulit ad personam.</seg></choice><seg source="#Σ #DS"></seg></ab></div>
<div type="textpart" n="685" xml:id="l685"><ab><seg source="#Σ #DS">&lt;quote type="lemma"&gt;PRAECEPS ANIMI&lt;/quote&gt; figurate genetivo iunxit; nam dicimus 'praeceps iracundia' 'praeceps furore'.</seg></ab>
<ab><seg source="#DS">&lt;quote type="lemma"&gt;MAVORTIVS&lt;/quote&gt;</seg></ab>
<ab><seg source="#DS">&lt;quote type="lemma"&gt;MAVORTIVS HAEMON&lt;/quote&gt; non Martis filius, sed bellicosus.</seg><seg source="#Σ #DS"></seg></ab></div>
<div type="textpart" n="686" xml:id="l686"><ab><seg source="#Σ #DS">&lt;quote type="lemma"&gt;AGMINIBVS TOTIS&lt;/quote&gt; deest 'ab': et significat eos primo fugatos esse, mox occisos, aut certe aliquos fugatos, aliquos interemptos.</seg><seg source="#DS">quidam dubium putant, utrum 'ab agminibus totis terga dedere' an'ab agminibus versi'.</seg><seg source="#Σ #DS"></seg></ab></div>
<div type="textpart" n="687" xml:id="l687"><ab><seg source="#DS">&lt;quote type="lemma"&gt;POSVERE IN LIMINE VITAM&lt;/quote&gt; ut  &lt;quote ref="G.4.238"&gt;animasque in vulnere&lt;/quote&gt; &lt;quote&gt;ponunt&lt;/quote&gt;.</seg><seg source="#Σ #DS"></seg></ab></div>
<div type="textpart" n="688" xml:id="l688"><ab><seg source="#Σ #DS">&lt;quote type="lemma"&gt;ANIMIS DISCORDIBVS&lt;/quote&gt; hostilibus, scilicet Troianorum, qui a Rutulis discordabant.</seg></ab></div>
<div type="textpart" n="692" xml:id="l692"><ab><seg source="#DS">&lt;quote type="lemma"&gt;NVNTIVS&lt;/quote&gt; et qui nuntiat dicitur, et quod nuntiatur; sed modo hic quod nuntiatur.</seg><seg source="#Σ #DS"></seg></ab></div>
<div type="textpart" n="695" xml:id="l695"><ab><seg source="#Σ #DS">&lt;quote type="lemma"&gt;FRATRESQVE SVPERBOS&lt;/quote&gt; quos supra (675) dixit portam tenere.</seg></ab></div>
<div type="textpart" n="696" xml:id="l696"><ab><seg source="#Σ #DS">&lt;quote type="lemma"&gt;SE PRIMVS AGEBAT&lt;/quote&gt;</seg><seg source="#DS">iuxta veteres &lt;supplied reason="lost"&gt;&lt;quote ref="Serv. 6.337"&gt;se&lt;/quote&gt;&lt;/supplied&gt; &lt;quote target="l342" ref="Serv. 6.337"&gt;agebat&lt;/quote&gt; pro 'veniebat', ut  &lt;quote&gt;ecce gubernator&lt;/quote&gt; &lt;quote&gt;sese Palinurus agebat&lt;/quote&gt;, Plautus in Mostellaria  &lt;quote&gt;unde agis te&lt;/quote&gt;? ut enim nos econtrario dicimus 'duco me', ita illi 'agit se', ἀπὸ τοῦ ἄγειν.</seg><seg source="#Σ #DS">&lt;quote ref="Serv. 6.337"&gt;se agebat,&lt;/quote&gt; hoc est 'incedebat', ut  &lt;quote ref="An. 708"&gt;sese Palinurus agebat.&lt;/quote&gt; tractus autem sermo est a ratione physica; nam agitur corpus animi iudicio: unde Terentius  &lt;quote&gt;quo te agis?&lt;/quote&gt; </seg></ab></div>
<div type="textpart" n="697" xml:id="l697"><ab><seg source="#DS">&lt;quote type="lemma"&gt;THEBANA DE MATRE&lt;/quote&gt; parenthesis est. sane Thebae aliae Aegyptiae, aliae Boeotiae, aliae Phrygiae.</seg></ab>
<ab><seg source="#Σ #DS">&lt;quote type="lemma"&gt;SARPEDONIS ALTI&lt;/quote&gt; id est nobilis.</seg></ab></div>
<div type="textpart" n="698" xml:id="l698"><ab><seg source="#Σ #DS">&lt;quote type="lemma"&gt;ITALA CORNVS&lt;/quote&gt; telum de Itala cornu factum.</seg><seg source="#DS">et materiam pro opere posuit.</seg><seg source="#Σ #DS"></seg></ab></div>
<div type="textpart" n="699" xml:id="l699"><ab><seg source="#Σ #DS">&lt;quote type="lemma"&gt;STOMACHO &lt;/quote&gt;Graecus sermo est.</seg></ab></div>
<div type="textpart" n="700" xml:id="l700"><ab><seg source="#Σ #DS">&lt;quote type="lemma"&gt;SPECVS VVLNERIS&lt;/quote&gt; poetica exaggeratio.</seg><seg source="#DS">specum enim pro cavatione posuit.</seg><seg source="#Σ #DS"></seg></ab></div>
<div type="textpart" n="701" xml:id="l701"><ab><seg source="#DS">&lt;quote type="lemma"&gt;ET FIXO FERRVM IN PVLMONE&lt;/quote&gt; et ferrum fixum et pulmonem fixum possumus accipere.</seg><seg source="#Σ #DS"></seg></ab></div>
<div type="textpart" n="702" xml:id="l702"><ab><seg source="#Σ #DS">&lt;quote type="lemma"&gt;ERYMANTA MANV &lt;/quote&gt;&lt;quote&gt;manu&lt;/quote&gt; id est gladio comminus ferit: nam et illi de quibus superius (701) dixit manu occisi sunt, sed misso iaculo. ergo ad differentiam teli iacti accipe &lt;quote&gt;manu,&lt;/quote&gt; id est gladio.</seg></ab></div>
<div type="textpart" n="703" xml:id="l703"><ab><seg source="#Σ #DS">&lt;quote type="lemma"&gt;ARDENTEM OCVLIS ANIMISQVE FREMENTEM&lt;/quote&gt; et gestu corporis et mente commotum.</seg></ab></div>
<div type="textpart" n="704" xml:id="l704"><ab><seg source="#DS">&lt;quote type="lemma"&gt;NEQVE ENIM IACVLO&lt;/quote&gt; parenthesis.</seg></ab>
<ab><seg source="#Σ #DS">&lt;quote type="lemma"&gt;VITAM DEDISSET&lt;/quote&gt; pro 'reddidisset'.</seg></ab></div>
<div type="textpart" n="705" xml:id="l705"><ab><seg source="#Σ #DS">&lt;quote type="lemma"&gt;FALARICA VENIT&lt;/quote&gt; de hoc telo legitur quia est ingens, torno factum, habens ferrum cubitale</seg><choice><seg source="#DS">supra quod veluti quaedam sphaera, cuius pondus etiam plumbo augetur. dicitur enim ignem habere adfixum, stuppa circumdatum et pice oblitum, incensumque aut vulnere hostem aut igne consumit.</seg><seg source="#Σ">et rotunditatem de plumbo in modum sphaerae. in ipsa summitate dicitur etiam ignem habere adfixum.  </seg></choice><seg source="#Σ #DS">hoc autem telo pugnatur de turribus, quas falas dici manifestum est:</seg><seg source="#DS">unde et in circo falae dicuntur divisiones inter euripum et metas, quod ibi constructis ad tempus turribus, his telis pugna edi solebat:</seg><seg source="#Σ #DS">Iuvenalis  &lt;quote ref="Serv. 6.590"&gt;consulit ante falas delphinorumque columnas.&lt;/quote&gt;</seg><choice><seg source="#DS">hinc falarica hasta dicitur sicut alia muralis.        </seg><seg source="#Σ">ergo a falis dicta est falarica, sicut a muro muralis. sane falaricam Lucanus dicit nervis mitti tortilibus et quadam machina, ut  &lt;quote ref="Serv. 6.198"&gt;hunc aut tortilibus vibrata falarica nervis &lt;/quote&gt; &lt;quote&gt;obruat.&lt;/quote&gt; Vergilius vero ait Turnum manu iaculari potuisse: unde apparet aut a Lucano ad auxesin illius qui occidendus fuerat esse dictum, aut a Vergilio ad laudem Turni, qui talem hastam manu iaculatus est.</seg></choice><seg source="#Σ #DS"></seg></ab></div>
<div type="textpart" n="706" xml:id="l706"><ab><seg source="#Σ #DS">&lt;quote type="lemma"&gt;FVLMINIS ACTA MODO&lt;/quote&gt; amat tela cum impetu venientia fulminibus comparare.</seg></ab>
<ab><seg source="#Σ #DS">&lt;quote type="lemma"&gt;TAVREA TERGA&lt;/quote&gt; usurpavit pro 'taurina', alibi  &lt;quote ref="G.4.171"&gt;taurinis follibus.&lt;/quote&gt; unde, sicut et Plinius dicit (Dub. fr. 96), derivationes firmas non habent regulas, sed exeunt prout auctoribus placet. bene autem per transitum eius arma descripsit.</seg></ab></div>
<div type="textpart" n="707" xml:id="l707"><ab><seg source="#Σ #DS">&lt;quote type="lemma"&gt;DVPLICI SQVAMA ET AVRO&lt;/quote&gt; id est duplicibus squamis aureis. squamae autem sunt loricarum catenae in modum squamae conpositae. sane squama et splendorem significat, si a piscibus veniat, et sordes, si a squalore; sed in Vergilio splendorem ubique significat.</seg></ab></div>
<div type="textpart" n="709" xml:id="l709"><ab><seg source="#Σ #DS">&lt;quote type="lemma"&gt;ET CLIPEVM SVPER INTONAT INGENS&lt;/quote&gt; aut ipse ingens super clipeum intonat; aut ingens clipeum supra ipsum tonat. nam lectum est etiam 'hoc clipeum', ut probat Caper (fr. 39b); quod magis debemus accipere: nam Homerum imitatus est, qui ait (Il. 4.504 et alibi) ἀράβησε δὲ τεύχε' ἐπ' αὐτῷ.</seg></ab></div>
<div type="textpart" n="710" xml:id="l710"><ab><seg source="#Σ #DS">&lt;quote type="lemma"&gt;EVBOICO BAIARVM LITORE&lt;/quote&gt; bene &lt;quote&gt;Baiarum&lt;/quote&gt; addidit, ne Euboeam insulam intellegeremus, unde Chalcidenses venerunt, qui Cumas condidere, quae sunt Bais vicinae.</seg><seg source="#DS">Postumius De Adventu Aeneae (FRHist F 3) et Lutatius Communium Historiarum (FRHist F 2) Boiam Euximi comitis Aeneae nutricem et ab eius nomine Boias vocatas dicunt; veteres tamen portum Baias dixisse. Varro (ARH 3.8) a Baio Vlixis comite, qui illic sepultus est, Baias dictas tradit.</seg></ab>
<ab><seg source="#DS">&lt;quote type="lemma"&gt;QVONDAM&lt;/quote&gt;</seg></ab>
<ab><seg source="#DS">&lt;quote type="lemma"&gt;QVONDAM&lt;/quote&gt; hic &lt;quote&gt;quondam&lt;/quote&gt; pro expletiva posuit. alii &lt;quote&gt;quondam&lt;/quote&gt; medii temporis volunt. quidam &lt;quote&gt;quondam&lt;/quote&gt; ad perpetuitatem temporis referunt, hoc est, 'ut solet fieri'.</seg><seg source="#Σ #DS"></seg></ab></div>
<div type="textpart" n="712" xml:id="l712"><ab><seg source="#DS">&lt;quote type="lemma"&gt;PONTO IACIVNT&lt;/quote&gt; hoc est, 'contra pontum'.</seg></ab>
<ab><seg source="#DS">&lt;quote type="lemma"&gt;SIC&lt;/quote&gt;</seg></ab>
<ab><seg source="#DS">&lt;quote type="lemma"&gt;SIC ILLA&lt;/quote&gt; sic protrahendum: nam cum dixisset talis, addidit sic illa.</seg></ab>
<ab><seg source="#DS">&lt;quote type="lemma"&gt;RVINAM&lt;/quote&gt;</seg></ab>
<ab><seg source="#DS">&lt;quote type="lemma"&gt;RVINAM PRONA TRAHIT&lt;/quote&gt; ita enim exaedificatur.</seg><seg source="#Σ #DS"></seg></ab></div>
<div type="textpart" n="713" xml:id="l713"><ab><seg source="#Σ #DS">&lt;quote type="lemma"&gt;PRONA TRAHIT&lt;/quote&gt; ita enim exaedificatur.</seg></ab></div>
<div type="textpart" n="715" xml:id="l715"><ab><seg source="#Σ #DS">&lt;quote type="lemma"&gt;PROCHYTA ALTA TREMIT&lt;/quote&gt; atqui haec insula plana est; sed epitheton de praeterito traxit: nam, ut dicit Plinius in Naturali Historia (2.203), Inarimes</seg><choice><seg source="#DS">insula fuit alta</seg><seg source="#Σ">mons fuit</seg></choice><seg source="#Σ #DS">qui terrae motu de ea fusus alteram insulam fecit, quae Prochyta ab effusione dicta</seg><choice><seg source="#DS">est, ἀπὸ τοῦ προχῦναι.  hanc Naevius in primo Belli Punici (fr. 13) de cognata Aeneae nomen accepisse dicit. sed Inarime[&lt;surplus&gt;s&lt;/surplus&gt;] nunc Aenaria dicitur. et saepe fulgoribus petitur ob hoc quod Typhoeum premat, et quia in eam † di contumeliam † simiae missae sunt, quas Etruscorum lingua arimos dicunt: ob quam causam Pithecusam etiam vocitant; licet diversi auctores varie dicant: nam alii hanc insulam Typhoeum, alii Enceladum tradunt premere. et putatur nove dictum &lt;quote&gt;Inarime&lt;/quote&gt;[[&lt;quote&gt;m&lt;/quote&gt;]], quod et singulari numero, et addita syllaba dixerit, cum Homerus (Il. 2.783) εἰν Ἀρίμοις posuerit, ut prior syllaba praepositionis locum obtineat. Livius in libro nonagesimo quarto (fr. 24) Inarimem in Maeoniae partibus esse dicit, ubi quinquaginta milia terrae igni exustae sunt. hoc etiam Homerum significasse vult.</seg><seg source="#Σ">est: fundere enim est ἐκχέειν. &lt;quote&gt;Prochyta&lt;/quote&gt; ergo &lt;quote&gt;alta&lt;/quote&gt; quondam scilicet.            </seg></choice></ab>
<ab><seg source="#Σ #DS">&lt;quote type="lemma"&gt;DVRVMQVE CVBILE&lt;/quote&gt; mortiferum, ad poenam statutum.</seg></ab></div>
<div type="textpart" n="718" xml:id="l718"><ab><seg source="#Σ #DS">&lt;quote type="lemma"&gt;STIMVLOS ACRES&lt;/quote&gt; saeviendi scilicet: nam sunt et timoris et libidinis stimuli. notanda quoque prooeconomia, quae id agit ut veri simile sit Turnum victorem evasisse de castris.</seg></ab></div>
<div type="textpart" n="720" xml:id="l720"><ab><seg source="#Σ #DS">&lt;quote type="lemma"&gt;VNDIQVE CONVENIVNT&lt;/quote&gt;</seg><seg source="#DS">non dicit qui conveniunt, sed</seg><seg source="#Σ #DS">illi sine dubio quibus Mars iniecit audaciam, inventa oportunitate, inruperunt castra Troiana.</seg></ab>
<ab><seg source="#DS">&lt;quote type="lemma"&gt;QVONIAM&lt;/quote&gt;</seg></ab>
<ab><seg source="#DS">&lt;quote type="lemma"&gt;QVONIAM&lt;/quote&gt; postquam.</seg><seg source="#Σ #DS"></seg></ab></div>
<div type="textpart" n="725" xml:id="l725"><ab><seg source="#DS">&lt;quote type="lemma"&gt;OBNIXVS&lt;/quote&gt; conisus, conabundus.</seg><seg source="#Σ #DS"></seg></ab></div>
<div type="textpart" n="726" xml:id="l726"><ab><seg source="#Σ #DS">&lt;quote type="lemma"&gt;DVRO IN CERTAMINE LINQVIT&lt;/quote&gt; sine spe evadendi.</seg></ab></div>
<div type="textpart" n="727" xml:id="l727"><ab><seg source="#Σ #DS">&lt;quote type="lemma"&gt;AST ALIOS SECVM INCLVDIT&lt;/quote&gt;</seg><seg source="#DS">pro hostibus, quoniam multos suos exclusisset:</seg><seg source="#Σ #DS">Statius  &lt;quote ref="Th.10.513"&gt;par operis iactura lucro: namque hoste recepto exclusere suos.&lt;/quote&gt;</seg><seg source="#DS">potest tamen et dubium esse &lt;quote&gt;includit&lt;/quote&gt; utrum hostes ansuos.</seg><seg source="#Σ #DS"></seg></ab></div>
<div type="textpart" n="728" xml:id="l728"><ab><choice><seg source="#DS">&lt;quote type="lemma"&gt;DEMENS&lt;/quote&gt; pathos per personam poetae proferendum.</seg><seg source="#Σ">&lt;quote type="lemma"&gt;DEMENS&lt;/quote&gt; hoc ex adfectione sua posuit poeta: alibi  &lt;quote ref="Serv. 6.171"&gt;s&lt;/quote&gt;&lt;supplied reason="lost"&gt;&lt;quote&gt;ed tum&lt;/quote&gt;&lt;/supplied&gt; &lt;quote&gt;f&lt;/quote&gt;&lt;supplied reason="lost"&gt;&lt;quote&gt;orte&lt;/quote&gt;&lt;/supplied&gt; &lt;quote&gt;cava dum &lt;/quote&gt;</seg></choice></ab>
<ab><seg source="#DS">&lt;quote type="lemma"&gt;RVTVLVM&lt;/quote&gt;</seg></ab>
<ab><choice><seg source="#DS">&lt;quote type="lemma"&gt;RVTVLVM&lt;/quote&gt; potest accusativus esse, potest et genetivus.</seg><seg source="#Σ">&lt;quote&gt;personat aequora concha, demens, et c&lt;/quote&gt;&lt;supplied reason="lost"&gt;&lt;quote&gt;antu&lt;/quote&gt;&lt;/supplied&gt; &lt;quote&gt;v&lt;/quote&gt;&lt;supplied reason="lost"&gt;&lt;quote&gt;ocat&lt;/quote&gt;&lt;/supplied&gt; &lt;quote&gt;in c&lt;/quote&gt;&lt;supplied reason="lost"&gt;&lt;quote&gt;ertamina&lt;/quote&gt;&lt;/supplied&gt; &lt;quote&gt;d&lt;/quote&gt;&lt;supplied reason="lost"&gt;&lt;quote&gt;ivos.&lt;/quote&gt;&lt;/supplied&gt;</seg></choice><seg source="#Σ #DS"></seg></ab></div>
<div type="textpart" n="729" xml:id="l729"><ab><seg source="#Σ #DS">&lt;quote type="lemma"&gt;VLTRO&lt;/quote&gt; insuper.</seg></ab></div>
<div type="textpart" n="737" xml:id="l737"><ab><seg source="#Σ #DS">&lt;quote type="lemma"&gt;DOTALIS REGIA AMATAE&lt;/quote&gt;</seg><seg source="#DS">aut</seg><seg source="#Σ #DS">tibi data per dotem;</seg><seg source="#DS">aut quae sperabatur.</seg><seg source="#Σ #DS">et bene &lt;quote&gt;Amatae,&lt;/quote&gt; quae illum sola generum esse cupiebat</seg><seg source="#DS">contra mariti iudicium: ergo eum mulieri probatum, non viro dicit.</seg><seg source="#Σ #DS">notandum sane quia id agit, ut ostendat se non per inprudentiam Turnum inclusisse, sed illum per temeritatem sibi minime profutura castra penetrasse. </seg></ab></div>
<div type="textpart" n="739" xml:id="l739"><ab><seg source="#DS">&lt;quote type="lemma"&gt;EXIRE&lt;/quote&gt; pro 'exeundi'.</seg><seg source="#Σ #DS"></seg></ab></div>
<div type="textpart" n="740" xml:id="l740"><ab><seg source="#Σ #DS">&lt;quote type="lemma"&gt;OLLI SVBRIDENS&lt;/quote&gt; magnam confidentiam virtutis ostendit.</seg></ab></div>
<div type="textpart" n="742" xml:id="l742"><ab><seg source="#Σ #DS">&lt;quote type="lemma"&gt;PRIAMO NARRABIS ACHILLEM&lt;/quote&gt; propter illud Sibyllae  &lt;quote ref="Serv. 6.89"&gt;alius Latio iam partus Achilles.&lt;/quote&gt; et dictum est, ut illud  &lt;quote ref="Serv. 2.549"&gt;degeneremque Neoptolemum narrare memento.&lt;/quote&gt;</seg></ab></div>
<div type="textpart" n="743" xml:id="l743"><ab><seg source="#Σ #DS">&lt;quote type="lemma"&gt;RVDEM NODIS&lt;/quote&gt; non levem, nec pulchram, sed fortem.</seg></ab>
<ab><seg source="#Σ #DS">&lt;quote type="lemma"&gt;CORTICE CRVDO&lt;/quote&gt; viridi: nam hastae</seg><seg source="#DS">igni</seg><seg source="#Σ #DS">plerumque torrentur. </seg></ab></div>
<div type="textpart" n="745" xml:id="l745"><ab><seg source="#Σ #DS">&lt;quote type="lemma"&gt;VVLNVS SATVRNIA IVNO D&lt;/quote&gt;&lt;supplied reason="lost"&gt;ETORSIT&lt;/supplied&gt; V&lt;supplied reason="lost"&gt;ENIENS&lt;/supplied&gt;</seg><seg source="#DS">&lt;quote&gt;vulnus&lt;/quote&gt; &lt;quote&gt;veniens&lt;/quote&gt;, id est 'ictum quo vulnerari habuit'.</seg><seg source="#Σ #DS">plerique sed non idonei commentatores dicunt hoc loco occisum Turnum, sed causa oeconomiae gloriam a poeta Aeneae esse servatam: quod falsum est. nam si veritatem historiae requiras, primo proelio interemptus Latinus</seg><choice><seg source="#DS">est in arce; postea simul Turnus et Aeneas; postea Mezentius ab Ascanio.    </seg><seg source="#Σ">est; inde ubi Turnus Aenean vidit superiorem, Mezenti inploravit auxilium; secundo proelio Turnus occisus est, et nihilo minus Aeneas postea non conparuit; tertio proelio Mezentium occidit Ascanius. hoc Livius (1.2) dicit et Cato in Originibus (FRHist F 7)</seg></choice><seg source="#Σ #DS"></seg></ab></div>
<div type="textpart" n="747" xml:id="l747"><ab><choice><seg source="#DS">&lt;quote type="lemma"&gt;TELVM&lt;/quote&gt; gladium 'telum'</seg><seg source="#Σ">&lt;quote type="lemma"&gt;TELVM&lt;/quote&gt; hoc loco 'telum' gladium</seg></choice><seg source="#Σ #DS">dixit a longitudine: unde et mustela dicitur, quasi mus longus.</seg><seg source="#Σ">telum autem posuisse pro gladio illud significat, quod infert paulo   post &lt;quote&gt;consurgit in ensem.&lt;/quote&gt;</seg></ab>
<ab><seg source="#DS">&lt;quote type="lemma"&gt;VERSAT&lt;/quote&gt;</seg></ab>
<ab><seg source="#DS">&lt;quote type="lemma"&gt;VERSAT&lt;/quote&gt; librat, iactat: et est Ennianum (Op. inc. 11) &lt;quote&gt;versat mucronem&lt;/quote&gt;.</seg><seg source="#Σ #DS"></seg></ab></div>
<div type="textpart" n="748" xml:id="l748"><ab><choice><seg source="#DS">&lt;quote type="lemma"&gt;IS TELI &lt;/quote&gt;'par'.</seg><seg source="#Σ">&lt;quote type="lemma"&gt;IS &lt;/quote&gt;'talis', 'par', 'similis'.</seg></choice><seg source="#Σ #DS"></seg></ab></div>
<div type="textpart" n="749" xml:id="l749"><ab><seg source="#Σ #DS">&lt;quote type="lemma"&gt;ALTE CONSVRGIT IN ENSEM&lt;/quote&gt; genus feriendi Gallicanum: Sallustius (H. Inc. 4) &lt;quote&gt;regressi ad faciliores ictus loco cedebant.&lt;/quote&gt;</seg></ab></div>
<div type="textpart" n="751" xml:id="l751"><ab><seg source="#DS">&lt;quote type="lemma"&gt;INPVBESQVE&lt;/quote&gt; pathos ex aetate movit.</seg><seg source="#Σ #DS"></seg></ab></div>
<div type="textpart" n="755" xml:id="l755"><ab><seg source="#DS">&lt;quote type="lemma"&gt;HVC CAPVT &lt;/quote&gt;&lt;quote&gt;huc pependit&lt;/quote&gt; figurate.</seg><seg source="#Σ #DS"></seg></ab></div>
<div type="textpart" n="759" xml:id="l759"><ab><seg source="#DS">&lt;quote type="lemma"&gt;GENTIQVE FVISSET&lt;/quote&gt; quia illic Ascanius ex-  BELLO &lt;quote type="lemma"&gt;GENTIQVE FVISSET&lt;/quote&gt; duo dicit: et bellum</seg><choice><seg source="#DS">tinguebatur.    </seg><seg source="#Σ">finiri potuit omnibus interemptis, et gens penitus fuisset extincta occiso Ascanio, a quo Romani ducunt originem. ideo &lt;quote&gt;bello gentique&lt;/quote&gt; dixit quia plerumque bellum finitur gente superstite, ut in bello Troiano contigit.</seg></choice><seg source="#Σ #DS"></seg></ab></div>
<div type="textpart" n="760" xml:id="l760"><ab><seg source="#Σ #DS">&lt;quote type="lemma"&gt;CAEDISQVE INSANA CVPIDO&lt;/quote&gt;</seg><seg source="#DS">oeconomia est, quae</seg><seg source="#Σ #DS">excusat cur non, a porta fugatis Troianis, penitus deleta sint castra. </seg></ab></div>
<div type="textpart" n="762" xml:id="l762"><ab><seg source="#Σ #DS">&lt;quote type="lemma"&gt;PRINCIPIO&lt;/quote&gt; intra castra post Troianorum fugam.</seg></ab>
<ab><seg source="#Σ #DS">&lt;quote type="lemma"&gt;SVCCISO POPLITE GYGEN EXCIPIT&lt;/quote&gt; ordo est: excipit et succidit poplitem,</seg><seg source="#DS">ut  &lt;quote target="l537"&gt;postibus haesit adesis&lt;/quote&gt; et  &lt;quote target="l537" ref="Serv. 3.237"&gt;scuta latentia condunt&lt;/quote&gt;:</seg><seg source="#Σ #DS">nam ante fuit ut eum circumveniret insidiis.</seg><choice><seg source="#DS">'poples' autem sciendum 'po' brevem esse et fit longa positione.</seg><seg source="#Σ">'poples' autem 'po' correpta est, sicut in Sereno (fr. 26) legitur; sed producitur positione.</seg></choice><seg source="#Σ #DS"></seg></ab></div>
<div type="textpart" n="763" xml:id="l763"><ab><seg source="#DS">&lt;quote type="lemma"&gt;HINC &lt;/quote&gt;'deinde'. nam ordinis est adver-  &lt;quote type="lemma"&gt;HINC &lt;/quote&gt;nec loci est, nec temporis, sed ordinis, id</seg><choice><seg source="#DS">bium, non loci.</seg><seg source="#Σ">est 'deinde'.</seg></choice><seg source="#Σ #DS">&lt;quote&gt;raptas&lt;/quote&gt; autem 'de hostilibus cadaveribus'; nam quod dicit Donatus (Verg. 97) 'ab armigero', non procedit:</seg><choice><seg source="#DS">quoniam solus inclusus fuerat Turnus, ut post ait  &lt;quote target="l783"&gt;unus homo&lt;/quote&gt;; quamvis possit, sicut in decimo  &lt;quote target="l333"&gt;suggere tela mihi&lt;/quote&gt; et  &lt;quote target="l335"&gt;tum&lt;/quote&gt; &lt;quote&gt;magnam corripit hastam et iacit.&lt;/quote&gt;</seg><seg source="#Σ">nec enim lectum est.   </seg></choice><seg source="#Σ #DS"></seg></ab></div>
<div type="textpart" n="764" xml:id="l764"><ab><choice><seg source="#DS">&lt;quote type="lemma"&gt;IVNO VIRES ANIMVMQVE MINISTRAT&lt;/quote&gt; oeconomia, ut quod dicit possit esse verisimile.</seg><seg source="#Σ">&lt;quote type="lemma"&gt;IVNO VIRES ANIMVMQVE MINISTRAT&lt;/quote&gt; ne sit incongruum unum tot occidisse, dat Iunonis auxilium: Horatius in Arte Poetica  &lt;quote target="l191"&gt;nec &lt;/quote&gt; &lt;quote&gt;deus intersit, nisi dignus vindice nodus &lt;/quote&gt; &lt;quote&gt;inciderit&lt;/quote&gt;.</seg></choice><seg source="#Σ #DS"></seg></ab></div>
<div type="textpart" n="766" xml:id="l766"><ab><seg source="#DS">&lt;quote type="lemma"&gt;MARTEMQVE CIENTES&lt;/quote&gt; pugnam agitantes.</seg><seg source="#Σ #DS"></seg></ab></div>
<div type="textpart" n="767" xml:id="l767"><ab><seg source="#Σ #DS">&lt;quote type="lemma"&gt;ALCANDRVMQVE HALIVMQVE N&lt;/quote&gt;&lt;supplied reason="lost"&gt;OEMONA&lt;/supplied&gt;Q&lt;supplied reason="lost"&gt;VE&lt;/supplied&gt; P&lt;supplied reason="lost"&gt;RYTANIMQVE&lt;/supplied&gt; Homeri versus (Il. 5.678), tantum coniunctione mutata. unde apparet non ad historiam, sed ad ornatum poematis haec nomina pertinere.</seg></ab></div>
<div type="textpart" n="768" xml:id="l768"><ab><seg source="#Σ #DS">&lt;quote type="lemma"&gt;TENDENTEM CONTRA&lt;/quote&gt; in se facientem impetum.</seg></ab></div>
<div type="textpart" n="771" xml:id="l771"><ab><seg source="#Σ #DS">&lt;quote type="lemma"&gt;CVM GALEA LONGE IACVIT CAPVT&lt;/quote&gt; ad exprimendam celeritatem praeterito usus est tempore. potuisse autem caput cum galea longe iaci, praemissa loci altitudo significat.</seg><seg source="#Σ">ergo eum comminus percussum intellegamus, sed tantam vim ictus fuisse   ut longe caput excuteret.</seg><seg source="#Σ #DS"></seg></ab></div>
<div type="textpart" n="772" xml:id="l772"><ab><seg source="#Σ #DS">&lt;quote type="lemma"&gt;FELICIOR&lt;/quote&gt; peritior; nam in ungendis telis non est felicitas, sed peritia. sane nec 'ungo' nec 'ungentum' u recipit, excepto uno nomine, ut 'unguen'; unde est  &lt;quote ref="G. 3.450"&gt;et pingues unguine ceras.&lt;/quote&gt;</seg><seg source="#DS">est autem mira brevitate inducta descriptio.</seg><seg source="#Σ #DS"></seg></ab></div>
<div type="textpart" n="773" xml:id="l773"><ab><choice><seg source="#DS">&lt;quote type="lemma"&gt;FERRVMQVE ARMARE VENENO&lt;/quote&gt; quo armari consuevimus, ut ex venenato ferro vehementius et perniciosius vulnus sit.</seg><seg source="#Σ">&lt;quote type="lemma"&gt;FERRVMQVE ARMARE V&lt;/quote&gt;&lt;supplied reason="lost"&gt;ENENO&lt;/supplied&gt; speciose dictum 'armabat ferrum', quo nos armare consuevimus.</seg></choice><seg source="#Σ #DS"></seg></ab></div>
<div type="textpart" n="774" xml:id="l774"><ab><seg source="#Σ #DS">&lt;quote type="lemma"&gt;AMICVM CRETHEA MVSIS&lt;/quote&gt; poetam lyricum. et tale est schema per repetitionem ut  &lt;quote ref="Serv. 10.180"&gt;sequitur pulcherrimus Astur, Astur equo fidens.&lt;/quote&gt;</seg></ab></div>
<div type="textpart" n="775" xml:id="l775"><ab><seg source="#DS">&lt;quote type="lemma"&gt;MVSARVM COMITEM&lt;/quote&gt; non re vera 'comitem', sed 'carminum studiosum.</seg><seg source="#Σ #DS"></seg></ab></div>
<div type="textpart" n="776" xml:id="l776"><ab><seg source="#Σ #DS">&lt;quote type="lemma"&gt;NVMEROSQVE INTENDERE NERVIS&lt;/quote&gt; rhythmos facere intentione nervorum: nam numeri sunt rhythmi, ut  &lt;quote ref="E. 9.45"&gt;numeros memini, si verba tenerem.&lt;/quote&gt;</seg><seg source="#Σ">hoc ergo dicit: secundum chordas verba componebat.</seg><seg source="#Σ #DS"></seg></ab></div>
<div type="textpart" n="778" xml:id="l778"><ab><seg source="#Σ #DS">&lt;quote type="lemma"&gt;AVDITA CAEDE SVORVM&lt;/quote&gt; servat τὸ πρέπον, ne praesentibus ducibus Turnus tot strages fecisse videatur.</seg></ab></div>
<div type="textpart" n="781" xml:id="l781"><ab><seg source="#Σ #DS">&lt;quote type="lemma"&gt;QVO DEINDE FVGAM&lt;/quote&gt; aut vacat &lt;quote&gt;deinde,&lt;/quote&gt; ut 'tandem', 'gentium', 'locorum': aut intellegimus mente eum tractasse quod de campis milites solent ad castra confugere, et sic dixisse &lt;quote&gt;quo deinde,&lt;/quote&gt; scilicet 'de castris quo fugietis ulterius?'</seg><choice><seg source="#DS">sic Terentius: &lt;quote&gt;quid igitur faciam?&lt;/quote&gt; et hoc est melius unde et sequitur &lt;quote&gt;quos alios muros.&lt;/quote&gt;   est ea autem amara accusatio.</seg><seg source="#Σ">et hoc est melius; unde et sequitur &lt;quote ref="Eu. 46"&gt;quos alios&lt;/quote&gt; &lt;quote&gt;muros.&lt;/quote&gt; et sic est dictum post cogitationem &lt;quote&gt;quo&lt;/quote&gt; &lt;quote&gt;deinde&lt;/quote&gt; sicut Terentius dixit  &lt;quote&gt;quid &lt;/quote&gt; &lt;quote&gt;igitur faciam?&lt;/quote&gt; </seg></choice><seg source="#Σ #DS"></seg></ab></div>
<div type="textpart" n="783" xml:id="l783"><ab><seg source="#Σ #DS">&lt;quote type="lemma"&gt;VNVS HOMO&lt;/quote&gt; ac si diceret 'mortalis'. et bona extenuatio, cum supra (728) dixerit &lt;quote&gt;Rutulum in medio non agmine regem.&lt;/quote&gt;</seg></ab></div>
<div type="textpart" n="786" xml:id="l786"><ab><seg source="#Σ #DS">&lt;quote type="lemma"&gt;INFELICIS PATRIAE &lt;/quote&gt;Troiae, in qua nunc sunt.</seg></ab>
<ab><seg source="#Σ #DS">&lt;quote type="lemma"&gt;VETERVMQVE DEORVM &lt;/quote&gt;Penates significat, quos semper coluere Troiani.</seg></ab></div>
<div type="textpart" n="787" xml:id="l787"><ab><seg source="#Σ #DS">&lt;quote type="lemma"&gt;MISERETQVE PVDETQVE&lt;/quote&gt; sic Pallas  &lt;quote ref="Serv. 10.368"&gt;nunc prece, nunc dictis virtutem accendit amaris.&lt;/quote&gt;</seg></ab></div>
<div type="textpart" n="791" xml:id="l791"><ab><seg source="#DS">&lt;quote type="lemma"&gt;ACRIVS HOC TEVCRI&lt;/quote&gt; cum eum decedentem viderent.</seg><seg source="#Σ #DS"></seg></ab></div>
<div type="textpart" n="792" xml:id="l792"><ab><seg source="#Σ #DS">&lt;quote type="lemma"&gt;CEV SAEVVM TVRBA LEONEM&lt;/quote&gt; sensus hic est: haud aliter Turnus retro cedens petebat fluvium ac solet leo, pressus multitudine, nec terga praebere propter iram et pudorem, nec posse, licet cupiat, in venantes impetum facere.</seg></ab></div>
<div type="textpart" n="796" xml:id="l796"><ab><seg source="#DS">&lt;quote type="lemma"&gt;ILLE QVIDEM&lt;/quote&gt; parenthesis.</seg></ab>
<ab><seg source="#DS">&lt;quote type="lemma"&gt;POTIS&lt;/quote&gt;</seg></ab>
<ab><seg source="#DS">&lt;quote type="lemma"&gt;POTIS EST &lt;/quote&gt;'ille tendere contra potis est per tela virosque'.</seg><seg source="#Σ #DS"></seg></ab></div>
<div type="textpart" n="799" xml:id="l799"><ab><seg source="#DS">&lt;quote type="lemma"&gt;INVASERAT HOSTES&lt;/quote&gt; aut speciem praeteriti temporis mutavit, aut tempora: nam cum dixisset invaserat, subiunxit vertit.</seg><seg source="#Σ #DS"></seg></ab></div>
<div type="textpart" n="802" xml:id="l802"><ab><seg source="#Σ #DS">&lt;quote type="lemma"&gt;NEC CONTRA VIRES AVDET S&lt;/quote&gt;&lt;supplied reason="lost"&gt;ATVRNIA&lt;/supplied&gt; I&lt;supplied reason="lost"&gt;VNO&lt;/supplied&gt; S&lt;supplied reason="lost"&gt;VFFICERE&lt;/supplied&gt; atqui favente numine debuit etiam contra multitudinem posse; sed hoc Iuppiter vetuit.</seg></ab></div>
<div type="textpart" n="803" xml:id="l803"><ab><seg source="#DS">&lt;quote type="lemma"&gt;SVFFICERE&lt;/quote&gt; subministrare.</seg><seg source="#Σ #DS"></seg></ab></div>
<div type="textpart" n="804" xml:id="l804"><ab><seg source="#Σ #DS">&lt;quote type="lemma"&gt;HAVD MOLLIA IVSSA FERENTEM&lt;/quote&gt; melius quam Homerus hunc locum exsecutus est: salvo enim sensu vitavit et fabulosa et vilia; nam ille ipsas minas exsequitur (Il. 8.414-419).</seg></ab></div>
<div type="textpart" n="806" xml:id="l806"><ab><seg source="#Σ #DS">&lt;quote type="lemma"&gt;ERGO&lt;/quote&gt; quia numinis est desertus auxilio.</seg></ab></div>
<div type="textpart" n="807" xml:id="l807"><ab><seg source="#DS">&lt;quote type="lemma"&gt;NEC DEXTRA VALET&lt;/quote&gt; cum dixisset clipeo, non subiunxit gladium, sed dextram, ut ostenderet eum nec se armis tegendo nec hostem telis petendo valuisse.</seg></ab>
<ab><seg source="#Σ #DS">&lt;quote type="lemma"&gt;TELIS OBRVITVR &lt;/quote&gt;Lucanus eundem sensum per declamationem  &lt;quote ref="Serv. 4.776"&gt;telorum nimbo peritura et pondere ferri.&lt;/quote&gt;</seg></ab></div>
<div type="textpart" n="808" xml:id="l808"><ab><seg source="#DS">&lt;quote type="lemma"&gt;TEMPORA CIRCVM&lt;/quote&gt; totus locus Homeri est.</seg><seg source="#Σ #DS"></seg></ab></div>
<div type="textpart" n="810" xml:id="l810"><ab><seg source="#DS">&lt;quote type="lemma"&gt;IVBAE CAPITI&lt;/quote&gt; pro 'quae in capite sunt'.</seg></ab>
<ab><seg source="#Σ #DS">&lt;quote type="lemma"&gt;VMBO&lt;/quote&gt; id est scutum. nam a parte totum significat.</seg></ab></div>
<div type="textpart" n="813" xml:id="l813"><ab><seg source="#Σ #DS">&lt;quote type="lemma"&gt;ET PICEVM NEC RESPIRARE POTESTAS F&lt;/quote&gt;&lt;supplied reason="lost"&gt;LVMEN&lt;/supplied&gt; A&lt;supplied reason="lost"&gt;GIT&lt;/supplied&gt; ordo est 'sudor piceum flumen agit', hoc est sordidum, quia sine respiratione pugnabat.</seg></ab></div>
<div type="textpart" n="814" xml:id="l814"><ab><seg source="#DS">&lt;quote type="lemma"&gt;FESSOS QVATIT AEGER ANHELITVS &lt;/quote&gt;Probus ait  &lt;quote ref="fr. 30"&gt;commodius&lt;/quote&gt; &lt;quote&gt;hic est 'aeger' quam in quinto&lt;/quote&gt; (432) '&lt;quote&gt;vastos quatit aeger anhelitus&lt;/quote&gt; &lt;quote&gt;artus&lt;/quote&gt;': &lt;quote&gt;quamvis consuetudo sit Vergilio ista mutandi&lt;/quote&gt;. quidam 'acer' legunt: et volunt in quinto 'aeger' aptius dictum de sene, hic de iuvene 'acer' melius convenire.</seg><seg source="#Σ #DS"></seg></ab></div>
<div type="textpart" n="815" xml:id="l815"><ab><seg source="#Σ #DS">&lt;quote type="lemma"&gt;TVM DEMVM&lt;/quote&gt; postquam se aliter evadere non posse vidit.</seg></ab>
<ab><seg source="#Σ #DS">&lt;quote type="lemma"&gt;OMNIBVS ARMIS &lt;/quote&gt;'cum' minus est.</seg></ab></div>
<div type="textpart" n="816" xml:id="l816"><ab><seg source="#Σ #DS">&lt;quote type="lemma"&gt;ILLE SVO CVM GVRGITE FLAVO&lt;/quote&gt; hysterologia est 'cum ille eum excepit': non enim procedit 'cum suo gurgite', quasi posset fieri ut eum Tiberis sine suis fluentis exciperet. sane quaerunt multi, cum Tiberis Aeneae faveat, cur liberaverit Turnum; sed solvitur ista ratione: ob hoc Turnum esse liberatum ut maior Aeneae gloria servaretur.</seg><seg source="#DS">alii tradunt &lt;supplied reason="lost"&gt;a&lt;/supplied&gt; Thybride, qui Aeneae favet, nunc Turnum in Iunonis gratiam esse servatum.</seg></ab></div></div></div></body>
                  <back>
                     <!--
            The content of the back matter will be determined in consultation between
                    the editor and the staff of the DLL. Because LDLT editions are encoded, the
                    matter traditionally found in the back of a printed critical edition may be
                    generated by applications instead of having to be entered manually.
                    Nevertheless, there is space here for notes, indices, and other kinds of
                    information.
            -->
                  </back>
               </text>
            </TEI>